Time	Cycle	PC	Insn	Decoded instruction	Register and memory contents
            364	         6	80000080	50362437	lui	x8,0x50362	  x8=0x50362000
            424	         9	80000084	08440413	addi	x8,x8,132	  x8:0x50362000  x8=0x50362084
            484	        12	80000088	fe5674b7	lui	x9,0xfe567	  x9=0xfe567000
            544	        15	8000008c	96348493	addi	x9,x9,-1693	  x9:0xfe567000  x9=0xfe566963
            604	        18	80000090	4515	c.li	x10,5	 x10=0x00000005
            624	        19	80000092	4581	c.li	x11,0	 x11=0x00000000
            664	        21	80000094	fcf29637	lui	x12,0xfcf29	 x12=0xfcf29000
            724	        24	80000098	f0260613	addi	x12,x12,-254	 x12:0xfcf29000 x12=0xfcf28f02
            784	        27	8000009c	fd74a6b7	lui	x13,0xfd74a	 x13=0xfd74a000
            844	        30	800000a0	d2168693	addi	x13,x13,-735	 x13:0xfd74a000 x13=0xfd749d21
            904	        33	800000a4	80000737	lui	x14,0x80000	 x14=0x80000000
            964	        36	800000a8	800007b7	lui	x15,0x80000	 x15=0x80000000
           1024	        39	800000ac	50bdb837	lui	x16,0x50bdb	 x16=0x50bdb000
           1084	        42	800000b0	fb380813	addi	x16,x16,-77	 x16:0x50bdb000 x16=0x50bdafb3
           1144	        45	800000b4	4881	c.li	x17,0	 x17=0x00000000
           1164	        46	800000b6	4905	c.li	x18,1	 x18=0x00000001
           1204	        48	800000b8	4991	c.li	x19,4	 x19=0x00000004
           1224	        49	800000ba	4a01	c.li	x20,0	 x20=0x00000000
           1264	        51	800000bc	80000ab7	lui	x21,0x80000	 x21=0x80000000
           1324	        54	800000c0	4b01	c.li	x22,0	 x22=0x00000000
           1384	        57	800000c2	ff3c4bb7	lui	x23,0xff3c4	 x23=0xff3c4000
           1444	        60	800000c6	9c1b8b93	addi	x23,x23,-1599	 x23:0xff3c4000 x23=0xff3c39c1
           1504	        63	800000ca	f9d50c37	lui	x24,0xf9d50	 x24=0xf9d50000
           1564	        66	800000ce	f27c0c13	addi	x24,x24,-217	 x24:0xf9d50000 x24=0xf9d4ff27
           1624	        69	800000d2	6eec0cb7	lui	x25,0x6eec0	 x25=0x6eec0000
           1684	        72	800000d6	87dc8c93	addi	x25,x25,-1923	 x25:0x6eec0000 x25=0x6eebf87d
           1744	        75	800000da	80000db7	lui	x27,0x80000	 x27=0x80000000
           1804	        78	800000de	80000e37	lui	x28,0x80000	 x28=0x80000000
           1864	        81	800000e2	f377ceb7	lui	x29,0xf377c	 x29=0xf377c000
           1924	        84	800000e6	6dee8e93	addi	x29,x29,1758	 x29:0xf377c000 x29=0xf377c6de
           1984	        87	800000ea	ff058fb7	lui	x31,0xff058	 x31=0xff058000
           2044	        90	800000ee	b01f8f93	addi	x31,x31,-1279	 x31:0xff058000 x31=0xff057b01
           2104	        93	800000f2	0000bd17	auipc	x26,0xb	 x26=0x8000b0f2
           2164	        96	800000f6	d72d0d13	addi	x26,x26,-654	 x26:0x8000b0f2 x26=0x8000ae64
           2184	        97	800000fa	4e85	c.li	x29,1	 x29=0x00000001
           2224	        99	800000fc	4e01	c.li	x28,0	 x28=0x00000000
           2244	       100	800000fe	4c81	c.li	x25,0	 x25=0x00000000
           2284	       102	80000100	4181	c.li	x3,0	  x3=0x00000000
           2344	       105	80000102	07b986b7	lui	x13,0x7b98	 x13=0x07b98000
           2404	       108	80000106	9e468693	addi	x13,x13,-1564	 x13:0x07b98000 x13=0x07b979e4
           2424	       109	8000010a	4605	c.li	x12,1	 x12=0x00000001
           2464	       111	8000010c	7ee20c37	lui	x24,0x7ee20	 x24=0x7ee20000
           2524	       114	80000110	c92c0c13	addi	x24,x24,-878	 x24:0x7ee20000 x24=0x7ee1fc92
           2584	       117	80000114	53051537	lui	x10,0x53051	 x10=0x53051000
           2644	       120	80000118	37a50513	addi	x10,x10,890	 x10:0x53051000 x10=0x5305137a
           2704	       123	8000011c	4885	c.li	x17,1	 x17=0x00000001
           2724	       124	8000011e	4405	c.li	x8,1	  x8=0x00000001
           2764	       126	80000120	4095	c.li	x1,5	  x1=0x00000005
           2824	       129	80000122	003d8b33	add	x22,x27,x3	 x27:0x80000000  x3:0x00000000 x22=0x80000000
           2844	       130	80000126	69e1	c.lui	x19,0x18	 x19=0x00018000
           2884	       132	80000128	587d	c.li	x16,-1	 x16=0xffffffff
           2904	       133	8000012a	9896	c.add	x17,x5	 x17:0x00000001  x5:0x00000000 x17=0x00000001
           2944	       135	8000012c	5c7d	c.li	x24,-1	 x24=0xffffffff
           3064	       141	8000012e	0286b8b3	mulhu	x17,x13,x8	 x13:0x07b979e4  x8:0x00000001 x17=0x00000000
           3084	       142	80000132	ef955e37	lui	x28,0xef955	 x28=0xef955000
           3124	       144	80000136	25ecd3b7	lui	x7,0x25ecd	  x7=0x25ecd000
           3144	       145	8000013a	8e99	c.sub	x13,x14	 x13:0x07b979e4 x14:0x80000000 x13=0x87b979e4
           3184	       147	8000013c	0001	c.addi	x0,0	  x0:0x00000000  x0=0x00000000
           3204	       148	8000013e	49f9	c.li	x19,30	 x19=0x0000001e
           3244	       150	80000140	0494	c.addi4spn	x13,x2,576	 x13=0x00000240
           3264	       151	80000142	62f5	c.lui	x5,0x1d	  x5=0x0001d000
           3304	       153	80000144	63f5	c.lui	x7,0x1d	  x7=0x0001d000
           3324	       154	80000146	4e81	c.li	x29,0	 x29=0x00000000
           3364	       156	80000148	74eb1e37	lui	x28,0x74eb1	 x28=0x74eb1000
           3424	       159	8000014c	ec5e0e13	addi	x28,x28,-315	 x28:0x74eb1000 x28=0x74eb0ec5
           3484	       162	80000150	4d85	c.li	x27,1	 x27=0x00000001
           3504	       163	80000152	4b85	c.li	x23,1	 x23=0x00000001
           3544	       165	80000154	4c81	c.li	x25,0	 x25=0x00000000
           3564	       166	80000156	4481	c.li	x9,0	  x9=0x00000000
           3604	       168	80000158	4c05	c.li	x24,1	 x24=0x00000001
           3624	       169	8000015a	4581	c.li	x11,0	 x11=0x00000000
           3664	       171	8000015c	64eab3b7	lui	x7,0x64eab	  x7=0x64eab000
           3724	       174	80000160	7ed38393	addi	x7,x7,2029	  x7:0x64eab000  x7=0x64eab7ed
           3784	       177	80000164	5eeca9b7	lui	x19,0x5eeca	 x19=0x5eeca000
           3844	       180	80000168	f5598993	addi	x19,x19,-171	 x19:0x5eeca000 x19=0x5eec9f55
           3944	       185	8000016c	021e0b33	mul	x22,x28,x1	 x28:0x74eb0ec5  x1:0x00000005 x22=0x489749d9
           3964	       186	80000170	11fd	c.addi	x3,-1	  x3:0x00000000  x3=0xffffffff
           4024	       189	80000172	8047c017	auipc	x0,0x8047c	  x0=0x00000000
           4084	       192	80000176	94d30193	addi	x3,x6,-1715	  x6:0x00000000  x3=0xfffff94d
           4864	       231	8000017a	03c669b3	rem	x19,x12,x28	 x12:0x00000001 x28:0x74eb0ec5 x19=0x00000001
           4884	       232	8000017e	0bb9	c.addi	x23,14	 x23:0x00000001 x23=0x0000000f
           4904	       233	80000180	0001	c.addi	x0,0	  x0:0x00000000  x0=0x00000000
           4984	       237	80000182	025cb5b3	mulhu	x11,x25,x5	 x25:0x00000000  x5:0x0001d000 x11=0x00000000
           5724	       274	80000186	02eb4133	div	x2,x22,x14	 x22:0x489749d9 x14:0x80000000  x2=0x00000000
           5744	       275	8000018a	242e0913	addi	x18,x28,578	 x28:0x74eb0ec5 x18=0x74eb1107
           5764	       276	8000018e	418b84b3	sub	x9,x23,x24	 x23:0x0000000f x24:0x00000001  x9=0x0000000e
           5784	       277	80000192	0001	c.addi	x0,0	  x0:0x00000000  x0=0x00000000
           5824	       279	80000194	8e95	c.sub	x13,x13	 x13:0x00000240 x13:0x00000240 x13=0x00000000
           5944	       285	80000196	021125b3	mulhsu	x11,x2,x1	  x2:0x00000000  x1:0x00000005 x11=0x00000000
           5964	       286	8000019a	411d	c.li	x2,7	  x2=0x00000007
           5984	       287	8000019c	1494	c.addi4spn	x13,x2,608	 x13=0x00000267
           6004	       288	8000019e	55fd	c.li	x11,-1	 x11=0xffffffff
           6084	       292	800001a0	0228a7b3	mulhsu	x15,x17,x2	 x17:0x00000000  x2:0x00000007 x15=0x00000000
           6104	       293	800001a4	62bd	c.lui	x5,0xf	  x5=0x0000f000
           6124	       294	800001a6	ad2fb517	auipc	x10,0xad2fb	 x10=0x2d2fb1a6
           6144	       295	800001aa	0001	c.addi	x0,0	  x0:0x00000000  x0=0x00000000
           6184	       297	800001ac	07d9	c.addi	x15,22	 x15:0x00000000 x15=0x00000016
           6204	       298	800001ae	1494	c.addi4spn	x13,x2,608	 x13=0x00000267
           6284	       302	800001b0	029c8ab3	mul	x21,x25,x9	 x25:0x00000000  x9:0x0000000e x21=0x00000000
           6304	       303	800001b4	12078b37	lui	x22,0x12078	 x22=0x12078000
           6364	       306	800001b8	0b4d	c.addi	x22,19	 x22:0x12078000 x22=0x12078013
           6384	       307	800001ba	4e85	c.li	x29,1	 x29=0x00000001
           6424	       309	800001bc	6ebb2e37	lui	x28,0x6ebb2	 x28=0x6ebb2000
           6484	       312	800001c0	50be0e13	addi	x28,x28,1291	 x28:0x6ebb2000 x28=0x6ebb250b
           6544	       315	800001c4	4a85	c.li	x21,1	 x21=0x00000001
           6564	       316	800001c6	4705	c.li	x14,1	 x14=0x00000001
           6604	       318	800001c8	4d85	c.li	x27,1	 x27=0x00000001
           6624	       319	800001ca	4c01	c.li	x24,0	 x24=0x00000000
           6664	       321	800001cc	4c85	c.li	x25,1	 x25=0x00000001
           6684	       322	800001ce	4501	c.li	x10,0	 x10=0x00000000
           6724	       324	800001d0	4585	c.li	x11,1	 x11=0x00000001
           7504	       363	800001d2	02755eb3	divu	x29,x10,x7	 x10:0x00000000  x7:0x64eab7ed x29=0x00000000
           8244	       400	800001d6	032a6433	rem	x8,x20,x18	 x20:0x00000000 x18:0x74eb1107  x8=0x00000000
           8264	       401	800001da	c8f98c13	addi	x24,x19,-881	 x19:0x00000001 x24=0xfffffc90
           8284	       402	800001de	6a45	c.lui	x20,0x11	 x20=0x00011000
           8304	       403	800001e0	04af8513	addi	x10,x31,74	 x31:0xff057b01 x10=0xff057b4b
           8344	       405	800001e4	808a	c.mv	x1,x2	  x0:0x00000000  x2:0x00000007  x1=0x00000007
           8364	       406	800001e6	996a	c.add	x18,x26	 x18:0x74eb1107 x26:0x8000ae64 x18=0xf4ebbf6b
           8424	       409	800001e8	0264c9b3	div	x19,x9,x6	  x9:0x0000000e  x6:0x00000000 x19=0xffffffff
           8464	       411	800001ec	9cb706b7	lui	x13,0x9cb70	 x13=0x9cb70000
           8524	       414	800001f0	01418cb3	add	x25,x3,x20	  x3:0xfffff94d x20:0x00011000 x25=0x0001094d
           8584	       417	800001f4	2be08913	addi	x18,x1,702	  x1:0x00000007 x18=0x000002c5
           8644	       420	800001f8	60f5	c.lui	x1,0x1d	  x1=0x0001d000
           8664	       421	800001fa	9b3e	c.add	x22,x15	 x22:0x12078013 x15:0x00000016 x22=0x12078029
           8704	       423	800001fc	56fd	c.li	x13,-1	 x13=0xffffffff
           8724	       424	800001fe	8e95	c.sub	x13,x13	 x13:0xffffffff x13:0xffffffff x13=0x00000000
           8764	       426	80000200	717d	c.addi16sp	x2,-16	  x2:0x00000007  x2=0xfffffff7
           8784	       427	80000202	8f95	c.sub	x15,x13	 x15:0x00000016 x13:0x00000000 x15=0x00000016
           8824	       429	80000204	029d	c.addi	x5,7	  x5:0x0000f000  x5=0x0000f007
           8884	       432	80000206	cc618013	addi	x0,x3,-826	  x3:0xfffff94d  x0=0x00000000
           8944	       435	8000020a	e90ea1b7	lui	x3,0xe90ea	  x3=0xe90ea000
           9004	       438	8000020e	03c90b93	addi	x23,x18,60	 x18:0x000002c5 x23=0x00000301
           9784	       477	80000212	023c47b3	div	x15,x24,x3	 x24:0xfffffc90  x3:0xe90ea000 x15=0x00000000
           9864	       481	80000216	02151433	mulh	x8,x10,x1	 x10:0xff057b4b  x1:0x0001d000  x8=0xfffffe39
           9884	       482	8000021a	8e95	c.sub	x13,x13	 x13:0x00000000 x13:0x00000000 x13=0x00000000
           9904	       483	8000021c	52fd	c.li	x5,-1	  x5=0xffffffff
           9924	       484	8000021e	8e95	c.sub	x13,x13	 x13:0x00000000 x13:0x00000000 x13=0x00000000
           9944	       485	80000220	6ca9	c.lui	x25,0xa	 x25=0x0000a000
           9964	       486	80000222	4e81	c.li	x29,0	 x29=0x00000000
           9984	       487	80000224	4e01	c.li	x28,0	 x28=0x00000000
          10004	       488	80000226	4c81	c.li	x25,0	 x25=0x00000000
          10024	       489	80000228	4981	c.li	x19,0	 x19=0x00000000
          10044	       490	8000022a	4d81	c.li	x27,0	 x27=0x00000000
          10084	       492	8000022c	4585	c.li	x11,1	 x11=0x00000001
          10104	       493	8000022e	4185	c.li	x3,1	  x3=0x00000001
          10144	       495	80000230	48871537	lui	x10,0x48871	 x10=0x48871000
          10204	       498	80000234	5b950513	addi	x10,x10,1465	 x10:0x48871000 x10=0x488715b9
          10264	       501	80000238	4701	c.li	x14,0	 x14=0x00000000
          10284	       502	8000023a	4101	c.li	x2,0	  x2=0x00000000
          10324	       504	8000023c	6275	c.lui	x4,0x1d	  x4=0x0001d000
          10344	       505	8000023e	82be	c.mv	x5,x15	  x0:0x00000000 x15:0x00000000  x5=0x00000000
          10384	       507	80000240	4125	c.li	x2,9	  x2=0x00000009
          10404	       508	80000242	8e95	c.sub	x13,x13	 x13:0x00000000 x13:0x00000000 x13=0x00000000
          10464	       511	80000244	02e64333	div	x6,x12,x14	 x12:0x00000001 x14:0x00000000  x6=0xffffffff
          10504	       513	80000248	613d	c.addi16sp	x2,480	  x2:0x00000009  x2=0x000001e9
          10624	       519	8000024a	03639033	mulh	x0,x7,x22	  x7:0x64eab7ed x22:0x12078029  x0=0x00000000
          10644	       520	8000024e	0001	c.addi	x0,0	  x0:0x00000000  x0=0x00000000
          10664	       521	80000250	717d	c.addi16sp	x2,-16	  x2:0x000001e9  x2=0x000001d9
          10744	       525	80000252	03a535b3	mulhu	x11,x10,x26	 x10:0x488715b9 x26:0x8000ae64 x11=0x2443bc44
          10824	       529	80000256	02b439b3	mulhu	x19,x8,x11	  x8:0xfffffe39 x11:0x2443bc44 x19=0x2443bc03
          10844	       530	8000025a	6c89	c.lui	x25,0x2	 x25=0x00002000
          10864	       531	8000025c	859a	c.mv	x11,x6	  x0:0x00000000  x6:0xffffffff x11=0xffffffff
          10924	       534	8000025e	02428033	mul	x0,x5,x4	  x5:0x00000000  x4:0x0001d000  x0=0x00000000
          10944	       535	80000262	9b3e	c.add	x22,x15	 x22:0x12078029 x15:0x00000000 x22=0x12078029
          11024	       539	80000264	02752633	mulhsu	x12,x10,x7	 x10:0x488715b9  x7:0x64eab7ed x12=0x1c974411
          11044	       540	80000268	0001	c.addi	x0,0	  x0:0x00000000  x0=0x00000000
          11064	       541	8000026a	50fd	c.li	x1,-1	  x1=0xffffffff
          11084	       542	8000026c	0394	c.addi4spn	x13,x2,448	 x13=0x00000399
          11144	       545	8000026e	02618333	mul	x6,x3,x6	  x3:0x00000001  x6:0xffffffff  x6=0xffffffff
          11164	       546	80000272	01d68633	add	x12,x13,x29	 x13:0x00000399 x29:0x00000000 x12=0x00000399
          11184	       547	80000276	0494	c.addi4spn	x13,x2,576	 x13=0x00000419
          11224	       549	80000278	6871	c.lui	x16,0x1c	 x16=0x0001c000
          11284	       552	8000027a	41fc2337	lui	x6,0x41fc2	  x6=0x41fc2000
          12064	       591	8000027e	0261d233	divu	x4,x3,x6	  x3:0x00000001  x6:0x41fc2000  x4=0x00000000
          12084	       592	80000282	1ce08a93	addi	x21,x1,462	  x1:0xffffffff x21=0x000001cd
          12104	       593	80000286	15fd	c.addi	x11,-1	 x11:0xffffffff x11=0xfffffffe
          12124	       594	80000288	291f3db7	lui	x27,0x291f3	 x27=0x291f3000
          12184	       597	8000028c	0cbd8d93	addi	x27,x27,203	 x27:0x291f3000 x27=0x291f30cb
          12244	       600	80000290	41dbbeb7	lui	x29,0x41dbb	 x29=0x41dbb000
          12304	       603	80000294	d27e8e93	addi	x29,x29,-729	 x29:0x41dbb000 x29=0x41dbad27
          12364	       606	80000298	4e01	c.li	x28,0	 x28=0x00000000
          12384	       607	8000029a	4c81	c.li	x25,0	 x25=0x00000000
          12424	       609	8000029c	4c01	c.li	x24,0	 x24=0x00000000
          12444	       610	8000029e	4601	c.li	x12,0	 x12=0x00000000
          12484	       612	800002a0	4781	c.li	x15,0	 x15=0x00000000
          12544	       615	800002a2	1974a5b7	lui	x11,0x1974a	 x11=0x1974a000
          12604	       618	800002a6	8e058593	addi	x11,x11,-1824	 x11:0x1974a000 x11=0x197498e0
          12624	       619	800002aa	4805	c.li	x16,1	 x16=0x00000001
          12664	       621	800002ac	45c586b7	lui	x13,0x45c58	 x13=0x45c58000
          12724	       624	800002b0	5aa68693	addi	x13,x13,1450	 x13:0x45c58000 x13=0x45c585aa
          12784	       627	800002b4	0594	c.addi4spn	x13,x2,704	 x13=0x00000499
          12844	       630	800002b6	ab94edb7	lui	x27,0xab94e	 x27=0xab94e000
          12864	       631	800002ba	0284	c.addi4spn	x9,x2,320	  x9=0x00000319
          12904	       633	800002bc	4c95	c.li	x25,5	 x25=0x00000005
          13024	       639	800002be	03b61433	mulh	x8,x12,x27	 x12:0x00000000 x27:0xab94e000  x8=0x00000000
          13044	       640	800002c2	8e95	c.sub	x13,x13	 x13:0x00000499 x13:0x00000499 x13=0x00000000
          13064	       641	800002c4	911a	c.add	x2,x6	  x2:0x000001d9  x6:0x41fc2000  x2=0x41fc21d9
          13084	       642	800002c6	41e38033	sub	x0,x7,x30	  x7:0x64eab7ed x30:0x00000000  x0=0x00000000
          13104	       643	800002ca	0001	c.addi	x0,0	  x0:0x00000000  x0=0x00000000
          13144	       645	800002cc	016900b3	add	x1,x18,x22	 x18:0x000002c5 x22:0x12078029  x1=0x120782ee
          13264	       651	800002d0	0241b9b3	mulhu	x19,x3,x4	  x3:0x00000001  x4:0x00000000 x19=0x00000000
          13284	       652	800002d4	0001	c.addi	x0,0	  x0:0x00000000  x0=0x00000000
          13344	       655	800002d6	0338c433	div	x8,x17,x19	 x17:0x00000000 x19:0x00000000  x8=0xffffffff
          13444	       660	800002da	02991cb3	mulh	x25,x18,x9	 x18:0x000002c5  x9:0x00000319 x25=0x00000000
          14184	       697	800002de	0300e3b3	rem	x7,x1,x16	  x1:0x120782ee x16:0x00000001  x7=0x00000000
          14204	       698	800002e2	50fd	c.li	x1,-1	  x1=0xffffffff
          14224	       699	800002e4	e62be5b7	lui	x11,0xe62be	 x11=0xe62be000
          14244	       700	800002e8	8e95	c.sub	x13,x13	 x13:0x00000000 x13:0x00000000 x13=0x00000000
          14264	       701	800002ea	8f15	c.sub	x14,x13	 x14:0x00000000 x13:0x00000000 x14=0x00000000
          14284	       702	800002ec	4081	c.li	x1,0	  x1=0x00000000
          14304	       703	800002ee	4e81	c.li	x29,0	 x29=0x00000000
          14344	       705	800002f0	2d9c6e37	lui	x28,0x2d9c6	 x28=0x2d9c6000
          14404	       708	800002f4	8a8e0e13	addi	x28,x28,-1880	 x28:0x2d9c6000 x28=0x2d9c58a8
          14464	       711	800002f8	22927db7	lui	x27,0x22927	 x27=0x22927000
          14524	       714	800002fc	d55d8d93	addi	x27,x27,-683	 x27:0x22927000 x27=0x22926d55
          14584	       717	80000300	07398437	lui	x8,0x7398	  x8=0x07398000
          14644	       720	80000304	20d40413	addi	x8,x8,525	  x8:0x07398000  x8=0x0739820d
          14704	       723	80000308	4c05	c.li	x24,1	 x24=0x00000001
          14764	       726	8000030a	26a9f637	lui	x12,0x26a9f	 x12=0x26a9f000
          14824	       729	8000030e	9b260613	addi	x12,x12,-1614	 x12:0x26a9f000 x12=0x26a9e9b2
          14844	       730	80000312	4181	c.li	x3,0	  x3=0x00000000
          14884	       732	80000314	4885	c.li	x17,1	 x17=0x00000001
          14904	       733	80000316	4c81	c.li	x25,0	 x25=0x00000000
          14944	       735	80000318	d4b10993	addi	x19,x2,-693	  x2:0x41fc21d9 x19=0x41fc1f24
          15004	       738	8000031c	0094	c.addi4spn	x13,x2,64	 x13=0x41fc2219
          15124	       744	8000031e	027b2033	mulhsu	x0,x22,x7	 x22:0x12078029  x7:0x00000000  x0=0x00000000
          15144	       745	80000322	6e3d	c.lui	x28,0xf	 x28=0x0000f000
          15164	       746	80000324	06eba017	auipc	x0,0x6eba	  x0=0x00000000
          15904	       783	80000328	0386edb3	rem	x27,x13,x24	 x13:0x41fc2219 x24:0x00000001 x27=0x00000000
          15924	       784	8000032c	0121	c.addi	x2,8	  x2:0x41fc21d9  x2=0x41fc21e1
          16664	       821	8000032e	0373dbb3	divu	x23,x7,x23	  x7:0x00000000 x23:0x00000301 x23=0x00000000
          16684	       822	80000332	0094	c.addi4spn	x13,x2,64	 x13=0x41fc2221
          16704	       823	80000334	921e	c.add	x4,x7	  x4:0x00000000  x7:0x00000000  x4=0x00000000
          16744	       825	80000336	02485033	divu	x0,x16,x4	 x16:0x00000001  x4:0x00000000  x0=0x00000000
          16764	       826	8000033a	57fd	c.li	x15,-1	 x15=0xffffffff
          17504	       863	8000033c	03f3e133	rem	x2,x7,x31	  x7:0x00000000 x31:0xff057b01  x2=0x00000000
          17524	       864	80000340	0001	c.addi	x0,0	  x0:0x00000000  x0=0x00000000
          17544	       865	80000342	6351	c.lui	x6,0x14	  x6=0x00014000
          17564	       866	80000344	167d	c.addi	x12,-1	 x12:0x26a9e9b2 x12=0x26a9e9b1
          17584	       867	80000346	4fbc1eb7	lui	x29,0x4fbc1	 x29=0x4fbc1000
          17644	       870	8000034a	bcfe8e93	addi	x29,x29,-1073	 x29:0x4fbc1000 x29=0x4fbc0bcf
          17664	       871	8000034e	4e01	c.li	x28,0	 x28=0x00000000
          17704	       873	80000350	4c81	c.li	x25,0	 x25=0x00000000
          17724	       874	80000352	4c01	c.li	x24,0	 x24=0x00000000
          17764	       876	80000354	4d85	c.li	x27,1	 x27=0x00000001
          17784	       877	80000356	4481	c.li	x9,0	  x9=0x00000000
          17824	       879	80000358	4401	c.li	x8,0	  x8=0x00000000
          17844	       880	8000035a	4781	c.li	x15,0	 x15=0x00000000
          17884	       882	8000035c	4885	c.li	x17,1	 x17=0x00000001
          17904	       883	8000035e	4b81	c.li	x23,0	 x23=0x00000000
          17944	       885	80000360	d0378013	addi	x0,x15,-765	 x15:0x00000000  x0=0x00000000
          18064	       891	80000364	02a31cb3	mulh	x25,x6,x10	  x6:0x00014000 x10:0x488715b9 x25=0x00005aa8
          18104	       893	80000368	024345b3	div	x11,x6,x4	  x6:0x00014000  x4:0x00000000 x11=0xffffffff
          18124	       894	8000036c	003482b3	add	x5,x9,x3	  x9:0x00000000  x3:0x00000000  x5=0x00000000
          18184	       897	80000370	127d	c.addi	x4,-1	  x4:0x00000000  x4=0xffffffff
          18204	       898	80000372	0001	c.addi	x0,0	  x0:0x00000000  x0=0x00000000
          18244	       900	80000374	0001	c.addi	x0,0	  x0:0x00000000  x0=0x00000000
          18304	       903	80000376	40648cb3	sub	x25,x9,x6	  x9:0x00000000  x6:0x00014000 x25=0xfffec000
          18324	       904	8000037a	8e81	c.sub	x13,x8	 x13:0x41fc2221  x8:0x00000000 x13=0x41fc2221
          18364	       906	8000037c	414d8933	sub	x18,x27,x20	 x27:0x00000001 x20:0x00011000 x18=0xfffef001
          19144	       945	80000380	039869b3	rem	x19,x16,x25	 x16:0x00000001 x25:0xfffec000 x19=0x00000001
          19184	       947	80000384	021fd8b3	divu	x17,x31,x1	 x31:0xff057b01  x1:0x00000000 x17=0xffffffff
          19204	       948	80000388	41de0bb3	sub	x23,x28,x29	 x28:0x00000000 x29:0x4fbc0bcf x23=0xb043f431
          19284	       952	8000038c	034f97b3	mulh	x15,x31,x20	 x31:0xff057b01 x20:0x00011000 x15=0xfffffef5
          19344	       955	80000390	03f78db3	mul	x27,x15,x31	 x15:0xfffffef5 x31:0xff057b01 x27=0x0548b5f5
          19364	       956	80000394	999d8313	addi	x6,x27,-1639	 x27:0x0548b5f5  x6=0x0548af8e
          19384	       957	80000398	717d	c.addi16sp	x2,-16	  x2:0x00000000  x2=0xfffffff0
          19444	       960	8000039a	f072c037	lui	x0,0xf072c	  x0=0x00000000
          19504	       963	8000039e	97c45217	auipc	x4,0x97c45	  x4=0x17c4539e
          19564	       966	800003a2	0ef447b7	lui	x15,0xef44	 x15=0x0ef44000
          19584	       967	800003a6	0001	c.addi	x0,0	  x0:0x00000000  x0=0x00000000
          19624	       969	800003a8	4e81	c.li	x29,0	 x29=0x00000000
          19644	       970	800003aa	4501	c.li	x10,0	 x10=0x00000000
          19684	       972	800003ac	4c5d1e37	lui	x28,0x4c5d1	 x28=0x4c5d1000
          19744	       975	800003b0	a45e0e13	addi	x28,x28,-1467	 x28:0x4c5d1000 x28=0x4c5d0a45
          19804	       978	800003b4	4c01	c.li	x24,0	 x24=0x00000000
          19824	       979	800003b6	4b85	c.li	x23,1	 x23=0x00000001
          19864	       981	800003b8	4401	c.li	x8,0	  x8=0x00000000
          19924	       984	800003ba	03c3e637	lui	x12,0x3c3e	 x12=0x03c3e000
          19984	       987	800003be	76160613	addi	x12,x12,1889	 x12:0x03c3e000 x12=0x03c3e761
          20004	       988	800003c2	4701	c.li	x14,0	 x14=0x00000000
          20044	       990	800003c4	4c81	c.li	x25,0	 x25=0x00000000
          20064	       991	800003c6	4d81	c.li	x27,0	 x27=0x00000000
          20104	       993	800003c8	80a6	c.mv	x1,x9	  x0:0x00000000  x9:0x00000000  x1=0x00000000
          20124	       994	800003ca	8e95	c.sub	x13,x13	 x13:0x41fc2221 x13:0x41fc2221 x13=0x00000000
          20164	       996	800003cc	8c15	c.sub	x8,x13	  x8:0x00000000 x13:0x00000000  x8=0x00000000
          20244	      1000	800003ce	02eed533	divu	x10,x29,x14	 x29:0x00000000 x14:0x00000000 x10=0xffffffff
          20264	      1001	800003d2	0114	c.addi4spn	x13,x2,128	 x13=0x00000070
          20284	      1002	800003d4	8e95	c.sub	x13,x13	 x13:0x00000070 x13:0x00000070 x13=0x00000000
          20304	      1003	800003d6	6c11	c.lui	x24,0x4	 x24=0x00004000
          20344	      1005	800003d8	9206	c.add	x4,x1	  x4:0x17c4539e  x1:0x00000000  x4=0x17c4539e
          20424	      1009	800003da	027d47b3	div	x15,x26,x7	 x26:0x8000ae64  x7:0x00000000 x15=0xffffffff
          20464	      1011	800003de	a080e037	lui	x0,0xa080e	  x0=0x00000000
          20524	      1014	800003e2	89c4ad97	auipc	x27,0x89c4a	 x27=0x09c4a3e2
          20584	      1017	800003e6	e91ae017	auipc	x0,0xe91ae	  x0=0x00000000
          20604	      1018	800003ea	1294	c.addi4spn	x13,x2,352	 x13=0x00000150
          20644	      1020	800003ec	717d	c.addi16sp	x2,-16	  x2:0xfffffff0  x2=0xffffffe0
          20664	      1021	800003ee	0001	c.addi	x0,0	  x0:0x00000000  x0=0x00000000
          20704	      1023	800003f0	45cd	c.li	x11,19	 x11=0x00000013
          20764	      1026	800003f2	40bd8033	sub	x0,x27,x11	 x27:0x09c4a3e2 x11:0x00000013  x0=0x00000000
          20824	      1029	800003f6	2384b037	lui	x0,0x2384b	  x0=0x00000000
          20884	      1032	800003fa	d71de117	auipc	x2,0xd71de	  x2=0x571de3fa
          21004	      1038	800003fe	037e9c33	mulh	x24,x29,x23	 x29:0x00000000 x23:0x00000001 x24=0x00000000
          21024	      1039	80000402	fa80b637	lui	x12,0xfa80b	 x12=0xfa80b000
          21064	      1041	80000406	5a2c8013	addi	x0,x25,1442	 x25:0x00000000  x0=0x00000000
          21124	      1044	8000040a	faa25737	lui	x14,0xfaa25	 x14=0xfaa25000
          21904	      1083	8000040e	03bce933	rem	x18,x25,x27	 x25:0x00000000 x27:0x09c4a3e2 x18=0x00000000
          21984	      1087	80000412	034fb933	mulhu	x18,x31,x20	 x31:0xff057b01 x20:0x00011000 x18=0x00010ef5
          22004	      1088	80000416	9cd6	c.add	x25,x21	 x25:0x00000000 x21:0x000001cd x25=0x000001cd
          22024	      1089	80000418	0098	c.addi4spn	x14,x2,64	 x14=0x571de43a
          22044	      1090	8000041a	0001	c.addi	x0,0	  x0:0x00000000  x0=0x00000000
          22064	      1091	8000041c	717d	c.addi16sp	x2,-16	  x2:0x571de3fa  x2=0x571de3ea
          22084	      1092	8000041e	7597d817	auipc	x16,0x7597d	 x16=0xf597d41e
          22144	      1095	80000422	f805a713	slti	x14,x11,-128	 x11:0x00000013 x14=0x00000000
          22164	      1096	80000426	0001	c.addi	x0,0	  x0:0x00000000  x0=0x00000000
          22264	      1101	80000428	02cda433	mulhsu	x8,x27,x12	 x27:0x09c4a3e2 x12:0xfa80b000  x8=0x098ef113
          22284	      1102	8000042c	8ed5	c.or	x13,x13	 x13:0x00000150 x13:0x00000150 x13=0x00000150
          22324	      1104	8000042e	007e4433	xor	x8,x28,x7	 x28:0x4c5d0a45  x7:0x00000000  x8=0x4c5d0a45
          22384	      1107	80000432	78414013	xori	x0,x2,1924	  x2:0x571de3ea  x0=0x00000000
          22464	      1111	80000436	021ec433	div	x8,x29,x1	 x29:0x00000000  x1:0x00000000  x8=0xffffffff
          22544	      1115	8000043a	02228033	mul	x0,x5,x2	  x5:0x00000000  x2:0x571de3ea  x0=0x00000000
          22564	      1116	8000043e	00e274b3	and	x9,x4,x14	  x4:0x17c4539e x14:0x00000000  x9=0x00000000
          22584	      1117	80000442	8c9a	c.mv	x25,x6	  x0:0x00000000  x6:0x0548af8e x25=0x0548af8e
          22684	      1122	80000444	03642333	mulhsu	x6,x8,x22	  x8:0xffffffff x22:0x12078029  x6=0xffffffff
          22764	      1126	80000448	0227a633	mulhsu	x12,x15,x2	 x15:0xffffffff  x2:0x571de3ea x12=0xffffffff
          22784	      1127	8000044c	39547813	andi	x16,x8,917	  x8:0xffffffff x16=0x00000395
          22804	      1128	80000450	86bd	c.srai	x13,0xf	 x13:0x00000150 x13=0x00000000
          23584	      1167	80000452	03b5d033	divu	x0,x11,x27	 x11:0x00000013 x27:0x09c4a3e2  x0=0x00000000
          23664	      1171	80000456	036c3633	mulhu	x12,x24,x22	 x24:0x00000000 x22:0x12078029 x12=0x00000000
          23684	      1172	8000045a	8e95	c.sub	x13,x13	 x13:0x00000000 x13:0x00000000 x13=0x00000000
          23704	      1173	8000045c	76fdb413	sltiu	x8,x27,1903	 x27:0x09c4a3e2  x8=0x00000000
          24444	      1210	80000460	026f5b33	divu	x22,x30,x6	 x30:0x00000000  x6:0xffffffff x22=0x00000000
          24464	      1211	80000464	00ef6633	or	x12,x30,x14	 x30:0x00000000 x14:0x00000000 x12=0x00000000
          24484	      1212	80000468	0001	c.addi	x0,0	  x0:0x00000000  x0=0x00000000
          24504	      1213	8000046a	6605	c.lui	x12,0x1	 x12=0x00001000
          24524	      1214	8000046c	142b7a13	andi	x20,x22,322	 x22:0x00000000 x20=0x00000000
          24544	      1215	80000470	688bc013	xori	x0,x23,1672	 x23:0x00000001  x0=0x00000000
          24604	      1218	80000474	0514	c.addi4spn	x13,x2,640	 x13=0x571de66a
          24664	      1221	80000476	01a69c93	slli	x25,x13,0x1a	 x13:0x571de66a x25=0xa8000000
          25444	      1260	8000047a	02f044b3	div	x9,x0,x15	  x0:0x00000000 x15:0xffffffff  x9=0x00000000
          25484	      1262	8000047e	025a4bb3	div	x23,x20,x5	 x20:0x00000000  x5:0x00000000 x23=0xffffffff
          26224	      1299	80000482	0330ccb3	div	x25,x1,x19	  x1:0x00000000 x19:0x00000001 x25=0x00000000
          26244	      1300	80000486	0034db93	srli	x23,x9,0x3	  x9:0x00000000 x23=0x00000000
          26264	      1301	8000048a	8db5	c.xor	x11,x13	 x11:0x00000013 x13:0x571de66a x11=0x571de679
          26284	      1302	8000048c	008da133	slt	x2,x27,x8	 x27:0x09c4a3e2  x8:0x00000000  x2=0x00000000
          26344	      1305	80000490	e946f613	andi	x12,x13,-364	 x13:0x571de66a x12=0x571de600
          26404	      1308	80000494	98fd	c.andi	x9,-1	  x9:0x00000000  x9=0x00000000
          26424	      1309	80000496	40f1	c.li	x1,28	  x1=0x0000001c
          26484	      1312	80000498	0282c033	div	x0,x5,x8	  x5:0x00000000  x8:0x00000000  x0=0x00000000
          26524	      1314	8000049c	9bd28d93	addi	x27,x5,-1603	  x5:0x00000000 x27=0xfffff9bd
          26624	      1319	800004a0	027c00b3	mul	x1,x24,x7	 x24:0x00000000  x7:0x00000000  x1=0x00000000
          26704	      1323	800004a4	02ca1533	mulh	x10,x20,x12	 x20:0x00000000 x12:0x571de600 x10=0x00000000
          26724	      1324	800004a8	09c2	c.slli	x19,0x10	 x19:0x00000001 x19=0x00010000
          27484	      1362	800004aa	02c5ca33	div	x20,x11,x12	 x11:0x571de679 x12:0x571de600 x20=0x00000001
          27564	      1366	800004ae	03249133	mulh	x2,x9,x18	  x9:0x00000000 x18:0x00010ef5  x2=0x00000000
          27584	      1367	800004b2	e0323913	sltiu	x18,x4,-509	  x4:0x17c4539e x18=0x00000001
          27604	      1368	800004b6	805d	c.srli	x8,0x17	  x8:0x00000000  x8=0x00000000
          27624	      1369	800004b8	415a5bb3	sra	x23,x20,x21	 x20:0x00000001 x21:0x000001cd x23=0x00000000
          28384	      1407	800004bc	02c66033	rem	x0,x12,x12	 x12:0x571de600 x12:0x571de600  x0=0x00000000
          28404	      1408	800004c0	1108	c.addi4spn	x10,x2,160	 x10=0x000000a0
          28424	      1409	800004c2	78280197	auipc	x3,0x78280	  x3=0xf82804c2
          28444	      1410	800004c6	01361db3	sll	x27,x12,x19	 x12:0x571de600 x19:0x00010000 x27=0x571de600
          28504	      1413	800004ca	013f74b3	and	x9,x30,x19	 x30:0x00000000 x19:0x00010000  x9=0x00000000
          28564	      1416	800004ce	0017b133	sltu	x2,x15,x1	 x15:0xffffffff  x1:0x00000000  x2=0x00000000
          28624	      1419	800004d2	81063bb7	lui	x23,0x81063	 x23=0x81063000
          28684	      1422	800004d6	009aa033	slt	x0,x21,x9	 x21:0x000001cd  x9:0x00000000  x0=0x00000000
          28744	      1425	800004da	00fa5733	srl	x14,x20,x15	 x20:0x00000001 x15:0xffffffff x14=0x00000000
          28844	      1430	800004de	027f88b3	mul	x17,x31,x7	 x31:0xff057b01  x7:0x00000000 x17=0x00000000
          28864	      1431	800004e2	41315633	sra	x12,x2,x19	  x2:0x00000000 x19:0x00010000 x12=0x00000000
          28884	      1432	800004e6	60ad	c.lui	x1,0xb	  x1=0x0000b000
          28924	      1434	800004e8	8a75	c.andi	x12,29	 x12:0x00000000 x12=0x00000000
          28944	      1435	800004ea	0001	c.addi	x0,0	  x0:0x00000000  x0=0x00000000
          28984	      1437	800004ec	01171733	sll	x14,x14,x17	 x14:0x00000000 x17:0x00000000 x14=0x00000000
          29044	      1440	800004f0	0072e533	or	x10,x5,x7	  x5:0x00000000  x7:0x00000000 x10=0x00000000
          29104	      1443	800004f4	a82fab93	slti	x23,x31,-1406	 x31:0xff057b01 x23=0x00000001
          29164	      1446	800004f8	9afd	c.andi	x13,-1	 x13:0x571de66a x13=0x571de66a
          29224	      1449	800004fa	70a70113	addi	x2,x14,1802	 x14:0x00000000  x2=0x0000070a
          29284	      1452	800004fe	01cd9193	slli	x3,x27,0x1c	 x27:0x571de600  x3=0x00000000
          29404	      1458	80000502	02d39233	mulh	x4,x7,x13	  x7:0x00000000 x13:0x571de66a  x4=0x00000000
          29424	      1459	80000506	00c7d813	srli	x16,x15,0xc	 x15:0xffffffff x16=0x000fffff
          29524	      1464	8000050a	02293db3	mulhu	x27,x18,x2	 x18:0x00000001  x2:0x0000070a x27=0x00000000
          29544	      1465	8000050e	23b1be37	lui	x28,0x23b1b	 x28=0x23b1b000
          29564	      1466	80000512	0001	c.addi	x0,0	  x0:0x00000000  x0=0x00000000
          29584	      1467	80000514	018a4333	xor	x6,x20,x24	 x20:0x00000001 x24:0x00000000  x6=0x00000001
          29704	      1473	80000518	0312b9b3	mulhu	x19,x5,x17	  x5:0x00000000 x17:0x00000000 x19=0x00000000
          29724	      1474	8000051c	841d	c.srai	x8,0x7	  x8:0x00000000  x8=0x00000000
          29744	      1475	8000051e	9cde	c.add	x25,x23	 x25:0x00000000 x23:0x00000001 x25=0x00000001
          29764	      1476	80000520	00788833	add	x16,x17,x7	 x17:0x00000000  x7:0x00000000 x16=0x00000000
          29824	      1479	80000524	90ba	c.add	x1,x14	  x1:0x0000b000 x14:0x00000000  x1=0x0000b000
          29884	      1482	80000526	00647933	and	x18,x8,x6	  x8:0x00000000  x6:0x00000001 x18=0x00000000
          29944	      1485	8000052a	d9e44d93	xori	x27,x8,-610	  x8:0x00000000 x27=0xfffffd9e
          29964	      1486	8000052e	8eb5	c.xor	x13,x13	 x13:0x571de66a x13:0x571de66a x13=0x00000000
          30064	      1491	80000530	03fa96b3	mulh	x13,x21,x31	 x21:0x000001cd x31:0xff057b01 x13=0xfffffffe
          30084	      1492	80000534	86bd	c.srai	x13,0xf	 x13:0xfffffffe x13=0xffffffff
          30124	      1494	80000536	ae6bb293	sltiu	x5,x23,-1306	 x23:0x00000001  x5=0x00000001
          30184	      1497	8000053a	18934e13	xori	x28,x6,393	  x6:0x00000001 x28=0x00000188
          30244	      1500	8000053e	0028dab3	srl	x21,x17,x2	 x17:0x00000000  x2:0x0000070a x21=0x00000000
          30324	      1504	80000542	03d64ab3	div	x21,x12,x29	 x12:0x00000000 x29:0x00000000 x21=0xffffffff
          30364	      1506	80000546	41850cb3	sub	x25,x10,x24	 x10:0x00000000 x24:0x00000000 x25=0x00000000
          30384	      1507	8000054a	9afd	c.andi	x13,-1	 x13:0xffffffff x13=0xffffffff
          30424	      1509	8000054c	8c55	c.or	x8,x13	  x8:0x00000000 x13:0xffffffff  x8=0xffffffff
          30484	      1512	8000054e	58538cb7	lui	x25,0x58538	 x25=0x58538000
          30504	      1513	80000552	6775	c.lui	x14,0x1d	 x14=0x0001d000
          30564	      1516	80000554	020e6c33	rem	x24,x28,x0	 x28:0x00000188  x0:0x00000000 x24=0x00000188
          30604	      1518	80000558	8ed5	c.or	x13,x13	 x13:0xffffffff x13:0xffffffff x13=0xffffffff
          30664	      1521	8000055a	0069e133	or	x2,x19,x6	 x19:0x00000000  x6:0x00000001  x2=0x00000001
          30684	      1522	8000055e	8eb5	c.xor	x13,x13	 x13:0xffffffff x13:0xffffffff x13=0x00000000
          30724	      1524	80000560	0094	c.addi4spn	x13,x2,64	 x13=0x00000041
          31504	      1563	80000562	0219c733	div	x14,x19,x1	 x19:0x00000000  x1:0x0000b000 x14=0x00000000
          31524	      1564	80000566	00a84433	xor	x8,x16,x10	 x16:0x00000000 x10:0x00000000  x8=0x00000000
          32264	      1601	8000056a	021c4db3	div	x27,x24,x1	 x24:0x00000188  x1:0x0000b000 x27=0x00000000
          32284	      1602	8000056e	485d9eb7	lui	x29,0x485d9	 x29=0x485d9000
          32304	      1603	80000572	88fe8e93	addi	x29,x29,-1905	 x29:0x485d9000 x29=0x485d888f
          32324	      1604	80000576	4e01	c.li	x28,0	 x28=0x00000000
          32344	      1605	80000578	3cd1b2b7	lui	x5,0x3cd1b	  x5=0x3cd1b000
          32404	      1608	8000057c	65228293	addi	x5,x5,1618	  x5:0x3cd1b000  x5=0x3cd1b652
          32464	      1611	80000580	5ac35ab7	lui	x21,0x5ac35	 x21=0x5ac35000
          32524	      1614	80000584	eb7a8a93	addi	x21,x21,-329	 x21:0x5ac35000 x21=0x5ac34eb7
          32584	      1617	80000588	4d85	c.li	x27,1	 x27=0x00000001
          32604	      1618	8000058a	4b81	c.li	x23,0	 x23=0x00000000
          32644	      1620	8000058c	64badcb7	lui	x25,0x64bad	 x25=0x64bad000
          32704	      1623	80000590	dd2c8c93	addi	x25,x25,-558	 x25:0x64bad000 x25=0x64bacdd2
          32764	      1626	80000594	4c01	c.li	x24,0	 x24=0x00000000
          32784	      1627	80000596	4805	c.li	x16,1	 x16=0x00000001
          32824	      1629	80000598	5db187b7	lui	x15,0x5db18	 x15=0x5db18000
          32884	      1632	8000059c	c4778793	addi	x15,x15,-953	 x15:0x5db18000 x15=0x5db17c47
          32944	      1635	800005a0	59fd	c.li	x19,-1	 x19=0xffffffff
          33004	      1638	800005a2	a7a7b037	lui	x0,0xa7a7b	  x0=0x00000000
          33024	      1639	800005a6	717d	c.addi16sp	x2,-16	  x2:0x00000001  x2=0xfffffff1
          33064	      1641	800005a8	1cfd	c.addi	x25,-1	 x25:0x64bacdd2 x25=0x64bacdd1
          33084	      1642	800005aa	0314	c.addi4spn	x13,x2,384	 x13=0x00000171
          33144	      1645	800005ac	028c5833	divu	x16,x24,x8	 x24:0x00000000  x8:0x00000000 x16=0xffffffff
          33184	      1647	800005b0	61d5	c.lui	x3,0x15	  x3=0x00015000
          33204	      1648	800005b2	8f95	c.sub	x15,x13	 x15:0x5db17c47 x13:0x00000171 x15=0x5db17ad6
          33244	      1650	800005b4	004e06b3	add	x13,x28,x4	 x28:0x00000000  x4:0x00000000 x13=0x00000000
          33304	      1653	800005b8	0001	c.addi	x0,0	  x0:0x00000000  x0=0x00000000
          33324	      1654	800005ba	0001	c.addi	x0,0	  x0:0x00000000  x0=0x00000000
          33364	      1656	800005bc	01528eb3	add	x29,x5,x21	  x5:0x3cd1b652 x21:0x5ac34eb7 x29=0x97950509
          33424	      1659	800005c0	9da6	c.add	x27,x9	 x27:0x00000001  x9:0x00000000 x27=0x00000001
          33444	      1660	800005c2	6145	c.addi16sp	x2,48	  x2:0xfffffff1  x2=0x00000021
          33484	      1662	800005c4	1394	c.addi4spn	x13,x2,480	 x13=0x00000201
          33544	      1665	800005c6	01848033	add	x0,x9,x24	  x9:0x00000000 x24:0x00000000  x0=0x00000000
          33664	      1671	800005ca	02d5b333	mulhu	x6,x11,x13	 x11:0x571de679 x13:0x00000201  x6=0x000000ae
          33684	      1672	800005ce	003d9713	slli	x14,x27,0x3	 x27:0x00000001 x14=0x00000008
          33704	      1673	800005d2	8e95	c.sub	x13,x13	 x13:0x00000201 x13:0x00000201 x13=0x00000000
          33724	      1674	800005d4	04b6	c.slli	x9,0xd	  x9:0x00000000  x9=0x00000000
          33784	      1677	800005d6	00099b13	slli	x22,x19,0x0	 x19:0xffffffff x22=0xffffffff
          33804	      1678	800005da	0001	c.addi	x0,0	  x0:0x00000000  x0=0x00000000
          33844	      1680	800005dc	86a1	c.srai	x13,0x8	 x13:0x00000000 x13=0x00000000
          33904	      1683	800005de	010e51b3	srl	x3,x28,x16	 x28:0x00000000 x16:0xffffffff  x3=0x00000000
          34684	      1722	800005e2	03d1eb33	rem	x22,x3,x29	  x3:0x00000000 x29:0x97950509 x22=0x00000000
          34704	      1723	800005e6	00a510b3	sll	x1,x10,x10	 x10:0x00000000 x10:0x00000000  x1=0x00000000
          34724	      1724	800005ea	717d	c.addi16sp	x2,-16	  x2:0x00000021  x2=0x00000011
          34744	      1725	800005ec	816d	c.srli	x10,0x1b	 x10:0x00000000 x10=0x00000000
          34764	      1726	800005ee	9c7a	c.add	x24,x30	 x24:0x00000000 x30:0x00000000 x24=0x00000000
          34804	      1728	800005f0	0025e033	or	x0,x11,x2	 x11:0x571de679  x2:0x00000011  x0=0x00000000
          34864	      1731	800005f4	9616ba93	sltiu	x21,x13,-1695	 x13:0x00000000 x21=0x00000001
          34924	      1734	800005f8	87b1	c.srai	x15,0xc	 x15:0x5db17ad6 x15=0x0005db17
          34944	      1735	800005fa	86f9	c.srai	x13,0x1e	 x13:0x00000000 x13=0x00000000
          34984	      1737	800005fc	401fd293	srai	x5,x31,0x1	 x31:0xff057b01  x5=0xff82bd80
          35044	      1740	80000600	717d	c.addi16sp	x2,-16	  x2:0x00000011  x2=0x00000001
          35164	      1746	80000602	0309a333	mulhsu	x6,x19,x16	 x19:0xffffffff x16:0xffffffff  x6=0xffffffff
          35184	      1747	80000606	11f5c837	lui	x16,0x11f5c	 x16=0x11f5c000
          35224	      1749	8000060a	41c202b3	sub	x5,x4,x28	  x4:0x00000000 x28:0x00000000  x5=0x00000000
          35284	      1752	8000060e	00b29d93	slli	x27,x5,0xb	  x5:0x00000000 x27=0x00000000
          35344	      1755	80000612	241d6293	ori	x5,x26,577	 x26:0x8000ae64  x5=0x8000ae65
          35404	      1758	80000616	402d5633	sra	x12,x26,x2	 x26:0x8000ae64  x2:0x00000001 x12=0xc0005732
          35424	      1759	8000061a	8ef5	c.and	x13,x13	 x13:0x00000000 x13:0x00000000 x13=0x00000000
          35464	      1761	8000061c	00fa91b3	sll	x3,x21,x15	 x21:0x00000001 x15:0x0005db17  x3=0x00800000
          35524	      1764	80000620	41950433	sub	x8,x10,x25	 x10:0x00000000 x25:0x64bacdd1  x8=0x9b45322f
          35584	      1767	80000624	78226113	ori	x2,x4,1922	  x4:0x00000000  x2=0x00000782
          35644	      1770	80000628	52fd	c.li	x5,-1	  x5=0xffffffff
          35664	      1771	8000062a	9766	c.add	x14,x25	 x14:0x00000008 x25:0x64bacdd1 x14=0x64bacdd9
          35704	      1773	8000062c	a5d9fb93	andi	x23,x19,-1443	 x19:0xffffffff x23=0xfffffa5d
          35824	      1779	80000630	03a533b3	mulhu	x7,x10,x26	 x10:0x00000000 x26:0x8000ae64  x7=0x00000000
          35844	      1780	80000634	4625	c.li	x12,9	 x12=0x00000009
          35884	      1782	80000636	ba9f7693	andi	x13,x30,-1111	 x30:0x00000000 x13=0x00000000
          35944	      1785	8000063a	2b89e293	ori	x5,x19,696	 x19:0xffffffff  x5=0xffffffff
          36004	      1788	8000063e	008d2cb3	slt	x25,x26,x8	 x26:0x8000ae64  x8:0x9b45322f x25=0x00000001
          36064	      1791	80000642	41400433	sub	x8,x0,x20	  x0:0x00000000 x20:0x00000001  x8=0xffffffff
          36124	      1794	80000646	2a77ca93	xori	x21,x15,679	 x15:0x0005db17 x21=0x0005d9b0
          36184	      1797	8000064a	014d42b3	xor	x5,x26,x20	 x26:0x8000ae64 x20:0x00000001  x5=0x8000ae65
          36304	      1803	8000064e	0263a533	mulhsu	x10,x7,x6	  x7:0x00000000  x6:0xffffffff x10=0x00000000
          36324	      1804	80000652	8f08d117	auipc	x2,0x8f08d	  x2=0x0f08d652
          36364	      1806	80000656	00b13433	sltu	x8,x2,x11	  x2:0x0f08d652 x11:0x571de679  x8=0x00000001
          36384	      1807	8000065a	53fd	c.li	x7,-1	  x7=0xffffffff
          36424	      1809	8000065c	4c726e93	ori	x29,x4,1223	  x4:0x00000000 x29=0x000004c7
          36484	      1812	80000660	01515893	srli	x17,x2,0x15	  x2:0x0f08d652 x17=0x00000078
          36544	      1815	80000664	5320fa93	andi	x21,x1,1330	  x1:0x00000000 x21=0x00000000
          36604	      1818	80000668	697fcc13	xori	x24,x31,1687	 x31:0xff057b01 x24=0xff057d96
          36664	      1821	8000066c	e7d12993	slti	x19,x2,-387	  x2:0x0f08d652 x19=0x00000000
          36724	      1824	80000670	0167f6b3	and	x13,x15,x22	 x15:0x0005db17 x22:0x00000000 x13=0x00000000
          36784	      1827	80000674	9c7e	c.add	x24,x31	 x24:0xff057d96 x31:0xff057b01 x24=0xfe0af897
          36804	      1828	80000676	8ebd	c.xor	x13,x15	 x13:0x00000000 x15:0x0005db17 x13=0x0005db17
          36844	      1830	80000678	f8005337	lui	x6,0xf8005	  x6=0xf8005000
          36924	      1834	8000067c	02a8e7b3	rem	x15,x17,x10	 x17:0x00000078 x10:0x00000000 x15=0x00000078
          36964	      1836	80000680	5bd3f813	andi	x16,x7,1469	  x7:0xffffffff x16=0x000005bd
          37064	      1841	80000684	02fe8b33	mul	x22,x29,x15	 x29:0x000004c7 x15:0x00000078 x22=0x00023d48
          37084	      1842	80000688	8ef5	c.and	x13,x13	 x13:0x0005db17 x13:0x0005db17 x13=0x0005db17
          37104	      1843	8000068a	717d	c.addi16sp	x2,-16	  x2:0x0f08d652  x2=0x0f08d642
          37144	      1845	8000068c	00f6	c.slli	x1,0x1d	  x1:0x00000000  x1=0x00000000
          37204	      1848	8000068e	4190d213	srai	x4,x1,0x19	  x1:0x00000000  x4=0x00000000
          37224	      1849	80000692	82ad	c.srli	x13,0xb	 x13:0x0005db17 x13=0x000000bb
          37264	      1851	80000694	9b3a	c.add	x22,x14	 x22:0x00023d48 x14:0x64bacdd9 x22=0x64bd0b21
          37324	      1854	80000696	00cfb033	sltu	x0,x31,x12	 x31:0xff057b01 x12:0x00000009  x0=0x00000000
          37344	      1855	8000069a	9bae	c.add	x23,x11	 x23:0xfffffa5d x11:0x571de679 x23=0x571de0d6
          37444	      1860	8000069c	03032033	mulhsu	x0,x6,x16	  x6:0xf8005000 x16:0x000005bd  x0=0x00000000
          37464	      1861	800006a0	407edab3	sra	x21,x29,x7	 x29:0x000004c7  x7:0xffffffff x21=0x00000000
          37504	      1863	800006a4	40485c13	srai	x24,x16,0x4	 x16:0x000005bd x24=0x0000005b
          37564	      1866	800006a8	a477f593	andi	x11,x15,-1465	 x15:0x00000078 x11=0x00000040
          37624	      1869	800006ac	015b7433	and	x8,x22,x21	 x22:0x64bd0b21 x21:0x00000000  x8=0x00000000
          37684	      1872	800006b0	60c9	c.lui	x1,0x12	  x1=0x00012000
          37744	      1875	800006b2	01186033	or	x0,x16,x17	 x16:0x000005bd x17:0x00000078  x0=0x00000000
          37764	      1876	800006b6	8e95	c.sub	x13,x13	 x13:0x000000bb x13:0x000000bb x13=0x00000000
          37804	      1878	800006b8	00326633	or	x12,x4,x3	  x4:0x00000000  x3:0x00800000 x12=0x00800000
          37864	      1881	800006bc	857e	c.mv	x10,x31	  x0:0x00000000 x31:0xff057b01 x10=0xff057b01
          37984	      1887	800006be	031334b3	mulhu	x9,x6,x17	  x6:0xf8005000 x17:0x00000078  x9=0x00000074
          38004	      1888	800006c2	018dcbb3	xor	x23,x27,x24	 x27:0x00000000 x24:0x0000005b x23=0x0000005b
          38044	      1890	800006c6	dc894013	xori	x0,x18,-568	 x18:0x00000000  x0=0x00000000
          38104	      1893	800006ca	01fd5033	srl	x0,x26,x31	 x26:0x8000ae64 x31:0xff057b01  x0=0x00000000
          38164	      1896	800006ce	4104dc13	srai	x24,x9,0x10	  x9:0x00000074 x24=0x00000000
          38184	      1897	800006d2	8e95	c.sub	x13,x13	 x13:0x00000000 x13:0x00000000 x13=0x00000000
          38224	      1899	800006d4	8e89	c.sub	x13,x10	 x13:0x00000000 x10:0xff057b01 x13=0x00fa84ff
          38284	      1902	800006d6	7b6112b7	lui	x5,0x7b611	  x5=0x7b611000
          38344	      1905	800006da	01c912b3	sll	x5,x18,x28	 x18:0x00000000 x28:0x00000000  x5=0x00000000
          38364	      1906	800006de	717d	c.addi16sp	x2,-16	  x2:0x0f08d642  x2=0x0f08d632
          39124	      1944	800006e0	0395d533	divu	x10,x11,x25	 x11:0x00000040 x25:0x00000001 x10=0x00000040
          39144	      1945	800006e4	01c8d313	srli	x6,x17,0x1c	 x17:0x00000078  x6=0x00000000
          39164	      1946	800006e8	9a9b7313	andi	x6,x22,-1623	 x22:0x64bd0b21  x6=0x64bd0921
          39244	      1950	800006ec	03002533	mulhsu	x10,x0,x16	  x0:0x00000000 x16:0x000005bd x10=0x00000000
          39264	      1951	800006f0	04580513	addi	x10,x16,69	 x16:0x000005bd x10=0x00000602
          39304	      1953	800006f4	4007da33	sra	x20,x15,x0	 x15:0x00000078  x0:0x00000000 x20=0x00000078
          39364	      1956	800006f8	8bae	c.mv	x23,x11	  x0:0x00000000 x11:0x00000040 x23=0x00000040
          39424	      1959	800006fa	79cfd517	auipc	x10,0x79cfd	 x10=0xf9cfd6fa
          39544	      1965	800006fe	02932cb3	mulhsu	x25,x6,x9	  x6:0x64bd0921  x9:0x00000074 x25=0x0000002d
          39564	      1966	80000702	003417b3	sll	x15,x8,x3	  x8:0x00000000  x3:0x00800000 x15=0x00000000
          39584	      1967	80000706	0794	c.addi4spn	x13,x2,960	 x13=0x0f08d9f2
          39604	      1968	80000708	46784693	xori	x13,x16,1127	 x16:0x000005bd x13=0x000001da
          39664	      1971	8000070c	00cf5a33	srl	x20,x30,x12	 x30:0x00000000 x12:0x00800000 x20=0x00000000
          39724	      1974	80000710	3bbaee13	ori	x28,x21,955	 x21:0x00000000 x28=0x000003bb
          39784	      1977	80000714	001f6033	or	x0,x30,x1	 x30:0x00000000  x1:0x00012000  x0=0x00000000
          39844	      1980	80000718	53fd	c.li	x7,-1	  x7=0xffffffff
          39864	      1981	8000071a	8041	c.srli	x8,0x10	  x8:0x00000000  x8=0x00000000
          39904	      1983	8000071c	8b92	c.mv	x23,x4	  x0:0x00000000  x4:0x00000000 x23=0x00000000
          39964	      1986	8000071e	11f0bb13	sltiu	x22,x1,287	  x1:0x00012000 x22=0x00000000
          39984	      1987	80000722	557d	c.li	x10,-1	 x10=0xffffffff
          40084	      1992	80000724	031435b3	mulhu	x11,x8,x17	  x8:0x00000000 x17:0x00000078 x11=0x00000000
          40104	      1993	80000728	0114	c.addi4spn	x13,x2,128	 x13=0x0f08d6b2
          40124	      1994	8000072a	0094	c.addi4spn	x13,x2,64	 x13=0x0f08d672
          40144	      1995	8000072c	64c69017	auipc	x0,0x64c69	  x0=0x00000000
          40204	      1998	80000730	0001	c.addi	x0,0	  x0:0x00000000  x0=0x00000000
          40264	      2001	80000732	6d40e613	ori	x12,x1,1748	  x1:0x00012000 x12=0x000126d4
          40324	      2004	80000736	41fdd113	srai	x2,x27,0x1f	 x27:0x00000000  x2=0x00000000
          40384	      2007	8000073a	004a5d93	srli	x27,x20,0x4	 x20:0x00000000 x27=0x00000000
          40444	      2010	8000073e	812d0793	addi	x15,x26,-2030	 x26:0x8000ae64 x15=0x8000a676
          40504	      2013	80000742	cbf35997	auipc	x19,0xcbf35	 x19=0x4bf35742
          40564	      2016	80000746	f92bfe93	andi	x29,x23,-110	 x23:0x00000000 x29=0x00000000
          40624	      2019	8000074a	00dc9613	slli	x12,x25,0xd	 x25:0x0000002d x12=0x0005a000
          40684	      2022	8000074e	007f4533	xor	x10,x30,x7	 x30:0x00000000  x7:0xffffffff x10=0xffffffff
          40744	      2025	80000752	01c243b3	xor	x7,x4,x28	  x4:0x00000000 x28:0x000003bb  x7=0x000003bb
          40804	      2028	80000756	00ea01b3	add	x3,x20,x14	 x20:0x00000000 x14:0x64bacdd9  x3=0x64bacdd9
          40924	      2034	8000075a	03cf3e33	mulhu	x28,x30,x28	 x30:0x00000000 x28:0x000003bb x28=0x00000000
          40944	      2035	8000075e	6469	c.lui	x8,0x1a	  x8=0x0001a000
          40964	      2036	80000760	00cd7633	and	x12,x26,x12	 x26:0x8000ae64 x12:0x0005a000 x12=0x0000a000
          40984	      2037	80000764	017a2c33	slt	x24,x20,x23	 x20:0x00000000 x23:0x00000000 x24=0x00000000
          41064	      2041	80000768	038eceb3	div	x29,x29,x24	 x29:0x00000000 x24:0x00000000 x29=0xffffffff
          41104	      2043	8000076c	86b5	c.srai	x13,0xd	 x13:0x0f08d672 x13=0x00007846
          41124	      2044	8000076e	0001	c.addi	x0,0	  x0:0x00000000  x0=0x00000000
          41164	      2046	80000770	616d	c.addi16sp	x2,240	  x2:0x00000000  x2=0x000000f0
          41224	      2049	80000772	00f277b3	and	x15,x4,x15	  x4:0x00000000 x15:0x8000a676 x15=0x00000000
          41244	      2050	80000776	0001	c.addi	x0,0	  x0:0x00000000  x0=0x00000000
          41284	      2052	80000778	8cf5	c.and	x9,x13	  x9:0x00000074 x13:0x00007846  x9=0x00000044
          41344	      2055	8000077a	4153d033	sra	x0,x7,x21	  x7:0x000003bb x21:0x00000000  x0=0x00000000
          41464	      2061	8000077e	03daa233	mulhsu	x4,x21,x29	 x21:0x00000000 x29:0xffffffff  x4=0x00000000
          41484	      2062	80000782	06fcf693	andi	x13,x25,111	 x25:0x0000002d x13=0x0000002d
          41504	      2063	80000786	8972	c.mv	x18,x28	  x0:0x00000000 x28:0x00000000 x18=0x00000000
          41544	      2065	80000788	03bdee33	rem	x28,x27,x27	 x27:0x00000000 x27:0x00000000 x28=0x00000000
          41584	      2067	8000078c	3c247593	andi	x11,x8,962	  x8:0x0001a000 x11=0x00000000
          41664	      2071	80000790	02094233	div	x4,x18,x0	 x18:0x00000000  x0:0x00000000  x4=0xffffffff
          41704	      2073	80000794	97868393	addi	x7,x13,-1672	 x13:0x0000002d  x7=0xfffff9a5
          41764	      2076	80000798	00355633	srl	x12,x10,x3	 x10:0xffffffff  x3:0x64bacdd9 x12=0x0000007f
          41824	      2079	8000079c	003dd333	srl	x6,x27,x3	 x27:0x00000000  x3:0x64bacdd9  x6=0x00000000
          41924	      2084	800007a0	03cd8b33	mul	x22,x27,x28	 x27:0x00000000 x28:0x00000000 x22=0x00000000
          41944	      2085	800007a4	682e6b17	auipc	x22,0x682e6	 x22=0xe82e67a4
          42004	      2088	800007a8	187d	c.addi	x16,-1	 x16:0x000005bd x16=0x000005bc
          42064	      2091	800007aa	b04c7b93	andi	x23,x24,-1276	 x24:0x00000000 x23=0x00000000
          42124	      2094	800007ae	4a370e93	addi	x29,x14,1187	 x14:0x64bacdd9 x29=0x64bad27c
          42144	      2095	800007b2	8e95	c.sub	x13,x13	 x13:0x0000002d x13:0x0000002d x13=0x00000000
          42184	      2097	800007b4	a67af893	andi	x17,x21,-1433	 x21:0x00000000 x17=0x00000000
          42244	      2100	800007b8	8ff5	c.and	x15,x13	 x15:0x00000000 x13:0x00000000 x15=0x00000000
          42304	      2103	800007ba	a4147113	andi	x2,x8,-1471	  x8:0x0001a000  x2=0x0001a000
          42324	      2104	800007be	6851	c.lui	x16,0x14	 x16=0x00014000
          42364	      2106	800007c0	0c62	c.slli	x24,0x18	 x24:0x00000000 x24=0x00000000
          42384	      2107	800007c2	96d2	c.add	x13,x20	 x13:0x00000000 x20:0x00000000 x13=0x00000000
          42424	      2109	800007c4	9292	c.add	x5,x4	  x5:0x00000000  x4:0xffffffff  x5=0xffffffff
          42544	      2115	800007c6	03d6a233	mulhsu	x4,x13,x29	 x13:0x00000000 x29:0x64bad27c  x4=0x00000000
          42564	      2116	800007ca	007a6a33	or	x20,x20,x7	 x20:0x00000000  x7:0xfffff9a5 x20=0xfffff9a5
          42604	      2118	800007ce	a93ee337	lui	x6,0xa93ee	  x6=0xa93ee000
          42664	      2121	800007d2	0c642013	slti	x0,x8,198	  x8:0x0001a000  x0=0x00000000
          42724	      2124	800007d6	007dd113	srli	x2,x27,0x7	 x27:0x00000000  x2=0x00000000
          42844	      2130	800007da	034890b3	mulh	x1,x17,x20	 x17:0x00000000 x20:0xfffff9a5  x1=0x00000000
          42864	      2131	800007de	00689033	sll	x0,x17,x6	 x17:0x00000000  x6:0xa93ee000  x0=0x00000000
          42884	      2132	800007e2	0001	c.addi	x0,0	  x0:0x00000000  x0=0x00000000
          42904	      2133	800007e4	beb97393	andi	x7,x18,-1045	 x18:0x00000000  x7=0x00000000
          42964	      2136	800007e8	0103bdb3	sltu	x27,x7,x16	  x7:0x00000000 x16:0x00014000 x27=0x00000001
          43024	      2139	800007ec	8c56	c.mv	x24,x21	  x0:0x00000000 x21:0x00000000 x24=0x00000000
          43084	      2142	800007ee	002d03b3	add	x7,x26,x2	 x26:0x8000ae64  x2:0x00000000  x7=0x8000ae64
          43144	      2145	800007f2	210f6013	ori	x0,x30,528	 x30:0x00000000  x0=0x00000000
          43264	      2151	800007f6	026d1533	mulh	x10,x26,x6	 x26:0x8000ae64  x6:0xa93ee000 x10=0x2b6054e6
          43284	      2152	800007fa	8145	c.srli	x10,0x11	 x10:0x2b6054e6 x10=0x000015b0
          43304	      2153	800007fc	00fd	c.addi	x1,31	  x1:0x00000000  x1=0x0000001f
          44044	      2190	800007fe	030e5033	divu	x0,x28,x16	 x28:0x00000000 x16:0x00014000  x0=0x00000000
          44064	      2191	80000802	00a31813	slli	x16,x6,0xa	  x6:0xa93ee000 x16=0xfb800000
          44084	      2192	80000806	8ef5	c.and	x13,x13	 x13:0x00000000 x13:0x00000000 x13=0x00000000
          44144	      2195	80000808	03fc09b3	mul	x19,x24,x31	 x24:0x00000000 x31:0xff057b01 x19=0x00000000
          44164	      2196	8000080c	0001	c.addi	x0,0	  x0:0x00000000  x0=0x00000000
          44184	      2197	8000080e	857e	c.mv	x10,x31	  x0:0x00000000 x31:0xff057b01 x10=0xff057b01
          44224	      2199	80000810	0362	c.slli	x6,0x18	  x6:0xa93ee000  x6=0x00000000
          44244	      2200	80000812	6ae5	c.lui	x21,0x19	 x21=0x00019000
          44304	      2203	80000814	031ec633	div	x12,x29,x17	 x29:0x64bad27c x17:0x00000000 x12=0xffffffff
          44404	      2208	80000818	03f516b3	mulh	x13,x10,x31	 x10:0xff057b01 x31:0xff057b01 x13=0x0000f528
          44424	      2209	8000081c	4ef1	c.li	x29,28	 x29=0x0000001c
          44464	      2211	8000081e	00938933	add	x18,x7,x9	  x7:0x8000ae64  x9:0x00000044 x18=0x8000aea8
          44524	      2214	80000822	ccf6b513	sltiu	x10,x13,-817	 x13:0x0000f528 x10=0x00000001
          44584	      2217	80000826	534fe713	ori	x14,x31,1332	 x31:0xff057b01 x14=0xff057f35
          44604	      2218	8000082a	011e	c.slli	x2,0x7	  x2:0x00000000  x2=0x00000000
          44704	      2223	8000082c	0374a933	mulhsu	x18,x9,x23	  x9:0x00000044 x23:0x00000000 x18=0x00000000
          44764	      2226	80000830	02558933	mul	x18,x11,x5	 x11:0x00000000  x5:0xffffffff x18=0x00000000
          44784	      2227	80000834	8ef5	c.and	x13,x13	 x13:0x0000f528 x13:0x0000f528 x13=0x0000f528
          44884	      2232	80000836	03f11ab3	mulh	x21,x2,x31	  x2:0x00000000 x31:0xff057b01 x21=0x00000000
          44964	      2236	8000083a	03b49c33	mulh	x24,x9,x27	  x9:0x00000044 x27:0x00000001 x24=0x00000000
          44984	      2237	8000083e	004b9993	slli	x19,x23,0x4	 x23:0x00000000 x19=0x00000000
          45004	      2238	80000842	8ea9	c.xor	x13,x10	 x13:0x0000f528 x10:0x00000001 x13=0x0000f529
          45024	      2239	80000844	8eb5	c.xor	x13,x13	 x13:0x0000f529 x13:0x0000f529 x13=0x00000000
          45064	      2241	80000846	410a5993	srai	x19,x20,0x10	 x20:0xfffff9a5 x19=0xffffffff
          45084	      2242	8000084a	8c72	c.mv	x24,x28	  x0:0x00000000 x28:0x00000000 x24=0x00000000
          45124	      2244	8000084c	01bb05b3	add	x11,x22,x27	 x22:0xe82e67a4 x27:0x00000001 x11=0xe82e67a5
          45184	      2247	80000850	00119113	slli	x2,x3,0x1	  x3:0x64bacdd9  x2=0xc9759bb2
          45244	      2250	80000854	002b1013	slli	x0,x22,0x2	 x22:0xe82e67a4  x0=0x00000000
          45304	      2253	80000858	00bfb433	sltu	x8,x31,x11	 x31:0xff057b01 x11:0xe82e67a5  x8=0x00000000
          45364	      2256	8000085c	01f0ea33	or	x20,x1,x31	  x1:0x0000001f x31:0xff057b01 x20=0xff057b1f
          45484	      2262	80000860	03613433	mulhu	x8,x2,x22	  x2:0xc9759bb2 x22:0xe82e67a4  x8=0xb6b719ca
          45504	      2263	80000864	41605993	srai	x19,x0,0x16	  x0:0x00000000 x19=0x00000000
          45544	      2265	80000868	41345833	sra	x16,x8,x19	  x8:0xb6b719ca x19:0x00000000 x16=0xb6b719ca
          45604	      2268	8000086c	876a2e37	lui	x28,0x876a2	 x28=0x876a2000
          45724	      2274	80000870	02ddadb3	mulhsu	x27,x27,x13	 x27:0x00000001 x13:0x00000000 x27=0x00000000
          46464	      2311	80000874	022ccbb3	div	x23,x25,x2	 x25:0x0000002d  x2:0xc9759bb2 x23=0x00000000
          46484	      2312	80000878	82dd	c.srli	x13,0x17	 x13:0x00000000 x13=0x00000000
          46504	      2313	8000087a	83cd	c.srli	x15,0x13	 x15:0x00000000 x15=0x00000000
          46524	      2314	8000087c	829d	c.srli	x13,0x7	 x13:0x00000000 x13=0x00000000
          46544	      2315	8000087e	00ddd493	srli	x9,x27,0xd	 x27:0x00000000  x9=0x00000000
          46564	      2316	80000882	8ac9	c.andi	x13,18	 x13:0x00000000 x13=0x00000000
          46584	      2317	80000884	8a9d	c.andi	x13,7	 x13:0x00000000 x13=0x00000000
          46624	      2319	80000886	5dd03893	sltiu	x17,x0,1501	  x0:0x00000000 x17=0x00000001
          46684	      2322	8000088a	0e5d0017	auipc	x0,0xe5d0	  x0=0x00000000
          46704	      2323	8000088e	809a	c.mv	x1,x6	  x0:0x00000000  x6:0x00000000  x1=0x00000000
          46744	      2325	80000890	0495	c.addi	x9,5	  x9:0x00000000  x9=0x00000005
          46804	      2328	80000892	361c4197	auipc	x3,0x361c4	  x3=0xb61c4892
          46824	      2329	80000896	8e95	c.sub	x13,x13	 x13:0x00000000 x13:0x00000000 x13=0x00000000
          46864	      2331	80000898	01307433	and	x8,x0,x19	  x0:0x00000000 x19:0x00000000  x8=0x00000000
          46924	      2334	8000089c	0e22	c.slli	x28,0x8	 x28:0x876a2000 x28=0x6a200000
          46984	      2337	8000089e	0044d633	srl	x12,x9,x4	  x9:0x00000005  x4:0x00000000 x12=0x00000005
          47044	      2340	800008a2	e4d5f993	andi	x19,x11,-435	 x11:0xe82e67a5 x19=0xe82e6605
          47064	      2341	800008a6	86ad	c.srai	x13,0xb	 x13:0x00000000 x13=0x00000000
          47104	      2343	800008a8	8ed5	c.or	x13,x13	 x13:0x00000000 x13:0x00000000 x13=0x00000000
          47884	      2382	800008aa	0224c4b3	div	x9,x9,x2	  x9:0x00000005  x2:0xc9759bb2  x9=0x00000000
          47904	      2383	800008ae	0a14	c.addi4spn	x13,x2,272	 x13=0xc9759cc2
          47924	      2384	800008b0	a9826137	lui	x2,0xa9826	  x2=0xa9826000
          47944	      2385	800008b4	41040833	sub	x16,x8,x16	  x8:0x00000000 x16:0xb6b719ca x16=0x4948e636
          48004	      2388	800008b8	8f95	c.sub	x15,x13	 x15:0x00000000 x13:0xc9759cc2 x15=0x368a633e
          48064	      2391	800008ba	3e8bbc97	auipc	x25,0x3e8bb	 x25=0xbe8bb8ba
          48184	      2397	800008be	028c9a33	mulh	x20,x25,x8	 x25:0xbe8bb8ba  x8:0x00000000 x20=0x00000000
          48204	      2398	800008c2	01e840b3	xor	x1,x16,x30	 x16:0x4948e636 x30:0x00000000  x1=0x4948e636
          48224	      2399	800008c6	8ed5	c.or	x13,x13	 x13:0xc9759cc2 x13:0xc9759cc2 x13=0xc9759cc2
          48244	      2400	800008c8	01e79c13	slli	x24,x15,0x1e	 x15:0x368a633e x24=0x80000000
          48304	      2403	800008cc	1614	c.addi4spn	x13,x2,800	 x13=0xa9826320
          48324	      2404	800008ce	87de	c.mv	x15,x23	  x0:0x00000000 x23:0x00000000 x15=0x00000000
          48424	      2409	800008d0	02c21cb3	mulh	x25,x4,x12	  x4:0x00000000 x12:0x00000005 x25=0x00000000
          48444	      2410	800008d4	2c4d8013	addi	x0,x27,708	 x27:0x00000000  x0=0x00000000
          48484	      2412	800008d8	018ba1b3	slt	x3,x23,x24	 x23:0x00000000 x24:0x80000000  x3=0x00000000
          48544	      2415	800008dc	40930233	sub	x4,x6,x9	  x6:0x00000000  x9:0x00000000  x4=0x00000000
          48604	      2418	800008e0	50fd	c.li	x1,-1	  x1=0xffffffff
          48624	      2419	800008e2	0001	c.addi	x0,0	  x0:0x00000000  x0=0x00000000
          48664	      2421	800008e4	0a45	c.addi	x20,17	 x20:0x00000000 x20=0x00000011
          48684	      2422	800008e6	91ca	c.add	x3,x18	  x3:0x00000000 x18:0x00000000  x3=0x00000000
          48724	      2424	800008e8	86cd	c.srai	x13,0x13	 x13:0xa9826320 x13=0xfffff530
          48804	      2428	800008ea	03b66833	rem	x16,x12,x27	 x12:0x00000005 x27:0x00000000 x16=0x00000005
          48844	      2430	800008ee	428c7513	andi	x10,x24,1064	 x24:0x80000000 x10=0x00000000
          48864	      2431	800008f2	8ec9	c.or	x13,x10	 x13:0xfffff530 x10:0x00000000 x13=0xfffff530
          48904	      2433	800008f4	01fabcb3	sltu	x25,x21,x31	 x21:0x00000000 x31:0xff057b01 x25=0x00000001
          48964	      2436	800008f8	411581b3	sub	x3,x11,x17	 x11:0xe82e67a5 x17:0x00000001  x3=0xe82e67a4
          49744	      2475	800008fc	025d44b3	div	x9,x26,x5	 x26:0x8000ae64  x5:0xffffffff  x9=0x7fff519c
          49764	      2476	80000900	8e95	c.sub	x13,x13	 x13:0xfffff530 x13:0xfffff530 x13=0x00000000
          49784	      2477	80000902	00dfb833	sltu	x16,x31,x13	 x31:0xff057b01 x13:0x00000000 x16=0x00000000
          49804	      2478	80000906	00cad533	srl	x10,x21,x12	 x21:0x00000000 x12:0x00000005 x10=0x00000000
          49824	      2479	8000090a	717d	c.addi16sp	x2,-16	  x2:0xa9826000  x2=0xa9825ff0
          49864	      2481	8000090c	9cab4013	xori	x0,x22,-1590	 x22:0xe82e67a4  x0=0x00000000
          49924	      2484	80000910	717d	c.addi16sp	x2,-16	  x2:0xa9825ff0  x2=0xa9825fe0
          49984	      2487	80000912	b366ad93	slti	x27,x13,-1226	 x13:0x00000000 x27=0x00000000
          50044	      2490	80000916	17a67a13	andi	x20,x12,378	 x12:0x00000005 x20=0x00000000
          50104	      2493	8000091a	019d99b3	sll	x19,x27,x25	 x27:0x00000000 x25:0x00000001 x19=0x00000000
          50164	      2496	8000091e	01342eb3	slt	x29,x8,x19	  x8:0x00000000 x19:0x00000000 x29=0x00000000
          50284	      2502	80000922	027ab0b3	mulhu	x1,x21,x7	 x21:0x00000000  x7:0x8000ae64  x1=0x00000000
          50304	      2503	80000926	fc802513	slti	x10,x0,-56	  x0:0x00000000 x10=0x00000000
          50344	      2505	8000092a	0078f333	and	x6,x17,x7	 x17:0x00000001  x7:0x8000ae64  x6=0x00000000
          50364	      2506	8000092e	80e9	c.srli	x9,0x1a	  x9:0x7fff519c  x9=0x0000001f
          50404	      2508	80000930	41da5a13	srai	x20,x20,0x1d	 x20:0x00000000 x20=0x00000000
          50464	      2511	80000934	717d	c.addi16sp	x2,-16	  x2:0xa9825fe0  x2=0xa9825fd0
          50524	      2514	80000936	41510033	sub	x0,x2,x21	  x2:0xa9825fd0 x21:0x00000000  x0=0x00000000
          50604	      2518	8000093a	037840b3	div	x1,x16,x23	 x16:0x00000000 x23:0x00000000  x1=0xffffffff
          50644	      2520	8000093e	0015e133	or	x2,x11,x1	 x11:0xe82e67a5  x1:0xffffffff  x2=0xffffffff
          50704	      2523	80000942	017c7733	and	x14,x24,x23	 x24:0x80000000 x23:0x00000000 x14=0x00000000
          50764	      2526	80000946	01ab2833	slt	x16,x22,x26	 x22:0xe82e67a4 x26:0x8000ae64 x16=0x00000000
          50824	      2529	8000094a	010bbeb3	sltu	x29,x23,x16	 x23:0x00000000 x16:0x00000000 x29=0x00000000
          50884	      2532	8000094e	52b42393	slti	x7,x8,1323	  x8:0x00000000  x7=0x00000001
          50944	      2535	80000952	00a764b3	or	x9,x14,x10	 x14:0x00000000 x10:0x00000000  x9=0x00000000
          51004	      2538	80000956	005c2cb3	slt	x25,x24,x5	 x24:0x80000000  x5:0xffffffff x25=0x00000001
          51064	      2541	8000095a	01e978b3	and	x17,x18,x30	 x18:0x00000000 x30:0x00000000 x17=0x00000000
          51124	      2544	8000095e	53a4fe13	andi	x28,x9,1338	  x9:0x00000000 x28=0x00000000
          51184	      2547	80000962	435912b7	lui	x5,0x43591	  x5=0x43591000
          51204	      2548	80000966	9eca	c.add	x29,x18	 x29:0x00000000 x18:0x00000000 x29=0x00000000
          51244	      2550	80000968	0001	c.addi	x0,0	  x0:0x00000000  x0=0x00000000
          51344	      2555	8000096a	02aa0833	mul	x16,x20,x10	 x20:0x00000000 x10:0x00000000 x16=0x00000000
          51364	      2556	8000096e	41fb5993	srai	x19,x22,0x1f	 x22:0xe82e67a4 x19=0xffffffff
          51424	      2559	80000972	00c4d3b3	srl	x7,x9,x12	  x9:0x00000000 x12:0x00000005  x7=0x00000000
          51484	      2562	80000976	40da80b3	sub	x1,x21,x13	 x21:0x00000000 x13:0x00000000  x1=0x00000000
          51584	      2567	8000097a	03c20a33	mul	x20,x4,x28	  x4:0x00000000 x28:0x00000000 x20=0x00000000
          51604	      2568	8000097e	8992	c.mv	x19,x4	  x0:0x00000000  x4:0x00000000 x19=0x00000000
          51624	      2569	80000980	08e5	c.addi	x17,25	 x17:0x00000000 x17=0x00000019
          51644	      2570	80000982	6489	c.lui	x9,0x2	  x9=0x00002000
          51664	      2571	80000984	01975013	srli	x0,x14,0x19	 x14:0x00000000  x0=0x00000000
          51744	      2575	80000988	030f5633	divu	x12,x30,x16	 x30:0x00000000 x16:0x00000000 x12=0xffffffff
          51784	      2577	8000098c	86a5	c.srai	x13,0x9	 x13:0x00000000 x13=0x00000000
          51844	      2580	8000098e	41bb57b3	sra	x15,x22,x27	 x22:0xe82e67a4 x27:0x00000000 x15=0xe82e67a4
          51864	      2581	80000992	8e95	c.sub	x13,x13	 x13:0x00000000 x13:0x00000000 x13=0x00000000
          51904	      2583	80000994	8c15	c.sub	x8,x13	  x8:0x00000000 x13:0x00000000  x8=0x00000000
          51924	      2584	80000996	6c9d	c.lui	x25,0x7	 x25=0x00007000
          52024	      2589	80000998	03a83033	mulhu	x0,x16,x26	 x16:0x00000000 x26:0x8000ae64  x0=0x00000000
          52044	      2590	8000099c	415d0b33	sub	x22,x26,x21	 x26:0x8000ae64 x21:0x00000000 x22=0x8000ae64
          52084	      2592	800009a0	c51a6637	lui	x12,0xc51a6	 x12=0xc51a6000
          52144	      2595	800009a4	8eb5	c.xor	x13,x13	 x13:0x00000000 x13:0x00000000 x13=0x00000000
          52164	      2596	800009a6	8edd	c.or	x13,x15	 x13:0x00000000 x15:0xe82e67a4 x13=0xe82e67a4
          52204	      2598	800009a8	8eb5	c.xor	x13,x13	 x13:0xe82e67a4 x13:0xe82e67a4 x13=0x00000000
          52284	      2602	800009aa	0207e933	rem	x18,x15,x0	 x15:0xe82e67a4  x0:0x00000000 x18=0xe82e67a4
          52304	      2603	800009ae	99ae	c.add	x19,x11	 x19:0x00000000 x11:0xe82e67a5 x19=0xe82e67a5
          52324	      2604	800009b0	01fef6b3	and	x13,x29,x31	 x29:0x00000000 x31:0xff057b01 x13=0x00000000
          52384	      2607	800009b4	01c99a13	slli	x20,x19,0x1c	 x19:0xe82e67a5 x20=0x50000000
          53164	      2646	800009b8	0394d9b3	divu	x19,x9,x25	  x9:0x00002000 x25:0x00007000 x19=0x00000000
          53184	      2647	800009bc	4b01	c.li	x22,0	 x22=0x00000000
          53204	      2648	800009be	4e81	c.li	x29,0	 x29=0x00000000
          53224	      2649	800009c0	4e01	c.li	x28,0	 x28=0x00000000
          53244	      2650	800009c2	4d81	c.li	x27,0	 x27=0x00000000
          53264	      2651	800009c4	1867ecb7	lui	x25,0x1867e	 x25=0x1867e000
          53284	      2652	800009c8	984c8c93	addi	x25,x25,-1660	 x25:0x1867e000 x25=0x1867d984
          53344	      2655	800009cc	4281	c.li	x5,0	  x5=0x00000000
          53364	      2656	800009ce	4c01	c.li	x24,0	 x24=0x00000000
          53404	      2658	800009d0	4481	c.li	x9,0	  x9=0x00000000
          53424	      2659	800009d2	4585	c.li	x11,1	 x11=0x00000001
          53464	      2661	800009d4	4501	c.li	x10,0	 x10=0x00000000
          53484	      2662	800009d6	1efd	c.addi	x29,-1	 x29:0x00000000 x29=0xffffffff
          53524	      2664	800009d8	41b48bb3	sub	x23,x9,x27	  x9:0x00000000 x27:0x00000000 x23=0x00000000
          53584	      2667	800009dc	91d2	c.add	x3,x20	  x3:0xe82e67a4 x20:0x50000000  x3=0x382e67a4
          53604	      2668	800009de	8d15	c.sub	x10,x13	 x10:0x00000000 x13:0x00000000 x10=0x00000000
          53644	      2670	800009e0	82c6	c.mv	x5,x17	  x0:0x00000000 x17:0x00000019  x5=0x00000019
          53664	      2671	800009e2	6371	c.lui	x6,0x1c	  x6=0x0001c000
          53704	      2673	800009e4	0694	c.addi4spn	x13,x2,832	 x13=0x0000033f
          53724	      2674	800009e6	0001	c.addi	x0,0	  x0:0x00000000  x0=0x00000000
          53764	      2676	800009e8	9ee01497	auipc	x9,0x9ee01	  x9=0x1ee019e8
          53824	      2679	800009ec	608d	c.lui	x1,0x3	  x1=0x00003000
          53884	      2682	800009ee	33dc4037	lui	x0,0x33dc4	  x0=0x00000000
          53944	      2685	800009f2	9ff10e93	addi	x29,x2,-1537	  x2:0xffffffff x29=0xfffff9fe
          54004	      2688	800009f6	00ac8333	add	x6,x25,x10	 x25:0x1867d984 x10:0x00000000  x6=0x1867d984
          54024	      2689	800009fa	0001	c.addi	x0,0	  x0:0x00000000  x0=0x00000000
          54064	      2691	800009fc	0001	c.addi	x0,0	  x0:0x00000000  x0=0x00000000
          54124	      2694	800009fe	016cccb3	xor	x25,x25,x22	 x25:0x1867d984 x22:0x00000000 x25=0x1867d984
          54244	      2700	80000a02	03501a33	mulh	x20,x0,x21	  x0:0x00000000 x21:0x00000000 x20=0x00000000
          54264	      2701	80000a06	01229333	sll	x6,x5,x18	  x5:0x00000019 x18:0xe82e67a4  x6=0x00000190
          54304	      2703	80000a0a	00190033	add	x0,x18,x1	 x18:0xe82e67a4  x1:0x00003000  x0=0x00000000
          54404	      2708	80000a0e	026982b3	mul	x5,x19,x6	 x19:0x00000000  x6:0x00000190  x5=0x00000000
          54424	      2709	80000a12	8ef5	c.and	x13,x13	 x13:0x0000033f x13:0x0000033f x13=0x0000033f
          54444	      2710	80000a14	fbd5a013	slti	x0,x11,-67	 x11:0x00000001  x0=0x00000000
          54484	      2712	80000a18	40bf89b3	sub	x19,x31,x11	 x31:0xff057b01 x11:0x00000001 x19=0xff057b00
          54544	      2715	80000a1c	41ff86b3	sub	x13,x31,x31	 x31:0xff057b01 x31:0xff057b01 x13=0x00000000
          54664	      2721	80000a20	027d3c33	mulhu	x24,x26,x7	 x26:0x8000ae64  x7:0x00000000 x24=0x00000000
          54684	      2722	80000a24	8ef5	c.and	x13,x13	 x13:0x00000000 x13:0x00000000 x13=0x00000000
          54724	      2724	80000a26	015a2833	slt	x16,x20,x21	 x20:0x00000000 x21:0x00000000 x16=0x00000000
          54744	      2725	80000a2a	61dd	c.lui	x3,0x17	  x3=0x00017000
          54784	      2727	80000a2c	87eb8397	auipc	x7,0x87eb8	  x7=0x07eb8a2c
          54844	      2730	80000a30	8eb5	c.xor	x13,x13	 x13:0x00000000 x13:0x00000000 x13=0x00000000
          54904	      2733	80000a32	01563833	sltu	x16,x12,x21	 x12:0xc51a6000 x21:0x00000000 x16=0x00000000
          54984	      2737	80000a36	03c24db3	div	x27,x4,x28	  x4:0x00000000 x28:0x00000000 x27=0xffffffff
          55004	      2738	80000a3a	8881	c.andi	x9,0	  x9:0x1ee019e8  x9=0x00000000
          55024	      2739	80000a3c	8ae5	c.andi	x13,25	 x13:0x00000000 x13=0x00000000
          55804	      2778	80000a3e	02fe50b3	divu	x1,x28,x15	 x28:0x00000000 x15:0xe82e67a4  x1=0x00000000
          55884	      2782	80000a42	03d024b3	mulhsu	x9,x0,x29	  x0:0x00000000 x29:0xfffff9fe  x9=0x00000000
          55904	      2783	80000a46	f6aff013	andi	x0,x31,-150	 x31:0xff057b01  x0=0x00000000
          55924	      2784	80000a4a	9afd	c.andi	x13,-1	 x13:0x00000000 x13=0x00000000
          56004	      2788	80000a4c	02c491b3	mulh	x3,x9,x12	  x9:0x00000000 x12:0xc51a6000  x3=0x00000000
          56024	      2789	80000a50	e70d6013	ori	x0,x26,-400	 x26:0x8000ae64  x0=0x00000000
          56044	      2790	80000a54	1f688913	addi	x18,x17,502	 x17:0x00000019 x18=0x0000020f
          56104	      2793	80000a58	6141	c.addi16sp	x2,16	  x2:0xffffffff  x2=0x0000000f
          56224	      2799	80000a5a	02a713b3	mulh	x7,x14,x10	 x14:0x00000000 x10:0x00000000  x7=0x00000000
          56244	      2800	80000a5e	015556b3	srl	x13,x10,x21	 x10:0x00000000 x21:0x00000000 x13=0x00000000
          56284	      2802	80000a62	41bf8eb3	sub	x29,x31,x27	 x31:0xff057b01 x27:0xffffffff x29=0xff057b02
          56304	      2803	80000a66	63e5	c.lui	x7,0x19	  x7=0x00019000
          56344	      2805	80000a68	44c88b13	addi	x22,x17,1100	 x17:0x00000019 x22=0x00000465
          56404	      2808	80000a6c	809cc113	xori	x2,x25,-2039	 x25:0x1867d984  x2=0xe798218d
          56464	      2811	80000a70	00b381b3	add	x3,x7,x11	  x7:0x00019000 x11:0x00000001  x3=0x00019001
          56524	      2814	80000a74	8de1	c.and	x11,x8	 x11:0x00000001  x8:0x00000000 x11=0x00000000
          56544	      2815	80000a76	0cda	c.slli	x25,0x16	 x25:0x1867d984 x25=0x61000000
          56584	      2817	80000a78	01949013	slli	x0,x9,0x19	  x9:0x00000000  x0=0x00000000
          56684	      2822	80000a7c	03000a33	mul	x20,x0,x16	  x0:0x00000000 x16:0x00000000 x20=0x00000000
          56704	      2823	80000a80	00fbc833	xor	x16,x23,x15	 x23:0x00000000 x15:0xe82e67a4 x16=0xe82e67a4
          56764	      2826	80000a84	8299	c.srli	x13,0x6	 x13:0x00000000 x13=0x00000000
          56784	      2827	80000a86	0d9a	c.slli	x27,0x6	 x27:0xffffffff x27=0xffffffc0
          56884	      2832	80000a88	035c1633	mulh	x12,x24,x21	 x24:0x00000000 x21:0x00000000 x12=0x00000000
          56904	      2833	80000a8c	c054ab13	slti	x22,x9,-1019	  x9:0x00000000 x22=0x00000000
          56964	      2836	80000a90	02e6c3b3	div	x7,x13,x14	 x13:0x00000000 x14:0x00000000  x7=0xffffffff
          57004	      2838	80000a94	8f69	c.and	x14,x10	 x14:0x00000000 x10:0x00000000 x14=0x00000000
          57024	      2839	80000a96	0001	c.addi	x0,0	  x0:0x00000000  x0=0x00000000
          57064	      2841	80000a98	0001	c.addi	x0,0	  x0:0x00000000  x0=0x00000000
          57124	      2844	80000a9a	e7842eb7	lui	x29,0xe7842	 x29=0xe7842000
          57184	      2847	80000a9e	8fc5a013	slti	x0,x11,-1796	 x11:0x00000000  x0=0x00000000
          57204	      2848	80000aa2	6431	c.lui	x8,0xc	  x8=0x0000c000
          57244	      2850	80000aa4	f89dab93	slti	x23,x27,-119	 x27:0xffffffc0 x23=0x00000000
          57304	      2853	80000aa8	41efd1b3	sra	x3,x31,x30	 x31:0xff057b01 x30:0x00000000  x3=0xff057b01
          57384	      2857	80000aac	025c63b3	rem	x7,x24,x5	 x24:0x00000000  x5:0x00000000  x7=0x00000000
          57424	      2859	80000ab0	eb952793	slti	x15,x10,-327	 x10:0x00000000 x15=0x00000000
          57484	      2862	80000ab4	75cf4e93	xori	x29,x30,1884	 x30:0x00000000 x29=0x0000075c
          57544	      2865	80000ab8	01a59813	slli	x16,x11,0x1a	 x11:0x00000000 x16=0x00000000
          57604	      2868	80000abc	583576b7	lui	x13,0x58357	 x13=0x58357000
          57664	      2871	80000ac0	d035f313	andi	x6,x11,-765	 x11:0x00000000  x6=0x00000000
          57724	      2874	80000ac4	01cc84b3	add	x9,x25,x28	 x25:0x61000000 x28:0x00000000  x9=0x61000000
          57784	      2877	80000ac8	0571	c.addi	x10,28	 x10:0x00000000 x10=0x0000001c
          57844	      2880	80000aca	00712633	slt	x12,x2,x7	  x2:0xe798218d  x7:0x00000000 x12=0x00000001
          57864	      2881	80000ace	8ec1	c.or	x13,x8	 x13:0x58357000  x8:0x0000c000 x13=0x5835f000
          57904	      2883	80000ad0	8ef5	c.and	x13,x13	 x13:0x5835f000 x13:0x5835f000 x13=0x5835f000
          57924	      2884	80000ad2	0001	c.addi	x0,0	  x0:0x00000000  x0=0x00000000
          57964	      2886	80000ad4	717d	c.addi16sp	x2,-16	  x2:0xe798218d  x2=0xe798217d
          57984	      2887	80000ad6	8e55	c.or	x12,x13	 x12:0x00000001 x13:0x5835f000 x12=0x5835f001
          58024	      2889	80000ad8	8e95	c.sub	x13,x13	 x13:0x5835f000 x13:0x5835f000 x13=0x00000000
          58084	      2892	80000ada	9626b013	sltiu	x0,x13,-1694	 x13:0x00000000  x0=0x00000000
          58104	      2893	80000ade	8d15	c.sub	x10,x13	 x10:0x0000001c x13:0x00000000 x10=0x0000001c
          58144	      2895	80000ae0	85277313	andi	x6,x14,-1966	 x14:0x00000000  x6=0x00000000
          58264	      2901	80000ae4	026699b3	mulh	x19,x13,x6	 x13:0x00000000  x6:0x00000000 x19=0x00000000
          58284	      2902	80000ae8	86ad	c.srai	x13,0xb	 x13:0x00000000 x13=0x00000000
          58384	      2907	80000aea	02713ab3	mulhu	x21,x2,x7	  x2:0xe798217d  x7:0x00000000 x21=0x00000000
          58404	      2908	80000aee	015200b3	add	x1,x4,x21	  x4:0x00000000 x21:0x00000000  x1=0x00000000
          58444	      2910	80000af2	017144b3	xor	x9,x2,x23	  x2:0xe798217d x23:0x00000000  x9=0xe798217d
          58504	      2913	80000af6	00bdeeb3	or	x29,x27,x11	 x27:0xffffffc0 x11:0x00000000 x29=0xffffffc0
          58524	      2914	80000afa	8eb5	c.xor	x13,x13	 x13:0x00000000 x13:0x00000000 x13=0x00000000
          58564	      2916	80000afc	012d88b3	add	x17,x27,x18	 x27:0xffffffc0 x18:0x0000020f x17=0x000001cf
          58624	      2919	80000b00	34267b13	andi	x22,x12,834	 x12:0x5835f001 x22=0x00000000
          58684	      2922	80000b04	0132c6b3	xor	x13,x5,x19	  x5:0x00000000 x19:0x00000000 x13=0x00000000
          58744	      2925	80000b08	8c99	c.sub	x9,x14	  x9:0xe798217d x14:0x00000000  x9=0xe798217d
          58764	      2926	80000b0a	60e5	c.lui	x1,0x19	  x1=0x00019000
          58804	      2928	80000b0c	6fe64437	lui	x8,0x6fe64	  x8=0x6fe64000
          58864	      2931	80000b10	8efd	c.and	x13,x15	 x13:0x00000000 x15:0x00000000 x13=0x00000000
          58984	      2937	80000b12	03dd3b33	mulhu	x22,x26,x29	 x26:0x8000ae64 x29:0xffffffc0 x22=0x8000ae43
          59004	      2938	80000b16	0180f533	and	x10,x1,x24	  x1:0x00019000 x24:0x00000000 x10=0x00000000
          59044	      2940	80000b1a	415bd1b3	sra	x3,x23,x21	 x23:0x00000000 x21:0x00000000  x3=0x00000000
          59104	      2943	80000b1e	f8273113	sltiu	x2,x14,-126	 x14:0x00000000  x2=0x00000001
          59164	      2946	80000b22	00441033	sll	x0,x8,x4	  x8:0x6fe64000  x4:0x00000000  x0=0x00000000
          59224	      2949	80000b26	94285017	auipc	x0,0x94285	  x0=0x00000000
          59244	      2950	80000b2a	8ed5	c.or	x13,x13	 x13:0x00000000 x13:0x00000000 x13=0x00000000
          59284	      2952	80000b2c	9e22	c.add	x28,x8	 x28:0x00000000  x8:0x6fe64000 x28=0x6fe64000
          59304	      2953	80000b2e	909a	c.add	x1,x6	  x1:0x00019000  x6:0x00000000  x1=0x00019000
          59344	      2955	80000b30	8eb5	c.xor	x13,x13	 x13:0x00000000 x13:0x00000000 x13=0x00000000
          59464	      2961	80000b32	03d69db3	mulh	x27,x13,x29	 x13:0x00000000 x29:0xffffffc0 x27=0x00000000
          59484	      2962	80000b36	01813333	sltu	x6,x2,x24	  x2:0x00000001 x24:0x00000000  x6=0x00000000
          59524	      2964	80000b3a	003538b3	sltu	x17,x10,x3	 x10:0x00000000  x3:0x00000000 x17=0x00000000
          59584	      2967	80000b3e	c4f7d537	lui	x10,0xc4f7d	 x10=0xc4f7d000
          59644	      2970	80000b42	0021d213	srli	x4,x3,0x2	  x3:0x00000000  x4=0x00000000
          59664	      2971	80000b46	8c01	c.sub	x8,x8	  x8:0x6fe64000  x8:0x6fe64000  x8=0x00000000
          59704	      2973	80000b48	41bdd493	srai	x9,x27,0x1b	 x27:0x00000000  x9=0x00000000
          59764	      2976	80000b4c	8ed5	c.or	x13,x13	 x13:0x00000000 x13:0x00000000 x13=0x00000000
          59884	      2982	80000b4e	03e6b9b3	mulhu	x19,x13,x30	 x13:0x00000000 x30:0x00000000 x19=0x00000000
          59904	      2983	80000b52	52fd	c.li	x5,-1	  x5=0xffffffff
          59924	      2984	80000b54	dffc4913	xori	x18,x24,-513	 x24:0x00000000 x18=0xfffffdff
          59944	      2985	80000b58	0001	c.addi	x0,0	  x0:0x00000000  x0=0x00000000
          59964	      2986	80000b5a	8c2e	c.mv	x24,x11	  x0:0x00000000 x11:0x00000000 x24=0x00000000
          60004	      2988	80000b5c	6151	c.addi16sp	x2,272	  x2:0x00000001  x2=0x00000111
          60024	      2989	80000b5e	933e	c.add	x6,x15	  x6:0x00000000 x15:0x00000000  x6=0x00000000
          60064	      2991	80000b60	9afd	c.andi	x13,-1	 x13:0x00000000 x13=0x00000000
          60124	      2994	80000b62	767dea37	lui	x20,0x767de	 x20=0x767de000
          60904	      3033	80000b66	03c0c033	div	x0,x1,x28	  x1:0x00019000 x28:0x6fe64000  x0=0x00000000
          60924	      3034	80000b6a	8eb5	c.xor	x13,x13	 x13:0x00000000 x13:0x00000000 x13=0x00000000
          60944	      3035	80000b6c	8e95	c.sub	x13,x13	 x13:0x00000000 x13:0x00000000 x13=0x00000000
          60964	      3036	80000b6e	01596cb3	or	x25,x18,x21	 x18:0xfffffdff x21:0x00000000 x25=0xfffffdff
          61044	      3040	80000b72	028947b3	div	x15,x18,x8	 x18:0xfffffdff  x8:0x00000000 x15=0xffffffff
          61144	      3045	80000b76	0205b633	mulhu	x12,x11,x0	 x11:0x00000000  x0:0x00000000 x12=0x00000000
          61204	      3048	80000b7a	02498033	mul	x0,x19,x4	 x19:0x00000000  x4:0x00000000  x0=0x00000000
          61224	      3049	80000b7e	8e95	c.sub	x13,x13	 x13:0x00000000 x13:0x00000000 x13=0x00000000
          61244	      3050	80000b80	8ebd	c.xor	x13,x15	 x13:0x00000000 x15:0xffffffff x13=0xffffffff
          61264	      3051	80000b82	40f8d933	sra	x18,x17,x15	 x17:0x00000000 x15:0xffffffff x18=0x00000000
          61324	      3054	80000b86	23654593	xori	x11,x10,566	 x10:0xc4f7d000 x11=0xc4f7d236
          61384	      3057	80000b8a	3d0d7993	andi	x19,x26,976	 x26:0x8000ae64 x19=0x00000240
          61444	      3060	80000b8e	401ad7b3	sra	x15,x21,x1	 x21:0x00000000  x1:0x00019000 x15=0x00000000
          61464	      3061	80000b92	9afd	c.andi	x13,-1	 x13:0xffffffff x13=0xffffffff
          61504	      3063	80000b94	01e64033	xor	x0,x12,x30	 x12:0x00000000 x30:0x00000000  x0=0x00000000
          61564	      3066	80000b98	0294	c.addi4spn	x13,x2,320	 x13=0x00000251
          61664	      3071	80000b9a	03a28e33	mul	x28,x5,x26	  x5:0xffffffff x26:0x8000ae64 x28=0x7fff519c
          61684	      3072	80000b9e	5afd	c.li	x21,-1	 x21=0xffffffff
          61704	      3073	80000ba0	8e95	c.sub	x13,x13	 x13:0x00000251 x13:0x00000251 x13=0x00000000
          61764	      3076	80000ba2	0248eab3	rem	x21,x17,x4	 x17:0x00000000  x4:0x00000000 x21=0x00000000
          61784	      3077	80000ba6	070d	c.addi	x14,3	 x14:0x00000000 x14=0x00000003
          61804	      3078	80000ba8	8af1	c.andi	x13,28	 x13:0x00000000 x13=0x00000000
          61864	      3081	80000baa	00205093	srli	x1,x0,0x2	  x0:0x00000000  x1=0x00000000
          61884	      3082	80000bae	0001	c.addi	x0,0	  x0:0x00000000  x0=0x00000000
          61924	      3084	80000bb0	00fb8c33	add	x24,x23,x15	 x23:0x00000000 x15:0x00000000 x24=0x00000000
          61984	      3087	80000bb4	0dd6	c.slli	x27,0x15	 x27:0x00000000 x27=0x00000000
          62004	      3088	80000bb6	6085	c.lui	x1,0x1	  x1=0x00001000
          62044	      3090	80000bb8	40248733	sub	x14,x9,x2	  x9:0x00000000  x2:0x00000111 x14=0xfffffeef
          62104	      3093	80000bbc	01549333	sll	x6,x9,x21	  x9:0x00000000 x21:0x00000000  x6=0x00000000
          62164	      3096	80000bc0	8ef5	c.and	x13,x13	 x13:0x00000000 x13:0x00000000 x13=0x00000000
          62224	      3099	80000bc2	01d17cb3	and	x25,x2,x29	  x2:0x00000111 x29:0xffffffc0 x25=0x00000100
          62284	      3102	80000bc6	0ef2fa97	auipc	x21,0xef2f	 x21=0x8ef2fbc6
          62404	      3108	80000bca	038da533	mulhsu	x10,x27,x24	 x27:0x00000000 x24:0x00000000 x10=0x00000000
          62424	      3109	80000bce	009045b3	xor	x11,x0,x9	  x0:0x00000000  x9:0x00000000 x11=0x00000000
          62464	      3111	80000bd2	4083d913	srai	x18,x7,0x8	  x7:0x00000000 x18=0x00000000
          62484	      3112	80000bd6	930a	c.add	x6,x2	  x6:0x00000000  x2:0x00000111  x6=0x00000111
          62524	      3114	80000bd8	0001	c.addi	x0,0	  x0:0x00000000  x0=0x00000000
          62544	      3115	80000bda	8f8d	c.sub	x15,x11	 x15:0x00000000 x11:0x00000000 x15=0x00000000
          62584	      3117	80000bdc	5a8ae013	ori	x0,x21,1448	 x21:0x8ef2fbc6  x0=0x00000000
          62644	      3120	80000be0	86c1	c.srai	x13,0x10	 x13:0x00000000 x13=0x00000000
          62704	      3123	80000be2	0128a5b3	slt	x11,x17,x18	 x17:0x00000000 x18:0x00000000 x11=0x00000000
          62764	      3126	80000be6	e0020393	addi	x7,x4,-512	  x4:0x00000000  x7=0xfffffe00
          62784	      3127	80000bea	96f6	c.add	x13,x29	 x13:0x00000000 x29:0xffffffc0 x13=0xffffffc0
          62824	      3129	80000bec	0aa3b213	sltiu	x4,x7,170	  x7:0xfffffe00  x4=0x00000000
          62884	      3132	80000bf0	411c03b3	sub	x7,x24,x17	 x24:0x00000000 x17:0x00000000  x7=0x00000000
          62944	      3135	80000bf4	9afd	c.andi	x13,-1	 x13:0xffffffc0 x13=0xffffffc0
          63004	      3138	80000bf6	00ec0db3	add	x27,x24,x14	 x24:0x00000000 x14:0xfffffeef x27=0xfffffeef
          63024	      3139	80000bfa	9932	c.add	x18,x12	 x18:0x00000000 x12:0x00000000 x18=0x00000000
          63064	      3141	80000bfc	8299	c.srli	x13,0x6	 x13:0xffffffc0 x13=0x03ffffff
          63124	      3144	80000bfe	597eb393	sltiu	x7,x29,1431	 x29:0xffffffc0  x7=0x00000000
          63184	      3147	80000c02	00523a33	sltu	x20,x4,x5	  x4:0x00000000  x5:0xffffffff x20=0x00000001
          63204	      3148	80000c06	0001	c.addi	x0,0	  x0:0x00000000  x0=0x00000000
          63244	      3150	80000c08	84620e93	addi	x29,x4,-1978	  x4:0x00000000 x29=0xfffff846
          63304	      3153	80000c0c	02a00193	addi	x3,x0,42	  x0:0x00000000  x3=0x0000002a
          63364	      3156	80000c10	6c09	c.lui	x24,0x2	 x24=0x00002000
          63384	      3157	80000c12	717d	c.addi16sp	x2,-16	  x2:0x00000111  x2=0x00000101
          63424	      3159	80000c14	01757c33	and	x24,x10,x23	 x10:0x00000000 x23:0x00000000 x24=0x00000000
          63484	      3162	80000c18	8ed9	c.or	x13,x14	 x13:0x03ffffff x14:0xfffffeef x13=0xffffffff
          63604	      3168	80000c1a	03c7a133	mulhsu	x2,x15,x28	 x15:0x00000000 x28:0x7fff519c  x2=0x00000000
          63624	      3169	80000c1e	9cf08413	addi	x8,x1,-1585	  x1:0x00001000  x8=0x000009cf
          63664	      3171	80000c22	01a22033	slt	x0,x4,x26	  x4:0x00000000 x26:0x8000ae64  x0=0x00000000
          63684	      3172	80000c26	847e	c.mv	x8,x31	  x0:0x00000000 x31:0xff057b01  x8=0xff057b01
          63724	      3174	80000c28	0114	c.addi4spn	x13,x2,128	 x13=0x00000080
          63744	      3175	80000c2a	8596	c.mv	x11,x5	  x0:0x00000000  x5:0xffffffff x11=0xffffffff
          63784	      3177	80000c2c	00435213	srli	x4,x6,0x4	  x6:0x00000111  x4=0x00000011
          63844	      3180	80000c30	01c69633	sll	x12,x13,x28	 x13:0x00000080 x28:0x7fff519c x12=0x00000000
          63904	      3183	80000c34	002d3033	sltu	x0,x26,x2	 x26:0x8000ae64  x2:0x00000000  x0=0x00000000
          63964	      3186	80000c38	90aff013	andi	x0,x31,-1782	 x31:0xff057b01  x0=0x00000000
          64084	      3192	80000c3c	03222233	mulhsu	x4,x4,x18	  x4:0x00000011 x18:0x00000000  x4=0x00000000
          64104	      3193	80000c40	0001	c.addi	x0,0	  x0:0x00000000  x0=0x00000000
          64124	      3194	80000c42	95d2	c.add	x11,x20	 x11:0xffffffff x20:0x00000001 x11=0x00000000
          64204	      3198	80000c44	03fe3b33	mulhu	x22,x28,x31	 x28:0x7fff519c x31:0xff057b01 x22=0x7f820fc7
          64224	      3199	80000c48	717d	c.addi16sp	x2,-16	  x2:0x00000000  x2=0xfffffff0
          64264	      3201	80000c4a	0176ea33	or	x20,x13,x23	 x13:0x00000080 x23:0x00000000 x20=0x00000080
          64284	      3202	80000c4e	0304	c.addi4spn	x9,x2,384	  x9=0x00000170
          64344	      3205	80000c50	03e9ecb3	rem	x25,x19,x30	 x19:0x00000240 x30:0x00000000 x25=0x00000240
          64384	      3207	80000c54	00c39013	slli	x0,x7,0xc	  x7:0x00000000  x0=0x00000000
          64444	      3210	80000c58	01ae9b13	slli	x22,x29,0x1a	 x29:0xfffff846 x22=0x18000000
          64504	      3213	80000c5c	72314c93	xori	x25,x2,1827	  x2:0xfffffff0 x25=0xfffff8d3
          64564	      3216	80000c60	6691	c.lui	x13,0x4	 x13=0x00004000
          64624	      3219	80000c62	2fcb6537	lui	x10,0x2fcb6	 x10=0x2fcb6000
          64644	      3220	80000c66	8e95	c.sub	x13,x13	 x13:0x00004000 x13:0x00004000 x13=0x00000000
          64684	      3222	80000c68	8ef5	c.and	x13,x13	 x13:0x00000000 x13:0x00000000 x13=0x00000000
          64804	      3228	80000c6a	033412b3	mulh	x5,x8,x19	  x8:0xff057b01 x19:0x00000240  x5=0xfffffffd
          64824	      3229	80000c6e	50fd	c.li	x1,-1	  x1=0xffffffff
          64844	      3230	80000c70	0488	c.addi4spn	x10,x2,576	 x10=0x00000230
          64864	      3231	80000c72	405f0133	sub	x2,x30,x5	 x30:0x00000000  x5:0xfffffffd  x2=0x00000003
          64884	      3232	80000c76	9afd	c.andi	x13,-1	 x13:0x00000000 x13=0x00000000
          64924	      3234	80000c78	0510	c.addi4spn	x12,x2,640	 x12=0x00000283
          64984	      3237	80000c7a	00b26033	or	x0,x4,x11	  x4:0x00000000 x11:0x00000000  x0=0x00000000
          65084	      3242	80000c7e	023889b3	mul	x19,x17,x3	 x17:0x00000000  x3:0x0000002a x19=0x00000000
          65104	      3243	80000c82	000d8333	add	x6,x27,x0	 x27:0xfffffeef  x0:0x00000000  x6=0xfffffeef
          65884	      3282	80000c86	022bd133	divu	x2,x23,x2	 x23:0x00000000  x2:0x00000003  x2=0x00000000
          65924	      3284	80000c8a	033e49b3	div	x19,x28,x19	 x28:0x7fff519c x19:0x00000000 x19=0xffffffff
          65944	      3285	80000c8e	a3d4b893	sltiu	x17,x9,-1475	  x9:0x00000170 x17=0x00000001
          66004	      3288	80000c92	b794f697	auipc	x13,0xb794f	 x13=0x3794fc92
          66024	      3289	80000c96	8efd	c.and	x13,x15	 x13:0x3794fc92 x15:0x00000000 x13=0x00000000
          66064	      3291	80000c98	1fd42b13	slti	x22,x8,509	  x8:0xff057b01 x22=0x00000001
          66124	      3294	80000c9c	8afd	c.andi	x13,31	 x13:0x00000000 x13=0x00000000
          66184	      3297	80000c9e	01b02a33	slt	x20,x0,x27	  x0:0x00000000 x27:0xfffffeef x20=0x00000000
          66244	      3300	80000ca2	c00fa413	slti	x8,x31,-1024	 x31:0xff057b01  x8=0x00000001
          66304	      3303	80000ca6	4292ee17	auipc	x28,0x4292e	 x28=0xc292eca6
          66424	      3309	80000caa	027caeb3	mulhsu	x29,x25,x7	 x25:0xfffff8d3  x7:0x00000000 x29=0x00000000
          66484	      3312	80000cae	02a30433	mul	x8,x6,x10	  x6:0xfffffeef x10:0x00000230  x8=0xfffdaad0
          66504	      3313	80000cb2	5e7d	c.li	x28,-1	 x28=0xffffffff
          66524	      3314	80000cb4	86a5	c.srai	x13,0x9	 x13:0x00000000 x13=0x00000000
          66544	      3315	80000cb6	ed3bfc13	andi	x24,x23,-301	 x23:0x00000000 x24=0x00000000
          66604	      3318	80000cba	255acb93	xori	x23,x21,597	 x21:0x8ef2fbc6 x23=0x8ef2f993
          66664	      3321	80000cbe	0026d013	srli	x0,x13,0x2	 x13:0x00000000  x0=0x00000000
          66784	      3327	80000cc2	03ffb333	mulhu	x6,x31,x31	 x31:0xff057b01 x31:0xff057b01  x6=0xfe0beb2a
          66804	      3328	80000cc6	021e	c.slli	x4,0x7	  x4:0x00000000  x4=0x00000000
          66824	      3329	80000cc8	7a9d4017	auipc	x0,0x7a9d4	  x0=0x00000000
          66844	      3330	80000ccc	8ff5	c.and	x15,x13	 x15:0x00000000 x13:0x00000000 x15=0x00000000
          66864	      3331	80000cce	031c	c.addi4spn	x15,x2,384	 x15=0x00000180
          67624	      3369	80000cd0	035ac133	div	x2,x21,x21	 x21:0x8ef2fbc6 x21:0x8ef2fbc6  x2=0x00000001
          67644	      3370	80000cd4	980a	c.add	x16,x2	 x16:0x00000000  x2:0x00000001 x16=0x00000001
          67664	      3371	80000cd6	557d	c.li	x10,-1	 x10=0xffffffff
          67684	      3372	80000cd8	cc18ba93	sltiu	x21,x17,-831	 x17:0x00000001 x21=0x00000001
          67704	      3373	80000cdc	9766	c.add	x14,x25	 x14:0xfffffeef x25:0xfffff8d3 x14=0xfffff7c2
          67724	      3374	80000cde	0ada	c.slli	x21,0x16	 x21:0x00000001 x21=0x00400000
          67744	      3375	80000ce0	8ec5	c.or	x13,x9	 x13:0x00000000  x9:0x00000170 x13=0x00000170
          67804	      3378	80000ce2	1d632a13	slti	x20,x6,470	  x6:0xfe0beb2a x20=0x00000001
          67864	      3381	80000ce6	af37b693	sltiu	x13,x15,-1293	 x15:0x00000180 x13=0x00000001
          67924	      3384	80000cea	005eec33	or	x24,x29,x5	 x29:0x00000000  x5:0xfffffffd x24=0xfffffffd
          67984	      3387	80000cee	011cd293	srli	x5,x25,0x11	 x25:0xfffff8d3  x5=0x00007fff
          68044	      3390	80000cf2	413107b3	sub	x15,x2,x19	  x2:0x00000001 x19:0xffffffff x15=0x00000002
          68104	      3393	80000cf6	00261913	slli	x18,x12,0x2	 x12:0x00000283 x18=0x00000a0c
          68124	      3394	80000cfa	9afd	c.andi	x13,-1	 x13:0x00000001 x13=0x00000001
          68164	      3396	80000cfc	86e9	c.srai	x13,0x1a	 x13:0x00000001 x13=0x00000000
          68244	      3400	80000cfe	03db5033	divu	x0,x22,x29	 x22:0x00000001 x29:0x00000000  x0=0x00000000
          68264	      3401	80000d02	85e2	c.mv	x11,x24	  x0:0x00000000 x24:0xfffffffd x11=0xfffffffd
          68284	      3402	80000d04	006e5ab3	srl	x21,x28,x6	 x28:0xffffffff  x6:0xfe0beb2a x21=0x003fffff
          68344	      3405	80000d08	0aa5	c.addi	x21,9	 x21:0x003fffff x21=0x00400008
          68404	      3408	80000d0a	002f0a33	add	x20,x30,x2	 x30:0x00000000  x2:0x00000001 x20=0x00000001
          68464	      3411	80000d0e	013a6433	or	x8,x20,x19	 x20:0x00000001 x19:0xffffffff  x8=0xffffffff
          68524	      3414	80000d12	00284233	xor	x4,x16,x2	 x16:0x00000001  x2:0x00000001  x4=0x00000000
          68644	      3420	80000d16	02ee3a33	mulhu	x20,x28,x14	 x28:0xffffffff x14:0xfffff7c2 x20=0xfffff7c1
          68664	      3421	80000d1a	01539133	sll	x2,x7,x21	  x7:0x00000000 x21:0x00400008  x2=0x00000000
          68704	      3423	80000d1e	01e119b3	sll	x19,x2,x30	  x2:0x00000000 x30:0x00000000 x19=0x00000000
          68764	      3426	80000d22	016984b3	add	x9,x19,x22	 x19:0x00000000 x22:0x00000001  x9=0x00000001
          68824	      3429	80000d26	cde9fd93	andi	x27,x19,-802	 x19:0x00000000 x27=0x00000000
          68844	      3430	80000d2a	0001	c.addi	x0,0	  x0:0x00000000  x0=0x00000000
          68944	      3435	80000d2c	02a33333	mulhu	x6,x6,x10	  x6:0xfe0beb2a x10:0xffffffff  x6=0xfe0beb29
          68964	      3436	80000d30	88e6	c.mv	x17,x25	  x0:0x00000000 x25:0xfffff8d3 x17=0xfffff8d3
          69004	      3438	80000d32	002fa933	slt	x18,x31,x2	 x31:0xff057b01  x2:0x00000000 x18=0x00000001
          69784	      3477	80000d36	02e4d2b3	divu	x5,x9,x14	  x9:0x00000001 x14:0xfffff7c2  x5=0x00000000
          69864	      3481	80000d3a	020127b3	mulhsu	x15,x2,x0	  x2:0x00000000  x0:0x00000000 x15=0x00000000
          69884	      3482	80000d3e	008a2bb3	slt	x23,x20,x8	 x20:0xfffff7c1  x8:0xffffffff x23=0x00000001
          69904	      3483	80000d42	044e	c.slli	x8,0x13	  x8:0xffffffff  x8=0xfff80000
          69924	      3484	80000d44	019d6133	or	x2,x26,x25	 x26:0x8000ae64 x25:0xfffff8d3  x2=0xfffffef7
          69964	      3486	80000d48	01222033	slt	x0,x4,x18	  x4:0x00000000 x18:0x00000001  x0=0x00000000
          70024	      3489	80000d4c	01bb1033	sll	x0,x22,x27	 x22:0x00000001 x27:0x00000000  x0=0x00000000
          70084	      3492	80000d50	ac746693	ori	x13,x8,-1337	  x8:0xfff80000 x13=0xfffffac7
          70144	      3495	80000d54	86c9	c.srai	x13,0x12	 x13:0xfffffac7 x13=0xffffffff
          70204	      3498	80000d56	63d4e217	auipc	x4,0x63d4e	  x4=0xe3d4ed56
          70224	      3499	80000d5a	8f95	c.sub	x15,x13	 x15:0x00000000 x13:0xffffffff x15=0x00000001
          70264	      3501	80000d5c	41768633	sub	x12,x13,x23	 x13:0xffffffff x23:0x00000001 x12=0xfffffffe
          70384	      3507	80000d60	0277a9b3	mulhsu	x19,x15,x7	 x15:0x00000001  x7:0x00000000 x19=0x00000000
          70404	      3508	80000d64	012de333	or	x6,x27,x18	 x27:0x00000000 x18:0x00000001  x6=0x00000001
          70444	      3510	80000d68	8ef5	c.and	x13,x13	 x13:0xffffffff x13:0xffffffff x13=0xffffffff
          70464	      3511	80000d6a	07f9	c.addi	x15,30	 x15:0x00000001 x15=0x0000001f
          70504	      3513	80000d6c	b36c2793	slti	x15,x24,-1226	 x24:0xfffffffd x15=0x00000000
          70564	      3516	80000d70	0035c833	xor	x16,x11,x3	 x11:0xfffffffd  x3:0x0000002a x16=0xffffffd7
          70624	      3519	80000d74	8d65	c.and	x10,x9	 x10:0xffffffff  x9:0x00000001 x10=0x00000001
          70644	      3520	80000d76	8365	c.srli	x14,0x19	 x14:0xfffff7c2 x14=0x0000007f
          70744	      3525	80000d78	02f61433	mulh	x8,x12,x15	 x12:0xfffffffe x15:0x00000000  x8=0x00000000
          70764	      3526	80000d7c	8e8d	c.sub	x13,x11	 x13:0xffffffff x11:0xfffffffd x13=0x00000002
          70804	      3528	80000d7e	9b1ad017	auipc	x0,0x9b1ad	  x0=0x00000000
          70824	      3529	80000d82	0690	c.addi4spn	x12,x2,832	 x12=0x00000237
          70864	      3531	80000d84	01499cb3	sll	x25,x19,x20	 x19:0x00000000 x20:0xfffff7c1 x25=0x00000000
          70924	      3534	80000d88	6319b037	lui	x0,0x6319b	  x0=0x00000000
          70984	      3537	80000d8c	8eb5	c.xor	x13,x13	 x13:0x00000002 x13:0x00000002 x13=0x00000000
          71044	      3540	80000d8e	00d86e33	or	x28,x16,x13	 x16:0xffffffd7 x13:0x00000000 x28=0xffffffd7
          71104	      3543	80000d92	004385b3	add	x11,x7,x4	  x7:0x00000000  x4:0xe3d4ed56 x11=0xe3d4ed56
          71164	      3546	80000d96	e91db193	sltiu	x3,x27,-367	 x27:0x00000000  x3=0x00000001
          71184	      3547	80000d9a	0514	c.addi4spn	x13,x2,640	 x13=0x00000177
          71224	      3549	80000d9c	8e75	c.and	x12,x13	 x12:0x00000237 x13:0x00000177 x12=0x00000037
          71284	      3552	80000d9e	016ea433	slt	x8,x29,x22	 x29:0x00000000 x22:0x00000001  x8=0x00000001
          71344	      3555	80000da2	cd1ea013	slti	x0,x29,-815	 x29:0x00000000  x0=0x00000000
          71364	      3556	80000da6	8eb5	c.xor	x13,x13	 x13:0x00000177 x13:0x00000177 x13=0x00000000
          71404	      3558	80000da8	0001	c.addi	x0,0	  x0:0x00000000  x0=0x00000000
          71424	      3559	80000daa	8ef5	c.and	x13,x13	 x13:0x00000000 x13:0x00000000 x13=0x00000000
          71464	      3561	80000dac	017adcb3	srl	x25,x21,x23	 x21:0x00400008 x23:0x00000001 x25=0x00200004
          71524	      3564	80000db0	0094	c.addi4spn	x13,x2,64	 x13=0xffffff37
          71544	      3565	80000db2	0001	c.addi	x0,0	  x0:0x00000000  x0=0x00000000
          71584	      3567	80000db4	82f5	c.srli	x13,0x1d	 x13:0xffffff37 x13=0x00000007
          71644	      3570	80000db6	00681e33	sll	x28,x16,x6	 x16:0xffffffd7  x6:0x00000001 x28=0xffffffae
          71704	      3573	80000dba	7dd759b7	lui	x19,0x7dd75	 x19=0x7dd75000
          71724	      3574	80000dbe	8a8d	c.andi	x13,3	 x13:0x00000007 x13=0x00000003
          71764	      3576	80000dc0	1cf88693	addi	x13,x17,463	 x17:0xfffff8d3 x13=0xfffffaa2
          71864	      3581	80000dc4	03ee8433	mul	x8,x29,x30	 x29:0x00000000 x30:0x00000000  x8=0x00000000
          71884	      3582	80000dc8	8d28e713	ori	x14,x17,-1838	 x17:0xfffff8d3 x14=0xfffff8d3
          71944	      3585	80000dcc	80a2	c.mv	x1,x8	  x0:0x00000000  x8:0x00000000  x1=0x00000000
          72004	      3588	80000dce	01d3d133	srl	x2,x7,x29	  x7:0x00000000 x29:0x00000000  x2=0x00000000
          72024	      3589	80000dd2	80da	c.mv	x1,x22	  x0:0x00000000 x22:0x00000001  x1=0x00000001
          72064	      3591	80000dd4	8969	c.andi	x10,26	 x10:0x00000001 x10=0x00000000
          72124	      3594	80000dd6	e73591b7	lui	x3,0xe7359	  x3=0xe7359000
          72244	      3600	80000dda	034c2a33	mulhsu	x20,x24,x20	 x24:0xfffffffd x20:0xfffff7c1 x20=0xfffffffd
          72264	      3601	80000dde	0d96	c.slli	x27,0x5	 x27:0x00000000 x27=0x00000000
          72284	      3602	80000de0	002c1a93	slli	x21,x24,0x2	 x24:0xfffffffd x21=0xfffffff4
          72304	      3603	80000de4	00a91693	slli	x13,x18,0xa	 x18:0x00000001 x13=0x00000400
          72364	      3606	80000de8	691d	c.lui	x18,0x7	 x18=0x00007000
          72424	      3609	80000dea	9de2b597	auipc	x11,0x9de2b	 x11=0x1de2bdea
          72484	      3612	80000dee	6e5b6513	ori	x10,x22,1765	 x22:0x00000001 x10=0x000006e5
          72544	      3615	80000df2	40e1d0b3	sra	x1,x3,x14	  x3:0xe7359000 x14:0xfffff8d3  x1=0xfffffce6
          73324	      3654	80000df6	038c6233	rem	x4,x24,x24	 x24:0xfffffffd x24:0xfffffffd  x4=0x00000000
          73344	      3655	80000dfa	060a	c.slli	x12,0x2	 x12:0x00000037 x12=0x000000dc
          73364	      3656	80000dfc	717d	c.addi16sp	x2,-16	  x2:0x00000000  x2=0xfffffff0
          73384	      3657	80000dfe	43f5	c.li	x7,29	  x7=0x0000001d
          73404	      3658	80000e00	64c1	c.lui	x9,0x10	  x9=0x00010000
          73444	      3660	80000e02	40815533	sra	x10,x2,x8	  x2:0xfffffff0  x8:0x00000000 x10=0xfffffff0
          73504	      3663	80000e06	40b45113	srai	x2,x8,0xb	  x8:0x00000000  x2=0x00000000
          73524	      3664	80000e0a	8e89	c.sub	x13,x10	 x13:0x00000400 x10:0xfffffff0 x13=0x00000410
          73564	      3666	80000e0c	935fb593	sltiu	x11,x31,-1739	 x31:0xff057b01 x11=0x00000001
          73624	      3669	80000e10	d11ff1b7	lui	x3,0xd11ff	  x3=0xd11ff000
          73684	      3672	80000e14	86f9	c.srai	x13,0x1e	 x13:0x00000410 x13=0x00000000
          73744	      3675	80000e16	00912db3	slt	x27,x2,x9	  x2:0x00000000  x9:0x00010000 x27=0x00000001
          73804	      3678	80000e1a	4195dc33	sra	x24,x11,x25	 x11:0x00000001 x25:0x00200004 x24=0x00000000
          73864	      3681	80000e1e	01fd9533	sll	x10,x27,x31	 x27:0x00000001 x31:0xff057b01 x10=0x00000002
          73924	      3684	80000e22	01cdd013	srli	x0,x27,0x1c	 x27:0x00000001  x0=0x00000000
          73984	      3687	80000e26	f52ca713	slti	x14,x25,-174	 x25:0x00200004 x14=0x00000000
          74004	      3688	80000e2a	6159	c.addi16sp	x2,400	  x2:0x00000000  x2=0x00000190
          74044	      3690	80000e2c	8eb5	c.xor	x13,x13	 x13:0x00000000 x13:0x00000000 x13=0x00000000
          74104	      3693	80000e2e	000babb3	slt	x23,x23,x0	 x23:0x00000001  x0:0x00000000 x23=0x00000000
          74124	      3694	80000e32	868d	c.srai	x13,0x3	 x13:0x00000000 x13=0x00000000
          74164	      3696	80000e34	0199	c.addi	x3,6	  x3:0xd11ff000  x3=0xd11ff006
          74244	      3700	80000e36	0376ee33	rem	x28,x13,x23	 x13:0x00000000 x23:0x00000000 x28=0x00000000
          74284	      3702	80000e3a	41b8dab3	sra	x21,x17,x27	 x17:0xfffff8d3 x27:0x00000001 x21=0xfffffc69
          74404	      3708	80000e3e	023f14b3	mulh	x9,x30,x3	 x30:0x00000000  x3:0xd11ff006  x9=0x00000000
          74424	      3709	80000e42	c5ab0413	addi	x8,x22,-934	 x22:0x00000001  x8=0xfffffc5b
          74524	      3714	80000e46	023d2733	mulhsu	x14,x26,x3	 x26:0x8000ae64  x3:0xd11ff006 x14=0x97709672
          74544	      3715	80000e4a	8ec9	c.or	x13,x10	 x13:0x00000000 x10:0x00000002 x13=0x00000002
          74564	      3716	80000e4c	41df83b3	sub	x7,x31,x29	 x31:0xff057b01 x29:0x00000000  x7=0xff057b01
          74604	      3718	80000e50	02415033	divu	x0,x2,x4	  x2:0x00000190  x4:0x00000000  x0=0x00000000
          74644	      3720	80000e54	00a4a433	slt	x8,x9,x10	  x9:0x00000000 x10:0x00000002  x8=0x00000001
          74704	      3723	80000e58	795c0337	lui	x6,0x795c0	  x6=0x795c0000
          74804	      3728	80000e5c	02d38333	mul	x6,x7,x13	  x7:0xff057b01 x13:0x00000002  x6=0xfe0af602
          74824	      3729	80000e60	80c6	c.mv	x1,x17	  x0:0x00000000 x17:0xfffff8d3  x1=0xfffff8d3
          74884	      3732	80000e62	589b3393	sltiu	x7,x22,1417	 x22:0x00000001  x7=0x00000001
          75664	      3771	80000e66	03b7dab3	divu	x21,x15,x27	 x15:0x00000000 x27:0x00000001 x21=0x00000000
          75684	      3772	80000e6a	8eb5	c.xor	x13,x13	 x13:0x00000002 x13:0x00000002 x13=0x00000000
          75704	      3773	80000e6c	8ac5	c.andi	x13,17	 x13:0x00000000 x13=0x00000000
          75724	      3774	80000e6e	6d85	c.lui	x27,0x1	 x27=0x00001000
          75744	      3775	80000e70	d067b493	sltiu	x9,x15,-762	 x15:0x00000000  x9=0x00000001
          75784	      3777	80000e74	00f05a13	srli	x20,x0,0xf	  x0:0x00000000 x20=0x00000000
          75844	      3780	80000e78	017050b3	srl	x1,x0,x23	  x0:0x00000000 x23:0x00000000  x1=0x00000000
          75904	      3783	80000e7c	10fd	c.addi	x1,-1	  x1:0x00000000  x1=0xffffffff
          75964	      3786	80000e7e	01c35b33	srl	x22,x6,x28	  x6:0xfe0af602 x28:0x00000000 x22=0xfe0af602
          76024	      3789	80000e82	01ba5193	srli	x3,x20,0x1b	 x20:0x00000000  x3=0x00000000
          76084	      3792	80000e86	012d9493	slli	x9,x27,0x12	 x27:0x00001000  x9=0x40000000
          76104	      3793	80000e8a	80c6	c.mv	x1,x17	  x0:0x00000000 x17:0xfffff8d3  x1=0xfffff8d3
          76144	      3795	80000e8c	717d	c.addi16sp	x2,-16	  x2:0x00000190  x2=0x00000180
          76164	      3796	80000e8e	8ee1	c.and	x13,x8	 x13:0x00000000  x8:0x00000001 x13=0x00000000
          76204	      3798	80000e90	0138f1b3	and	x3,x17,x19	 x17:0xfffff8d3 x19:0x7dd75000  x3=0x7dd75000
          76324	      3804	80000e94	026eaeb3	mulhsu	x29,x29,x6	 x29:0x00000000  x6:0xfe0af602 x29=0x00000000
          76344	      3805	80000e98	8e95	c.sub	x13,x13	 x13:0x00000000 x13:0x00000000 x13=0x00000000
          76384	      3807	80000e9a	010f8033	add	x0,x31,x16	 x31:0xff057b01 x16:0xffffffd7  x0=0x00000000
          76444	      3810	80000e9e	000b3333	sltu	x6,x22,x0	 x22:0xfe0af602  x0:0x00000000  x6=0x00000000
          76464	      3811	80000ea2	717d	c.addi16sp	x2,-16	  x2:0x00000180  x2=0x00000170
          76504	      3813	80000ea4	01bd56b3	srl	x13,x26,x27	 x26:0x8000ae64 x27:0x00001000 x13=0x8000ae64
          76564	      3816	80000ea8	0001	c.addi	x0,0	  x0:0x00000000  x0=0x00000000
          76624	      3819	80000eaa	ecab3013	sltiu	x0,x22,-310	 x22:0xfe0af602  x0=0x00000000
          76684	      3822	80000eae	0112edb3	or	x27,x5,x17	  x5:0x00000000 x17:0xfffff8d3 x27=0xfffff8d3
          76744	      3825	80000eb2	00d5a333	slt	x6,x11,x13	 x11:0x00000001 x13:0x8000ae64  x6=0x00000000
          76764	      3826	80000eb6	8ee9	c.and	x13,x10	 x13:0x8000ae64 x10:0x00000002 x13=0x00000000
          76804	      3828	80000eb8	4176d933	sra	x18,x13,x23	 x13:0x00000000 x23:0x00000000 x18=0x00000000
          76864	      3831	80000ebc	8691	c.srai	x13,0x4	 x13:0x00000000 x13=0x00000000
          76884	      3832	80000ebe	8eb5	c.xor	x13,x13	 x13:0x00000000 x13:0x00000000 x13=0x00000000
          76924	      3834	80000ec0	0001	c.addi	x0,0	  x0:0x00000000  x0=0x00000000
          76944	      3835	80000ec2	9a3e	c.add	x20,x15	 x20:0x00000000 x15:0x00000000 x20=0x00000000
          76984	      3837	80000ec4	8f15	c.sub	x14,x13	 x14:0x97709672 x13:0x00000000 x14=0x97709672
          77064	      3841	80000ec6	035941b3	div	x3,x18,x21	 x18:0x00000000 x21:0x00000000  x3=0xffffffff
          77104	      3843	80000eca	4066d5b3	sra	x11,x13,x6	 x13:0x00000000  x6:0x00000000 x11=0x00000000
          77884	      3882	80000ece	02c7ee33	rem	x28,x15,x12	 x15:0x00000000 x12:0x000000dc x28=0x00000000
          77904	      3883	80000ed2	8c75	c.and	x8,x13	  x8:0x00000001 x13:0x00000000  x8=0x00000000
          77924	      3884	80000ed4	801d	c.srli	x8,0x7	  x8:0x00000000  x8=0x00000000
          77944	      3885	80000ed6	717d	c.addi16sp	x2,-16	  x2:0x00000170  x2=0x00000160
          77964	      3886	80000ed8	401a5793	srai	x15,x20,0x1	 x20:0x00000000 x15=0x00000000
          78004	      3888	80000edc	4799	c.li	x15,6	 x15=0x00000006
          78064	      3891	80000ede	00239413	slli	x8,x7,0x2	  x7:0x00000001  x8=0x00000004
          78844	      3930	80000ee2	03915333	divu	x6,x2,x25	  x2:0x00000160 x25:0x00200004  x6=0x00000000
          78864	      3931	80000ee6	40d65333	sra	x6,x12,x13	 x12:0x000000dc x13:0x00000000  x6=0x000000dc
          78884	      3932	80000eea	35e97b93	andi	x23,x18,862	 x18:0x00000000 x23=0x00000000
          78904	      3933	80000eee	86c1	c.srai	x13,0x10	 x13:0x00000000 x13=0x00000000
          78964	      3936	80000ef0	9afd	c.andi	x13,-1	 x13:0x00000000 x13=0x00000000
          79024	      3939	80000ef2	01d7ab33	slt	x22,x15,x29	 x15:0x00000006 x29:0x00000000 x22=0x00000000
          79084	      3942	80000ef6	412788b3	sub	x17,x15,x18	 x15:0x00000006 x18:0x00000000 x17=0x00000006
          79104	      3943	80000efa	00b1	c.addi	x1,12	  x1:0xfffff8d3  x1=0xfffff8df
          79144	      3945	80000efc	01af06b3	add	x13,x30,x26	 x30:0x00000000 x26:0x8000ae64 x13=0x8000ae64
          79264	      3951	80000f00	0379b733	mulhu	x14,x19,x23	 x19:0x7dd75000 x23:0x00000000 x14=0x00000000
          79284	      3952	80000f04	0001	c.addi	x0,0	  x0:0x00000000  x0=0x00000000
          79324	      3954	80000f06	01665633	srl	x12,x12,x22	 x12:0x000000dc x22:0x00000000 x12=0x000000dc
          79404	      3958	80000f0a	02b3ecb3	rem	x25,x7,x11	  x7:0x00000001 x11:0x00000000 x25=0x00000001
          79424	      3959	80000f0e	0001	c.addi	x0,0	  x0:0x00000000  x0=0x00000000
          79484	      3962	80000f10	02ab8e33	mul	x28,x23,x10	 x23:0x00000000 x10:0x00000002 x28=0x00000000
          79504	      3963	80000f14	617d	c.addi16sp	x2,496	  x2:0x00000160  x2=0x00000350
          79524	      3964	80000f16	86b5	c.srai	x13,0xd	 x13:0x8000ae64 x13=0xfffc0005
          79564	      3966	80000f18	8eb1	c.xor	x13,x12	 x13:0xfffc0005 x12:0x000000dc x13=0xfffc00d9
          79584	      3967	80000f1a	8e95	c.sub	x13,x13	 x13:0xfffc00d9 x13:0xfffc00d9 x13=0x00000000
          79624	      3969	80000f1c	0150f2b3	and	x5,x1,x21	  x1:0xfffff8df x21:0x00000000  x5=0x00000000
          79684	      3972	80000f20	00929693	slli	x13,x5,0x9	  x5:0x00000000 x13=0x00000000
          79744	      3975	80000f24	0dc6	c.slli	x27,0x11	 x27:0xfffff8d3 x27=0xf1a60000
          79824	      3979	80000f26	03efc533	div	x10,x31,x30	 x31:0xff057b01 x30:0x00000000 x10=0xffffffff
          79844	      3980	80000f2a	82b1	c.srli	x13,0xc	 x13:0x00000000 x13=0x00000000
          79864	      3981	80000f2c	82a9	c.srli	x13,0xa	 x13:0x00000000 x13=0x00000000
          79924	      3984	80000f2e	21e76c97	auipc	x25,0x21e76	 x25=0xa1e76f2e
          79944	      3985	80000f32	86b5	c.srai	x13,0xd	 x13:0x00000000 x13=0x00000000
          79984	      3987	80000f34	b3f68017	auipc	x0,0xb3f68	  x0=0x00000000
          80044	      3990	80000f38	05b6	c.slli	x11,0xd	 x11:0x00000000 x11=0x00000000
          80104	      3993	80000f3a	01949033	sll	x0,x9,x25	  x9:0x40000000 x25:0xa1e76f2e  x0=0x00000000
          80164	      3996	80000f3e	17d80637	lui	x12,0x17d80	 x12=0x17d80000
          80184	      3997	80000f42	090d	c.addi	x18,3	 x18:0x00000000 x18=0x00000003
          80224	      3999	80000f44	8be6	c.mv	x23,x25	  x0:0x00000000 x25:0xa1e76f2e x23=0xa1e76f2e
          80344	      4005	80000f46	02893e33	mulhu	x28,x18,x8	 x18:0x00000003  x8:0x00000004 x28=0x00000000
          80364	      4006	80000f4a	66c5	c.lui	x13,0x11	 x13=0x00011000
          80384	      4007	80000f4c	717d	c.addi16sp	x2,-16	  x2:0x00000350  x2=0x00000340
          81124	      4044	80000f4e	026d5133	divu	x2,x26,x6	 x26:0x8000ae64  x6:0x000000dc  x2=0x0094f2d4
          81144	      4045	80000f52	8772	c.mv	x14,x28	  x0:0x00000000 x28:0x00000000 x14=0x00000000
          81164	      4046	80000f54	60752c13	slti	x24,x10,1543	 x10:0xffffffff x24=0x00000001
          81184	      4047	80000f58	64f9	c.lui	x9,0x1e	  x9=0x0001e000
          81244	      4050	80000f5a	debfb293	sltiu	x5,x31,-533	 x31:0xff057b01  x5=0x00000001
          81264	      4051	80000f5e	0001	c.addi	x0,0	  x0:0x00000000  x0=0x00000000
          81304	      4053	80000f60	908e	c.add	x1,x3	  x1:0xfffff8df  x3:0xffffffff  x1=0xfffff8de
          81324	      4054	80000f62	8ad5	c.andi	x13,21	 x13:0x00011000 x13=0x00000000
          81364	      4056	80000f64	416f5193	srai	x3,x30,0x16	 x30:0x00000000  x3=0x00000000
          81424	      4059	80000f68	32e42697	auipc	x13,0x32e42	 x13=0xb2e42f68
          81484	      4062	80000f6c	013d0733	add	x14,x26,x19	 x26:0x8000ae64 x19:0x7dd75000 x14=0xfdd7fe64
          81544	      4065	80000f70	02b5	c.addi	x5,13	  x5:0x00000001  x5=0x0000000e
          81664	      4071	80000f72	02f61033	mulh	x0,x12,x15	 x12:0x17d80000 x15:0x00000006  x0=0x00000000
          81684	      4072	80000f76	687d	c.lui	x16,0x1f	 x16=0x0001f000
          81704	      4073	80000f78	577d	c.li	x14,-1	 x14=0xffffffff
          81724	      4074	80000f7a	8ef5	c.and	x13,x13	 x13:0xb2e42f68 x13:0xb2e42f68 x13=0xb2e42f68
          81744	      4075	80000f7c	00b6	c.slli	x1,0xd	  x1:0xfffff8de  x1=0xff1bc000
          81764	      4076	80000f7e	8e95	c.sub	x13,x13	 x13:0xb2e42f68 x13:0xb2e42f68 x13=0x00000000
          81784	      4077	80000f80	005cf7b3	and	x15,x25,x5	 x25:0xa1e76f2e  x5:0x0000000e x15=0x0000000e
          81844	      4080	80000f84	6cb9	c.lui	x25,0xe	 x25=0x0000e000
          81964	      4086	80000f86	03172a33	mulhsu	x20,x14,x17	 x14:0xffffffff x17:0x00000006 x20=0xffffffff
          81984	      4087	80000f8a	0001	c.addi	x0,0	  x0:0x00000000  x0=0x00000000
          82064	      4091	80000f8c	0220b4b3	mulhu	x9,x1,x2	  x1:0xff1bc000  x2:0x0094f2d4  x9=0x00946e06
          82084	      4092	80000f90	40b8d513	srai	x10,x17,0xb	 x17:0x00000006 x10=0x00000000
          82104	      4093	80000f94	4cb13993	sltiu	x19,x2,1227	  x2:0x0094f2d4 x19=0x00000000
          82144	      4095	80000f98	40c25113	srai	x2,x4,0xc	  x4:0x00000000  x2=0x00000000
          82204	      4098	80000f9c	8ed5	c.or	x13,x13	 x13:0x00000000 x13:0x00000000 x13=0x00000000
          82264	      4101	80000f9e	2b31e217	auipc	x4,0x2b31e	  x4=0xab31ef9e
          82284	      4102	80000fa2	0806	c.slli	x16,0x1	 x16:0x0001f000 x16=0x0003e000
          82324	      4104	80000fa4	717d	c.addi16sp	x2,-16	  x2:0x00000000  x2=0xfffffff0
          82344	      4105	80000fa6	8e89	c.sub	x13,x10	 x13:0x00000000 x10:0x00000000 x13=0x00000000
          82384	      4107	80000fa8	01dbb0b3	sltu	x1,x23,x29	 x23:0xa1e76f2e x29:0x00000000  x1=0x00000000
          82484	      4112	80000fac	02ac02b3	mul	x5,x24,x10	 x24:0x00000001 x10:0x00000000  x5=0x00000000
          82504	      4113	80000fb0	00173893	sltiu	x17,x14,1	 x14:0xffffffff x17=0x00000000
          82564	      4116	80000fb4	148f6b13	ori	x22,x30,328	 x30:0x00000000 x22=0x00000148
          82624	      4119	80000fb8	90da	c.add	x1,x22	  x1:0x00000000 x22:0x00000148  x1=0x00000148
          82684	      4122	80000fba	64b06013	ori	x0,x0,1611	  x0:0x00000000  x0=0x00000000
          82704	      4123	80000fbe	0001	c.addi	x0,0	  x0:0x00000000  x0=0x00000000
          82804	      4128	80000fc0	02ab9033	mulh	x0,x23,x10	 x23:0xa1e76f2e x10:0x00000000  x0=0x00000000
          82824	      4129	80000fc4	007b5c33	srl	x24,x22,x7	 x22:0x00000148  x7:0x00000001 x24=0x000000a4
          82864	      4131	80000fc8	4b0cb993	sltiu	x19,x25,1200	 x25:0x0000e000 x19=0x00000000
          82924	      4134	80000fcc	8dd5	c.or	x11,x13	 x11:0x00000000 x13:0x00000000 x11=0x00000000
          82944	      4135	80000fce	8eb5	c.xor	x13,x13	 x13:0x00000000 x13:0x00000000 x13=0x00000000
          82984	      4137	80000fd0	aa5be013	ori	x0,x23,-1371	 x23:0xa1e76f2e  x0=0x00000000
          83044	      4140	80000fd4	8ed9	c.or	x13,x14	 x13:0x00000000 x14:0xffffffff x13=0xffffffff
          83104	      4143	80000fd6	b7182913	slti	x18,x16,-1167	 x16:0x0003e000 x18=0x00000000
          83184	      4147	80000fda	02515033	divu	x0,x2,x5	  x2:0xfffffff0  x5:0x00000000  x0=0x00000000
          83224	      4149	80000fde	d4fc8013	addi	x0,x25,-689	 x25:0x0000e000  x0=0x00000000
          83244	      4150	80000fe2	82d1	c.srli	x13,0x14	 x13:0xffffffff x13=0x00000fff
          83284	      4152	80000fe4	0001b1b3	sltu	x3,x3,x0	  x3:0x00000000  x0:0x00000000  x3=0x00000000
          83344	      4155	80000fe8	83be	c.mv	x7,x15	  x0:0x00000000 x15:0x0000000e  x7=0x0000000e
          83364	      4156	80000fea	00d2	c.slli	x1,0x14	  x1:0x00000148  x1=0x14800000
          83404	      4158	80000fec	007902b3	add	x5,x18,x7	 x18:0x00000000  x7:0x0000000e  x5=0x0000000e
          83464	      4161	80000ff0	9afd	c.andi	x13,-1	 x13:0x00000fff x13=0x00000fff
          83524	      4164	80000ff2	3c38cdb7	lui	x27,0x3c38c	 x27=0x3c38c000
          83544	      4165	80000ff6	0001	c.addi	x0,0	  x0:0x00000000  x0=0x00000000
          83584	      4167	80000ff8	8c95	c.sub	x9,x13	  x9:0x00946e06 x13:0x00000fff  x9=0x00945e07
          83604	      4168	80000ffa	9ee6	c.add	x29,x25	 x29:0x00000000 x25:0x0000e000 x29=0x0000e000
          83664	      4171	80000ffc	031e6633	rem	x12,x28,x17	 x28:0x00000000 x17:0x00000000 x12=0x00000000
          83704	      4173	80001000	10fd	c.addi	x1,-1	  x1:0x14800000  x1=0x147fffff
          83724	      4174	80001002	82a9	c.srli	x13,0xa	 x13:0x00000fff x13=0x00000003
          83764	      4176	80001004	0141f8b3	and	x17,x3,x20	  x3:0x00000000 x20:0xffffffff x17=0x00000000
          83824	      4179	80001008	98ea	c.add	x17,x26	 x17:0x00000000 x26:0x8000ae64 x17=0x8000ae64
          83844	      4180	8000100a	8eb5	c.xor	x13,x13	 x13:0x00000003 x13:0x00000003 x13=0x00000000
          83884	      4182	8000100c	8ef5	c.and	x13,x13	 x13:0x00000000 x13:0x00000000 x13=0x00000000
          83904	      4183	8000100e	4501	c.li	x10,0	 x10=0x00000000
          83944	      4185	80001010	8e79	c.and	x12,x14	 x12:0x00000000 x14:0xffffffff x12=0x00000000
          84004	      4188	80001012	8af4e313	ori	x6,x9,-1873	  x9:0x00945e07  x6=0xfffffeaf
          84024	      4189	80001016	82cd	c.srli	x13,0x13	 x13:0x00000000 x13=0x00000000
          84064	      4191	80001018	47992313	slti	x6,x18,1145	 x18:0x00000000  x6=0x00000001
          84124	      4194	8000101c	1e94	c.addi4spn	x13,x2,880	 x13=0x00000360
          84144	      4195	8000101e	456d	c.li	x10,27	 x10=0x0000001b
          84184	      4197	80001020	8ef5	c.and	x13,x13	 x13:0x00000360 x13:0x00000360 x13=0x00000360
          84204	      4198	80001022	0001	c.addi	x0,0	  x0:0x00000000  x0=0x00000000
          84304	      4203	80001024	035e2c33	mulhsu	x24,x28,x21	 x28:0x00000000 x21:0x00000000 x24=0x00000000
          84324	      4204	80001028	914e	c.add	x2,x19	  x2:0xfffffff0 x19:0x00000000  x2=0xfffffff0
          84344	      4205	8000102a	0494	c.addi4spn	x13,x2,576	 x13=0x00000230
          84364	      4206	8000102c	717d	c.addi16sp	x2,-16	  x2:0xfffffff0  x2=0xffffffe0
          84384	      4207	8000102e	0001	c.addi	x0,0	  x0:0x00000000  x0=0x00000000
          84424	      4209	80001030	517d	c.li	x2,-1	  x2=0xffffffff
          84444	      4210	80001032	9afd	c.andi	x13,-1	 x13:0x00000230 x13=0x00000230
          84544	      4215	80001034	0283bcb3	mulhu	x25,x7,x8	  x7:0x0000000e  x8:0x00000004 x25=0x00000000
          84624	      4219	80001038	026930b3	mulhu	x1,x18,x6	 x18:0x00000000  x6:0x00000001  x1=0x00000000
          84644	      4220	8000103c	08e6	c.slli	x17,0x19	 x17:0x8000ae64 x17=0xc8000000
          84664	      4221	8000103e	828d	c.srli	x13,0x3	 x13:0x00000230 x13=0x00000046
          84684	      4222	80001040	00842eb3	slt	x29,x8,x8	  x8:0x00000004  x8:0x00000004 x29=0x00000000
          84724	      4224	80001044	013ea033	slt	x0,x29,x19	 x29:0x00000000 x19:0x00000000  x0=0x00000000
          85504	      4263	80001048	03475033	divu	x0,x14,x20	 x14:0xffffffff x20:0xffffffff  x0=0x00000000
          85524	      4264	8000104c	01866b33	or	x22,x12,x24	 x12:0x00000000 x24:0x00000000 x22=0x00000000
          85544	      4265	80001050	96124c13	xori	x24,x4,-1695	  x4:0xab31ef9e x24=0x54ce16ff
          85564	      4266	80001054	0001	c.addi	x0,0	  x0:0x00000000  x0=0x00000000
          85624	      4269	80001056	01458533	add	x10,x11,x20	 x11:0x00000000 x20:0xffffffff x10=0xffffffff
          85644	      4270	8000105a	0001	c.addi	x0,0	  x0:0x00000000  x0=0x00000000
          85684	      4272	8000105c	8ef5	c.and	x13,x13	 x13:0x00000046 x13:0x00000046 x13=0x00000046
          85744	      4275	8000105e	0060d013	srli	x0,x1,0x6	  x1:0x00000000  x0=0x00000000
          85824	      4279	80001062	036ac933	div	x18,x21,x22	 x21:0x00000000 x22:0x00000000 x18=0xffffffff
          85844	      4280	80001066	8eb1	c.xor	x13,x12	 x13:0x00000046 x12:0x00000000 x13=0x00000046
          85864	      4281	80001068	41df5993	srai	x19,x30,0x1d	 x30:0x00000000 x19=0x00000000
          85924	      4284	8000106c	0001	c.addi	x0,0	  x0:0x00000000  x0=0x00000000
          85944	      4285	8000106e	0001	c.addi	x0,0	  x0:0x00000000  x0=0x00000000
          85984	      4287	80001070	8ed96097	auipc	x1,0x8ed96	  x1=0x0ed97070
          86044	      4290	80001074	08eef113	andi	x2,x29,142	 x29:0x00000000  x2=0x00000000
          86104	      4293	80001078	019f4033	xor	x0,x30,x25	 x30:0x00000000 x25:0x00000000  x0=0x00000000
          86164	      4296	8000107c	00636eb3	or	x29,x6,x6	  x6:0x00000001  x6:0x00000001 x29=0x00000001
          86224	      4299	80001080	9721f9b7	lui	x19,0x9721f	 x19=0x9721f000
          86284	      4302	80001084	8eb5	c.xor	x13,x13	 x13:0x00000046 x13:0x00000046 x13=0x00000000
          86344	      4305	80001086	010e6db3	or	x27,x28,x16	 x28:0x00000000 x16:0x0003e000 x27=0x0003e000
          86364	      4306	8000108a	8e86	c.mv	x29,x1	  x0:0x00000000  x1:0x0ed97070 x29=0x0ed97070
          86404	      4308	8000108c	3074b113	sltiu	x2,x9,775	  x9:0x00945e07  x2=0x00000000
          86464	      4311	80001090	8ec9	c.or	x13,x10	 x13:0x00000000 x10:0xffffffff x13=0xffffffff
          86524	      4314	80001092	f29eb593	sltiu	x11,x29,-215	 x29:0x0ed97070 x11=0x00000001
          86544	      4315	80001096	8fd5	c.or	x15,x13	 x15:0x0000000e x13:0xffffffff x15=0xffffffff
          86584	      4317	80001098	012c6a33	or	x20,x24,x18	 x24:0x54ce16ff x18:0xffffffff x20=0xffffffff
          86644	      4320	8000109c	0001	c.addi	x0,0	  x0:0x00000000  x0=0x00000000
          86704	      4323	8000109e	26bd8793	addi	x15,x27,619	 x27:0x0003e000 x15=0x0003e26b
          86764	      4326	800010a2	8b87c693	xori	x13,x15,-1864	 x15:0x0003e26b x13=0xfffc1ad3
          86784	      4327	800010a6	8ed5	c.or	x13,x13	 x13:0xfffc1ad3 x13:0xfffc1ad3 x13=0xfffc1ad3
          86884	      4332	800010a8	02a0a1b3	mulhsu	x3,x1,x10	  x1:0x0ed97070 x10:0xffffffff  x3=0x0ed9706f
          86904	      4333	800010ac	8a7d	c.andi	x12,31	 x12:0x00000000 x12=0x00000000
          86924	      4334	800010ae	8eb5	c.xor	x13,x13	 x13:0xfffc1ad3 x13:0xfffc1ad3 x13=0x00000000
          86944	      4335	800010b0	f6cee013	ori	x0,x29,-148	 x29:0x0ed97070  x0=0x00000000
          87004	      4338	800010b4	8e95	c.sub	x13,x13	 x13:0x00000000 x13:0x00000000 x13=0x00000000
          87024	      4339	800010b6	717d	c.addi16sp	x2,-16	  x2:0x00000000  x2=0xfffffff0
          87064	      4341	800010b8	8e81	c.sub	x13,x8	 x13:0x00000000  x8:0x00000004 x13=0xfffffffc
          87844	      4380	800010ba	0217ca33	div	x20,x15,x1	 x15:0x0003e26b  x1:0x0ed97070 x20=0x00000000
          87864	      4381	800010be	405eddb3	sra	x27,x29,x5	 x29:0x0ed97070  x5:0x0000000e x27=0x00003b65
          87884	      4382	800010c2	8ad9	c.andi	x13,22	 x13:0xfffffffc x13=0x00000014
          87904	      4383	800010c4	00c7e733	or	x14,x15,x12	 x15:0x0003e26b x12:0x00000000 x14=0x0003e26b
          88024	      4389	800010c8	03e39633	mulh	x12,x7,x30	  x7:0x0000000e x30:0x00000000 x12=0x00000000
          88044	      4390	800010cc	92b2	c.add	x5,x12	  x5:0x0000000e x12:0x00000000  x5=0x0000000e
          88084	      4392	800010ce	019ef5b3	and	x11,x29,x25	 x29:0x0ed97070 x25:0x00000000 x11=0x00000000
          88144	      4395	800010d2	4135d713	srai	x14,x11,0x13	 x11:0x00000000 x14=0x00000000
          88164	      4396	800010d6	9baa	c.add	x23,x10	 x23:0xa1e76f2e x10:0xffffffff x23=0xa1e76f2d
          88204	      4398	800010d8	41bb5993	srai	x19,x22,0x1b	 x22:0x00000000 x19=0x00000000
          88264	      4401	800010dc	9bc34013	xori	x0,x6,-1604	  x6:0x00000001  x0=0x00000000
          88344	      4405	800010e0	02b45133	divu	x2,x8,x11	  x8:0x00000004 x11:0x00000000  x2=0xffffffff
          88384	      4407	800010e4	00198a33	add	x20,x19,x1	 x19:0x00000000  x1:0x0ed97070 x20=0x0ed97070
          88444	      4410	800010e8	42839017	auipc	x0,0x42839	  x0=0x00000000
          88504	      4413	800010ec	0be1	c.addi	x23,24	 x23:0xa1e76f2d x23=0xa1e76f45
          88564	      4416	800010ee	00991013	slli	x0,x18,0x9	 x18:0xffffffff  x0=0x00000000
          88584	      4417	800010f2	0001	c.addi	x0,0	  x0:0x00000000  x0=0x00000000
          88624	      4419	800010f4	40e6dab3	sra	x21,x13,x14	 x13:0x00000014 x14:0x00000000 x21=0x00000014
          88684	      4422	800010f8	60b1	c.lui	x1,0xc	  x1=0x0000c000
          88744	      4425	800010fa	924a8537	lui	x10,0x924a8	 x10=0x924a8000
          88764	      4426	800010fe	8ef5	c.and	x13,x13	 x13:0x00000014 x13:0x00000014 x13=0x00000014
          88804	      4428	80001100	413c5c93	srai	x25,x24,0x13	 x24:0x54ce16ff x25=0x00000a99
          88864	      4431	80001104	567d	c.li	x12,-1	 x12=0xffffffff
          88924	      4434	80001106	00bd76b3	and	x13,x26,x11	 x26:0x8000ae64 x11:0x00000000 x13=0x00000000
          89704	      4473	8000110a	038066b3	rem	x13,x0,x24	  x0:0x00000000 x24:0x54ce16ff x13=0x00000000
          89724	      4474	8000110e	092e	c.slli	x18,0xb	 x18:0xffffffff x18=0xfffff800
          89784	      4477	80001110	03d88ab3	mul	x21,x17,x29	 x17:0xc8000000 x29:0x0ed97070 x21=0x80000000
          89804	      4478	80001114	8ed5	c.or	x13,x13	 x13:0x00000000 x13:0x00000000 x13=0x00000000
          89884	      4482	80001116	02122633	mulhsu	x12,x4,x1	  x4:0xab31ef9e  x1:0x0000c000 x12=0xffffc065
          89904	      4483	8000111a	44d9	c.li	x9,22	  x9=0x00000016
          89924	      4484	8000111c	00d3a3b3	slt	x7,x7,x13	  x7:0x0000000e x13:0x00000000  x7=0x00000000
          89944	      4485	80001120	01aeb7b3	sltu	x15,x29,x26	 x29:0x0ed97070 x26:0x8000ae64 x15=0x00000001
          90004	      4488	80001124	007edb93	srli	x23,x29,0x7	 x29:0x0ed97070 x23=0x001db2e0
          90064	      4491	80001128	c827fa93	andi	x21,x15,-894	 x15:0x00000001 x21=0x00000000
          90124	      4494	8000112c	00e41893	slli	x17,x8,0xe	  x8:0x00000004 x17=0x00010000
          90184	      4497	80001130	0866	c.slli	x16,0x19	 x16:0x0003e000 x16=0x00000000
          90304	      4503	80001132	026c1c33	mulh	x24,x24,x6	 x24:0x54ce16ff  x6:0x00000001 x24=0x00000000
          90324	      4504	80001136	e15ffe13	andi	x28,x31,-491	 x31:0xff057b01 x28=0xff057a01
          90344	      4505	8000113a	8ed5	c.or	x13,x13	 x13:0x00000000 x13:0x00000000 x13=0x00000000
          90364	      4506	8000113c	0001	c.addi	x0,0	  x0:0x00000000  x0=0x00000000
          90484	      4512	8000113e	03b1b733	mulhu	x14,x3,x27	  x3:0x0ed9706f x27:0x00003b65 x14=0x00000371
          91224	      4549	80001142	03146e33	rem	x28,x8,x17	  x8:0x00000004 x17:0x00010000 x28=0x00000004
          91244	      4550	80001146	01df2e33	slt	x28,x30,x29	 x30:0x00000000 x29:0x0ed97070 x28=0x00000001
          91264	      4551	8000114a	8ee9	c.and	x13,x10	 x13:0x00000000 x10:0x924a8000 x13=0x00000000
          91344	      4555	8000114c	02569033	mulh	x0,x13,x5	 x13:0x00000000  x5:0x0000000e  x0=0x00000000
          91364	      4556	80001150	0001	c.addi	x0,0	  x0:0x00000000  x0=0x00000000
          91384	      4557	80001152	005b3633	sltu	x12,x22,x5	 x22:0x00000000  x5:0x0000000e x12=0x00000001
          91504	      4563	80001156	0362b5b3	mulhu	x11,x5,x22	  x5:0x0000000e x22:0x00000000 x11=0x00000000
          91524	      4564	8000115a	01bc1993	slli	x19,x24,0x1b	 x24:0x00000000 x19=0x00000000
          91544	      4565	8000115e	1efd	c.addi	x29,-1	 x29:0x0ed97070 x29=0x0ed9706f
          91584	      4567	80001160	02de4033	div	x0,x28,x13	 x28:0x00000001 x13:0x00000000  x0=0x00000000
          91624	      4569	80001164	4106d013	srai	x0,x13,0x10	 x13:0x00000000  x0=0x00000000
          91684	      4572	80001168	01aadb13	srli	x22,x21,0x1a	 x21:0x00000000 x22=0x00000000
          91744	      4575	8000116c	8344a113	slti	x2,x9,-1996	  x9:0x00000016  x2=0x00000000
          91804	      4578	80001170	01885633	srl	x12,x16,x24	 x16:0x00000000 x24:0x00000000 x12=0x00000000
          91864	      4581	80001174	8ef5	c.and	x13,x13	 x13:0x00000000 x13:0x00000000 x13=0x00000000
          91924	      4584	80001176	17d50e93	addi	x29,x10,381	 x10:0x924a8000 x29=0x924a817d
          91944	      4585	8000117a	86c1	c.srai	x13,0x10	 x13:0x00000000 x13=0x00000000
          91984	      4587	8000117c	003f1713	slli	x14,x30,0x3	 x30:0x00000000 x14=0x00000000
          92044	      4590	80001180	8ee5	c.and	x13,x9	 x13:0x00000000  x9:0x00000016 x13=0x00000000
          92104	      4593	80001182	330b0eb7	lui	x29,0x330b0	 x29=0x330b0000
          92164	      4596	80001186	00ba9d93	slli	x27,x21,0xb	 x21:0x00000000 x27=0x00000000
          92264	      4601	8000118a	03fe0733	mul	x14,x28,x31	 x28:0x00000001 x31:0xff057b01 x14=0xff057b01
          92284	      4602	8000118e	eee7b537	lui	x10,0xeee7b	 x10=0xeee7b000
          92404	      4608	80001192	0362be33	mulhu	x28,x5,x22	  x5:0x0000000e x22:0x00000000 x28=0x00000000
          92424	      4609	80001196	2b77eb93	ori	x23,x15,695	 x15:0x00000001 x23=0x000002b7
          93184	      4647	8000119a	0394e3b3	rem	x7,x9,x25	  x9:0x00000016 x25:0x00000a99  x7=0x00000016
          93204	      4648	8000119e	8ee1	c.and	x13,x8	 x13:0x00000000  x8:0x00000004 x13=0x00000000
          93224	      4649	800011a0	72d67b97	auipc	x23,0x72d67	 x23=0xf2d681a0
          93244	      4650	800011a4	75dac293	xori	x5,x21,1885	 x21:0x00000000  x5=0x0000075d
          93304	      4653	800011a8	416008b3	sub	x17,x0,x22	  x0:0x00000000 x22:0x00000000 x17=0x00000000
          93424	      4659	800011ac	031b1b33	mulh	x22,x22,x17	 x22:0x00000000 x17:0x00000000 x22=0x00000000
          93444	      4660	800011b0	4ed1	c.li	x29,20	 x29=0x00000014
          93524	      4664	800011b2	028b8233	mul	x4,x23,x8	 x23:0xf2d681a0  x8:0x00000004  x4=0xcb5a0680
          93544	      4665	800011b6	8ed5	c.or	x13,x13	 x13:0x00000000 x13:0x00000000 x13=0x00000000
          93564	      4666	800011b8	0001	c.addi	x0,0	  x0:0x00000000  x0=0x00000000
          93584	      4667	800011ba	13fd	c.addi	x7,-1	  x7:0x00000016  x7=0x00000015
          93604	      4668	800011bc	8e95	c.sub	x13,x13	 x13:0x00000000 x13:0x00000000 x13=0x00000000
          93664	      4671	800011be	00a280b3	add	x1,x5,x10	  x5:0x0000075d x10:0xeee7b000  x1=0xeee7b75d
          93764	      4676	800011c2	03178233	mul	x4,x15,x17	 x15:0x00000001 x17:0x00000000  x4=0x00000000
          93784	      4677	800011c6	00021e93	slli	x29,x4,0x0	  x4:0x00000000 x29=0x00000000
          93904	      4683	800011ca	03763033	mulhu	x0,x12,x23	 x12:0x00000000 x23:0xf2d681a0  x0=0x00000000
          93944	      4685	800011ce	0313d3b3	divu	x7,x7,x17	  x7:0x00000015 x17:0x00000000  x7=0xffffffff
          93964	      4686	800011d2	86279697	auipc	x13,0x86279	 x13=0x0627a1d2
          93984	      4687	800011d6	8eb5	c.xor	x13,x13	 x13:0x0627a1d2 x13:0x0627a1d2 x13=0x00000000
          94024	      4689	800011d8	717d	c.addi16sp	x2,-16	  x2:0x00000000  x2=0xfffffff0
          94044	      4690	800011da	0001	c.addi	x0,0	  x0:0x00000000  x0=0x00000000
          94084	      4692	800011dc	01c61693	slli	x13,x12,0x1c	 x12:0x00000000 x13=0x00000000
          94144	      4695	800011e0	56537437	lui	x8,0x56537	  x8=0x56537000
          94204	      4698	800011e4	8ef5	c.and	x13,x13	 x13:0x00000000 x13:0x00000000 x13=0x00000000
          94224	      4699	800011e6	0ef5	c.addi	x29,29	 x29:0x00000000 x29=0x0000001d
          94264	      4701	800011e8	2a68c497	auipc	x9,0x2a68c	  x9=0xaa68d1e8
          94324	      4704	800011ec	60b1	c.lui	x1,0xc	  x1=0x0000c000
          94384	      4707	800011ee	ba504b37	lui	x22,0xba504	 x22=0xba504000
          94404	      4708	800011f2	6c9d	c.lui	x25,0x7	 x25=0x00007000
          94444	      4710	800011f4	41470033	sub	x0,x14,x20	 x14:0xff057b01 x20:0x0ed97070  x0=0x00000000
          94504	      4713	800011f8	8ef5	c.and	x13,x13	 x13:0x00000000 x13:0x00000000 x13=0x00000000
          94564	      4716	800011fa	00f2d733	srl	x14,x5,x15	  x5:0x0000075d x15:0x00000001 x14=0x000003ae
          94624	      4719	800011fe	24d6a897	auipc	x17,0x24d6a	 x17=0xa4d6b1fe
          94744	      4725	80001202	03ea9e33	mulh	x28,x21,x30	 x21:0x00000000 x30:0x00000000 x28=0x00000000
          94764	      4726	80001206	10fd	c.addi	x1,-1	  x1:0x0000c000  x1=0x0000bfff
          94784	      4727	80001208	3cb867b7	lui	x15,0x3cb86	 x15=0x3cb86000
          94804	      4728	8000120c	00dfdeb3	srl	x29,x31,x13	 x31:0xff057b01 x13:0x00000000 x29=0xff057b01
          94864	      4731	80001210	006ba6b3	slt	x13,x23,x6	 x23:0xf2d681a0  x6:0x00000001 x13=0x00000001
          94924	      4734	80001214	919c7513	andi	x10,x24,-1767	 x24:0x00000000 x10=0x00000000
          94984	      4737	80001218	01699e33	sll	x28,x19,x22	 x19:0x00000000 x22:0xba504000 x28=0x00000000
          95044	      4740	8000121c	0003e833	or	x16,x7,x0	  x7:0xffffffff  x0:0x00000000 x16=0xffffffff
          95104	      4743	80001220	019ae833	or	x16,x21,x25	 x21:0x00000000 x25:0x00007000 x16=0x00007000
          95164	      4746	80001224	8270c817	auipc	x16,0x8270c	 x16=0x0270d224
          95224	      4749	80001228	016dd2b3	srl	x5,x27,x22	 x27:0x00000000 x22:0xba504000  x5=0x00000000
          95284	      4752	8000122c	9afd	c.andi	x13,-1	 x13:0x00000001 x13=0x00000001
          95304	      4753	8000122e	8d35	c.xor	x10,x13	 x10:0x00000000 x13:0x00000001 x10=0x00000001
          95344	      4755	80001230	bf2dea13	ori	x20,x27,-1038	 x27:0x00000000 x20=0xfffffbf2
          95404	      4758	80001234	005521b3	slt	x3,x10,x5	 x10:0x00000001  x5:0x00000000  x3=0x00000000
          95484	      4762	80001238	03beecb3	rem	x25,x29,x27	 x29:0xff057b01 x27:0x00000000 x25=0xff057b01
          95524	      4764	8000123c	40895033	sra	x0,x18,x8	 x18:0xfffff800  x8:0x56537000  x0=0x00000000
          95584	      4767	80001240	177d	c.addi	x14,-1	 x14:0x000003ae x14=0x000003ad
          95644	      4770	80001242	34374b13	xori	x22,x14,835	 x14:0x000003ad x22=0x000000ee
          95704	      4773	80001246	a0ebb613	sltiu	x12,x23,-1522	 x23:0xf2d681a0 x12=0x00000001
          95764	      4776	8000124a	1c7ebc13	sltiu	x24,x29,455	 x29:0xff057b01 x24=0x00000000
          95824	      4779	8000124e	8fffb993	sltiu	x19,x31,-1793	 x31:0xff057b01 x19=0x00000001
          95884	      4782	80001252	41f65c13	srai	x24,x12,0x1f	 x12:0x00000001 x24=0x00000000
          95944	      4785	80001256	00e3dbb3	srl	x23,x7,x14	  x7:0xffffffff x14:0x000003ad x23=0x0007ffff
          96064	      4791	8000125a	03c81833	mulh	x16,x16,x28	 x16:0x0270d224 x28:0x00000000 x16=0x00000000
          96124	      4794	8000125e	03ef05b3	mul	x11,x30,x30	 x30:0x00000000 x30:0x00000000 x11=0x00000000
          96144	      4795	80001262	00864c33	xor	x24,x12,x8	 x12:0x00000001  x8:0x56537000 x24=0x56537001
          96164	      4796	80001266	8d95	c.sub	x11,x13	 x11:0x00000000 x13:0x00000001 x11=0xffffffff
          96244	      4800	80001268	03ca3bb3	mulhu	x23,x20,x28	 x20:0xfffffbf2 x28:0x00000000 x23=0x00000000
          96264	      4801	8000126c	6e05	c.lui	x28,0x1	 x28=0x00001000
          96304	      4803	8000126e	41f85133	sra	x2,x16,x31	 x16:0x00000000 x31:0xff057b01  x2=0x00000000
          96324	      4804	80001272	8ae1	c.andi	x13,24	 x13:0x00000001 x13=0x00000000
          96364	      4806	80001274	4138d093	srai	x1,x17,0x13	 x17:0xa4d6b1fe  x1=0xfffff49a
          96424	      4809	80001278	007be6b3	or	x13,x23,x7	 x23:0x00000000  x7:0xffffffff x13=0xffffffff
          96484	      4812	8000127c	00202233	slt	x4,x0,x2	  x0:0x00000000  x2:0x00000000  x4=0x00000000
          96544	      4815	80001280	9a7d	c.andi	x12,-1	 x12:0x00000001 x12=0x00000001
          96664	      4821	80001282	026f9033	mulh	x0,x31,x6	 x31:0xff057b01  x6:0x00000001  x0=0x00000000
          96684	      4822	80001286	a25cc693	xori	x13,x25,-1499	 x25:0xff057b01 x13=0x00fa8124
          96724	      4824	8000128a	00de1913	slli	x18,x28,0xd	 x28:0x00001000 x18=0x02000000
          96744	      4825	8000128e	8e95	c.sub	x13,x13	 x13:0x00fa8124 x13:0x00fa8124 x13=0x00000000
          96784	      4827	80001290	9afd	c.andi	x13,-1	 x13:0x00000000 x13=0x00000000
          96844	      4830	80001292	00875013	srli	x0,x14,0x8	 x14:0x000003ad  x0=0x00000000
          96904	      4833	80001296	00545893	srli	x17,x8,0x5	  x8:0x56537000 x17=0x02b29b80
          96924	      4834	8000129a	177d	c.addi	x14,-1	 x14:0x000003ad x14=0x000003ac
          96964	      4836	8000129c	65b1	c.lui	x11,0xc	 x11=0x0000c000
          96984	      4837	8000129e	86e5	c.srai	x13,0x19	 x13:0x00000000 x13=0x00000000
          97024	      4839	800012a0	00689013	slli	x0,x17,0x6	 x17:0x02b29b80  x0=0x00000000
          97084	      4842	800012a4	53736b93	ori	x23,x6,1335	  x6:0x00000001 x23=0x00000537
          97204	      4848	800012a8	02382733	mulhsu	x14,x16,x3	 x16:0x00000000  x3:0x00000000 x14=0x00000000
          97224	      4849	800012ac	7bc7dc97	auipc	x25,0x7bc7d	 x25=0xfbc7e2ac
          97264	      4851	800012b0	8d5ae013	ori	x0,x21,-1835	 x21:0x00000000  x0=0x00000000
          97384	      4857	800012b4	03f5a233	mulhsu	x4,x11,x31	 x11:0x0000c000 x31:0xff057b01  x4=0x0000bf44
          97404	      4858	800012b8	8a95	c.andi	x13,5	 x13:0x00000000 x13=0x00000000
          97464	      4861	800012ba	02e6e3b3	rem	x7,x13,x14	 x13:0x00000000 x14:0x00000000  x7=0x00000000
          97504	      4863	800012be	40d006b3	sub	x13,x0,x13	  x0:0x00000000 x13:0x00000000 x13=0x00000000
          97564	      4866	800012c2	0146c633	xor	x12,x13,x20	 x13:0x00000000 x20:0xfffffbf2 x12=0xfffffbf2
          97624	      4869	800012c6	002258b3	srl	x17,x4,x2	  x4:0x0000bf44  x2:0x00000000 x17=0x0000bf44
          97644	      4870	800012ca	8ed5	c.or	x13,x13	 x13:0x00000000 x13:0x00000000 x13=0x00000000
          97684	      4872	800012cc	40085033	sra	x0,x16,x0	 x16:0x00000000  x0:0x00000000  x0=0x00000000
          97744	      4875	800012d0	8d15	c.sub	x10,x13	 x10:0x00000001 x13:0x00000000 x10=0x00000001
          97804	      4878	800012d2	b266bc13	sltiu	x24,x13,-1242	 x13:0x00000000 x24=0x00000001
          97824	      4879	800012d6	030c	c.addi4spn	x11,x2,384	 x11=0x00000180
          97864	      4881	800012d8	8ecd	c.or	x13,x11	 x13:0x00000000 x11:0x00000180 x13=0x00000180
          97884	      4882	800012da	6149	c.addi16sp	x2,144	  x2:0x00000000  x2=0x00000090
          97924	      4884	800012dc	86ad	c.srai	x13,0xb	 x13:0x00000180 x13=0x00000000
          98004	      4888	800012de	02d64233	div	x4,x12,x13	 x12:0xfffffbf2 x13:0x00000000  x4=0xffffffff
          98044	      4890	800012e2	2b896997	auipc	x19,0x2b896	 x19=0xab8972e2
          98104	      4893	800012e6	e1846593	ori	x11,x8,-488	  x8:0x56537000 x11=0xfffffe18
          98164	      4896	800012ea	36f4e013	ori	x0,x9,879	  x9:0xaa68d1e8  x0=0x00000000
          98224	      4899	800012ee	40a35bb3	sra	x23,x6,x10	  x6:0x00000001 x10:0x00000001 x23=0x00000000
          98244	      4900	800012f2	00d1	c.addi	x1,20	  x1:0xfffff49a  x1=0xfffff4ae
          98284	      4902	800012f4	0001	c.addi	x0,0	  x0:0x00000000  x0=0x00000000
          98344	      4905	800012f6	005c0533	add	x10,x24,x5	 x24:0x00000001  x5:0x00000000 x10=0x00000001
          98404	      4908	800012fa	4c5f7d93	andi	x27,x30,1221	 x30:0x00000000 x27=0x00000000
          98464	      4911	800012fe	01d44033	xor	x0,x8,x29	  x8:0x56537000 x29:0xff057b01  x0=0x00000000
          98484	      4912	80001302	4c35	c.li	x24,13	 x24=0x0000000d
          98524	      4914	80001304	008c5e93	srli	x29,x24,0x8	 x24:0x0000000d x29=0x00000000
          98644	      4920	80001308	024f96b3	mulh	x13,x31,x4	 x31:0xff057b01  x4:0xffffffff x13=0x00000000
          98664	      4921	8000130c	0001	c.addi	x0,0	  x0:0x00000000  x0=0x00000000
          98724	      4924	8000130e	035f59b3	divu	x19,x30,x21	 x30:0x00000000 x21:0x00000000 x19=0xffffffff
          98764	      4926	80001312	41a2d513	srai	x10,x5,0x1a	  x5:0x00000000 x10=0x00000000
          98824	      4929	80001316	01d75193	srli	x3,x14,0x1d	 x14:0x00000000  x3=0x00000000
          98884	      4932	8000131a	09958e93	addi	x29,x11,153	 x11:0xfffffe18 x29=0xfffffeb1
          98904	      4933	8000131e	0001	c.addi	x0,0	  x0:0x00000000  x0=0x00000000
          98944	      4935	80001320	42c5	c.li	x5,17	  x5=0x00000011
          99024	      4939	80001322	030464b3	rem	x9,x8,x16	  x8:0x56537000 x16:0x00000000  x9=0x56537000
          99044	      4940	80001326	843d	c.srai	x8,0xf	  x8:0x56537000  x8=0x0000aca6
          99784	      4977	80001328	033fc5b3	div	x11,x31,x19	 x31:0xff057b01 x19:0xffffffff x11=0x00fa84ff
          99864	      4981	8000132c	029fa533	mulhsu	x10,x31,x9	 x31:0xff057b01  x9:0x56537000 x10=0xffab85ab
          99884	      4982	80001330	00af1333	sll	x6,x30,x10	 x30:0x00000000 x10:0xffab85ab  x6=0x00000000
          99904	      4983	80001334	611d	c.addi16sp	x2,416	  x2:0x00000090  x2=0x00000230
          99924	      4984	80001336	41acd5b3	sra	x11,x25,x26	 x25:0xfbc7e2ac x26:0x8000ae64 x11=0xffbc7e2a
          99964	      4986	8000133a	7cf0ae93	slti	x29,x1,1999	  x1:0xfffff4ae x29=0x00000001
          99984	      4987	8000133e	8a19	c.andi	x12,6	 x12:0xfffffbf2 x12=0x00000002
         100024	      4989	80001340	00332993	slti	x19,x6,3	  x6:0x00000000 x19=0x00000001
         100084	      4992	80001344	68c5	c.lui	x17,0x11	 x17=0x00011000
         100104	      4993	80001346	8ed5	c.or	x13,x13	 x13:0x00000000 x13:0x00000000 x13=0x00000000
         100144	      4995	80001348	9852	c.add	x16,x20	 x16:0x00000000 x20:0xfffffbf2 x16=0xfffffbf2
         100164	      4996	8000134a	09de	c.slli	x19,0x17	 x19:0x00000001 x19=0x00800000
         100204	      4998	8000134c	8689	c.srai	x13,0x2	 x13:0x00000000 x13=0x00000000
         100264	      5001	8000134e	eb986113	ori	x2,x16,-327	 x16:0xfffffbf2  x2=0xfffffffb
         100324	      5004	80001352	019a0533	add	x10,x20,x25	 x20:0xfffffbf2 x25:0xfbc7e2ac x10=0xfbc7de9e
         100384	      5007	80001356	d98fb313	sltiu	x6,x31,-616	 x31:0xff057b01  x6=0x00000001
         100404	      5008	8000135a	8f4d	c.or	x14,x11	 x14:0x00000000 x11:0xffbc7e2a x14=0xffbc7e2a
         100444	      5010	8000135c	d3fb6293	ori	x5,x22,-705	 x22:0x000000ee  x5=0xfffffdff
         100504	      5013	80001360	6fd707b7	lui	x15,0x6fd70	 x15=0x6fd70000
         100564	      5016	80001364	01a99033	sll	x0,x19,x26	 x19:0x00800000 x26:0x8000ae64  x0=0x00000000
         100624	      5019	80001368	6429	c.lui	x8,0xa	  x8=0x0000a000
         100704	      5023	8000136a	03ec5b33	divu	x22,x24,x30	 x24:0x0000000d x30:0x00000000 x22=0xffffffff
         100724	      5024	8000136e	0714	c.addi4spn	x13,x2,896	 x13=0x0000037b
         100744	      5025	80001370	1b4d7693	andi	x13,x26,436	 x26:0x8000ae64 x13=0x00000024
         101524	      5064	80001374	0310eb33	rem	x22,x1,x17	  x1:0xfffff4ae x17:0x00011000 x22=0xfffff4ae
         101564	      5066	80001378	03b8d433	divu	x8,x17,x27	 x17:0x00011000 x27:0x00000000  x8=0xffffffff
         101584	      5067	8000137c	82f5	c.srli	x13,0x1d	 x13:0x00000024 x13=0x00000000
         101604	      5068	8000137e	af313c13	sltiu	x24,x2,-1293	  x2:0xfffffffb x24=0x00000000
         101644	      5070	80001382	78a54e13	xori	x28,x10,1930	 x10:0xfbc7de9e x28=0xfbc7d914
         101724	      5074	80001386	0373c4b3	div	x9,x7,x23	  x7:0x00000000 x23:0x00000000  x9=0xffffffff
         101764	      5076	8000138a	006f1813	slli	x16,x30,0x6	 x30:0x00000000 x16=0x00000000
         101784	      5077	8000138e	8eb5	c.xor	x13,x13	 x13:0x00000000 x13:0x00000000 x13=0x00000000
         101824	      5079	80001390	4099d433	sra	x8,x19,x9	 x19:0x00800000  x9:0xffffffff  x8=0x00000000
         102604	      5118	80001394	025967b3	rem	x15,x18,x5	 x18:0x02000000  x5:0xfffffdff x15=0x00000080
         102624	      5119	80001398	01bee733	or	x14,x29,x27	 x29:0x00000001 x27:0x00000000 x14=0x00000001
         102644	      5120	8000139c	8096	c.mv	x1,x5	  x0:0x00000000  x5:0xfffffdff  x1=0xfffffdff
         102664	      5121	8000139e	40d55a33	sra	x20,x10,x13	 x10:0xfbc7de9e x13:0x00000000 x20=0xfbc7de9e
         102724	      5124	800013a2	003706b3	add	x13,x14,x3	 x14:0x00000001  x3:0x00000000 x13=0x00000001
         102844	      5130	800013a6	021223b3	mulhsu	x7,x4,x1	  x4:0xffffffff  x1:0xfffffdff  x7=0xffffffff
         102864	      5131	800013aa	8ef5	c.and	x13,x13	 x13:0x00000001 x13:0x00000001 x13=0x00000001
         102884	      5132	800013ac	0694	c.addi4spn	x13,x2,832	 x13=0x0000033b
         102964	      5136	800013ae	02192433	mulhsu	x8,x18,x1	 x18:0x02000000  x1:0xfffffdff  x8=0x01fffffb
         102984	      5137	800013b2	014d2933	slt	x18,x26,x20	 x26:0x8000ae64 x20:0xfbc7de9e x18=0x00000001
         103004	      5138	800013b6	717d	c.addi16sp	x2,-16	  x2:0xfffffffb  x2=0xffffffeb
         103024	      5139	800013b8	005e1ab3	sll	x21,x28,x5	 x28:0xfbc7d914  x5:0xfffffdff x21=0x00000000
         103084	      5142	800013bc	404e0133	sub	x2,x28,x4	 x28:0xfbc7d914  x4:0xffffffff  x2=0xfbc7d915
         103144	      5145	800013c0	0001	c.addi	x0,0	  x0:0x00000000  x0=0x00000000
         103924	      5184	800013c2	02814bb3	div	x23,x2,x8	  x2:0xfbc7d915  x8:0x01fffffb x23=0xfffffffe
         103944	      5185	800013c6	f7d3be93	sltiu	x29,x7,-131	  x7:0xffffffff x29=0x00000000
         103964	      5186	800013ca	c9e7a013	slti	x0,x15,-866	 x15:0x00000080  x0=0x00000000
         104764	      5226	800013ce	03126633	rem	x12,x4,x17	  x4:0xffffffff x17:0x00011000 x12=0xffffffff
         104784	      5227	800013d2	01c438b3	sltu	x17,x8,x28	  x8:0x01fffffb x28:0xfbc7d914 x17=0x00000001
         104804	      5228	800013d6	717d	c.addi16sp	x2,-16	  x2:0xfbc7d915  x2=0xfbc7d905
         104824	      5229	800013d8	01451693	slli	x13,x10,0x14	 x10:0xfbc7de9e x13=0xe9e00000
         104884	      5232	800013dc	86ed	c.srai	x13,0x1b	 x13:0xe9e00000 x13=0xfffffffd
         104944	      5235	800013de	e0f51717	auipc	x14,0xe0f51	 x14=0x60f523de
         104964	      5236	800013e2	8d15	c.sub	x10,x13	 x10:0xfbc7de9e x13:0xfffffffd x10=0xfbc7dea1
         105004	      5238	800013e4	00f2aab3	slt	x21,x5,x15	  x5:0xfffffdff x15:0x00000080 x21=0x00000001
         105064	      5241	800013e8	01635833	srl	x16,x6,x22	  x6:0x00000001 x22:0xfffff4ae x16=0x00000000
         105124	      5244	800013ec	41805033	sra	x0,x0,x24	  x0:0x00000000 x24:0x00000000  x0=0x00000000
         105184	      5247	800013f0	0167e033	or	x0,x15,x22	 x15:0x00000080 x22:0xfffff4ae  x0=0x00000000
         105244	      5250	800013f4	414ada93	srai	x21,x21,0x14	 x21:0x00000001 x21=0x00000000
         105304	      5253	800013f8	8e95	c.sub	x13,x13	 x13:0xfffffffd x13:0xfffffffd x13=0x00000000
         105364	      5256	800013fa	00662033	slt	x0,x12,x6	 x12:0xffffffff  x6:0x00000001  x0=0x00000000
         105424	      5259	800013fe	004ae033	or	x0,x21,x4	 x21:0x00000000  x4:0xffffffff  x0=0x00000000
         105444	      5260	80001402	8ed5	c.or	x13,x13	 x13:0x00000000 x13:0x00000000 x13=0x00000000
         105484	      5262	80001404	ce5d0813	addi	x16,x26,-795	 x26:0x8000ae64 x16=0x8000ab49
         105604	      5268	80001408	030920b3	mulhsu	x1,x18,x16	 x18:0x00000001 x16:0x8000ab49  x1=0x00000000
         105624	      5269	8000140c	00fd	c.addi	x1,31	  x1:0x00000000  x1=0x0000001f
         105664	      5271	8000140e	00679093	slli	x1,x15,0x6	 x15:0x00000080  x1=0x00002000
         105724	      5274	80001412	01c84033	xor	x0,x16,x28	 x16:0x8000ab49 x28:0xfbc7d914  x0=0x00000000
         105784	      5277	80001416	d0364813	xori	x16,x12,-765	 x12:0xffffffff x16=0x000002fc
         105844	      5280	8000141a	006e8233	add	x4,x29,x6	 x29:0x00000000  x6:0x00000001  x4=0x00000001
         105904	      5283	8000141e	005fe4b3	or	x9,x31,x5	 x31:0xff057b01  x5:0xfffffdff  x9=0xffffffff
         105964	      5286	80001422	3af26e13	ori	x28,x4,943	  x4:0x00000001 x28=0x000003af
         106024	      5289	80001426	00682933	slt	x18,x16,x6	 x16:0x000002fc  x6:0x00000001 x18=0x00000000
         106104	      5293	8000142a	02d8e333	rem	x6,x17,x13	 x17:0x00000001 x13:0x00000000  x6=0x00000001
         106124	      5294	8000142e	8eb5	c.xor	x13,x13	 x13:0x00000000 x13:0x00000000 x13=0x00000000
         106144	      5295	80001430	8299	c.srli	x13,0x6	 x13:0x00000000 x13=0x00000000
         106204	      5298	80001432	018ee833	or	x16,x29,x24	 x29:0x00000000 x24:0x00000000 x16=0x00000000
         106264	      5301	80001436	005531b3	sltu	x3,x10,x5	 x10:0xfbc7dea1  x5:0xfffffdff  x3=0x00000001
         106364	      5306	8000143a	03ac0033	mul	x0,x24,x26	 x24:0x00000000 x26:0x8000ae64  x0=0x00000000
         106384	      5307	8000143e	000826b3	slt	x13,x16,x0	 x16:0x00000000  x0:0x00000000 x13=0x00000000
         106404	      5308	80001442	717d	c.addi16sp	x2,-16	  x2:0xfbc7d905  x2=0xfbc7d8f5
         106444	      5310	80001444	6cb5	c.lui	x25,0xd	 x25=0x0000d000
         106464	      5311	80001446	8689	c.srai	x13,0x2	 x13:0x00000000 x13=0x00000000
         106504	      5313	80001448	8e95	c.sub	x13,x13	 x13:0x00000000 x13:0x00000000 x13=0x00000000
         106564	      5316	8000144a	002b3ab3	sltu	x21,x22,x2	 x22:0xfffff4ae  x2:0xfbc7d8f5 x21=0x00000000
         106624	      5319	8000144e	01365713	srli	x14,x12,0x13	 x12:0xffffffff x14=0x00001fff
         106684	      5322	80001452	01549e93	slli	x29,x9,0x15	  x9:0xffffffff x29=0xffe00000
         106704	      5323	80001456	60e9	c.lui	x1,0x1a	  x1=0x0001a000
         106804	      5328	80001458	0390b733	mulhu	x14,x1,x25	  x1:0x0001a000 x25:0x0000d000 x14=0x00000001
         106824	      5329	8000145c	8ed5	c.or	x13,x13	 x13:0x00000000 x13:0x00000000 x13=0x00000000
         106864	      5331	8000145e	013ea033	slt	x0,x29,x19	 x29:0xffe00000 x19:0x00800000  x0=0x00000000
         106924	      5334	80001462	41e654b3	sra	x9,x12,x30	 x12:0xffffffff x30:0x00000000  x9=0xffffffff
         106984	      5337	80001466	00c41093	slli	x1,x8,0xc	  x8:0x01fffffb  x1=0xffffb000
         107044	      5340	8000146a	2fb53013	sltiu	x0,x10,763	 x10:0xfbc7dea1  x0=0x00000000
         107064	      5341	8000146e	8e95	c.sub	x13,x13	 x13:0x00000000 x13:0x00000000 x13=0x00000000
         107104	      5343	80001470	01172eb3	slt	x29,x14,x17	 x14:0x00000001 x17:0x00000001 x29=0x00000000
         107164	      5346	80001474	8ae9	c.andi	x13,26	 x13:0x00000000 x13=0x00000000
         107224	      5349	80001476	40dcd313	srai	x6,x25,0xd	 x25:0x0000d000  x6=0x00000006
         107284	      5352	8000147a	412f5a13	srai	x20,x30,0x12	 x30:0x00000000 x20=0x00000000
         107384	      5357	8000147e	025e8933	mul	x18,x29,x5	 x29:0x00000000  x5:0xfffffdff x18=0x00000000
         107404	      5358	80001482	00585033	srl	x0,x16,x5	 x16:0x00000000  x5:0xfffffdff  x0=0x00000000
         107484	      5362	80001486	0208ee33	rem	x28,x17,x0	 x17:0x00000001  x0:0x00000000 x28=0x00000001
         107504	      5363	8000148a	86f9	c.srai	x13,0x1e	 x13:0x00000000 x13=0x00000000
         107524	      5364	8000148c	010f5033	srl	x0,x30,x16	 x30:0x00000000 x16:0x00000000  x0=0x00000000
         107644	      5370	80001490	03139133	mulh	x2,x7,x17	  x7:0xffffffff x17:0x00000001  x2=0xffffffff
         107664	      5371	80001494	979e	c.add	x15,x7	 x15:0x00000080  x7:0xffffffff x15=0x0000007f
         107704	      5373	80001496	00ef32b3	sltu	x5,x30,x14	 x30:0x00000000 x14:0x00000001  x5=0x00000001
         107724	      5374	8000149a	8092	c.mv	x1,x4	  x0:0x00000000  x4:0x00000001  x1=0x00000001
         107764	      5376	8000149c	0294	c.addi4spn	x13,x2,320	 x13=0x0000013f
         107784	      5377	8000149e	997d	c.andi	x10,-1	 x10:0xfbc7dea1 x10=0xfbc7dea1
         107824	      5379	800014a0	8a8d	c.andi	x13,3	 x13:0x0000013f x13=0x00000003
         107844	      5380	800014a2	0341	c.addi	x6,16	  x6:0x00000006  x6=0x00000016
         107884	      5382	800014a4	0001	c.addi	x0,0	  x0:0x00000000  x0=0x00000000
         107904	      5383	800014a6	0290	c.addi4spn	x12,x2,320	 x12=0x0000013f
         107944	      5385	800014a8	0001	c.addi	x0,0	  x0:0x00000000  x0=0x00000000
         108004	      5388	800014aa	41810333	sub	x6,x2,x24	  x2:0xffffffff x24:0x00000000  x6=0xffffffff
         108024	      5389	800014ae	0001	c.addi	x0,0	  x0:0x00000000  x0=0x00000000
         108064	      5391	800014b0	0001	c.addi	x0,0	  x0:0x00000000  x0=0x00000000
         108084	      5392	800014b2	8ed5	c.or	x13,x13	 x13:0x00000003 x13:0x00000003 x13=0x00000003
         108124	      5394	800014b4	0484	c.addi4spn	x9,x2,576	  x9=0x0000023f
         108144	      5395	800014b6	10fd	c.addi	x1,-1	  x1:0x00000001  x1=0x00000000
         108184	      5397	800014b8	95b6	c.add	x11,x13	 x11:0xffbc7e2a x13:0x00000003 x11=0xffbc7e2d
         108244	      5400	800014ba	002608b3	add	x17,x12,x2	 x12:0x0000013f  x2:0xffffffff x17=0x0000013e
         108264	      5401	800014be	0806	c.slli	x16,0x1	 x16:0x00000000 x16=0x00000000
         108304	      5403	800014c0	0129d4b3	srl	x9,x19,x18	 x19:0x00800000 x18:0x00000000  x9=0x00800000
         108364	      5406	800014c4	000b3033	sltu	x0,x22,x0	 x22:0xfffff4ae  x0:0x00000000  x0=0x00000000
         108424	      5409	800014c8	8ecd	c.or	x13,x11	 x13:0x00000003 x11:0xffbc7e2d x13=0xffbc7e2f
         108484	      5412	800014ca	40400833	sub	x16,x0,x4	  x0:0x00000000  x4:0x00000001 x16=0xffffffff
         108544	      5415	800014ce	0bbdfa13	andi	x20,x27,187	 x27:0x00000000 x20=0x00000000
         108604	      5418	800014d2	009b68b3	or	x17,x22,x9	 x22:0xfffff4ae  x9:0x00800000 x17=0xfffff4ae
         109384	      5457	800014d6	02d458b3	divu	x17,x8,x13	  x8:0x01fffffb x13:0xffbc7e2f x17=0x00000000
         109404	      5458	800014da	0001	c.addi	x0,0	  x0:0x00000000  x0=0x00000000
         110144	      5495	800014dc	02ecc033	div	x0,x25,x14	 x25:0x0000d000 x14:0x00000001  x0=0x00000000
         110164	      5496	800014e0	840e	c.mv	x8,x3	  x0:0x00000000  x3:0x00000001  x8=0x00000001
         110184	      5497	800014e2	4104d013	srai	x0,x9,0x10	  x9:0x00800000  x0=0x00000000
         110204	      5498	800014e6	8a81	c.andi	x13,0	 x13:0xffbc7e2f x13=0x00000000
         110224	      5499	800014e8	ad3ccb93	xori	x23,x25,-1325	 x25:0x0000d000 x23=0xffff2ad3
         110284	      5502	800014ec	60a87c13	andi	x24,x16,1546	 x16:0xffffffff x24=0x0000060a
         110344	      5505	800014f0	01585b93	srli	x23,x16,0x15	 x16:0xffffffff x23=0x000007ff
         110404	      5508	800014f4	08833813	sltiu	x16,x6,136	  x6:0xffffffff x16=0x00000000
         110464	      5511	800014f8	001788b3	add	x17,x15,x1	 x15:0x0000007f  x1:0x00000000 x17=0x0000007f
         110524	      5514	800014fc	658d	c.lui	x11,0x3	 x11=0x00003000
         110584	      5517	800014fe	019ec433	xor	x8,x29,x25	 x29:0x00000000 x25:0x0000d000  x8=0x0000d000
         110604	      5518	80001502	717d	c.addi16sp	x2,-16	  x2:0xffffffff  x2=0xffffffef
         110644	      5520	80001504	1508	c.addi4spn	x10,x2,672	 x10=0x0000028f
         110704	      5523	80001506	56a34613	xori	x12,x6,1386	  x6:0xffffffff x12=0xfffffa95
         110764	      5526	8000150a	0062a3b3	slt	x7,x5,x6	  x5:0x00000001  x6:0xffffffff  x7=0x00000000
         110784	      5527	8000150e	8eb5	c.xor	x13,x13	 x13:0x00000000 x13:0x00000000 x13=0x00000000
         110824	      5529	80001510	8661	c.srai	x12,0x18	 x12:0xfffffa95 x12=0xffffffff
         110884	      5532	80001512	00642633	slt	x12,x8,x6	  x8:0x0000d000  x6:0xffffffff x12=0x00000000
         110904	      5533	80001516	0001	c.addi	x0,0	  x0:0x00000000  x0=0x00000000
         110944	      5535	80001518	0001	c.addi	x0,0	  x0:0x00000000  x0=0x00000000
         111004	      5538	8000151a	a6ba8313	addi	x6,x21,-1429	 x21:0x00000000  x6=0xfffffa6b
         111104	      5543	8000151e	02288e33	mul	x28,x17,x2	 x17:0x0000007f  x2:0xffffffef x28=0xfffff791
         111164	      5546	80001522	028206b3	mul	x13,x4,x8	  x4:0x00000001  x8:0x0000d000 x13=0x0000d000
         111184	      5547	80001526	8331	c.srli	x14,0xc	 x14:0x00000001 x14=0x00000000
         111924	      5584	80001528	023ad8b3	divu	x17,x21,x3	 x21:0x00000000  x3:0x00000001 x17=0x00000000
         111944	      5585	8000152c	409b5b33	sra	x22,x22,x9	 x22:0xfffff4ae  x9:0x00800000 x22=0xfffff4ae
         111964	      5586	80001530	01a796b3	sll	x13,x15,x26	 x15:0x0000007f x26:0x8000ae64 x13=0x000007f0
         111984	      5587	80001534	01dd9a93	slli	x21,x27,0x1d	 x27:0x00000000 x21=0x00000000
         112024	      5589	80001538	81da	c.mv	x3,x22	  x0:0x00000000 x22:0xfffff4ae  x3=0xfffff4ae
         112084	      5592	8000153a	016f9733	sll	x14,x31,x22	 x31:0xff057b01 x22:0xfffff4ae x14=0x5ec04000
         112144	      5595	8000153e	01a1f1b3	and	x3,x3,x26	  x3:0xfffff4ae x26:0x8000ae64  x3=0x8000a424
         112204	      5598	80001542	01395633	srl	x12,x18,x19	 x18:0x00000000 x19:0x00800000 x12=0x00000000
         112304	      5603	80001546	02eb8db3	mul	x27,x23,x14	 x23:0x000007ff x14:0x5ec04000 x27=0xa33fc000
         112324	      5604	8000154a	07c9	c.addi	x15,18	 x15:0x0000007f x15=0x00000091
         112344	      5605	8000154c	86c1	c.srai	x13,0x10	 x13:0x000007f0 x13=0x00000000
         112444	      5610	8000154e	022b2933	mulhsu	x18,x22,x2	 x22:0xfffff4ae  x2:0xffffffef x18=0xfffff4ae
         112464	      5611	80001552	8ed5	c.or	x13,x13	 x13:0x00000000 x13:0x00000000 x13=0x00000000
         112484	      5612	80001554	e2cb95b7	lui	x11,0xe2cb9	 x11=0xe2cb9000
         112504	      5613	80001558	0001b033	sltu	x0,x3,x0	  x3:0x8000a424  x0:0x00000000  x0=0x00000000
         112564	      5616	8000155c	41988333	sub	x6,x17,x25	 x17:0x00000000 x25:0x0000d000  x6=0xffff3000
         112624	      5619	80001560	6151	c.addi16sp	x2,272	  x2:0xffffffef  x2=0x000000ff
         112744	      5625	80001562	037d23b3	mulhsu	x7,x26,x23	 x26:0x8000ae64 x23:0x000007ff  x7=0xfffffc00
         112764	      5626	80001566	00793333	sltu	x6,x18,x7	 x18:0xfffff4ae  x7:0xfffffc00  x6=0x00000001
         112784	      5627	8000156a	8ef5	c.and	x13,x13	 x13:0x00000000 x13:0x00000000 x13=0x00000000
         112804	      5628	8000156c	9486	c.add	x9,x1	  x9:0x00800000  x1:0x00000000  x9=0x00800000
         112864	      5631	8000156e	0116a913	slti	x18,x13,17	 x13:0x00000000 x18=0x00000001
         112884	      5632	80001572	86b5	c.srai	x13,0xd	 x13:0x00000000 x13=0x00000000
         112924	      5634	80001574	9afd	c.andi	x13,-1	 x13:0x00000000 x13=0x00000000
         112944	      5635	80001576	9ed6	c.add	x29,x21	 x29:0x00000000 x21:0x00000000 x29=0x00000000
         113704	      5673	80001578	02fc4db3	div	x27,x24,x15	 x24:0x0000060a x15:0x00000091 x27=0x0000000a
         113784	      5677	8000157c	03f327b3	mulhsu	x15,x6,x31	  x6:0x00000001 x31:0xff057b01 x15=0x00000000
         113804	      5678	80001580	01f26033	or	x0,x4,x31	  x4:0x00000001 x31:0xff057b01  x0=0x00000000
         113824	      5679	80001584	6aa9	c.lui	x21,0xa	 x21=0x0000a000
         113844	      5680	80001586	0c36	c.slli	x24,0xd	 x24:0x0000060a x24=0x00c14000
         113864	      5681	80001588	59460793	addi	x15,x12,1428	 x12:0x00000000 x15=0x00000594
         113884	      5682	8000158c	9652	c.add	x12,x20	 x12:0x00000000 x20:0x00000000 x12=0x00000000
         113904	      5683	8000158e	8285	c.srli	x13,0x1	 x13:0x00000000 x13=0x00000000
         113944	      5685	80001590	00148933	add	x18,x9,x1	  x9:0x00800000  x1:0x00000000 x18=0x00800000
         114004	      5688	80001594	9afd	c.andi	x13,-1	 x13:0x00000000 x13=0x00000000
         114024	      5689	80001596	18fd	c.addi	x17,-1	 x17:0x00000000 x17=0xffffffff
         114064	      5691	80001598	90b2	c.add	x1,x12	  x1:0x00000000 x12:0x00000000  x1=0x00000000
         114084	      5692	8000159a	9562	c.add	x10,x24	 x10:0x0000028f x24:0x00c14000 x10=0x00c1428f
         114124	      5694	8000159c	00869833	sll	x16,x13,x8	 x13:0x00000000  x8:0x0000d000 x16=0x00000000
         114184	      5697	800015a0	717d	c.addi16sp	x2,-16	  x2:0x000000ff  x2=0x000000ef
         114204	      5698	800015a2	8ea5	c.xor	x13,x9	 x13:0x00000000  x9:0x00800000 x13=0x00800000
         114244	      5700	800015a4	01d992b3	sll	x5,x19,x29	 x19:0x00800000 x29:0x00000000  x5=0x00800000
         114304	      5703	800015a8	8ae9	c.andi	x13,26	 x13:0x00800000 x13=0x00000000
         114364	      5706	800015aa	1ef411b7	lui	x3,0x1ef41	  x3=0x1ef41000
         114424	      5709	800015ae	01299193	slli	x3,x19,0x12	 x19:0x00800000  x3=0x00000000
         115204	      5748	800015b2	03a161b3	rem	x3,x2,x26	  x2:0x000000ef x26:0x8000ae64  x3=0x000000ef
         115244	      5750	800015b6	0217db33	divu	x22,x15,x1	 x15:0x00000594  x1:0x00000000 x22=0xffffffff
         115264	      5751	800015ba	6505b013	sltiu	x0,x11,1616	 x11:0xe2cb9000  x0=0x00000000
         115284	      5752	800015be	86cd	c.srai	x13,0x13	 x13:0x00000000 x13=0x00000000
         115324	      5754	800015c0	3d4b0a13	addi	x20,x22,980	 x22:0xffffffff x20=0x000003d3
         115384	      5757	800015c4	fbb8cc13	xori	x24,x17,-69	 x17:0xffffffff x24=0x00000044
         115444	      5760	800015c8	0094	c.addi4spn	x13,x2,64	 x13=0x0000012f
         115464	      5761	800015ca	8ed5	c.or	x13,x13	 x13:0x0000012f x13:0x0000012f x13=0x0000012f
         115504	      5763	800015cc	0001aeb3	slt	x29,x3,x0	  x3:0x000000ef  x0:0x00000000 x29=0x00000000
         115564	      5766	800015d0	000524b3	slt	x9,x10,x0	 x10:0x00c1428f  x0:0x00000000  x9=0x00000000
         115624	      5769	800015d4	00e01733	sll	x14,x0,x14	  x0:0x00000000 x14:0x5ec04000 x14=0x00000000
         115684	      5772	800015d8	8ee2	c.mv	x29,x24	  x0:0x00000000 x24:0x00000044 x29=0x00000044
         115704	      5773	800015da	0108	c.addi4spn	x10,x2,128	 x10=0x0000016f
         115744	      5775	800015dc	412adb33	sra	x22,x21,x18	 x21:0x0000a000 x18:0x00800000 x22=0x0000a000
         116524	      5814	800015e0	035d6333	rem	x6,x26,x21	 x26:0x8000ae64 x21:0x0000a000  x6=0xffff8e64
         116544	      5815	800015e4	018d	c.addi	x3,3	  x3:0x000000ef  x3=0x000000f2
         116564	      5816	800015e6	01f89713	slli	x14,x17,0x1f	 x17:0xffffffff x14=0x80000000
         117304	      5853	800015ea	0269d633	divu	x12,x19,x6	 x19:0x00800000  x6:0xffff8e64 x12=0x00000000
         117324	      5854	800015ee	0148c633	xor	x12,x17,x20	 x17:0xffffffff x20:0x000003d3 x12=0xfffffc2c
         117344	      5855	800015f2	1294	c.addi4spn	x13,x2,352	 x13=0x0000024f
         117364	      5856	800015f4	0794	c.addi4spn	x13,x2,960	 x13=0x000004af
         117424	      5859	800015f6	0118f8b3	and	x17,x17,x17	 x17:0xffffffff x17:0xffffffff x17=0xffffffff
         117444	      5860	800015fa	717d	c.addi16sp	x2,-16	  x2:0x000000ef  x2=0x000000df
         117484	      5862	800015fc	00852db3	slt	x27,x10,x8	 x10:0x0000016f  x8:0x0000d000 x27=0x00000001
         117544	      5865	80001600	567efd93	andi	x27,x29,1383	 x29:0x00000044 x27=0x00000044
         117604	      5868	80001604	018d1833	sll	x16,x26,x24	 x26:0x8000ae64 x24:0x00000044 x16=0x000ae640
         117664	      5871	80001608	8621	c.srai	x12,0x8	 x12:0xfffffc2c x12=0xfffffffc
         117724	      5874	8000160a	81988d93	addi	x27,x17,-2023	 x17:0xffffffff x27=0xfffff818
         117744	      5875	8000160e	717d	c.addi16sp	x2,-16	  x2:0x000000df  x2=0x000000cf
         117784	      5877	80001610	00cae5b3	or	x11,x21,x12	 x21:0x0000a000 x12:0xfffffffc x11=0xfffffffc
         117844	      5880	80001614	40775213	srai	x4,x14,0x7	 x14:0x80000000  x4=0xff000000
         117904	      5883	80001618	8eb9	c.xor	x13,x14	 x13:0x000004af x14:0x80000000 x13=0x800004af
         117964	      5886	8000161a	4110d833	sra	x16,x1,x17	  x1:0x00000000 x17:0xffffffff x16=0x00000000
         118024	      5889	8000161e	779e7c13	andi	x24,x28,1913	 x28:0xfffff791 x24=0x00000711
         118044	      5890	80001622	8eb5	c.xor	x13,x13	 x13:0x800004af x13:0x800004af x13=0x00000000
         118084	      5892	80001624	0148a7b3	slt	x15,x17,x20	 x17:0xffffffff x20:0x000003d3 x15=0x00000001
         118144	      5895	80001628	40e8d693	srai	x13,x17,0xe	 x17:0xffffffff x13=0xffffffff
         118204	      5898	8000162c	003dda13	srli	x20,x27,0x3	 x27:0xfffff818 x20=0x1fffff03
         118264	      5901	80001630	01d03e33	sltu	x28,x0,x29	  x0:0x00000000 x29:0x00000044 x28=0x00000001
         118324	      5904	80001634	654f8813	addi	x16,x31,1620	 x31:0xff057b01 x16=0xff058155
         118384	      5907	80001638	87ce	c.mv	x15,x19	  x0:0x00000000 x19:0x00800000 x15=0x00800000
         118404	      5908	8000163a	8b26	c.mv	x22,x9	  x0:0x00000000  x9:0x00000000 x22=0x00000000
         118444	      5910	8000163c	8689	c.srai	x13,0x2	 x13:0xffffffff x13=0xffffffff
         118464	      5911	8000163e	415d	c.li	x2,23	  x2=0x00000017
         119224	      5949	80001640	02efd9b3	divu	x19,x31,x14	 x31:0xff057b01 x14:0x80000000 x19=0x00000001
         119244	      5950	80001644	8989	c.andi	x11,2	 x11:0xfffffffc x11=0x00000000
         119264	      5951	80001646	41dc5c33	sra	x24,x24,x29	 x24:0x00000711 x29:0x00000044 x24=0x00000071
         119324	      5954	8000164a	020601b3	mul	x3,x12,x0	 x12:0xfffffffc  x0:0x00000000  x3=0x00000000
         120064	      5991	8000164e	02ca49b3	div	x19,x20,x12	 x20:0x1fffff03 x12:0xfffffffc x19=0xf8000040
         120084	      5992	80001652	015204b3	add	x9,x4,x21	  x4:0xff000000 x21:0x0000a000  x9=0xff00a000
         120104	      5993	80001656	40e10233	sub	x4,x2,x14	  x2:0x00000017 x14:0x80000000  x4=0x80000017
         120244	      6000	8000165a	02591bb3	mulh	x23,x18,x5	 x18:0x00800000  x5:0x00800000 x23=0x00004000
         120264	      6001	8000165e	9086	c.add	x1,x1	  x1:0x00000000  x1:0x00000000  x1=0x00000000
         120284	      6002	80001660	01ea9733	sll	x14,x21,x30	 x21:0x0000a000 x30:0x00000000 x14=0x0000a000
         120304	      6003	80001664	4975	c.li	x18,29	 x18=0x0000001d
         120364	      6006	80001666	232a8713	addi	x14,x21,562	 x21:0x0000a000 x14=0x0000a232
         120384	      6007	8000166a	717d	c.addi16sp	x2,-16	  x2:0x00000017  x2=0x00000007
         120484	      6012	8000166c	02e5a7b3	mulhsu	x15,x11,x14	 x11:0x00000000 x14:0x0000a232 x15=0x00000000
         120504	      6013	80001670	8b16	c.mv	x22,x5	  x0:0x00000000  x5:0x00800000 x22=0x00800000
         120544	      6015	80001672	0070a2b3	slt	x5,x1,x7	  x1:0x00000000  x7:0xfffffc00  x5=0x00000000
         120604	      6018	80001676	01612a33	slt	x20,x2,x22	  x2:0x00000007 x22:0x00800000 x20=0x00000001
         120664	      6021	8000167a	40905513	srai	x10,x0,0x9	  x0:0x00000000 x10=0x00000000
         120724	      6024	8000167e	018d9033	sll	x0,x27,x24	 x27:0xfffff818 x24:0x00000071  x0=0x00000000
         120784	      6027	80001682	3dab4a97	auipc	x21,0x3dab4	 x21=0xbdab5682
         120904	      6033	80001686	03d291b3	mulh	x3,x5,x29	  x5:0x00000000 x29:0x00000044  x3=0x00000000
         120984	      6037	8000168a	0227adb3	mulhsu	x27,x15,x2	 x15:0x00000000  x2:0x00000007 x27=0x00000000
         121004	      6038	8000168e	0193e8b3	or	x17,x7,x25	  x7:0xfffffc00 x25:0x0000d000 x17=0xfffffc00
         121024	      6039	80001692	8ed5	c.or	x13,x13	 x13:0xffffffff x13:0xffffffff x13=0xffffffff
         121044	      6040	80001694	0039b1b3	sltu	x3,x19,x3	 x19:0xf8000040  x3:0x00000000  x3=0x00000000
         121084	      6042	80001698	002995b3	sll	x11,x19,x2	 x19:0xf8000040  x2:0x00000007 x11=0x00002000
         121144	      6045	8000169c	54f16d93	ori	x27,x2,1359	  x2:0x00000007 x27=0x0000054f
         121204	      6048	800016a0	93ee	c.add	x7,x27	  x7:0xfffffc00 x27:0x0000054f  x7=0x0000014f
         121264	      6051	800016a2	41d402b3	sub	x5,x8,x29	  x8:0x0000d000 x29:0x00000044  x5=0x0000cfbc
         121324	      6054	800016a6	b0beca13	xori	x20,x29,-1269	 x29:0x00000044 x20=0xfffffb4f
         121384	      6057	800016aa	0087d093	srli	x1,x15,0x8	 x15:0x00000000  x1=0x00000000
         121404	      6058	800016ae	0cfa	c.slli	x25,0x1e	 x25:0x0000d000 x25=0x00000000
         121444	      6060	800016b0	8eb5	c.xor	x13,x13	 x13:0xffffffff x13:0xffffffff x13=0x00000000
         121504	      6063	800016b2	7f122993	slti	x19,x4,2033	  x4:0x80000017 x19=0x00000001
         121564	      6066	800016b6	5199e593	ori	x11,x19,1305	 x19:0x00000001 x11=0x00000519
         121624	      6069	800016ba	014ad533	srl	x10,x21,x20	 x21:0xbdab5682 x20:0xfffffb4f x10=0x00017b56
         121644	      6070	800016be	8291	c.srli	x13,0x4	 x13:0x00000000 x13=0x00000000
         121684	      6072	800016c0	0be95617	auipc	x12,0xbe95	 x12=0x8be966c0
         121744	      6075	800016c4	5bc1fa93	andi	x21,x3,1468	  x3:0x00000000 x21=0x00000000
         121804	      6078	800016c8	0168f2b3	and	x5,x17,x22	 x17:0xfffffc00 x22:0x00800000  x5=0x00800000
         121904	      6083	800016cc	02d48633	mul	x12,x9,x13	  x9:0xff00a000 x13:0x00000000 x12=0x00000000
         121924	      6084	800016d0	0001	c.addi	x0,0	  x0:0x00000000  x0=0x00000000
         121984	      6087	800016d2	0119d033	srl	x0,x19,x17	 x19:0x00000001 x17:0xfffffc00  x0=0x00000000
         122044	      6090	800016d6	00dd04b3	add	x9,x26,x13	 x26:0x8000ae64 x13:0x00000000  x9=0x8000ae64
         122164	      6096	800016da	03209033	mulh	x0,x1,x18	  x1:0x00000000 x18:0x0000001d  x0=0x00000000
         122184	      6097	800016de	0024d013	srli	x0,x9,0x2	  x9:0x8000ae64  x0=0x00000000
         122944	      6135	800016e2	03675433	divu	x8,x14,x22	 x14:0x0000a232 x22:0x00800000  x8=0x00000000
         122964	      6136	800016e6	00cbde33	srl	x28,x23,x12	 x23:0x00004000 x12:0x00000000 x28=0x00004000
         123044	      6140	800016ea	02da12b3	mulh	x5,x20,x13	 x20:0xfffffb4f x13:0x00000000  x5=0x00000000
         123124	      6144	800016ee	0325a3b3	mulhsu	x7,x11,x18	 x11:0x00000519 x18:0x0000001d  x7=0x00000000
         123204	      6148	800016f2	03de2e33	mulhsu	x28,x28,x29	 x28:0x00004000 x29:0x00000044 x28=0x00000000
         123224	      6149	800016f6	01678db3	add	x27,x15,x22	 x15:0x00000000 x22:0x00800000 x27=0x00800000
         123304	      6153	800016fa	0318a633	mulhsu	x12,x17,x17	 x17:0xfffffc00 x17:0xfffffc00 x12=0xfffffc00
         124044	      6190	800016fe	0240c133	div	x2,x1,x4	  x1:0x00000000  x4:0x80000017  x2=0x00000000
         124064	      6191	80001702	95ce	c.add	x11,x19	 x11:0x00000519 x19:0x00000001 x11=0x0000051a
         124084	      6192	80001704	0162db33	srl	x22,x5,x22	  x5:0x00000000 x22:0x00800000 x22=0x00000000
         124144	      6195	80001708	03b301b3	mul	x3,x6,x27	  x6:0xffff8e64 x27:0x00800000  x3=0x32000000
         124164	      6196	8000170c	40abd933	sra	x18,x23,x10	 x23:0x00004000 x10:0x00017b56 x18=0x00000000
         124204	      6198	80001710	01913bb3	sltu	x23,x2,x25	  x2:0x00000000 x25:0x00000000 x23=0x00000000
         124264	      6201	80001714	9c9a	c.add	x25,x6	 x25:0x00000000  x6:0xffff8e64 x25=0xffff8e64
         124384	      6207	80001716	03142033	mulhsu	x0,x8,x17	  x8:0x00000000 x17:0xfffffc00  x0=0x00000000
         124404	      6208	8000171a	8c95	c.sub	x9,x13	  x9:0x8000ae64 x13:0x00000000  x9=0x8000ae64
         125144	      6245	8000171c	0391cbb3	div	x23,x3,x25	  x3:0x32000000 x25:0xffff8e64 x23=0xffff8f56
         125164	      6246	80001720	01854733	xor	x14,x10,x24	 x10:0x00017b56 x24:0x00000071 x14=0x00017b27
         125184	      6247	80001724	8ae5	c.andi	x13,25	 x13:0x00000000 x13=0x00000000
         125204	      6248	80001726	c1580693	addi	x13,x16,-1003	 x16:0xff058155 x13=0xff057d6a
         125224	      6249	8000172a	e6317813	andi	x16,x2,-413	  x2:0x00000000 x16=0x00000000
         125244	      6250	8000172e	8285	c.srli	x13,0x1	 x13:0xff057d6a x13=0x7f82beb5
         125284	      6252	80001730	8ef5	c.and	x13,x13	 x13:0x7f82beb5 x13:0x7f82beb5 x13=0x7f82beb5
         125304	      6253	80001732	0532	c.slli	x10,0xc	 x10:0x00017b56 x10=0x17b56000
         125344	      6255	80001734	9976	c.add	x18,x29	 x18:0x00000000 x29:0x00000044 x18=0x00000044
         125404	      6258	80001736	00f5d393	srli	x7,x11,0xf	 x11:0x0000051a  x7=0x00000000
         125464	      6261	8000173a	407401b3	sub	x3,x8,x7	  x8:0x00000000  x7:0x00000000  x3=0x00000000
         125524	      6264	8000173e	00b70233	add	x4,x14,x11	 x14:0x00017b27 x11:0x0000051a  x4=0x00018041
         125544	      6265	80001742	4499	c.li	x9,6	  x9=0x00000006
         125584	      6267	80001744	940f7e13	andi	x28,x30,-1728	 x30:0x00000000 x28=0x00000000
         125644	      6270	80001748	76362993	slti	x19,x12,1891	 x12:0xfffffc00 x19=0x00000001
         125704	      6273	8000174c	52a67093	andi	x1,x12,1322	 x12:0xfffffc00  x1=0x00000400
         125764	      6276	80001750	0cc6c693	xori	x13,x13,204	 x13:0x7f82beb5 x13=0x7f82be79
         125824	      6279	80001754	90c2	c.add	x1,x16	  x1:0x00000400 x16:0x00000000  x1=0x00000400
         125844	      6280	80001756	13fd	c.addi	x7,-1	  x7:0x00000000  x7=0xffffffff
         125884	      6282	80001758	401d0033	sub	x0,x26,x1	 x26:0x8000ae64  x1:0x00000400  x0=0x00000000
         125944	      6285	8000175c	30c2c593	xori	x11,x5,780	  x5:0x00000000 x11=0x0000030c
         126064	      6291	80001760	037fa4b3	mulhsu	x9,x31,x23	 x31:0xff057b01 x23:0xffff8f56  x9=0xff057b6f
         126144	      6295	80001764	03f32cb3	mulhsu	x25,x6,x31	  x6:0xffff8e64 x31:0xff057b01 x25=0xffff8ed3
         126164	      6296	80001768	01c9	c.addi	x3,18	  x3:0x00000000  x3=0x00000012
         126244	      6300	8000176a	021930b3	mulhu	x1,x18,x1	 x18:0x00000044  x1:0x00000400  x1=0x00000000
         126264	      6301	8000176e	41b10033	sub	x0,x2,x27	  x2:0x00000000 x27:0x00800000  x0=0x00000000
         126284	      6302	80001772	1e7d	c.addi	x28,-1	 x28:0x00000000 x28=0xffffffff
         126304	      6303	80001774	8234a613	slti	x12,x9,-2013	  x9:0xff057b6f x12=0x00000001
         126364	      6306	80001778	4121d633	sra	x12,x3,x18	  x3:0x00000012 x18:0x00000044 x12=0x00000001
         126424	      6309	8000177c	8285	c.srli	x13,0x1	 x13:0x7f82be79 x13=0x3fc15f3c
         126444	      6310	8000177e	9a62	c.add	x20,x24	 x20:0xfffffb4f x24:0x00000071 x20=0xfffffbc0
         126484	      6312	80001780	402c8333	sub	x6,x25,x2	 x25:0xffff8ed3  x2:0x00000000  x6=0xffff8ed3
         126544	      6315	80001784	40228cb3	sub	x25,x5,x2	  x5:0x00000000  x2:0x00000000 x25=0x00000000
         126604	      6318	80001788	418d5533	sra	x10,x26,x24	 x26:0x8000ae64 x24:0x00000071 x10=0xffffc000
         126664	      6321	8000178c	008358b3	srl	x17,x6,x8	  x6:0xffff8ed3  x8:0x00000000 x17=0xffff8ed3
         126724	      6324	80001790	00ed08b3	add	x17,x26,x14	 x26:0x8000ae64 x14:0x00017b27 x17=0x8002298b
         126784	      6327	80001794	00608733	add	x14,x1,x6	  x1:0x00000000  x6:0xffff8ed3 x14=0xffff8ed3
         126844	      6330	80001798	008bde33	srl	x28,x23,x8	 x23:0xffff8f56  x8:0x00000000 x28=0xffff8f56
         127624	      6369	8000179c	024ce0b3	rem	x1,x25,x4	 x25:0x00000000  x4:0x00018041  x1=0x00000000
         127644	      6370	800017a0	8e35	c.xor	x12,x13	 x12:0x00000001 x13:0x3fc15f3c x12=0x3fc15f3d
         127664	      6371	800017a2	00858733	add	x14,x11,x8	 x11:0x0000030c  x8:0x00000000 x14=0x0000030c
         127744	      6375	800017a6	02281033	mulh	x0,x16,x2	 x16:0x00000000  x2:0x00000000  x0=0x00000000
         127804	      6378	800017aa	031c8ab3	mul	x21,x25,x17	 x25:0x00000000 x17:0x8002298b x21=0x00000000
         127824	      6379	800017ae	65eff093	andi	x1,x31,1630	 x31:0xff057b01  x1=0x00000200
         127864	      6381	800017b2	00980133	add	x2,x16,x9	 x16:0x00000000  x9:0xff057b6f  x2=0xff057b6f
         127884	      6382	800017b6	8ec1	c.or	x13,x8	 x13:0x3fc15f3c  x8:0x00000000 x13=0x3fc15f3c
         127924	      6384	800017b8	007d8c33	add	x24,x27,x7	 x27:0x00800000  x7:0xffffffff x24=0x007fffff
         127984	      6387	800017bc	00e12cb3	slt	x25,x2,x14	  x2:0xff057b6f x14:0x0000030c x25=0x00000001
         128044	      6390	800017c0	8aa5	c.andi	x13,9	 x13:0x3fc15f3c x13=0x00000008
         128824	      6429	800017c2	033bea33	rem	x20,x23,x19	 x23:0xffff8f56 x19:0x00000001 x20=0x00000000
         128844	      6430	800017c6	40c7de13	srai	x28,x15,0xc	 x15:0x00000000 x28=0x00000000
         128864	      6431	800017ca	912e	c.add	x2,x11	  x2:0xff057b6f x11:0x0000030c  x2=0xff057e7b
         128884	      6432	800017cc	86d1	c.srai	x13,0x14	 x13:0x00000008 x13=0x00000000
         128964	      6436	800017ce	0360e133	rem	x2,x1,x22	  x1:0x00000200 x22:0x00000000  x2=0x00000200
         129004	      6438	800017d2	380f7337	lui	x6,0x380f7	  x6=0x380f7000
         129064	      6441	800017d6	52030313	addi	x6,x6,1312	  x6:0x380f7000  x6=0x380f7520
         129124	      6444	800017da	6de6eeb7	lui	x29,0x6de6e	 x29=0x6de6e000
         129184	      6447	800017de	049e8e93	addi	x29,x29,73	 x29:0x6de6e000 x29=0x6de6e049
         129204	      6448	800017e2	4e01	c.li	x28,0	 x28=0x00000000
         129244	      6450	800017e4	4d85	c.li	x27,1	 x27=0x00000001
         129264	      6451	800017e6	4701	c.li	x14,0	 x14=0x00000000
         129304	      6453	800017e8	2450f7b7	lui	x15,0x2450f	 x15=0x2450f000
         129364	      6456	800017ec	59178793	addi	x15,x15,1425	 x15:0x2450f000 x15=0x2450f591
         129424	      6459	800017f0	4581	c.li	x11,0	 x11=0x00000000
         129444	      6460	800017f2	4481	c.li	x9,0	  x9=0x00000000
         129484	      6462	800017f4	64c299b7	lui	x19,0x64c29	 x19=0x64c29000
         129544	      6465	800017f8	9eb98993	addi	x19,x19,-1557	 x19:0x64c29000 x19=0x64c289eb
         129604	      6468	800017fc	4c81	c.li	x25,0	 x25=0x00000000
         129624	      6469	800017fe	0514	c.addi4spn	x13,x2,640	 x13=0x00000480
         129704	      6473	80001800	027e8db3	mul	x27,x29,x7	 x29:0x6de6e049  x7:0xffffffff x27=0x92191fb7
         129724	      6474	80001804	43813417	auipc	x8,0x43813	  x8=0xc3814804
         129804	      6478	80001808	0291c333	div	x6,x3,x9	  x3:0x00000012  x9:0x00000000  x6=0xffffffff
         129844	      6480	8000180c	419d0033	sub	x0,x26,x25	 x26:0x8000ae64 x25:0x00000000  x0=0x00000000
         129904	      6483	80001810	40ed03b3	sub	x7,x26,x14	 x26:0x8000ae64 x14:0x00000000  x7=0x8000ae64
         130024	      6489	80001814	03b3b7b3	mulhu	x15,x7,x27	  x7:0x8000ae64 x27:0x92191fb7 x15=0x490cf361
         130104	      6493	80001818	02c714b3	mulh	x9,x14,x12	 x14:0x00000000 x12:0x3fc15f3d  x9=0x00000000
         130844	      6530	8000181c	02cf68b3	rem	x17,x30,x12	 x30:0x00000000 x12:0x3fc15f3d x17=0x00000000
         130864	      6531	80001820	01638033	add	x0,x7,x22	  x7:0x8000ae64 x22:0x00000000  x0=0x00000000
         130944	      6535	80001824	03f89bb3	mulh	x23,x17,x31	 x17:0x00000000 x31:0xff057b01 x23=0x00000000
         131024	      6539	80001828	0305bbb3	mulhu	x23,x11,x16	 x11:0x00000000 x16:0x00000000 x23=0x00000000
         131764	      6576	8000182c	026fd433	divu	x8,x31,x6	 x31:0xff057b01  x6:0xffffffff  x8=0x00000000
         131824	      6579	80001830	03140033	mul	x0,x8,x17	  x8:0x00000000 x17:0x00000000  x0=0x00000000
         132564	      6616	80001834	03bad233	divu	x4,x21,x27	 x21:0x00000000 x27:0x92191fb7  x4=0x00000000
         132584	      6617	80001838	717d	c.addi16sp	x2,-16	  x2:0x00000200  x2=0x000001f0
         132604	      6618	8000183a	0001	c.addi	x0,0	  x0:0x00000000  x0=0x00000000
         132624	      6619	8000183c	41918833	sub	x16,x3,x25	  x3:0x00000012 x25:0x00000000 x16=0x00000012
         132644	      6620	80001840	6429	c.lui	x8,0xa	  x8=0x0000a000
         132664	      6621	80001842	d95386b7	lui	x13,0xd9538	 x13=0xd9538000
         132724	      6624	80001846	fd5961b7	lui	x3,0xfd596	  x3=0xfd596000
         132844	      6630	8000184a	02b33033	mulhu	x0,x6,x11	  x6:0xffffffff x11:0x00000000  x0=0x00000000
         133584	      6667	8000184e	0280dab3	divu	x21,x1,x8	  x1:0x00000200  x8:0x0000a000 x21=0x00000000
         133604	      6668	80001852	9a12	c.add	x20,x4	 x20:0x00000000  x4:0x00000000 x20=0x00000000
         133684	      6672	80001854	02011333	mulh	x6,x2,x0	  x2:0x000001f0  x0:0x00000000  x6=0x00000000
         133704	      6673	80001858	8eb5	c.xor	x13,x13	 x13:0xd9538000 x13:0xd9538000 x13=0x00000000
         133724	      6674	8000185a	0094	c.addi4spn	x13,x2,64	 x13=0x00000230
         133744	      6675	8000185c	0001	c.addi	x0,0	  x0:0x00000000  x0=0x00000000
         133764	      6676	8000185e	01635813	srli	x16,x6,0x16	  x6:0x00000000 x16=0x00000000
         133784	      6677	80001862	717d	c.addi16sp	x2,-16	  x2:0x000001f0  x2=0x000001e0
         133804	      6678	80001864	8c55	c.or	x8,x13	  x8:0x0000a000 x13:0x00000230  x8=0x0000a230
         133864	      6681	80001866	40485e93	srai	x29,x16,0x4	 x16:0x00000000 x29=0x00000000
         133944	      6685	8000186a	035d4e33	div	x28,x26,x21	 x26:0x8000ae64 x21:0x00000000 x28=0xffffffff
         133984	      6687	8000186e	4111d033	sra	x0,x3,x17	  x3:0xfd596000 x17:0x00000000  x0=0x00000000
         134004	      6688	80001872	86c9	c.srai	x13,0x12	 x13:0x00000230 x13=0x00000000
         134044	      6690	80001874	717d	c.addi16sp	x2,-16	  x2:0x000001e0  x2=0x000001d0
         134064	      6691	80001876	836d	c.srli	x14,0x1b	 x14:0x00000000 x14=0x00000000
         134104	      6693	80001878	8ef5	c.and	x13,x13	 x13:0x00000000 x13:0x00000000 x13=0x00000000
         134224	      6699	8000187a	03dd2633	mulhsu	x12,x26,x29	 x26:0x8000ae64 x29:0x00000000 x12=0x00000000
         134244	      6700	8000187e	34170793	addi	x15,x14,833	 x14:0x00000000 x15=0x00000341
         134344	      6705	80001882	03ee16b3	mulh	x13,x28,x30	 x28:0xffffffff x30:0x00000000 x13=0x00000000
         134364	      6706	80001886	41b254b3	sra	x9,x4,x27	  x4:0x00000000 x27:0x92191fb7  x9=0x00000000
         134404	      6708	8000188a	e1a04493	xori	x9,x0,-486	  x0:0x00000000  x9=0xfffffe1a
         134424	      6709	8000188e	0001	c.addi	x0,0	  x0:0x00000000  x0=0x00000000
         134464	      6711	80001890	77b8bb93	sltiu	x23,x17,1915	 x17:0x00000000 x23=0x00000001
         134524	      6714	80001894	40c65c13	srai	x24,x12,0xc	 x12:0x00000000 x24=0x00000000
         134584	      6717	80001898	415a8033	sub	x0,x21,x21	 x21:0x00000000 x21:0x00000000  x0=0x00000000
         134644	      6720	8000189c	0044d5b3	srl	x11,x9,x4	  x9:0xfffffe1a  x4:0x00000000 x11=0xfffffe1a
         134724	      6724	800018a0	0367cc33	div	x24,x15,x22	 x15:0x00000341 x22:0x00000000 x24=0xffffffff
         134764	      6726	800018a4	40a80033	sub	x0,x16,x10	 x16:0x00000000 x10:0xffffc000  x0=0x00000000
         134824	      6729	800018a8	8ed5	c.or	x13,x13	 x13:0x00000000 x13:0x00000000 x13=0x00000000
         134844	      6730	800018aa	60d9	c.lui	x1,0x16	  x1=0x00016000
         134884	      6732	800018ac	ff1aad93	slti	x27,x21,-15	 x21:0x00000000 x27=0x00000000
         134944	      6735	800018b0	8ef5	c.and	x13,x13	 x13:0x00000000 x13:0x00000000 x13=0x00000000
         135044	      6740	800018b2	025b87b3	mul	x15,x23,x5	 x23:0x00000001  x5:0x00000000 x15=0x00000000
         135064	      6741	800018b6	8ef5	c.and	x13,x13	 x13:0x00000000 x13:0x00000000 x13=0x00000000
         135084	      6742	800018b8	0001	c.addi	x0,0	  x0:0x00000000  x0=0x00000000
         135124	      6744	800018ba	2fe03013	sltiu	x0,x0,766	  x0:0x00000000  x0=0x00000000
         135144	      6745	800018be	8acd	c.andi	x13,19	 x13:0x00000000 x13=0x00000000
         135184	      6747	800018c0	8ef5	c.and	x13,x13	 x13:0x00000000 x13:0x00000000 x13=0x00000000
         135204	      6748	800018c2	86b9	c.srai	x13,0xe	 x13:0x00000000 x13=0x00000000
         135244	      6750	800018c4	01ea28b3	slt	x17,x20,x30	 x20:0x00000000 x30:0x00000000 x17=0x00000000
         135304	      6753	800018c8	40fb5db3	sra	x27,x22,x15	 x22:0x00000000 x15:0x00000000 x27=0x00000000
         135364	      6756	800018cc	8ed5	c.or	x13,x13	 x13:0x00000000 x13:0x00000000 x13=0x00000000
         135384	      6757	800018ce	61bd	c.lui	x3,0xf	  x3=0x0000f000
         135424	      6759	800018d0	19854893	xori	x17,x10,408	 x10:0xffffc000 x17=0xffffc198
         135484	      6762	800018d4	0083abb3	slt	x23,x7,x8	  x7:0x8000ae64  x8:0x0000a230 x23=0x00000001
         135544	      6765	800018d8	009f1193	slli	x3,x30,0x9	 x30:0x00000000  x3=0x00000000
         135604	      6768	800018dc	8e91	c.sub	x13,x12	 x13:0x00000000 x12:0x00000000 x13=0x00000000
         135624	      6769	800018de	8ef5	c.and	x13,x13	 x13:0x00000000 x13:0x00000000 x13=0x00000000
         135664	      6771	800018e0	8ff5	c.and	x15,x13	 x15:0x00000000 x13:0x00000000 x15=0x00000000
         135744	      6775	800018e2	02f0dbb3	divu	x23,x1,x15	  x1:0x00016000 x15:0x00000000 x23=0xffffffff
         136504	      6813	800018e6	02b3d233	divu	x4,x7,x11	  x7:0x8000ae64 x11:0xfffffe1a  x4=0x00000000
         136524	      6814	800018ea	008c03b3	add	x7,x24,x8	 x24:0xffffffff  x8:0x0000a230  x7=0x0000a22f
         136544	      6815	800018ee	01ae7133	and	x2,x28,x26	 x28:0xffffffff x26:0x8000ae64  x2=0x8000ae64
         136624	      6819	800018f2	406054b3	sra	x9,x0,x6	  x0:0x00000000  x6:0x00000000  x9=0x00000000
         136644	      6820	800018f6	0001	c.addi	x0,0	  x0:0x00000000  x0=0x00000000
         136684	      6822	800018f8	0183a033	slt	x0,x7,x24	  x7:0x0000a22f x24:0xffffffff  x0=0x00000000
         136744	      6825	800018fc	4197d5b3	sra	x11,x15,x25	 x15:0x00000000 x25:0x00000000 x11=0x00000000
         136804	      6828	80001900	0001	c.addi	x0,0	  x0:0x00000000  x0=0x00000000
         136824	      6829	80001902	0aee	c.slli	x21,0x1b	 x21:0x00000000 x21=0x00000000
         136864	      6831	80001904	01241493	slli	x9,x8,0x12	  x8:0x0000a230  x9=0x88c00000
         136924	      6834	80001908	8ed5	c.or	x13,x13	 x13:0x00000000 x13:0x00000000 x13=0x00000000
         136944	      6835	8000190a	0001	c.addi	x0,0	  x0:0x00000000  x0=0x00000000
         136984	      6837	8000190c	00f5f133	and	x2,x11,x15	 x11:0x00000000 x15:0x00000000  x2=0x00000000
         137044	      6840	80001910	0160c133	xor	x2,x1,x22	  x1:0x00016000 x22:0x00000000  x2=0x00016000
         137104	      6843	80001914	019fa233	slt	x4,x31,x25	 x31:0xff057b01 x25:0x00000000  x4=0x00000001
         137164	      6846	80001918	82f5	c.srli	x13,0x1d	 x13:0x00000000 x13=0x00000000
         137184	      6847	8000191a	9a36	c.add	x20,x13	 x20:0x00000000 x13:0x00000000 x20=0x00000000
         137224	      6849	8000191c	28086b93	ori	x23,x16,640	 x16:0x00000000 x23=0x00000280
         137284	      6852	80001920	119bc113	xori	x2,x23,281	 x23:0x00000280  x2=0x00000399
         137364	      6856	80001924	02bad7b3	divu	x15,x21,x11	 x21:0x00000000 x11:0x00000000 x15=0xffffffff
         137404	      6858	80001928	0652	c.slli	x12,0x14	 x12:0x00000000 x12=0x00000000
         137424	      6859	8000192a	44e9	c.li	x9,26	  x9=0x0000001a
         137464	      6861	8000192c	07ea	c.slli	x15,0x1a	 x15:0xffffffff x15=0xfc000000
         137544	      6865	8000192e	036c6133	rem	x2,x24,x22	 x24:0xffffffff x22:0x00000000  x2=0xffffffff
         137644	      6870	80001932	029f1bb3	mulh	x23,x30,x9	 x30:0x00000000  x9:0x0000001a x23=0x00000000
         137664	      6871	80001936	40dfd233	sra	x4,x31,x13	 x31:0xff057b01 x13:0x00000000  x4=0xff057b01
         137724	      6874	8000193a	02d64eb3	div	x29,x12,x13	 x12:0x00000000 x13:0x00000000 x29=0xffffffff
         138484	      6912	8000193e	0321e433	rem	x8,x3,x18	  x3:0x00000000 x18:0x00000044  x8=0x00000000
         138504	      6913	80001942	0001	c.addi	x0,0	  x0:0x00000000  x0=0x00000000
         138524	      6914	80001944	82a5	c.srli	x13,0x9	 x13:0x00000000 x13=0x00000000
         138544	      6915	80001946	402d0333	sub	x6,x26,x2	 x26:0x8000ae64  x2:0xffffffff  x6=0x8000ae65
         138564	      6916	8000194a	8ed5	c.or	x13,x13	 x13:0x00000000 x13:0x00000000 x13=0x00000000
         138604	      6918	8000194c	418e5a33	sra	x20,x28,x24	 x28:0xffffffff x24:0xffffffff x20=0xffffffff
         138664	      6921	80001950	01721c33	sll	x24,x4,x23	  x4:0xff057b01 x23:0x00000000 x24=0xff057b01
         138724	      6924	80001954	407c5593	srai	x11,x24,0x7	 x24:0xff057b01 x11=0xfffe0af6
         138804	      6928	80001958	037a41b3	div	x3,x20,x23	 x20:0xffffffff x23:0x00000000  x3=0xffffffff
         138844	      6930	8000195c	82b1	c.srli	x13,0xc	 x13:0x00000000 x13=0x00000000
         138864	      6931	8000195e	0001	c.addi	x0,0	  x0:0x00000000  x0=0x00000000
         138904	      6933	80001960	f30e8cb7	lui	x25,0xf30e8	 x25=0xf30e8000
         138964	      6936	80001964	a7086993	ori	x19,x16,-1424	 x16:0x00000000 x19=0xfffffa70
         139024	      6939	80001968	8e95	c.sub	x13,x13	 x13:0x00000000 x13:0x00000000 x13=0x00000000
         139084	      6942	8000196a	a0c8a037	lui	x0,0xa0c8a	  x0=0x00000000
         139144	      6945	8000196e	7094f8b7	lui	x17,0x7094f	 x17=0x7094f000
         139164	      6946	80001972	0001	c.addi	x0,0	  x0:0x00000000  x0=0x00000000
         139204	      6948	80001974	00ce6733	or	x14,x28,x12	 x28:0xffffffff x12:0x00000000 x14=0xffffffff
         139324	      6954	80001978	02789b33	mulh	x22,x17,x7	 x17:0x7094f000  x7:0x0000a22f x22=0x00004752
         139344	      6955	8000197c	01cca5b3	slt	x11,x25,x28	 x25:0xf30e8000 x28:0xffffffff x11=0x00000001
         139444	      6960	80001980	029eb633	mulhu	x12,x29,x9	 x29:0xffffffff  x9:0x0000001a x12=0x00000019
         139464	      6961	80001984	8d95	c.sub	x11,x13	 x11:0x00000001 x13:0x00000000 x11=0x00000001
         139484	      6962	80001986	8ef5	c.and	x13,x13	 x13:0x00000000 x13:0x00000000 x13=0x00000000
         139504	      6963	80001988	73850a93	addi	x21,x10,1848	 x10:0xffffc000 x21=0xffffc738
         139564	      6966	8000198c	6121	c.addi16sp	x2,64	  x2:0xffffffff  x2=0x0000003f
         139584	      6967	8000198e	43d9	c.li	x7,22	  x7=0x00000016
         139624	      6969	80001990	b4d63193	sltiu	x3,x12,-1203	 x12:0x00000019  x3=0x00000001
         139684	      6972	80001994	013db4b3	sltu	x9,x27,x19	 x27:0x00000000 x19:0xfffffa70  x9=0x00000001
         140464	      7011	80001998	02364033	div	x0,x12,x3	 x12:0x00000019  x3:0x00000001  x0=0x00000000
         140484	      7012	8000199c	01c22033	slt	x0,x4,x28	  x4:0xff057b01 x28:0xffffffff  x0=0x00000000
         140504	      7013	800019a0	8e95	c.sub	x13,x13	 x13:0x00000000 x13:0x00000000 x13=0x00000000
         140524	      7014	800019a2	86c9	c.srai	x13,0x12	 x13:0x00000000 x13=0x00000000
         140544	      7015	800019a4	8eb5	c.xor	x13,x13	 x13:0x00000000 x13:0x00000000 x13=0x00000000
         140584	      7017	800019a6	41c786b3	sub	x13,x15,x28	 x15:0xfc000000 x28:0xffffffff x13=0xfc000001
         140684	      7022	800019aa	03b904b3	mul	x9,x18,x27	 x18:0x00000044 x27:0x00000000  x9=0x00000000
         140704	      7023	800019ae	86b1	c.srai	x13,0xc	 x13:0xfc000001 x13=0xffffc000
         140724	      7024	800019b0	932e	c.add	x6,x11	  x6:0x8000ae65 x11:0x00000001  x6=0x8000ae66
         140764	      7026	800019b2	9f4e7513	andi	x10,x28,-1548	 x28:0xffffffff x10=0xfffff9f4
         140884	      7032	800019b6	027fb5b3	mulhu	x11,x31,x7	 x31:0xff057b01  x7:0x00000016 x11=0x00000015
         140904	      7033	800019ba	8279	c.srli	x12,0x1e	 x12:0x00000019 x12=0x00000000
         140924	      7034	800019bc	2df90213	addi	x4,x18,735	 x18:0x00000044  x4=0x00000323
         141664	      7071	800019c0	03dc5233	divu	x4,x24,x29	 x24:0xff057b01 x29:0xffffffff  x4=0x00000000
         141684	      7072	800019c4	00836033	or	x0,x6,x8	  x6:0x8000ae66  x8:0x00000000  x0=0x00000000
         141724	      7074	800019c8	03004533	div	x10,x0,x16	  x0:0x00000000 x16:0x00000000 x10=0xffffffff
         141744	      7075	800019cc	dc22f017	auipc	x0,0xdc22f	  x0=0x00000000
         141804	      7078	800019d0	028e4133	div	x2,x28,x8	 x28:0xffffffff  x8:0x00000000  x2=0xffffffff
         141844	      7080	800019d4	011da533	slt	x10,x27,x17	 x27:0x00000000 x17:0x7094f000 x10=0x00000001
         141904	      7083	800019d8	717d	c.addi16sp	x2,-16	  x2:0xffffffff  x2=0xffffffef
         141964	      7086	800019da	0173a633	slt	x12,x7,x23	  x7:0x00000016 x23:0x00000000 x12=0x00000000
         142024	      7089	800019de	01db88b3	add	x17,x23,x29	 x23:0x00000000 x29:0xffffffff x17=0xffffffff
         142104	      7093	800019e2	02085ab3	divu	x21,x16,x0	 x16:0x00000000  x0:0x00000000 x21=0xffffffff
         142124	      7094	800019e6	8ef5	c.and	x13,x13	 x13:0xffffc000 x13:0xffffc000 x13=0xffffc000
         142164	      7096	800019e8	025f5533	divu	x10,x30,x5	 x30:0x00000000  x5:0x00000000 x10=0xffffffff
         142204	      7098	800019ec	33322d93	slti	x27,x4,819	  x4:0x00000000 x27=0x00000001
         142264	      7101	800019f0	01e8c133	xor	x2,x17,x30	 x17:0xffffffff x30:0x00000000  x2=0xffffffff
         142324	      7104	800019f4	004f36b3	sltu	x13,x30,x4	 x30:0x00000000  x4:0x00000000 x13=0x00000000
         142384	      7107	800019f8	8ed5	c.or	x13,x13	 x13:0x00000000 x13:0x00000000 x13=0x00000000
         142444	      7110	800019fa	01e4adb3	slt	x27,x9,x30	  x9:0x00000000 x30:0x00000000 x27=0x00000000
         142464	      7111	800019fe	0625	c.addi	x12,9	 x12:0x00000000 x12=0x00000009
         142504	      7113	80001a00	3dfa0993	addi	x19,x20,991	 x20:0xffffffff x19=0x000003de
         142584	      7117	80001a04	03e969b3	rem	x19,x18,x30	 x18:0x00000044 x30:0x00000000 x19=0x00000044
         143344	      7155	80001a08	03f742b3	div	x5,x14,x31	 x14:0xffffffff x31:0xff057b01  x5=0x00000000
         143364	      7156	80001a0c	8cce	c.mv	x25,x19	  x0:0x00000000 x19:0x00000044 x25=0x00000044
         143384	      7157	80001a0e	65d8f013	andi	x0,x17,1629	 x17:0xffffffff  x0=0x00000000
         143404	      7158	80001a12	019346b3	xor	x13,x6,x25	  x6:0x8000ae66 x25:0x00000044 x13=0x8000ae22
         143464	      7161	80001a16	e9e4e593	ori	x11,x9,-354	  x9:0x00000000 x11=0xfffffe9e
         143484	      7162	80001a1a	5efd	c.li	x29,-1	 x29=0xffffffff
         143524	      7164	80001a1c	1d364913	xori	x18,x12,467	 x12:0x00000009 x18=0x000001da
         143584	      7167	80001a20	00318bb3	add	x23,x3,x3	  x3:0x00000001  x3:0x00000001 x23=0x00000002
         143644	      7170	80001a24	8ea5	c.xor	x13,x9	 x13:0x8000ae22  x9:0x00000000 x13=0x8000ae22
         143764	      7176	80001a26	02dd2033	mulhsu	x0,x26,x13	 x26:0x8000ae64 x13:0x8000ae22  x0=0x00000000
         143784	      7177	80001a2a	0029c933	xor	x18,x19,x2	 x19:0x00000044  x2:0xffffffff x18=0xffffffbb
         143804	      7178	80001a2e	8e85	c.sub	x13,x9	 x13:0x8000ae22  x9:0x00000000 x13=0x8000ae22
         143884	      7182	80001a30	02952733	mulhsu	x14,x10,x9	 x10:0xffffffff  x9:0x00000000 x14=0x00000000
         143904	      7183	80001a34	00031493	slli	x9,x6,0x0	  x6:0x8000ae66  x9=0x8000ae66
         143944	      7185	80001a38	85cd	c.srai	x11,0x13	 x11:0xfffffe9e x11=0xffffffff
         144004	      7188	80001a3a	6dea2793	slti	x15,x20,1758	 x20:0xffffffff x15=0x00000001
         144124	      7194	80001a3e	03c5aab3	mulhsu	x21,x11,x28	 x11:0xffffffff x28:0xffffffff x21=0xffffffff
         144144	      7195	80001a42	82a9	c.srli	x13,0xa	 x13:0x8000ae22 x13=0x0020002b
         144164	      7196	80001a44	01301313	slli	x6,x0,0x13	  x0:0x00000000  x6=0x00000000
         144184	      7197	80001a48	8dd5	c.or	x11,x13	 x11:0xffffffff x13:0x0020002b x11=0xffffffff
         144204	      7198	80001a4a	1afd	c.addi	x21,-1	 x21:0xffffffff x21=0xfffffffe
         144244	      7200	80001a4c	d57ff393	andi	x7,x31,-681	 x31:0xff057b01  x7=0xff057901
         144304	      7203	80001a50	0535	c.addi	x10,13	 x10:0xffffffff x10=0x0000000c
         144324	      7204	80001a52	0001	c.addi	x0,0	  x0:0x00000000  x0=0x00000000
         144364	      7206	80001a54	82b1	c.srli	x13,0xc	 x13:0x0020002b x13=0x00000200
         144424	      7209	80001a56	40478a33	sub	x20,x15,x4	 x15:0x00000001  x4:0x00000000 x20=0x00000001
         144444	      7210	80001a5a	0514	c.addi4spn	x13,x2,640	 x13=0x0000027f
         144484	      7212	80001a5c	01de5b13	srli	x22,x28,0x1d	 x28:0xffffffff x22=0x00000007
         144544	      7215	80001a60	4124dbb3	sra	x23,x9,x18	  x9:0x8000ae66 x18:0xffffffbb x23=0xfffffff0
         144604	      7218	80001a64	a7076893	ori	x17,x14,-1424	 x14:0x00000000 x17=0xfffffa70
         144664	      7221	80001a68	8156	c.mv	x2,x21	  x0:0x00000000 x21:0xfffffffe  x2=0xfffffffe
         144684	      7222	80001a6a	717d	c.addi16sp	x2,-16	  x2:0xfffffffe  x2=0xffffffee
         145444	      7260	80001a6c	038fc933	div	x18,x31,x24	 x31:0xff057b01 x24:0xff057b01 x18=0x00000001
         145464	      7261	80001a70	00b789b3	add	x19,x15,x11	 x15:0x00000001 x11:0xffffffff x19=0x00000000
         145484	      7262	80001a74	8dcd	c.or	x11,x11	 x11:0xffffffff x11:0xffffffff x11=0xffffffff
         145504	      7263	80001a76	8f01	c.sub	x14,x8	 x14:0x00000000  x8:0x00000000 x14=0x00000000
         145564	      7266	80001a78	03df02b3	mul	x5,x30,x29	 x30:0x00000000 x29:0xffffffff  x5=0x00000000
         145584	      7267	80001a7c	00451eb3	sll	x29,x10,x4	 x10:0x0000000c  x4:0x00000000 x29=0x0000000c
         145624	      7269	80001a80	0001	c.addi	x0,0	  x0:0x00000000  x0=0x00000000
         145644	      7270	80001a82	022a	c.slli	x4,0xa	  x4:0x00000000  x4=0x00000000
         145684	      7272	80001a84	8ed5	c.or	x13,x13	 x13:0x0000027f x13:0x0000027f x13=0x0000027f
         145744	      7275	80001a86	1db4c213	xori	x4,x9,475	  x9:0x8000ae66  x4=0x8000afbd
         145804	      7278	80001a8a	00079cb3	sll	x25,x15,x0	 x15:0x00000001  x0:0x00000000 x25=0x00000001
         145864	      7281	80001a8e	675cb2b7	lui	x5,0x675cb	  x5=0x675cb000
         145884	      7282	80001a92	8d55	c.or	x10,x13	 x10:0x0000000c x13:0x0000027f x10=0x0000027f
         145924	      7284	80001a94	0001	c.addi	x0,0	  x0:0x00000000  x0=0x00000000
         146044	      7290	80001a96	03819733	mulh	x14,x3,x24	  x3:0x00000001 x24:0xff057b01 x14=0xffffffff
         146064	      7291	80001a9a	01abd833	srl	x16,x23,x26	 x23:0xfffffff0 x26:0x8000ae64 x16=0x0fffffff
         146084	      7292	80001a9e	0001	c.addi	x0,0	  x0:0x00000000  x0=0x00000000
         146104	      7293	80001aa0	0001	c.addi	x0,0	  x0:0x00000000  x0=0x00000000
         146164	      7296	80001aa2	3cbe2b93	slti	x23,x28,971	 x28:0xffffffff x23=0x00000001
         146184	      7297	80001aa6	8801	c.andi	x8,0	  x8:0x00000000  x8=0x00000000
         146224	      7299	80001aa8	8096	c.mv	x1,x5	  x0:0x00000000  x5:0x675cb000  x1=0x675cb000
         146284	      7302	80001aaa	009f9593	slli	x11,x31,0x9	 x31:0xff057b01 x11=0x0af60200
         146304	      7303	80001aae	06d9	c.addi	x13,22	 x13:0x0000027f x13=0x00000295
         146344	      7305	80001ab0	96ee	c.add	x13,x27	 x13:0x00000295 x27:0x00000000 x13=0x00000295
         146404	      7308	80001ab2	6e18a917	auipc	x18,0x6e18a	 x18=0xee18bab2
         146424	      7309	80001ab6	428d	c.li	x5,3	  x5=0x00000003
         146464	      7311	80001ab8	0001	c.addi	x0,0	  x0:0x00000000  x0=0x00000000
         146484	      7312	80001aba	0a46	c.slli	x20,0x11	 x20:0x00000001 x20=0x00020000
         146524	      7314	80001abc	0092	c.slli	x1,0x4	  x1:0x675cb000  x1=0x75cb0000
         146544	      7315	80001abe	0514	c.addi4spn	x13,x2,640	 x13=0x0000026e
         146584	      7317	80001ac0	0127a033	slt	x0,x15,x18	 x15:0x00000001 x18:0xee18bab2  x0=0x00000000
         146644	      7320	80001ac4	054d	c.addi	x10,19	 x10:0x0000027f x10=0x00000292
         146664	      7321	80001ac6	0001	c.addi	x0,0	  x0:0x00000000  x0=0x00000000
         146704	      7323	80001ac8	63bd	c.lui	x7,0xf	  x7=0x0000f000
         147484	      7362	80001aca	034f5933	divu	x18,x30,x20	 x30:0x00000000 x20:0x00020000 x18=0x00000000
         147504	      7363	80001ace	01580033	add	x0,x16,x21	 x16:0x0fffffff x21:0xfffffffe  x0=0x00000000
         147524	      7364	80001ad2	41ec5093	srai	x1,x24,0x1e	 x24:0xff057b01  x1=0xffffffff
         147604	      7368	80001ad6	53a84817	auipc	x16,0x53a84	 x16=0xd3a85ad6
         147664	      7371	80001ada	0137b9b3	sltu	x19,x15,x19	 x15:0x00000001 x19:0x00000000 x19=0x00000000
         147724	      7374	80001ade	9ed78113	addi	x2,x15,-1555	 x15:0x00000001  x2=0xfffff9ee
         147784	      7377	80001ae2	011f1733	sll	x14,x30,x17	 x30:0x00000000 x17:0xfffffa70 x14=0x00000000
         147844	      7380	80001ae6	00af1613	slli	x12,x30,0xa	 x30:0x00000000 x12=0x00000000
         147904	      7383	80001aea	004744b3	xor	x9,x14,x4	 x14:0x00000000  x4:0x8000afbd  x9=0x8000afbd
         147964	      7386	80001aee	99633293	sltiu	x5,x6,-1642	  x6:0x00000000  x5=0x00000001
         148084	      7392	80001af2	0359aeb3	mulhsu	x29,x19,x21	 x19:0x00000000 x21:0xfffffffe x29=0x00000000
         148104	      7393	80001af6	008d7233	and	x4,x26,x8	 x26:0x8000ae64  x8:0x00000000  x4=0x00000000
         148144	      7395	80001afa	00da7133	and	x2,x20,x13	 x20:0x00020000 x13:0x0000026e  x2=0x00000000
         148204	      7398	80001afe	01871cb3	sll	x25,x14,x24	 x14:0x00000000 x24:0xff057b01 x25=0x00000000
         148224	      7399	80001b02	8ed5	c.or	x13,x13	 x13:0x0000026e x13:0x0000026e x13=0x0000026e
         148264	      7401	80001b04	01ccd333	srl	x6,x25,x28	 x25:0x00000000 x28:0xffffffff  x6=0x00000000
         148384	      7407	80001b08	0264a533	mulhsu	x10,x9,x6	  x9:0x8000afbd  x6:0x00000000 x10=0x00000000
         148404	      7408	80001b0c	c0dde713	ori	x14,x27,-1011	 x27:0x00000000 x14=0xfffffc0d
         148444	      7410	80001b10	4035d913	srai	x18,x11,0x3	 x11:0x0af60200 x18=0x015ec040
         148504	      7413	80001b14	007ee4b3	or	x9,x29,x7	 x29:0x00000000  x7:0x0000f000  x9=0x0000f000
         148564	      7416	80001b18	871e	c.mv	x14,x7	  x0:0x00000000  x7:0x0000f000 x14=0x0000f000
         148644	      7420	80001b1a	03e56eb3	rem	x29,x10,x30	 x10:0x00000000 x30:0x00000000 x29=0x00000000
         148684	      7422	80001b1e	78274e93	xori	x29,x14,1922	 x14:0x0000f000 x29=0x0000f782
         148744	      7425	80001b22	31fe8113	addi	x2,x29,799	 x29:0x0000f782  x2=0x0000faa1
         148764	      7426	80001b26	0694	c.addi4spn	x13,x2,832	 x13=0x0000fde1
         148804	      7428	80001b28	80fe	c.mv	x1,x31	  x0:0x00000000 x31:0xff057b01  x1=0xff057b01
         148824	      7429	80001b2a	8d75	c.and	x10,x13	 x10:0x00000000 x13:0x0000fde1 x10=0x00000000
         148924	      7434	80001b2c	02da1db3	mulh	x27,x20,x13	 x20:0x00020000 x13:0x0000fde1 x27=0x00000001
         149004	      7438	80001b30	02e0a0b3	mulhsu	x1,x1,x14	  x1:0xff057b01 x14:0x0000f000  x1=0xffffff15
         149024	      7439	80001b34	0051d0b3	srl	x1,x3,x5	  x3:0x00000001  x5:0x00000001  x1=0x00000000
         149044	      7440	80001b38	9afd	c.andi	x13,-1	 x13:0x0000fde1 x13=0x0000fde1
         149064	      7441	80001b3a	82a1	c.srli	x13,0x8	 x13:0x0000fde1 x13=0x000000fd
         149824	      7479	80001b3c	031cd433	divu	x8,x25,x17	 x25:0x00000000 x17:0xfffffa70  x8=0x00000000
         149844	      7480	80001b40	1314	c.addi4spn	x13,x2,416	 x13=0x0000fc41
         149924	      7484	80001b42	03e52a33	mulhsu	x20,x10,x30	 x10:0x00000000 x30:0x00000000 x20=0x00000000
         149944	      7485	80001b46	946e	c.add	x8,x27	  x8:0x00000000 x27:0x00000001  x8=0x00000001
         150024	      7489	80001b48	02589bb3	mulh	x23,x17,x5	 x17:0xfffffa70  x5:0x00000001 x23=0xffffffff
         150044	      7490	80001b4c	8f6d	c.and	x14,x11	 x14:0x0000f000 x11:0x0af60200 x14=0x00000000
         150064	      7491	80001b4e	8799	c.srai	x15,0x6	 x15:0x00000001 x15=0x00000000
         150084	      7492	80001b50	9432	c.add	x8,x12	  x8:0x00000001 x12:0x00000000  x8=0x00000001
         150104	      7493	80001b52	82dd	c.srli	x13,0x17	 x13:0x0000fc41 x13=0x00000000
         150124	      7494	80001b54	4b37a093	slti	x1,x15,1203	 x15:0x00000000  x1=0x00000001
         150144	      7495	80001b58	5adf6213	ori	x4,x30,1453	 x30:0x00000000  x4=0x000005ad
         150184	      7497	80001b5c	0b36	c.slli	x22,0xd	 x22:0x00000007 x22=0x0000e000
         150204	      7498	80001b5e	68d9	c.lui	x17,0x16	 x17=0x00016000
         150244	      7500	80001b60	01dd7e33	and	x28,x26,x29	 x26:0x8000ae64 x29:0x0000f782 x28=0x0000a600
         150304	      7503	80001b64	f7f86713	ori	x14,x16,-129	 x16:0xd3a85ad6 x14=0xffffffff
         150364	      7506	80001b68	8d95	c.sub	x11,x13	 x11:0x0af60200 x13:0x00000000 x11=0x0af60200
         150424	      7509	80001b6a	013da893	slti	x17,x27,19	 x27:0x00000001 x17=0x00000001
         150484	      7512	80001b6e	141d6993	ori	x19,x26,321	 x26:0x8000ae64 x19=0x8000af65
         150544	      7515	80001b72	00c55e33	srl	x28,x10,x12	 x10:0x00000000 x12:0x00000000 x28=0x00000000
         150564	      7516	80001b76	8e7d	c.and	x12,x15	 x12:0x00000000 x15:0x00000000 x12=0x00000000
         150664	      7521	80001b78	022eaab3	mulhsu	x21,x29,x2	 x29:0x0000f782  x2:0x0000faa1 x21=0x00000000
         150744	      7525	80001b7c	03059533	mulh	x10,x11,x16	 x11:0x0af60200 x16:0xd3a85ad6 x10=0xfe19f6fa
         150764	      7526	80001b80	01f0f533	and	x10,x1,x31	  x1:0x00000001 x31:0xff057b01 x10=0x00000001
         150784	      7527	80001b84	01873833	sltu	x16,x14,x24	 x14:0xffffffff x24:0xff057b01 x16=0x00000000
         150844	      7530	80001b88	000b9333	sll	x6,x23,x0	 x23:0xffffffff  x0:0x00000000  x6=0xffffffff
         150904	      7533	80001b8c	0514	c.addi4spn	x13,x2,640	 x13=0x0000fd21
         150964	      7536	80001b8e	29f3f393	andi	x7,x7,671	  x7:0x0000f000  x7=0x00000000
         150984	      7537	80001b92	0001	c.addi	x0,0	  x0:0x00000000  x0=0x00000000
         151024	      7539	80001b94	db3b4713	xori	x14,x22,-589	 x22:0x0000e000 x14=0xffff1db3
         151804	      7578	80001b98	03fed2b3	divu	x5,x29,x31	 x29:0x0000f782 x31:0xff057b01  x5=0x00000000
         151824	      7579	80001b9c	01549e93	slli	x29,x9,0x15	  x9:0x0000f000 x29=0x00000000
         151844	      7580	80001ba0	8e95	c.sub	x13,x13	 x13:0x0000fd21 x13:0x0000fd21 x13=0x00000000
         151864	      7581	80001ba2	00fac733	xor	x14,x21,x15	 x21:0x00000000 x15:0x00000000 x14=0x00000000
         151924	      7584	80001ba6	0181f1b3	and	x3,x3,x24	  x3:0x00000001 x24:0xff057b01  x3=0x00000001
         151944	      7585	80001baa	0001	c.addi	x0,0	  x0:0x00000000  x0=0x00000000
         151984	      7587	80001bac	c4b0be93	sltiu	x29,x1,-949	  x1:0x00000001 x29=0x00000001
         152044	      7590	80001bb0	d6288593	addi	x11,x17,-670	 x17:0x00000001 x11=0xfffffd63
         152104	      7593	80001bb4	58a96e13	ori	x28,x18,1418	 x18:0x015ec040 x28=0x015ec5ca
         152164	      7596	80001bb8	aa894713	xori	x14,x18,-1368	 x18:0x015ec040 x14=0xfea13ae8
         152284	      7602	80001bbc	02a71a33	mulh	x20,x14,x10	 x14:0xfea13ae8 x10:0x00000001 x20=0xffffffff
         152364	      7606	80001bc0	03cea533	mulhsu	x10,x29,x28	 x29:0x00000001 x28:0x015ec5ca x10=0x00000000
         152384	      7607	80001bc4	0001	c.addi	x0,0	  x0:0x00000000  x0=0x00000000
         152404	      7608	80001bc6	4104d413	srai	x8,x9,0x10	  x9:0x0000f000  x8=0x00000000
         152424	      7609	80001bca	40dd	c.li	x1,23	  x1=0x00000017
         152464	      7611	80001bcc	0001	c.addi	x0,0	  x0:0x00000000  x0=0x00000000
         152484	      7612	80001bce	14fd	c.addi	x9,-1	  x9:0x0000f000  x9=0x0000efff
         152564	      7616	80001bd0	02358333	mul	x6,x11,x3	 x11:0xfffffd63  x3:0x00000001  x6=0xfffffd63
         152584	      7617	80001bd4	40680cb3	sub	x25,x16,x6	 x16:0x00000000  x6:0xfffffd63 x25=0x0000029d
         152644	      7620	80001bd8	08b6	c.slli	x17,0xd	 x17:0x00000001 x17=0x00002000
         152664	      7621	80001bda	024a	c.slli	x4,0x12	  x4:0x000005ad  x4=0x16b40000
         152704	      7623	80001bdc	40dc8933	sub	x18,x25,x13	 x25:0x0000029d x13:0x00000000 x18=0x0000029d
         152764	      7626	80001be0	0e11	c.addi	x28,4	 x28:0x015ec5ca x28=0x015ec5ce
         152824	      7629	80001be2	bf6c0c93	addi	x25,x24,-1034	 x24:0xff057b01 x25=0xff0576f7
         152844	      7630	80001be6	0001	c.addi	x0,0	  x0:0x00000000  x0=0x00000000
         152924	      7634	80001be8	03e800b3	mul	x1,x16,x30	 x16:0x00000000 x30:0x00000000  x1=0x00000000
         152944	      7635	80001bec	01afc033	xor	x0,x31,x26	 x31:0xff057b01 x26:0x8000ae64  x0=0x00000000
         153004	      7638	80001bf0	66b60013	addi	x0,x12,1643	 x12:0x00000000  x0=0x00000000
         153064	      7641	80001bf4	8ed1	c.or	x13,x12	 x13:0x00000000 x12:0x00000000 x13=0x00000000
         153084	      7642	80001bf6	9afd	c.andi	x13,-1	 x13:0x00000000 x13=0x00000000
         153124	      7644	80001bf8	8a81	c.andi	x13,0	 x13:0x00000000 x13=0x00000000
         153144	      7645	80001bfa	00be	c.slli	x1,0xf	  x1:0x00000000  x1=0x00000000
         153184	      7647	80001bfc	5fb0cd93	xori	x27,x1,1531	  x1:0x00000000 x27=0x000005fb
         153244	      7650	80001c00	82ad	c.srli	x13,0xb	 x13:0x00000000 x13=0x00000000
         153264	      7651	80001c02	0001	c.addi	x0,0	  x0:0x00000000  x0=0x00000000
         153304	      7653	80001c04	00addb93	srli	x23,x27,0xa	 x27:0x000005fb x23=0x00000001
         153364	      7656	80001c08	85de	c.mv	x11,x23	  x0:0x00000000 x23:0x00000001 x11=0x00000001
         153384	      7657	80001c0a	82f9	c.srli	x13,0x1e	 x13:0x00000000 x13=0x00000000
         153424	      7659	80001c0c	f7dece13	xori	x28,x29,-131	 x29:0x00000001 x28=0xffffff7c
         153484	      7662	80001c10	005c09b3	add	x19,x24,x5	 x24:0xff057b01  x5:0x00000000 x19=0xff057b01
         153564	      7666	80001c14	030c47b3	div	x15,x24,x16	 x24:0xff057b01 x16:0x00000000 x15=0xffffffff
         153604	      7668	80001c18	018ae033	or	x0,x21,x24	 x21:0x00000000 x24:0xff057b01  x0=0x00000000
         153664	      7671	80001c1c	01ff2933	slt	x18,x30,x31	 x30:0x00000000 x31:0xff057b01 x18=0x00000000
         153784	      7677	80001c20	02d51733	mulh	x14,x10,x13	 x10:0x00000000 x13:0x00000000 x14=0x00000000
         153804	      7678	80001c24	55fd	c.li	x11,-1	 x11=0xffffffff
         153824	      7679	80001c26	0189	c.addi	x3,2	  x3:0x00000001  x3=0x00000003
         153844	      7680	80001c28	8dfd	c.and	x11,x15	 x11:0xffffffff x15:0xffffffff x11=0xffffffff
         153864	      7681	80001c2a	8a05	c.andi	x12,1	 x12:0x00000000 x12=0x00000000
         153904	      7683	80001c2c	9786	c.add	x15,x1	 x15:0xffffffff  x1:0x00000000 x15=0xffffffff
         153964	      7686	80001c2e	01d82433	slt	x8,x16,x29	 x16:0x00000000 x29:0x00000001  x8=0x00000001
         154024	      7689	80001c32	0161b3b3	sltu	x7,x3,x22	  x3:0x00000003 x22:0x0000e000  x7=0x00000001
         154044	      7690	80001c36	978a	c.add	x15,x2	 x15:0xffffffff  x2:0x0000faa1 x15=0x0000faa0
         154084	      7692	80001c38	41da5293	srai	x5,x20,0x1d	 x20:0xffffffff  x5=0xffffffff
         154144	      7695	80001c3c	8add	c.andi	x13,23	 x13:0x00000000 x13=0x00000000
         154164	      7696	80001c3e	869d	c.srai	x13,0x7	 x13:0x00000000 x13=0x00000000
         154204	      7698	80001c40	9c6a	c.add	x24,x26	 x24:0xff057b01 x26:0x8000ae64 x24=0x7f062965
         154224	      7699	80001c42	137d	c.addi	x6,-1	  x6:0xfffffd63  x6=0xfffffd62
         154264	      7701	80001c44	013fd233	srl	x4,x31,x19	 x31:0xff057b01 x19:0xff057b01  x4=0x7f82bd80
         154324	      7704	80001c48	8e95	c.sub	x13,x13	 x13:0x00000000 x13:0x00000000 x13=0x00000000
         154384	      7707	80001c4a	0172b5b3	sltu	x11,x5,x23	  x5:0xffffffff x23:0x00000001 x11=0x00000000
         154444	      7710	80001c4e	00beeb33	or	x22,x29,x11	 x29:0x00000001 x11:0x00000000 x22=0x00000001
         154464	      7711	80001c52	00d9	c.addi	x1,22	  x1:0x00000000  x1=0x00000016
         154504	      7713	80001c54	118cfa13	andi	x20,x25,280	 x25:0xff0576f7 x20=0x00000010
         155284	      7752	80001c58	03c36bb3	rem	x23,x6,x28	  x6:0xfffffd62 x28:0xffffff7c x23=0xfffffff6
         155304	      7753	80001c5c	0314	c.addi4spn	x13,x2,384	 x13=0x0000fc21
         155324	      7754	80001c5e	01ce5413	srli	x8,x28,0x1c	 x28:0xffffff7c  x8=0x0000000f
         155404	      7758	80001c62	035d1db3	mulh	x27,x26,x21	 x26:0x8000ae64 x21:0x00000000 x27=0x00000000
         155424	      7759	80001c66	00bb99b3	sll	x19,x23,x11	 x23:0xfffffff6 x11:0x00000000 x19=0xfffffff6
         155444	      7760	80001c6a	517d	c.li	x2,-1	  x2=0xffffffff
         155464	      7761	80001c6c	40640033	sub	x0,x8,x6	  x8:0x0000000f  x6:0xfffffd62  x0=0x00000000
         155524	      7764	80001c70	00ef91b3	sll	x3,x31,x14	 x31:0xff057b01 x14:0x00000000  x3=0xff057b01
         155584	      7767	80001c74	567d	c.li	x12,-1	 x12=0xffffffff
         155604	      7768	80001c76	60e1	c.lui	x1,0x18	  x1=0x00018000
         155644	      7770	80001c78	50fd	c.li	x1,-1	  x1=0xffffffff
         155704	      7773	80001c7a	01555933	srl	x18,x10,x21	 x10:0x00000000 x21:0x00000000 x18=0x00000000
         155764	      7776	80001c7e	01d761b3	or	x3,x14,x29	 x14:0x00000000 x29:0x00000001  x3=0x00000001
         156544	      7815	80001c82	029be733	rem	x14,x23,x9	 x23:0xfffffff6  x9:0x0000efff x14=0xfffffff6
         156564	      7816	80001c86	0066c933	xor	x18,x13,x6	 x13:0x0000fc21  x6:0xfffffd62 x18=0xffff0143
         156584	      7817	80001c8a	8e95	c.sub	x13,x13	 x13:0x0000fc21 x13:0x0000fc21 x13=0x00000000
         156604	      7818	80001c8c	001a29b3	slt	x19,x20,x1	 x20:0x00000010  x1:0xffffffff x19=0x00000000
         156664	      7821	80001c90	86b1	c.srai	x13,0xc	 x13:0x00000000 x13=0x00000000
         156724	      7824	80001c92	41dbda93	srai	x21,x23,0x1d	 x23:0xfffffff6 x21=0xffffffff
         156784	      7827	80001c96	40675b93	srai	x23,x14,0x6	 x14:0xfffffff6 x23=0xffffffff
         156804	      7828	80001c9a	0e1e	c.slli	x28,0x7	 x28:0xffffff7c x28=0xffffbe00
         156844	      7830	80001c9c	009d9313	slli	x6,x27,0x9	 x27:0x00000000  x6=0x00000000
         156904	      7833	80001ca0	57fd	c.li	x15,-1	 x15=0xffffffff
         156924	      7834	80001ca2	717d	c.addi16sp	x2,-16	  x2:0xffffffff  x2=0xffffffef
         156964	      7836	80001ca4	6e91	c.lui	x29,0x4	 x29=0x00004000
         157024	      7839	80001ca6	167a98b7	lui	x17,0x167a9	 x17=0x167a9000
         157084	      7842	80001caa	4078d713	srai	x14,x17,0x7	 x17:0x167a9000 x14=0x002cf520
         157104	      7843	80001cae	6169	c.addi16sp	x2,208	  x2:0xffffffef  x2=0x000000bf
         157144	      7845	80001cb0	6e70f613	andi	x12,x1,1767	  x1:0xffffffff x12=0x000006e7
         157204	      7848	80001cb4	8ef5	c.and	x13,x13	 x13:0x00000000 x13:0x00000000 x13=0x00000000
         157264	      7851	80001cb6	10227997	auipc	x19,0x10227	 x19=0x90228cb6
         157384	      7857	80001cba	036d3c33	mulhu	x24,x26,x22	 x26:0x8000ae64 x22:0x00000001 x24=0x00000000
         157404	      7858	80001cbe	bcc78317	auipc	x6,0xbcc78	  x6=0x3cc79cbe
         157424	      7859	80001cc2	8e95	c.sub	x13,x13	 x13:0x00000000 x13:0x00000000 x13=0x00000000
         157444	      7860	80001cc4	90ae	c.add	x1,x11	  x1:0xffffffff x11:0x00000000  x1=0xffffffff
         157464	      7861	80001cc6	44bd	c.li	x9,15	  x9=0x0000000f
         157504	      7863	80001cc8	475b3013	sltiu	x0,x22,1141	 x22:0x00000001  x0=0x00000000
         157564	      7866	80001ccc	8eb5	c.xor	x13,x13	 x13:0x00000000 x13:0x00000000 x13=0x00000000
         157684	      7872	80001cce	02ad2cb3	mulhsu	x25,x26,x10	 x26:0x8000ae64 x10:0x00000000 x25=0x00000000
         157704	      7873	80001cd2	01a5c8b3	xor	x17,x11,x26	 x11:0x00000000 x26:0x8000ae64 x17=0x8000ae64
         157724	      7874	80001cd6	48dd	c.li	x17,23	 x17=0x00000017
         157744	      7875	80001cd8	00bd94b3	sll	x9,x27,x11	 x27:0x00000000 x11:0x00000000  x9=0x00000000
         157804	      7878	80001cdc	94de	c.add	x9,x23	  x9:0x00000000 x23:0xffffffff  x9=0xffffffff
         157904	      7883	80001cde	02790c33	mul	x24,x18,x7	 x18:0xffff0143  x7:0x00000001 x24=0xffff0143
         157924	      7884	80001ce2	00a1f5b3	and	x11,x3,x10	  x3:0x00000001 x10:0x00000000 x11=0x00000000
         158044	      7890	80001ce6	033a3933	mulhu	x18,x20,x19	 x20:0x00000010 x19:0x90228cb6 x18=0x00000009
         158064	      7891	80001cea	b4e42793	slti	x15,x8,-1202	  x8:0x0000000f x15=0x00000000
         158084	      7892	80001cee	0001	c.addi	x0,0	  x0:0x00000000  x0=0x00000000
         158104	      7893	80001cf0	0050dc33	srl	x24,x1,x5	  x1:0xffffffff  x5:0xffffffff x24=0x00000001
         158164	      7896	80001cf4	8a85	c.andi	x13,1	 x13:0x00000000 x13=0x00000000
         158184	      7897	80001cf6	0314	c.addi4spn	x13,x2,384	 x13=0x0000023f
         158224	      7899	80001cf8	032e	c.slli	x6,0xb	  x6:0x3cc79cbe  x6=0x3ce5f000
         158244	      7900	80001cfa	82a9	c.srli	x13,0xa	 x13:0x0000023f x13=0x00000000
         158284	      7902	80001cfc	d5003893	sltiu	x17,x0,-688	  x0:0x00000000 x17=0x00000001
         158364	      7906	80001d00	03014033	div	x0,x2,x16	  x2:0x000000bf x16:0x00000000  x0=0x00000000
         158404	      7908	80001d04	8ed5	c.or	x13,x13	 x13:0x00000000 x13:0x00000000 x13=0x00000000
         158424	      7909	80001d06	0001	c.addi	x0,0	  x0:0x00000000  x0=0x00000000
         158464	      7911	80001d08	0d96	c.slli	x27,0x5	 x27:0x00000000 x27=0x00000000
         158524	      7914	80001d0a	01bf1233	sll	x4,x30,x27	 x30:0x00000000 x27:0x00000000  x4=0x00000000
         158584	      7917	80001d0e	0060e833	or	x16,x1,x6	  x1:0xffffffff  x6:0x3ce5f000 x16=0xffffffff
         158644	      7920	80001d12	41e4d5b3	sra	x11,x9,x30	  x9:0xffffffff x30:0x00000000 x11=0xffffffff
         158764	      7926	80001d16	03d63933	mulhu	x18,x12,x29	 x12:0x000006e7 x29:0x00004000 x18=0x00000000
         158784	      7927	80001d1a	0094	c.addi4spn	x13,x2,64	 x13=0x000000ff
         158804	      7928	80001d1c	01c43e33	sltu	x28,x8,x28	  x8:0x0000000f x28:0xffffbe00 x28=0x00000001
         158824	      7929	80001d20	8a52	c.mv	x20,x20	  x0:0x00000000 x20:0x00000010 x20=0x00000010
         158884	      7932	80001d22	c2d12593	slti	x11,x2,-979	  x2:0x000000bf x11=0x00000000
         159004	      7938	80001d26	022b3bb3	mulhu	x23,x22,x2	 x22:0x00000001  x2:0x000000bf x23=0x00000000
         159024	      7939	80001d2a	4e8e0913	addi	x18,x28,1256	 x28:0x00000001 x18=0x000004e9
         159044	      7940	80001d2e	0001	c.addi	x0,0	  x0:0x00000000  x0=0x00000000
         159064	      7941	80001d30	148a6893	ori	x17,x20,328	 x20:0x00000010 x17=0x00000158
         159124	      7944	80001d34	830a	c.mv	x6,x2	  x0:0x00000000  x2:0x000000bf  x6=0x000000bf
         159144	      7945	80001d36	8dd5	c.or	x11,x13	 x11:0x00000000 x13:0x000000ff x11=0x000000ff
         159184	      7947	80001d38	0abc4817	auipc	x16,0xabc4	 x16=0x8abc5d38
         159244	      7950	80001d3c	8eb5	c.xor	x13,x13	 x13:0x000000ff x13:0x000000ff x13=0x00000000
         159304	      7953	80001d3e	4132d9b3	sra	x19,x5,x19	  x5:0xffffffff x19:0x90228cb6 x19=0xffffffff
         159364	      7956	80001d42	076cb413	sltiu	x8,x25,118	 x25:0x00000000  x8=0x00000001
         159424	      7959	80001d46	41895533	sra	x10,x18,x24	 x18:0x000004e9 x24:0x00000001 x10=0x00000274
         159444	      7960	80001d4a	0001	c.addi	x0,0	  x0:0x00000000  x0=0x00000000
         159484	      7962	80001d4c	49bf7513	andi	x10,x30,1179	 x30:0x00000000 x10=0x00000000
         159544	      7965	80001d50	a6686b13	ori	x22,x16,-1434	 x16:0x8abc5d38 x22=0xffffff7e
         160324	      8004	80001d54	02155b33	divu	x22,x10,x1	 x10:0x00000000  x1:0xffffffff x22=0x00000000
         160344	      8005	80001d58	01d7fa33	and	x20,x15,x29	 x15:0x00000000 x29:0x00004000 x20=0x00000000
         160364	      8006	80001d5c	01f6c733	xor	x14,x13,x31	 x13:0x00000000 x31:0xff057b01 x14=0xff057b01
         160384	      8007	80001d60	7a95cb13	xori	x22,x11,1961	 x11:0x000000ff x22=0x00000756
         160444	      8010	80001d64	40be5333	sra	x6,x28,x11	 x28:0x00000001 x11:0x000000ff  x6=0x00000000
         160504	      8013	80001d68	0178d013	srli	x0,x17,0x17	 x17:0x00000158  x0=0x00000000
         160564	      8016	80001d6c	0001	c.addi	x0,0	  x0:0x00000000  x0=0x00000000
         160584	      8017	80001d6e	0535	c.addi	x10,13	 x10:0x00000000 x10=0x0000000d
         160624	      8019	80001d70	0001	c.addi	x0,0	  x0:0x00000000  x0=0x00000000
         160684	      8022	80001d72	40e45993	srai	x19,x8,0xe	  x8:0x00000001 x19=0x00000000
         160744	      8025	80001d76	aa2dc593	xori	x11,x27,-1374	 x27:0x00000000 x11=0xfffffaa2
         160804	      8028	80001d7a	40e15e93	srai	x29,x2,0xe	  x2:0x000000bf x29=0x00000000
         160864	      8031	80001d7e	d480ea93	ori	x21,x1,-696	  x1:0xffffffff x21=0xffffffff
         160924	      8034	80001d82	41ae5493	srai	x9,x28,0x1a	 x28:0x00000001  x9=0x00000000
         160984	      8037	80001d86	01f99c13	slli	x24,x19,0x1f	 x19:0x00000000 x24=0x00000000
         161004	      8038	80001d8a	8d75	c.and	x10,x13	 x10:0x0000000d x13:0x00000000 x10=0x00000000
         161044	      8040	80001d8c	417c0e33	sub	x28,x24,x23	 x24:0x00000000 x23:0x00000000 x28=0x00000000
         161104	      8043	80001d90	72eda493	slti	x9,x27,1838	 x27:0x00000000  x9=0x00000001
         161184	      8047	80001d94	03816e33	rem	x28,x2,x24	  x2:0x000000bf x24:0x00000000 x28=0x000000bf
         161244	      8050	80001d98	0385eab3	rem	x21,x11,x24	 x11:0xfffffaa2 x24:0x00000000 x21=0xfffffaa2
         161284	      8052	80001d9c	01f483b3	add	x7,x9,x31	  x9:0x00000001 x31:0xff057b01  x7=0xff057b02
         161344	      8055	80001da0	86ad	c.srai	x13,0xb	 x13:0x00000000 x13=0x00000000
         162124	      8094	80001da2	03f9e433	rem	x8,x19,x31	 x19:0x00000000 x31:0xff057b01  x8=0x00000000
         162144	      8095	80001da6	5c033893	sltiu	x17,x6,1472	  x6:0x00000000 x17=0x00000001
         162164	      8096	80001daa	010e0033	add	x0,x28,x16	 x28:0x000000bf x16:0x8abc5d38  x0=0x00000000
         162184	      8097	80001dae	82c1	c.srli	x13,0x10	 x13:0x00000000 x13=0x00000000
         162244	      8100	80001db0	e70833b7	lui	x7,0xe7083	  x7=0xe7083000
         162304	      8103	80001db4	f38c0397	auipc	x7,0xf38c0	  x7=0x738c1db4
         163084	      8142	80001db8	025cd733	divu	x14,x25,x5	 x25:0x00000000  x5:0xffffffff x14=0x00000000
         163104	      8143	80001dbc	00cac1b3	xor	x3,x21,x12	 x21:0xfffffaa2 x12:0x000006e7  x3=0xfffffc45
         163124	      8144	80001dc0	017b2133	slt	x2,x22,x23	 x22:0x00000756 x23:0x00000000  x2=0x00000000
         163144	      8145	80001dc4	717d	c.addi16sp	x2,-16	  x2:0x00000000  x2=0xfffffff0
         163204	      8148	80001dc6	018b9893	slli	x17,x23,0x18	 x23:0x00000000 x17=0x00000000
         163264	      8151	80001dca	013dc8b3	xor	x17,x27,x19	 x27:0x00000000 x19:0x00000000 x17=0x00000000
         163384	      8157	80001dce	024136b3	mulhu	x13,x2,x4	  x2:0xfffffff0  x4:0x00000000 x13=0x00000000
         164124	      8194	80001dd2	02964db3	div	x27,x12,x9	 x12:0x000006e7  x9:0x00000001 x27=0x000006e7
         164144	      8195	80001dd6	33426693	ori	x13,x4,820	  x4:0x00000000 x13=0x00000334
         164164	      8196	80001dda	40f45a13	srai	x20,x8,0xf	  x8:0x00000000 x20=0x00000000
         164944	      8235	80001dde	02b6e433	rem	x8,x13,x11	 x13:0x00000334 x11:0xfffffaa2  x8=0x00000334
         164984	      8237	80001de2	0204c5b3	div	x11,x9,x0	  x9:0x00000001  x0:0x00000000 x11=0xffffffff
         165004	      8238	80001de6	8e95	c.sub	x13,x13	 x13:0x00000334 x13:0x00000334 x13=0x00000000
         165024	      8239	80001de8	14550797	auipc	x15,0x14550	 x15=0x94551de8
         165124	      8244	80001dec	03d32833	mulhsu	x16,x6,x29	  x6:0x00000000 x29:0x00000000 x16=0x00000000
         165204	      8248	80001df0	029419b3	mulh	x19,x8,x9	  x8:0x00000334  x9:0x00000001 x19=0x00000000
         165224	      8249	80001df4	13fd	c.addi	x7,-1	  x7:0x738c1db4  x7=0x738c1db3
         165244	      8250	80001df6	2d43ba93	sltiu	x21,x7,724	  x7:0x738c1db3 x21=0x00000000
         165304	      8253	80001dfa	4040dbb3	sra	x23,x1,x4	  x1:0xffffffff  x4:0x00000000 x23=0xffffffff
         165364	      8256	80001dfe	418b5733	sra	x14,x22,x24	 x22:0x00000756 x24:0x00000000 x14=0x00000756
         165424	      8259	80001e02	414ad613	srai	x12,x21,0x14	 x21:0x00000000 x12=0x00000000
         165444	      8260	80001e06	82bd	c.srli	x13,0xf	 x13:0x00000000 x13=0x00000000
         165484	      8262	80001e08	00bf5d93	srli	x27,x30,0xb	 x30:0x00000000 x27=0x00000000
         165544	      8265	80001e0c	0001	c.addi	x0,0	  x0:0x00000000  x0=0x00000000
         165604	      8268	80001e0e	9d4bea37	lui	x20,0x9d4be	 x20=0x9d4be000
         165624	      8269	80001e12	86f5	c.srai	x13,0x1d	 x13:0x00000000 x13=0x00000000
         165664	      8271	80001e14	0001	c.addi	x0,0	  x0:0x00000000  x0=0x00000000
         165724	      8274	80001e16	01857db3	and	x27,x10,x24	 x10:0x00000000 x24:0x00000000 x27=0x00000000
         165744	      8275	80001e1a	0415	c.addi	x8,5	  x8:0x00000334  x8=0x00000339
         165784	      8277	80001e1c	415c8533	sub	x10,x25,x21	 x25:0x00000000 x21:0x00000000 x10=0x00000000
         165844	      8280	80001e20	002e5533	srl	x10,x28,x2	 x28:0x000000bf  x2:0xfffffff0 x10=0x00000000
         165904	      8283	80001e24	018cd013	srli	x0,x25,0x18	 x25:0x00000000  x0=0x00000000
         165964	      8286	80001e28	8c75	c.and	x8,x13	  x8:0x00000339 x13:0x00000000  x8=0x00000000
         166064	      8291	80001e2a	027509b3	mul	x19,x10,x7	 x10:0x00000000  x7:0x738c1db3 x19=0x00000000
         166804	      8328	80001e2e	03c74eb3	div	x29,x14,x28	 x14:0x00000756 x28:0x000000bf x29=0x00000009
         166844	      8330	80001e32	039aea33	rem	x20,x21,x25	 x21:0x00000000 x25:0x00000000 x20=0x00000000
         167584	      8367	80001e36	03fae7b3	rem	x15,x21,x31	 x21:0x00000000 x31:0xff057b01 x15=0x00000000
         167604	      8368	80001e3a	29c8b013	sltiu	x0,x17,668	 x17:0x00000000  x0=0x00000000
         167624	      8369	80001e3e	0689	c.addi	x13,2	 x13:0x00000000 x13=0x00000002
         167644	      8370	80001e40	557d	c.li	x10,-1	 x10=0xffffffff
         167664	      8371	80001e42	86cd	c.srai	x13,0x13	 x13:0x00000002 x13=0x00000000
         167704	      8373	80001e44	968e	c.add	x13,x3	 x13:0x00000000  x3:0xfffffc45 x13=0xfffffc45
         167764	      8376	80001e46	67e44337	lui	x6,0x67e44	  x6=0x67e44000
         167824	      8379	80001e4a	01d51833	sll	x16,x10,x29	 x10:0xffffffff x29:0x00000009 x16=0xfffffe00
         167884	      8382	80001e4e	01bdd013	srli	x0,x27,0x1b	 x27:0x00000000  x0=0x00000000
         167904	      8383	80001e52	0001	c.addi	x0,0	  x0:0x00000000  x0=0x00000000
         167944	      8385	80001e54	08ea	c.slli	x17,0x1a	 x17:0x00000000 x17=0x00000000
         168004	      8388	80001e56	a3969097	auipc	x1,0xa3969	  x1=0x2396ae56
         168024	      8389	80001e5a	8e95	c.sub	x13,x13	 x13:0xfffffc45 x13:0xfffffc45 x13=0x00000000
         168064	      8391	80001e5c	8e19	c.sub	x12,x14	 x12:0x00000000 x14:0x00000756 x12=0xfffff8aa
         168124	      8394	80001e5e	ad597c13	andi	x24,x18,-1323	 x18:0x000004e9 x24=0x000000c1
         168144	      8395	80001e62	0f94	c.addi4spn	x13,x2,976	 x13=0x000003c0
         168204	      8398	80001e64	03bede33	divu	x28,x29,x27	 x29:0x00000009 x27:0x00000000 x28=0xffffffff
         168244	      8400	80001e68	0494	c.addi4spn	x13,x2,576	 x13=0x00000230
         168304	      8403	80001e6a	00da7cb3	and	x25,x20,x13	 x20:0x00000000 x13:0x00000230 x25=0x00000000
         168324	      8404	80001e6e	8ed5	c.or	x13,x13	 x13:0x00000230 x13:0x00000230 x13=0x00000230
         168364	      8406	80001e70	5648f593	andi	x11,x17,1380	 x17:0x00000000 x11=0x00000000
         168424	      8409	80001e74	82bd	c.srli	x13,0xf	 x13:0x00000230 x13=0x00000000
         168484	      8412	80001e76	012138b3	sltu	x17,x2,x18	  x2:0xfffffff0 x18:0x000004e9 x17=0x00000000
         168504	      8413	80001e7a	6de1	c.lui	x27,0x18	 x27=0x00018000
         168604	      8418	80001e7c	02e89b33	mulh	x22,x17,x14	 x17:0x00000000 x14:0x00000756 x22=0x00000000
         168624	      8419	80001e80	8e5a	c.mv	x28,x22	  x0:0x00000000 x22:0x00000000 x28=0x00000000
         168664	      8421	80001e82	b98d8a13	addi	x20,x27,-1128	 x27:0x00018000 x20=0x00017b98
         168684	      8422	80001e86	610d	c.addi16sp	x2,160	  x2:0xfffffff0  x2=0x00000090
         168724	      8424	80001e88	01a94db3	xor	x27,x18,x26	 x18:0x000004e9 x26:0x8000ae64 x27=0x8000aa8d
         169504	      8463	80001e8c	02a9e933	rem	x18,x19,x10	 x19:0x00000000 x10:0xffffffff x18=0x00000000
         169524	      8464	80001e90	9afd	c.andi	x13,-1	 x13:0x00000000 x13=0x00000000
         169544	      8465	80001e92	8ef5	c.and	x13,x13	 x13:0x00000000 x13:0x00000000 x13=0x00000000
         170284	      8502	80001e94	02e7dcb3	divu	x25,x15,x14	 x15:0x00000000 x14:0x00000756 x25=0x00000000
         170304	      8503	80001e98	417554b3	sra	x9,x10,x23	 x10:0xffffffff x23:0xffffffff  x9=0xffffffff
         170344	      8505	80001e9c	03ef4a33	div	x20,x30,x30	 x30:0x00000000 x30:0x00000000 x20=0xffffffff
         170364	      8506	80001ea0	018f4333	xor	x6,x30,x24	 x30:0x00000000 x24:0x000000c1  x6=0x000000c1
         170404	      8508	80001ea4	33d22113	slti	x2,x4,829	  x4:0x00000000  x2=0x00000001
         170524	      8514	80001ea8	021d9c33	mulh	x24,x27,x1	 x27:0x8000aa8d  x1:0x2396ae56 x24=0xee34c08a
         170544	      8515	80001eac	056e	c.slli	x10,0x1b	 x10:0xffffffff x10=0xf8000000
         170644	      8520	80001eae	020926b3	mulhsu	x13,x18,x0	 x18:0x00000000  x0:0x00000000 x13=0x00000000
         170664	      8521	80001eb2	00821793	slli	x15,x4,0x8	  x4:0x00000000 x15=0x00000000
         170764	      8526	80001eb6	02ba9033	mulh	x0,x21,x11	 x21:0x00000000 x11:0x00000000  x0=0x00000000
         170784	      8527	80001eba	306cec13	ori	x24,x25,774	 x25:0x00000000 x24=0x00000306
         170824	      8529	80001ebe	01c69ab3	sll	x21,x13,x28	 x13:0x00000000 x28:0x00000000 x21=0x00000000
         170884	      8532	80001ec2	01fbaab3	slt	x21,x23,x31	 x23:0xffffffff x31:0xff057b01 x21=0x00000000
         170944	      8535	80001ec6	41975013	srai	x0,x14,0x19	 x14:0x00000756  x0=0x00000000
         171044	      8540	80001eca	03440a33	mul	x20,x8,x20	  x8:0x00000000 x20:0xffffffff x20=0x00000000
         171124	      8544	80001ece	02ab1ab3	mulh	x21,x22,x10	 x22:0x00000000 x10:0xf8000000 x21=0x00000000
         171144	      8545	80001ed2	6091	c.lui	x1,0x4	  x1=0x00004000
         171164	      8546	80001ed4	01d58db3	add	x27,x11,x29	 x11:0x00000000 x29:0x00000009 x27=0x00000009
         171184	      8547	80001ed8	0074c333	xor	x6,x9,x7	  x9:0xffffffff  x7:0x738c1db3  x6=0x8c73e24c
         171244	      8550	80001edc	4120de13	srai	x28,x1,0x12	  x1:0x00004000 x28=0x00000000
         171344	      8555	80001ee0	039087b3	mul	x15,x1,x25	  x1:0x00004000 x25:0x00000000 x15=0x00000000
         171364	      8556	80001ee4	717d	c.addi16sp	x2,-16	  x2:0x00000001  x2=0xfffffff1
         171424	      8559	80001ee6	38b56493	ori	x9,x10,907	 x10:0xf8000000  x9=0xf800038b
         172204	      8598	80001eea	023263b3	rem	x7,x4,x3	  x4:0x00000000  x3:0xfffffc45  x7=0x00000000
         172224	      8599	80001eee	4815	c.li	x16,5	 x16=0x00000005
         172244	      8600	80001ef0	9afd	c.andi	x13,-1	 x13:0x00000000 x13=0x00000000
         172264	      8601	80001ef2	e26d4293	xori	x5,x26,-474	 x26:0x8000ae64  x5=0x7fff5042
         172324	      8604	80001ef6	000724b3	slt	x9,x14,x0	 x14:0x00000756  x0:0x00000000  x9=0x00000000
         172384	      8607	80001efa	00d01033	sll	x0,x0,x13	  x0:0x00000000 x13:0x00000000  x0=0x00000000
         172404	      8608	80001efe	8ef5	c.and	x13,x13	 x13:0x00000000 x13:0x00000000 x13=0x00000000
         172444	      8610	80001f00	41efd413	srai	x8,x31,0x1e	 x31:0xff057b01  x8=0xffffffff
         172504	      8613	80001f04	0080f5b3	and	x11,x1,x8	  x1:0x00004000  x8:0xffffffff x11=0x00004000
         172564	      8616	80001f08	6c75	c.lui	x24,0x1d	 x24=0x0001d000
         172624	      8619	80001f0a	01201b13	slli	x22,x0,0x12	  x0:0x00000000 x22=0x00000000
         172684	      8622	80001f0e	9cb3e713	ori	x14,x7,-1589	  x7:0x00000000 x14=0xfffff9cb
         173464	      8661	80001f12	03896bb3	rem	x23,x18,x24	 x18:0x00000000 x24:0x0001d000 x23=0x00000000
         173484	      8662	80001f16	01a37433	and	x8,x6,x26	  x6:0x8c73e24c x26:0x8000ae64  x8=0x8000a244
         173564	      8666	80001f1a	03a19733	mulh	x14,x3,x26	  x3:0xfffffc45 x26:0x8000ae64 x14=0x000001dd
         173584	      8667	80001f1e	0001	c.addi	x0,0	  x0:0x00000000  x0=0x00000000
         173604	      8668	80001f20	4171	c.li	x2,28	  x2=0x0000001c
         173644	      8670	80001f22	154be793	ori	x15,x23,340	 x23:0x00000000 x15=0x00000154
         173704	      8673	80001f26	01c8d233	srl	x4,x17,x28	 x17:0x00000000 x28:0x00000000  x4=0x00000000
         173764	      8676	80001f2a	015a02b3	add	x5,x20,x21	 x20:0x00000000 x21:0x00000000  x5=0x00000000
         173884	      8682	80001f2e	02f69033	mulh	x0,x13,x15	 x13:0x00000000 x15:0x00000154  x0=0x00000000
         173904	      8683	80001f32	018533b3	sltu	x7,x10,x24	 x10:0xf8000000 x24:0x0001d000  x7=0x00000000
         173984	      8687	80001f36	024489b3	mul	x19,x9,x4	  x9:0x00000000  x4:0x00000000 x19=0x00000000
         174724	      8724	80001f3a	03dec133	div	x2,x29,x29	 x29:0x00000009 x29:0x00000009  x2=0x00000001
         174744	      8725	80001f3e	0dba	c.slli	x27,0xe	 x27:0x00000009 x27=0x00024000
         174764	      8726	80001f40	8e95	c.sub	x13,x13	 x13:0x00000000 x13:0x00000000 x13=0x00000000
         174784	      8727	80001f42	82c1	c.srli	x13,0x10	 x13:0x00000000 x13=0x00000000
         174804	      8728	80001f44	8ecd	c.or	x13,x11	 x13:0x00000000 x11:0x00004000 x13=0x00004000
         174824	      8729	80001f46	82b5	c.srli	x13,0xd	 x13:0x00004000 x13=0x00000002
         174844	      8730	80001f48	8eb9	c.xor	x13,x14	 x13:0x00000002 x14:0x000001dd x13=0x000001df
         174904	      8733	80001f4a	e6362b93	slti	x23,x12,-413	 x12:0xfffff8aa x23=0x00000001
         174964	      8736	80001f4e	0068d613	srli	x12,x17,0x6	 x17:0x00000000 x12=0x00000000
         174984	      8737	80001f52	00e6	c.slli	x1,0x19	  x1:0x00004000  x1=0x00000000
         175084	      8742	80001f54	03ac2cb3	mulhsu	x25,x24,x26	 x24:0x0001d000 x26:0x8000ae64 x25=0x0000e801
         175104	      8743	80001f58	9afd	c.andi	x13,-1	 x13:0x000001df x13=0x000001df
         175144	      8745	80001f5a	01751693	slli	x13,x10,0x17	 x10:0xf8000000 x13=0x00000000
         175164	      8746	80001f5e	64d9	c.lui	x9,0x16	  x9=0x00016000
         175244	      8750	80001f60	024b83b3	mul	x7,x23,x4	 x23:0x00000001  x4:0x00000000  x7=0x00000000
         175264	      8751	80001f64	00951093	slli	x1,x10,0x9	 x10:0xf8000000  x1=0x00000000
         175324	      8754	80001f68	8eb5	c.xor	x13,x13	 x13:0x00000000 x13:0x00000000 x13=0x00000000
         175384	      8757	80001f6a	40660133	sub	x2,x12,x6	 x12:0x00000000  x6:0x8c73e24c  x2=0x738c1db4
         175444	      8760	80001f6e	3e150493	addi	x9,x10,993	 x10:0xf8000000  x9=0xf80003e1
         175504	      8763	80001f72	e1edc593	xori	x11,x27,-482	 x27:0x00024000 x11=0xfffdbe1e
         175564	      8766	80001f76	00fbabb3	slt	x23,x23,x15	 x23:0x00000001 x15:0x00000154 x23=0x00000001
         175624	      8769	80001f7a	cbd36c93	ori	x25,x6,-835	  x6:0x8c73e24c x25=0xfffffefd
         175684	      8772	80001f7e	0131c1b3	xor	x3,x3,x19	  x3:0xfffffc45 x19:0x00000000  x3=0xfffffc45
         175744	      8775	80001f82	8b504b93	xori	x23,x0,-1867	  x0:0x00000000 x23=0xfffff8b5
         175804	      8778	80001f86	40c35833	sra	x16,x6,x12	  x6:0x8c73e24c x12:0x00000000 x16=0x8c73e24c
         175824	      8779	80001f8a	0294	c.addi4spn	x13,x2,320	 x13=0x738c1ef4
         176584	      8817	80001f8c	02d254b3	divu	x9,x4,x13	  x4:0x00000000 x13:0x738c1ef4  x9=0x00000000
         176624	      8819	80001f90	033ec033	div	x0,x29,x19	 x29:0x00000009 x19:0x00000000  x0=0x00000000
         177364	      8856	80001f94	02b16db3	rem	x27,x2,x11	  x2:0x738c1db4 x11:0xfffdbe1e x27=0x0001ff36
         177384	      8857	80001f98	001d4033	xor	x0,x26,x1	 x26:0x8000ae64  x1:0x00000000  x0=0x00000000
         177464	      8861	80001f9c	027f1eb3	mulh	x29,x30,x7	 x30:0x00000000  x7:0x00000000 x29=0x00000000
         178204	      8898	80001fa0	02eb4033	div	x0,x22,x14	 x22:0x00000000 x14:0x000001dd  x0=0x00000000
         178224	      8899	80001fa4	fcab3d93	sltiu	x27,x22,-54	 x22:0x00000000 x27=0x00000001
         178244	      8900	80001fa8	82b5	c.srli	x13,0xd	 x13:0x738c1ef4 x13=0x00039c60
         178264	      8901	80001faa	0126b0b3	sltu	x1,x13,x18	 x13:0x00039c60 x18:0x00000000  x1=0x00000000
         178324	      8904	80001fae	416d88b3	sub	x17,x27,x22	 x27:0x00000001 x22:0x00000000 x17=0x00000001
         178384	      8907	80001fb2	f7fa7b93	andi	x23,x20,-129	 x20:0x00000000 x23=0x00000000
         178504	      8913	80001fb6	034c2033	mulhsu	x0,x24,x20	 x24:0x0001d000 x20:0x00000000  x0=0x00000000
         178524	      8914	80001fba	46f9	c.li	x13,30	 x13=0x0000001e
         178544	      8915	80001fbc	0015b2b3	sltu	x5,x11,x1	 x11:0xfffdbe1e  x1:0x00000000  x5=0x00000000
         178564	      8916	80001fc0	3e316c97	auipc	x25,0x3e316	 x25=0xbe317fc0
         178684	      8922	80001fc4	020eae33	mulhsu	x28,x29,x0	 x29:0x00000000  x0:0x00000000 x28=0x00000000
         178704	      8923	80001fc8	0038c0b3	xor	x1,x17,x3	 x17:0x00000001  x3:0xfffffc45  x1=0xfffffc44
         178744	      8925	80001fcc	00c7c8b3	xor	x17,x15,x12	 x15:0x00000154 x12:0x00000000 x17=0x00000154
         178804	      8928	80001fd0	7bd5c217	auipc	x4,0x7bd5c	  x4=0xfbd5dfd0
         178864	      8931	80001fd4	00199333	sll	x6,x19,x1	 x19:0x00000000  x1:0xfffffc44  x6=0x00000000
         178924	      8934	80001fd8	78ba53b7	lui	x7,0x78ba5	  x7=0x78ba5000
         178984	      8937	80001fdc	89da	c.mv	x19,x22	  x0:0x00000000 x22:0x00000000 x19=0x00000000
         179044	      8940	80001fde	97bbb413	sltiu	x8,x23,-1669	 x23:0x00000000  x8=0x00000001
         179064	      8941	80001fe2	0294	c.addi4spn	x13,x2,320	 x13=0x738c1ef4
         179824	      8979	80001fe4	022c4033	div	x0,x24,x2	 x24:0x0001d000  x2:0x738c1db4  x0=0x00000000
         179844	      8980	80001fe8	000a9633	sll	x12,x21,x0	 x21:0x00000000  x0:0x00000000 x12=0x00000000
         179864	      8981	80001fec	86e9	c.srai	x13,0x1a	 x13:0x738c1ef4 x13=0x0000001c
         179884	      8982	80001fee	0675	c.addi	x12,29	 x12:0x00000000 x12=0x0000001d
         179924	      8984	80001ff0	0260d233	divu	x4,x1,x6	  x1:0xfffffc44  x6:0x00000000  x4=0xffffffff
         179944	      8985	80001ff4	006c2033	slt	x0,x24,x6	 x24:0x0001d000  x6:0x00000000  x0=0x00000000
         180724	      9024	80001ff8	02d8e9b3	rem	x19,x17,x13	 x17:0x00000154 x13:0x0000001c x19=0x00000004
         180744	      9025	80001ffc	01d54033	xor	x0,x10,x29	 x10:0xf8000000 x29:0x00000000  x0=0x00000000
         180764	      9026	80002000	8ef5	c.and	x13,x13	 x13:0x0000001c x13:0x0000001c x13=0x0000001c
         180784	      9027	80002002	41458db3	sub	x27,x11,x20	 x11:0xfffdbe1e x20:0x00000000 x27=0xfffdbe1e
         180804	      9028	80002006	865a	c.mv	x12,x22	  x0:0x00000000 x22:0x00000000 x12=0x00000000
         180864	      9031	80002008	037a6033	rem	x0,x20,x23	 x20:0x00000000 x23:0x00000000  x0=0x00000000
         180904	      9033	8000200c	4104d833	sra	x16,x9,x16	  x9:0x00000000 x16:0x8c73e24c x16=0x00000000
         180964	      9036	80002010	8ea1	c.xor	x13,x8	 x13:0x0000001c  x8:0x00000001 x13=0x0000001d
         180984	      9037	80002012	00ea	c.slli	x1,0x1a	  x1:0xfffffc44  x1=0x10000000
         181024	      9039	80002014	8ead	c.xor	x13,x11	 x13:0x0000001d x11:0xfffdbe1e x13=0xfffdbe03
         181084	      9042	80002016	008590b3	sll	x1,x11,x8	 x11:0xfffdbe1e  x8:0x00000001  x1=0xfffb7c3c
         181104	      9043	8000201a	0001	c.addi	x0,0	  x0:0x00000000  x0=0x00000000
         181144	      9045	8000201c	0294	c.addi4spn	x13,x2,320	 x13=0x738c1ef4
         181204	      9048	8000201e	010a7e33	and	x28,x20,x16	 x20:0x00000000 x16:0x00000000 x28=0x00000000
         181264	      9051	80002022	00ac4ab3	xor	x21,x24,x10	 x24:0x0001d000 x10:0xf8000000 x21=0xf801d000
         181324	      9054	80002026	8bc02013	slti	x0,x0,-1860	  x0:0x00000000  x0=0x00000000
         181344	      9055	8000202a	137d	c.addi	x6,-1	  x6:0x00000000  x6=0xffffffff
         181384	      9057	8000202c	848e	c.mv	x9,x3	  x0:0x00000000  x3:0xfffffc45  x9=0xfffffc45
         181444	      9060	8000202e	9c3e4093	xori	x1,x28,-1597	 x28:0x00000000  x1=0xfffff9c3
         181504	      9063	80002032	44eefb93	andi	x23,x29,1102	 x29:0x00000000 x23=0x00000000
         181564	      9066	80002036	0018ceb3	xor	x29,x17,x1	 x17:0x00000154  x1:0xfffff9c3 x29=0xfffff897
         181624	      9069	8000203a	403f8033	sub	x0,x31,x3	 x31:0xff057b01  x3:0xfffffc45  x0=0x00000000
         181684	      9072	8000203e	0015c033	xor	x0,x11,x1	 x11:0xfffdbe1e  x1:0xfffff9c3  x0=0x00000000
         181744	      9075	80002042	974665b7	lui	x11,0x97466	 x11=0x97466000
         181764	      9076	80002046	82f1	c.srli	x13,0x1c	 x13:0x738c1ef4 x13=0x00000007
         181804	      9078	80002048	005c1193	slli	x3,x24,0x5	 x24:0x0001d000  x3=0x003a0000
         181884	      9082	8000204c	03e1ea33	rem	x20,x3,x30	  x3:0x003a0000 x30:0x00000000 x20=0x003a0000
         181924	      9084	80002050	01c25a93	srli	x21,x4,0x1c	  x4:0xffffffff x21=0x0000000f
         181984	      9087	80002054	46d4e413	ori	x8,x9,1133	  x9:0xfffffc45  x8=0xfffffc6d
         182044	      9090	80002058	909e	c.add	x1,x7	  x1:0xfffff9c3  x7:0x78ba5000  x1=0x78ba49c3
         182104	      9093	8000205a	01feddb3	srl	x27,x29,x31	 x29:0xfffff897 x31:0xff057b01 x27=0x7ffffc4b
         182164	      9096	8000205e	01c2d213	srli	x4,x5,0x1c	  x5:0x00000000  x4=0x00000000
         182184	      9097	80002062	010a	c.slli	x2,0x2	  x2:0x738c1db4  x2=0xce3076d0
         182284	      9102	80002064	02a0b733	mulhu	x14,x1,x10	  x1:0x78ba49c3 x10:0xf8000000 x14=0x74f47774
         182364	      9106	80002068	0283bdb3	mulhu	x27,x7,x8	  x7:0x78ba5000  x8:0xfffffc6d x27=0x78ba4e50
         182384	      9107	8000206c	0040f5b3	and	x11,x1,x4	  x1:0x78ba49c3  x4:0x00000000 x11=0x00000000
         182404	      9108	80002070	009b30b3	sltu	x1,x22,x9	 x22:0x00000000  x9:0xfffffc45  x1=0x00000001
         182464	      9111	80002074	01e23a33	sltu	x20,x4,x30	  x4:0x00000000 x30:0x00000000 x20=0x00000000
         182524	      9114	80002078	b3b50013	addi	x0,x10,-1221	 x10:0xf8000000  x0=0x00000000
         182584	      9117	8000207c	8e95	c.sub	x13,x13	 x13:0x00000007 x13:0x00000007 x13=0x00000000
         182684	      9122	8000207e	039d02b3	mul	x5,x26,x25	 x26:0x8000ae64 x25:0xbe317fc0  x5=0xf02a6700
         182704	      9123	80002082	70867017	auipc	x0,0x70867	  x0=0x00000000
         182724	      9124	80002086	5a7d	c.li	x20,-1	 x20=0xffffffff
         182764	      9126	80002088	8e8d	c.sub	x13,x11	 x13:0x00000000 x11:0x00000000 x13=0x00000000
         182824	      9129	8000208a	00c857b3	srl	x15,x16,x12	 x16:0x00000000 x12:0x00000000 x15=0x00000000
         182944	      9135	8000208e	02011933	mulh	x18,x2,x0	  x2:0xce3076d0  x0:0x00000000 x18=0x00000000
         182964	      9136	80002092	90c2	c.add	x1,x16	  x1:0x00000001 x16:0x00000000  x1=0x00000001
         183704	      9173	80002094	025adcb3	divu	x25,x21,x5	 x21:0x0000000f  x5:0xf02a6700 x25=0x00000000
         183724	      9174	80002098	0494	c.addi4spn	x13,x2,576	 x13=0xce307910
         183764	      9176	8000209a	0244de33	divu	x28,x9,x4	  x9:0xfffffc45  x4:0x00000000 x28=0xffffffff
         183784	      9177	8000209e	e7f46293	ori	x5,x8,-385	  x8:0xfffffc6d  x5=0xfffffe7f
         183884	      9182	800020a2	033e8333	mul	x6,x29,x19	 x29:0xfffff897 x19:0x00000004  x6=0xffffe25c
         183904	      9183	800020a6	8c75	c.and	x8,x13	  x8:0xfffffc6d x13:0xce307910  x8=0xce307800
         184644	      9220	800020a8	02de6033	rem	x0,x28,x13	 x28:0xffffffff x13:0xce307910  x0=0x00000000
         184664	      9221	800020ac	0001	c.addi	x0,0	  x0:0x00000000  x0=0x00000000
         184744	      9225	800020ae	03559633	mulh	x12,x11,x21	 x11:0x00000000 x21:0x0000000f x12=0x00000000
         184764	      9226	800020b2	8af5	c.andi	x13,29	 x13:0xce307910 x13=0x00000010
         184784	      9227	800020b4	00ad9c93	slli	x25,x27,0xa	 x27:0x78ba4e50 x25=0xe9394000
         184804	      9228	800020b8	028a	c.slli	x5,0x2	  x5:0xfffffe7f  x5=0xfffff9fc
         184884	      9232	800020ba	0207ebb3	rem	x23,x15,x0	 x15:0x00000000  x0:0x00000000 x23=0x00000000
         184924	      9234	800020be	0173e433	or	x8,x7,x23	  x7:0x78ba5000 x23:0x00000000  x8=0x78ba5000
         184984	      9237	800020c2	bed42a93	slti	x21,x8,-1043	  x8:0x78ba5000 x21=0x00000000
         185104	      9243	800020c6	02079033	mulh	x0,x15,x0	 x15:0x00000000  x0:0x00000000  x0=0x00000000
         185124	      9244	800020ca	5a5c62b7	lui	x5,0x5a5c6	  x5=0x5a5c6000
         185164	      9246	800020ce	afe82013	slti	x0,x16,-1282	 x16:0x00000000  x0=0x00000000
         185224	      9249	800020d2	009e5e33	srl	x28,x28,x9	 x28:0xffffffff  x9:0xfffffc45 x28=0x07ffffff
         185284	      9252	800020d6	00571513	slli	x10,x14,0x5	 x14:0x74f47774 x10=0x9e8eee80
         185304	      9253	800020da	56fd	c.li	x13,-1	 x13=0xffffffff
         185344	      9255	800020dc	00243833	sltu	x16,x8,x2	  x8:0x78ba5000  x2:0xce3076d0 x16=0x00000001
         185404	      9258	800020e0	418ddcb3	sra	x25,x27,x24	 x27:0x78ba4e50 x24:0x0001d000 x25=0x78ba4e50
         185464	      9261	800020e4	850df013	andi	x0,x27,-1968	 x27:0x78ba4e50  x0=0x00000000
         185564	      9266	800020e8	03af83b3	mul	x7,x31,x26	 x31:0xff057b01 x26:0x8000ae64  x7=0xd7beba64
         185584	      9267	800020ec	68b201b7	lui	x3,0x68b20	  x3=0x68b20000
         185644	      9270	800020f0	414bd613	srai	x12,x23,0x14	 x23:0x00000000 x12=0x00000000
         185704	      9273	800020f4	41080db3	sub	x27,x16,x16	 x16:0x00000001 x16:0x00000001 x27=0x00000000
         185764	      9276	800020f8	ffe5e413	ori	x8,x11,-2	 x11:0x00000000  x8=0xfffffffe
         185824	      9279	800020fc	90a6	c.add	x1,x9	  x1:0x00000001  x9:0xfffffc45  x1=0xfffffc46
         185844	      9280	800020fe	8e95	c.sub	x13,x13	 x13:0xffffffff x13:0xffffffff x13=0x00000000
         185884	      9282	80002100	8ac5	c.andi	x13,17	 x13:0x00000000 x13=0x00000000
         185944	      9285	80002102	1f77bb13	sltiu	x22,x15,503	 x15:0x00000000 x22=0x00000001
         185964	      9286	80002106	50fd	c.li	x1,-1	  x1=0xffffffff
         186004	      9288	80002108	413101b3	sub	x3,x2,x19	  x2:0xce3076d0 x19:0x00000004  x3=0xce3076cc
         186064	      9291	8000210c	bdd27e93	andi	x29,x4,-1059	  x4:0x00000000 x29=0x00000000
         186124	      9294	80002110	841a	c.mv	x8,x6	  x0:0x00000000  x6:0xffffe25c  x8=0xffffe25c
         186244	      9300	80002112	020d3c33	mulhu	x24,x26,x0	 x26:0x8000ae64  x0:0x00000000 x24=0x00000000
         186264	      9301	80002116	9afd	c.andi	x13,-1	 x13:0x00000000 x13=0x00000000
         186344	      9305	80002118	024ab233	mulhu	x4,x21,x4	 x21:0x00000000  x4:0x00000000  x4=0x00000000
         186364	      9306	8000211c	60fd	c.lui	x1,0x1f	  x1=0x0001f000
         186384	      9307	8000211e	8ef5	c.and	x13,x13	 x13:0x00000000 x13:0x00000000 x13=0x00000000
         186404	      9308	80002120	009482b3	add	x5,x9,x9	  x9:0xfffffc45  x9:0xfffffc45  x5=0xfffff88a
         186424	      9309	80002124	41925293	srai	x5,x4,0x19	  x4:0x00000000  x5=0x00000000
         186484	      9312	80002128	886e	c.mv	x16,x27	  x0:0x00000000 x27:0x00000000 x16=0x00000000
         186504	      9313	8000212a	609d	c.lui	x1,0x7	  x1=0x00007000
         186544	      9315	8000212c	8e55	c.or	x12,x13	 x12:0x00000000 x13:0x00000000 x12=0x00000000
         186564	      9316	8000212e	8ea9	c.xor	x13,x10	 x13:0x00000000 x10:0x9e8eee80 x13=0x9e8eee80
         186604	      9318	80002130	88db2c93	slti	x25,x22,-1907	 x22:0x00000001 x25=0x00000000
         186664	      9321	80002134	8f95	c.sub	x15,x13	 x15:0x00000000 x13:0x9e8eee80 x15=0x61711180
         186684	      9322	80002136	8ef5	c.and	x13,x13	 x13:0x9e8eee80 x13:0x9e8eee80 x13=0x9e8eee80
         186724	      9324	80002138	d61750b7	lui	x1,0xd6175	  x1=0xd6175000
         186844	      9330	8000213c	03ec2233	mulhsu	x4,x24,x30	 x24:0x00000000 x30:0x00000000  x4=0x00000000
         186864	      9331	80002140	e7e74793	xori	x15,x14,-386	 x14:0x74f47774 x15=0x8b0b890a
         186904	      9333	80002144	0001	c.addi	x0,0	  x0:0x00000000  x0=0x00000000
         186984	      9337	80002146	0355ea33	rem	x20,x11,x21	 x11:0x00000000 x21:0x00000000 x20=0x00000000
         187064	      9341	8000214a	02640033	mul	x0,x8,x6	  x8:0xffffe25c  x6:0xffffe25c  x0=0x00000000
         187084	      9342	8000214e	8afa	c.mv	x21,x30	  x0:0x00000000 x30:0x00000000 x21=0x00000000
         187104	      9343	80002150	016843b3	xor	x7,x16,x22	 x16:0x00000000 x22:0x00000001  x7=0x00000001
         187144	      9345	80002154	01411133	sll	x2,x2,x20	  x2:0xce3076d0 x20:0x00000000  x2=0xce3076d0
         187204	      9348	80002158	10fd	c.addi	x1,-1	  x1:0xd6175000  x1=0xd6174fff
         187264	      9351	8000215a	00ce9a93	slli	x21,x29,0xc	 x29:0x00000000 x21=0x00000000
         187284	      9352	8000215e	035e	c.slli	x6,0x17	  x6:0xffffe25c  x6=0x2e000000
         187324	      9354	80002160	c774f993	andi	x19,x9,-905	  x9:0xfffffc45 x19=0xfffffc45
         187444	      9360	80002164	02961eb3	mulh	x29,x12,x9	 x12:0x00000000  x9:0xfffffc45 x29=0x00000000
         187464	      9361	80002168	7ee64713	xori	x14,x12,2030	 x12:0x00000000 x14=0x000007ee
         187504	      9363	8000216c	01c96033	or	x0,x18,x28	 x18:0x00000000 x28:0x07ffffff  x0=0x00000000
         187564	      9366	80002170	010b9713	slli	x14,x23,0x10	 x23:0x00000000 x14=0x00000000
         187624	      9369	80002174	00df79b3	and	x19,x30,x13	 x30:0x00000000 x13:0x9e8eee80 x19=0x00000000
         187684	      9372	80002178	010c82b3	add	x5,x25,x16	 x25:0x00000000 x16:0x00000000  x5=0x00000000
         187744	      9375	8000217c	ac0e2413	slti	x8,x28,-1344	 x28:0x07ffffff  x8=0x00000000
         187804	      9378	80002180	8291	c.srli	x13,0x4	 x13:0x9e8eee80 x13=0x09e8eee8
         188584	      9417	80002182	02f347b3	div	x15,x6,x15	  x6:0x2e000000 x15:0x8b0b890a x15=0x00000000
         188604	      9418	80002186	f007e693	ori	x13,x15,-256	 x15:0x00000000 x13=0xffffff00
         188624	      9419	8000218a	00e29d93	slli	x27,x5,0xe	  x5:0x00000000 x27=0x00000000
         188704	      9423	8000218e	f9434113	xori	x2,x6,-108	  x6:0x2e000000  x2=0xd1ffff94
         188724	      9424	80002192	0001	c.addi	x0,0	  x0:0x00000000  x0=0x00000000
         188764	      9426	80002194	01434c33	xor	x24,x6,x20	  x6:0x2e000000 x20:0x00000000 x24=0x2e000000
         188824	      9429	80002198	004e2b33	slt	x22,x28,x4	 x28:0x07ffffff  x4:0x00000000 x22=0x00000000
         188884	      9432	8000219c	0b1bb013	sltiu	x0,x23,177	 x23:0x00000000  x0=0x00000000
         188944	      9435	800021a0	015cc4b3	xor	x9,x25,x21	 x25:0x00000000 x21:0x00000000  x9=0x00000000
         189004	      9438	800021a4	a0023e93	sltiu	x29,x4,-1536	  x4:0x00000000 x29=0x00000001
         189784	      9477	800021a8	03d2c333	div	x6,x5,x29	  x5:0x00000000 x29:0x00000001  x6=0x00000000
         189804	      9478	800021ac	41cb5393	srai	x7,x22,0x1c	 x22:0x00000000  x7=0x00000000
         189824	      9479	800021b0	90de	c.add	x1,x23	  x1:0xd6174fff x23:0x00000000  x1=0xd6174fff
         189844	      9480	800021b2	8e95	c.sub	x13,x13	 x13:0xffffff00 x13:0xffffff00 x13=0x00000000
         189864	      9481	800021b4	186e7713	andi	x14,x28,390	 x28:0x07ffffff x14=0x00000186
         189904	      9483	800021b8	0001	c.addi	x0,0	  x0:0x00000000  x0=0x00000000
         189964	      9486	800021ba	01b772b3	and	x5,x14,x27	 x14:0x00000186 x27:0x00000000  x5=0x00000000
         190084	      9492	800021be	024c1cb3	mulh	x25,x24,x4	 x24:0x2e000000  x4:0x00000000 x25=0x00000000
         190104	      9493	800021c2	e9899037	lui	x0,0xe9899	  x0=0x00000000
         190124	      9494	800021c6	86f1	c.srai	x13,0x1c	 x13:0x00000000 x13=0x00000000
         190144	      9495	800021c8	040f0513	addi	x10,x30,64	 x30:0x00000000 x10=0x00000040
         190204	      9498	800021cc	012e00b3	add	x1,x28,x18	 x28:0x07ffffff x18:0x00000000  x1=0x07ffffff
         190324	      9504	800021d0	024e3733	mulhu	x14,x28,x4	 x28:0x07ffffff  x4:0x00000000 x14=0x00000000
         190344	      9505	800021d4	00b91493	slli	x9,x18,0xb	 x18:0x00000000  x9=0x00000000
         190384	      9507	800021d8	717d	c.addi16sp	x2,-16	  x2:0xd1ffff94  x2=0xd1ffff84
         190444	      9510	800021da	d9656e13	ori	x28,x10,-618	 x10:0x00000040 x28=0xfffffdd6
         190504	      9513	800021de	08180e93	addi	x29,x16,129	 x16:0x00000000 x29=0x00000081
         190524	      9514	800021e2	82a9	c.srli	x13,0xa	 x13:0x00000000 x13=0x00000000
         190564	      9516	800021e4	060e2c13	slti	x24,x28,96	 x28:0xfffffdd6 x24=0x00000001
         190624	      9519	800021e8	0080	c.addi4spn	x8,x2,64	  x8=0xd1ffffc4
         190684	      9522	800021ea	3a78eb37	lui	x22,0x3a78e	 x22=0x3a78e000
         190744	      9525	800021ee	00cc9413	slli	x8,x25,0xc	 x25:0x00000000  x8=0x00000000
         190824	      9529	800021f2	0355eab3	rem	x21,x11,x21	 x11:0x00000000 x21:0x00000000 x21=0x00000000
         190844	      9530	800021f6	6885	c.lui	x17,0x1	 x17=0x00001000
         190864	      9531	800021f8	0123de93	srli	x29,x7,0x12	  x7:0x00000000 x29=0x00000000
         190924	      9534	800021fc	aeaf7013	andi	x0,x30,-1302	 x30:0x00000000  x0=0x00000000
         190984	      9537	80002200	5f81a093	slti	x1,x3,1528	  x3:0xce3076cc  x1=0x00000001
         191044	      9540	80002204	8ed5	c.or	x13,x13	 x13:0x00000000 x13:0x00000000 x13=0x00000000
         191064	      9541	80002206	6311	c.lui	x6,0x4	  x6=0x00004000
         191104	      9543	80002208	8e95	c.sub	x13,x13	 x13:0x00000000 x13:0x00000000 x13=0x00000000
         191124	      9544	8000220a	90a2	c.add	x1,x8	  x1:0x00000001  x8:0x00000000  x1=0x00000001
         191164	      9546	8000220c	415d8033	sub	x0,x27,x21	 x27:0x00000000 x21:0x00000000  x0=0x00000000
         191224	      9549	80002210	fb8fb393	sltiu	x7,x31,-72	 x31:0xff057b01  x7=0x00000001
         191284	      9552	80002214	018a6933	or	x18,x20,x24	 x20:0x00000000 x24:0x00000001 x18=0x00000001
         191344	      9555	80002218	5efd	c.li	x29,-1	 x29=0xffffffff
         191404	      9558	8000221a	403a8433	sub	x8,x21,x3	 x21:0x00000000  x3:0xce3076cc  x8=0x31cf8934
         191464	      9561	8000221e	e82c7cb7	lui	x25,0xe82c7	 x25=0xe82c7000
         191484	      9562	80002222	8aa5	c.andi	x13,9	 x13:0x00000000 x13=0x00000000
         191524	      9564	80002224	0049fcb3	and	x25,x19,x4	 x19:0x00000000  x4:0x00000000 x25=0x00000000
         191584	      9567	80002228	00ea9a13	slli	x20,x21,0xe	 x21:0x00000000 x20=0x00000000
         191644	      9570	8000222c	80c6	c.mv	x1,x17	  x0:0x00000000 x17:0x00001000  x1=0x00001000
         191664	      9571	8000222e	0001	c.addi	x0,0	  x0:0x00000000  x0=0x00000000
         191704	      9573	80002230	006296b3	sll	x13,x5,x6	  x5:0x00000000  x6:0x00004000 x13=0x00000000
         191764	      9576	80002234	017279b3	and	x19,x4,x23	  x4:0x00000000 x23:0x00000000 x19=0x00000000
         191824	      9579	80002238	00ef9893	slli	x17,x31,0xe	 x31:0xff057b01 x17=0x5ec04000
         191884	      9582	8000223c	d15c7197	auipc	x3,0xd15c7	  x3=0x515c923c
         191944	      9585	80002240	0134d333	srl	x6,x9,x19	  x9:0x00000000 x19:0x00000000  x6=0x00000000
         192004	      9588	80002244	9afd	c.andi	x13,-1	 x13:0x00000000 x13=0x00000000
         192024	      9589	80002246	1694	c.addi4spn	x13,x2,864	 x13=0xd20002e4
         192064	      9591	80002248	00685613	srli	x12,x16,0x6	 x16:0x00000000 x12=0x00000000
         192124	      9594	8000224c	000dc133	xor	x2,x27,x0	 x27:0x00000000  x0:0x00000000  x2=0x00000000
         192184	      9597	80002250	01487633	and	x12,x16,x20	 x16:0x00000000 x20:0x00000000 x12=0x00000000
         192244	      9600	80002254	01e13eb3	sltu	x29,x2,x30	  x2:0x00000000 x30:0x00000000 x29=0x00000000
         192304	      9603	80002258	0222	c.slli	x4,0x8	  x4:0x00000000  x4=0x00000000
         192324	      9604	8000225a	956a	c.add	x10,x26	 x10:0x00000040 x26:0x8000ae64 x10=0x8000aea4
         192364	      9606	8000225c	00a3dc33	srl	x24,x7,x10	  x7:0x00000001 x10:0x8000aea4 x24=0x00000000
         193144	      9645	80002260	02a7dab3	divu	x21,x15,x10	 x15:0x00000000 x10:0x8000aea4 x21=0x00000000
         193164	      9646	80002264	972a	c.add	x14,x10	 x14:0x00000000 x10:0x8000aea4 x14=0x8000aea4
         193184	      9647	80002266	86a1	c.srai	x13,0x8	 x13:0xd20002e4 x13=0xffd20002
         193204	      9648	80002268	11a53213	sltiu	x4,x10,282	 x10:0x8000aea4  x4=0x00000000
         193224	      9649	8000226c	01a54833	xor	x16,x10,x26	 x10:0x8000aea4 x26:0x8000ae64 x16=0x000000c0
         193264	      9651	80002270	016f7e33	and	x28,x30,x22	 x30:0x00000000 x22:0x3a78e000 x28=0x00000000
         193324	      9654	80002274	aefdc793	xori	x15,x27,-1297	 x27:0x00000000 x15=0xfffffaef
         194104	      9693	80002278	03a24cb3	div	x25,x4,x26	  x4:0x00000000 x26:0x8000ae64 x25=0x00000000
         194124	      9694	8000227c	0016d3b3	srl	x7,x13,x1	 x13:0xffd20002  x1:0x00001000  x7=0xffd20002
         194144	      9695	80002280	137d	c.addi	x6,-1	  x6:0x00000000  x6=0xffffffff
         194164	      9696	80002282	013beab3	or	x21,x23,x19	 x23:0x00000000 x19:0x00000000 x21=0x00000000
         194224	      9699	80002286	01d28633	add	x12,x5,x29	  x5:0x00000000 x29:0x00000000 x12=0x00000000
         194244	      9700	8000228a	0001	c.addi	x0,0	  x0:0x00000000  x0=0x00000000
         194284	      9702	8000228c	01fd45b3	xor	x11,x26,x31	 x26:0x8000ae64 x31:0xff057b01 x11=0x7f05d565
         194344	      9705	80002290	00cad1b3	srl	x3,x21,x12	 x21:0x00000000 x12:0x00000000  x3=0x00000000
         194404	      9708	80002294	00352eb3	slt	x29,x10,x3	 x10:0x8000aea4  x3:0x00000000 x29=0x00000001
         194524	      9714	80002298	037e2433	mulhsu	x8,x28,x23	 x28:0x00000000 x23:0x00000000  x8=0x00000000
         194544	      9715	8000229c	6a512513	slti	x10,x2,1701	  x2:0x00000000 x10=0x00000001
         194584	      9717	800022a0	9afd	c.andi	x13,-1	 x13:0xffd20002 x13=0xffd20002
         194644	      9720	800022a2	0a790017	auipc	x0,0xa790	  x0=0x00000000
         194704	      9723	800022a6	01cfda13	srli	x20,x31,0x1c	 x31:0xff057b01 x20=0x0000000f
         194724	      9724	800022aa	9afd	c.andi	x13,-1	 x13:0xffd20002 x13=0xffd20002
         194764	      9726	800022ac	0001	c.addi	x0,0	  x0:0x00000000  x0=0x00000000
         194824	      9729	800022ae	01a8f033	and	x0,x17,x26	 x17:0x5ec04000 x26:0x8000ae64  x0=0x00000000
         194844	      9730	800022b2	8ae9	c.andi	x13,26	 x13:0xffd20002 x13=0x00000002
         194884	      9732	800022b4	0ecd	c.addi	x29,19	 x29:0x00000001 x29=0x00000014
         194904	      9733	800022b6	0094	c.addi4spn	x13,x2,64	 x13=0x00000040
         195664	      9771	800022b8	02724933	div	x18,x4,x7	  x4:0x00000000  x7:0xffd20002 x18=0x00000000
         195684	      9772	800022bc	19a46ab7	lui	x21,0x19a46	 x21=0x19a46000
         195764	      9776	800022c0	02d236b3	mulhu	x13,x4,x13	  x4:0x00000000 x13:0x00000040 x13=0x00000000
         195784	      9777	800022c4	01166033	or	x0,x12,x17	 x12:0x00000000 x17:0x5ec04000  x0=0x00000000
         195804	      9778	800022c8	94c2	c.add	x9,x16	  x9:0x00000000 x16:0x000000c0  x9=0x000000c0
         195844	      9780	800022ca	4070d593	srai	x11,x1,0x7	  x1:0x00001000 x11=0x00000020
         195904	      9783	800022ce	00241433	sll	x8,x8,x2	  x8:0x00000000  x2:0x00000000  x8=0x00000000
         195984	      9787	800022d2	03c7c3b3	div	x7,x15,x28	 x15:0xfffffaef x28:0x00000000  x7=0xffffffff
         196024	      9789	800022d6	01234633	xor	x12,x6,x18	  x6:0xffffffff x18:0x00000000 x12=0xffffffff
         196144	      9795	800022da	03eca033	mulhsu	x0,x25,x30	 x25:0x00000000 x30:0x00000000  x0=0x00000000
         196224	      9799	800022de	026fa6b3	mulhsu	x13,x31,x6	 x31:0xff057b01  x6:0xffffffff x13=0xff057b01
         196244	      9800	800022e2	84b1	c.srai	x9,0xc	  x9:0x000000c0  x9=0x00000000
         196264	      9801	800022e4	7fa18b13	addi	x22,x3,2042	  x3:0x00000000 x22=0x000007fa
         196284	      9802	800022e8	f741f813	andi	x16,x3,-140	  x3:0x00000000 x16=0x00000000
         196344	      9805	800022ec	0246d2b3	divu	x5,x13,x4	 x13:0xff057b01  x4:0x00000000  x5=0xffffffff
         196384	      9807	800022f0	0318	c.addi4spn	x14,x2,384	 x14=0x00000180
         196404	      9808	800022f2	8d95	c.sub	x11,x13	 x11:0x00000020 x13:0xff057b01 x11=0x00fa851f
         196444	      9810	800022f4	34a98793	addi	x15,x19,842	 x19:0x00000000 x15=0x0000034a
         196504	      9813	800022f8	41ba0033	sub	x0,x20,x27	 x20:0x0000000f x27:0x00000000  x0=0x00000000
         196564	      9816	800022fc	0001	c.addi	x0,0	  x0:0x00000000  x0=0x00000000
         196644	      9820	800022fe	020347b3	div	x15,x6,x0	  x6:0xffffffff  x0:0x00000000 x15=0xffffffff
         196664	      9821	80002302	8bf9	c.andi	x15,30	 x15:0xffffffff x15=0x0000001e
         196684	      9822	80002304	8eb5	c.xor	x13,x13	 x13:0xff057b01 x13:0xff057b01 x13=0x00000000
         196704	      9823	80002306	8ef5	c.and	x13,x13	 x13:0x00000000 x13:0x00000000 x13=0x00000000
         196744	      9825	80002308	dddb7013	andi	x0,x22,-547	 x22:0x000007fa  x0=0x00000000
         196804	      9828	8000230c	9392	c.add	x7,x4	  x7:0xffffffff  x4:0x00000000  x7=0xffffffff
         196864	      9831	8000230e	015e0233	add	x4,x28,x21	 x28:0x00000000 x21:0x19a46000  x4=0x19a46000
         196924	      9834	80002312	01486e33	or	x28,x16,x20	 x16:0x00000000 x20:0x0000000f x28=0x0000000f
         196984	      9837	80002316	d4306313	ori	x6,x0,-701	  x0:0x00000000  x6=0xfffffd43
         197044	      9840	8000231a	f9410593	addi	x11,x2,-108	  x2:0x00000000 x11=0xffffff94
         197104	      9843	8000231e	01d1d393	srli	x7,x3,0x1d	  x3:0x00000000  x7=0x00000000
         197184	      9847	80002322	0230c733	div	x14,x1,x3	  x1:0x00001000  x3:0x00000000 x14=0xffffffff
         197224	      9849	80002326	95c70913	addi	x18,x14,-1700	 x14:0xffffffff x18=0xfffff95b
         197284	      9852	8000232a	00d70eb3	add	x29,x14,x13	 x14:0xffffffff x13:0x00000000 x29=0xffffffff
         197304	      9853	8000232e	8ac9	c.andi	x13,18	 x13:0x00000000 x13=0x00000000
         197344	      9855	80002330	00137eb3	and	x29,x6,x1	  x6:0xfffffd43  x1:0x00001000 x29=0x00001000
         197404	      9858	80002334	86c5	c.srai	x13,0x11	 x13:0x00000000 x13=0x00000000
         197424	      9859	80002336	8c55	c.or	x8,x13	  x8:0x00000000 x13:0x00000000  x8=0x00000000
         197464	      9861	80002338	8eed	c.and	x13,x11	 x13:0x00000000 x11:0xffffff94 x13=0x00000000
         197524	      9864	8000233a	00580eb3	add	x29,x16,x5	 x16:0x00000000  x5:0xffffffff x29=0xffffffff
         197584	      9867	8000233e	4ef1e193	ori	x3,x3,1263	  x3:0x00000000  x3=0x000004ef
         197644	      9870	80002342	01bd0033	add	x0,x26,x27	 x26:0x8000ae64 x27:0x00000000  x0=0x00000000
         197704	      9873	80002346	75496297	auipc	x5,0x75496	  x5=0xf5498346
         197724	      9874	8000234a	0001	c.addi	x0,0	  x0:0x00000000  x0=0x00000000
         197824	      9879	8000234c	031933b3	mulhu	x7,x18,x17	 x18:0xfffff95b x17:0x5ec04000  x7=0x5ec03d8a
         197844	      9880	80002350	10fd	c.addi	x1,-1	  x1:0x00001000  x1=0x00000fff
         197864	      9881	80002352	82c5	c.srli	x13,0x11	 x13:0x00000000 x13=0x00000000
         197884	      9882	80002354	0001	c.addi	x0,0	  x0:0x00000000  x0=0x00000000
         197984	      9887	80002356	02f188b3	mul	x17,x3,x15	  x3:0x000004ef x15:0x0000001e x17=0x00009402
         198004	      9888	8000235a	41475633	sra	x12,x14,x20	 x14:0xffffffff x20:0x0000000f x12=0xffffffff
         198024	      9889	8000235e	0094	c.addi4spn	x13,x2,64	 x13=0x00000040
         198064	      9891	80002360	00385333	srl	x6,x16,x3	 x16:0x00000000  x3:0x000004ef  x6=0x00000000
         198124	      9894	80002364	f82a77b7	lui	x15,0xf82a7	 x15=0xf82a7000
         198184	      9897	80002368	f2d8f013	andi	x0,x17,-211	 x17:0x00009402  x0=0x00000000
         198244	      9900	8000236c	8e1d	c.sub	x12,x15	 x12:0xffffffff x15:0xf82a7000 x12=0x07d58fff
         198304	      9903	8000236e	0115d033	srl	x0,x11,x17	 x11:0xffffff94 x17:0x00009402  x0=0x00000000
         198384	      9907	80002372	030a4333	div	x6,x20,x16	 x20:0x0000000f x16:0x00000000  x6=0xffffffff
         198424	      9909	80002376	0b777a13	andi	x20,x14,183	 x14:0xffffffff x20=0x000000b7
         198484	      9912	8000237a	01842533	slt	x10,x8,x24	  x8:0x00000000 x24:0x00000000 x10=0x00000000
         198584	      9917	8000237e	02160833	mul	x16,x12,x1	 x12:0x07d58fff  x1:0x00000fff x16=0x512a6001
         198604	      9918	80002382	0026cc33	xor	x24,x13,x2	 x13:0x00000040  x2:0x00000000 x24=0x00000040
         198724	      9924	80002386	02443033	mulhu	x0,x8,x4	  x8:0x00000000  x4:0x19a46000  x0=0x00000000
         198744	      9925	8000238a	d901c093	xori	x1,x3,-624	  x3:0x000004ef  x1=0xfffff97f
         198784	      9927	8000238e	41c3d813	srai	x16,x7,0x1c	  x7:0x5ec03d8a x16=0x00000005
         198804	      9928	80002392	863a	c.mv	x12,x14	  x0:0x00000000 x14:0xffffffff x12=0xffffffff
         198884	      9932	80002394	02c484b3	mul	x9,x9,x12	  x9:0x00000000 x12:0xffffffff  x9=0x00000000
         198904	      9933	80002398	6155	c.addi16sp	x2,304	  x2:0x00000000  x2=0x00000130
         198964	      9936	8000239a	40c65793	srai	x15,x12,0xc	 x12:0xffffffff x15=0xffffffff
         198984	      9937	8000239e	6b99	c.lui	x23,0x6	 x23=0x00006000
         199044	      9940	800023a0	02926033	rem	x0,x4,x9	  x4:0x19a46000  x9:0x00000000  x0=0x00000000
         199084	      9942	800023a4	60e1	c.lui	x1,0x18	  x1=0x00018000
         199104	      9943	800023a6	8289	c.srli	x13,0x2	 x13:0x00000040 x13=0x00000010
         199864	      9981	800023a8	03fbe933	rem	x18,x23,x31	 x23:0x00006000 x31:0xff057b01 x18=0x00006000
         199944	      9985	800023ac	03eab233	mulhu	x4,x21,x30	 x21:0x19a46000 x30:0x00000000  x4=0x00000000
         200684	     10022	800023b0	02345ab3	divu	x21,x8,x3	  x8:0x00000000  x3:0x000004ef x21=0x00000000
         200764	     10026	800023b4	03479033	mulh	x0,x15,x20	 x15:0xffffffff x20:0x000000b7  x0=0x00000000
         200784	     10027	800023b8	00370533	add	x10,x14,x3	 x14:0xffffffff  x3:0x000004ef x10=0x000004ee
         200804	     10028	800023bc	53c8ab93	slti	x23,x17,1340	 x17:0x00009402 x23=0x00000000
         200824	     10029	800023c0	04b3c813	xori	x16,x7,75	  x7:0x5ec03d8a x16=0x5ec03dc1
         200884	     10032	800023c4	86bd	c.srai	x13,0xf	 x13:0x00000010 x13=0x00000000
         200944	     10035	800023c6	dbf6a913	slti	x18,x13,-577	 x13:0x00000000 x18=0x00000000
         201064	     10041	800023ca	0392b233	mulhu	x4,x5,x25	  x5:0xf5498346 x25:0x00000000  x4=0x00000000
         201084	     10042	800023ce	b1bb2e93	slti	x29,x22,-1253	 x22:0x000007fa x29=0x00000000
         201104	     10043	800023d2	8ee5	c.and	x13,x9	 x13:0x00000000  x9:0x00000000 x13=0x00000000
         201124	     10044	800023d4	00b245b3	xor	x11,x4,x11	  x4:0x00000000 x11:0xffffff94 x11=0xffffff94
         201184	     10047	800023d8	010c6c33	or	x24,x24,x16	 x24:0x00000040 x16:0x5ec03dc1 x24=0x5ec03dc1
         201244	     10050	800023dc	92fe	c.add	x5,x31	  x5:0xf5498346 x31:0xff057b01  x5=0xf44efe47
         201264	     10051	800023de	8e95	c.sub	x13,x13	 x13:0x00000000 x13:0x00000000 x13=0x00000000
         201304	     10053	800023e0	ff426297	auipc	x5,0xff426	  x5=0x7f4283e0
         201424	     10059	800023e4	02f22933	mulhsu	x18,x4,x15	  x4:0x00000000 x15:0xffffffff x18=0x00000000
         201444	     10060	800023e8	717d	c.addi16sp	x2,-16	  x2:0x00000130  x2=0x00000120
         201484	     10062	800023ea	011a3c33	sltu	x24,x20,x17	 x20:0x000000b7 x17:0x00009402 x24=0x00000001
         201504	     10063	800023ee	9afd	c.andi	x13,-1	 x13:0x00000000 x13=0x00000000
         201544	     10065	800023f0	19fd	c.addi	x19,-1	 x19:0x00000000 x19=0xffffffff
         201564	     10066	800023f2	8ef5	c.and	x13,x13	 x13:0x00000000 x13:0x00000000 x13=0x00000000
         201604	     10068	800023f4	8ef5	c.and	x13,x13	 x13:0x00000000 x13:0x00000000 x13=0x00000000
         201624	     10069	800023f6	0594	c.addi4spn	x13,x2,704	 x13=0x000003e0
         201664	     10071	800023f8	0157e7b3	or	x15,x15,x21	 x15:0xffffffff x21:0x00000000 x15=0xffffffff
         201724	     10074	800023fc	8ed5	c.or	x13,x13	 x13:0x000003e0 x13:0x000003e0 x13=0x000003e0
         201744	     10075	800023fe	8a45	c.andi	x12,17	 x12:0xffffffff x12=0x00000011
         201784	     10077	80002400	00ca1133	sll	x2,x20,x12	 x20:0x000000b7 x12:0x00000011  x2=0x016e0000
         201884	     10082	80002404	026307b3	mul	x15,x6,x6	  x6:0xffffffff  x6:0xffffffff x15=0x00000001
         201904	     10083	80002408	09a6	c.slli	x19,0x9	 x19:0xffffffff x19=0xfffffe00
         201964	     10086	8000240a	0003f333	and	x6,x7,x0	  x7:0x5ec03d8a  x0:0x00000000  x6=0x00000000
         202024	     10089	8000240e	74d22013	slti	x0,x4,1869	  x4:0x00000000  x0=0x00000000
         202044	     10090	80002412	8eb5	c.xor	x13,x13	 x13:0x000003e0 x13:0x000003e0 x13=0x00000000
         202084	     10092	80002414	0001	c.addi	x0,0	  x0:0x00000000  x0=0x00000000
         202864	     10131	80002416	0347c033	div	x0,x15,x20	 x15:0x00000001 x20:0x000000b7  x0=0x00000000
         202884	     10132	8000241a	b02e2493	slti	x9,x28,-1278	 x28:0x0000000f  x9=0x00000000
         202904	     10133	8000241e	006161b3	or	x3,x2,x6	  x2:0x016e0000  x6:0x00000000  x3=0x016e0000
         202924	     10134	80002422	0001	c.addi	x0,0	  x0:0x00000000  x0=0x00000000
         202984	     10137	80002424	23773013	sltiu	x0,x14,567	 x14:0xffffffff  x0=0x00000000
         203044	     10140	80002428	4cd5	c.li	x25,21	 x25=0x00000015
         203144	     10145	8000242a	02d300b3	mul	x1,x6,x13	  x6:0x00000000 x13:0x00000000  x1=0x00000000
         203164	     10146	8000242e	f7c07d93	andi	x27,x0,-132	  x0:0x00000000 x27=0x00000000
         203224	     10149	80002432	01e07bb3	and	x23,x0,x30	  x0:0x00000000 x30:0x00000000 x23=0x00000000
         203284	     10152	80002436	015da033	slt	x0,x27,x21	 x27:0x00000000 x21:0x00000000  x0=0x00000000
         203344	     10155	8000243a	fc01bc93	sltiu	x25,x3,-64	  x3:0x016e0000 x25=0x00000001
         203404	     10158	8000243e	002add93	srli	x27,x21,0x2	 x21:0x00000000 x27=0x00000000
         203464	     10161	80002442	01235e93	srli	x29,x6,0x12	  x6:0x00000000 x29=0x00000000
         203484	     10162	80002446	9afd	c.andi	x13,-1	 x13:0x00000000 x13=0x00000000
         203524	     10164	80002448	01e3f0b3	and	x1,x7,x30	  x7:0x5ec03d8a x30:0x00000000  x1=0x00000000
         203584	     10167	8000244c	00841613	slli	x12,x8,0x8	  x8:0x00000000 x12=0x00000000
         203644	     10170	80002450	000590b3	sll	x1,x11,x0	 x11:0xffffff94  x0:0x00000000  x1=0xffffff94
         203704	     10173	80002454	01fe13b3	sll	x7,x28,x31	 x28:0x0000000f x31:0xff057b01  x7=0x0000001e
         203764	     10176	80002458	0001	c.addi	x0,0	  x0:0x00000000  x0=0x00000000
         203824	     10179	8000245a	d0407013	andi	x0,x0,-764	  x0:0x00000000  x0=0x00000000
         203884	     10182	8000245e	00651393	slli	x7,x10,0x6	 x10:0x000004ee  x7=0x00013b80
         203944	     10185	80002462	eade4813	xori	x16,x28,-339	 x28:0x0000000f x16=0xfffffea2
         204064	     10191	80002466	03079233	mulh	x4,x15,x16	 x15:0x00000001 x16:0xfffffea2  x4=0xffffffff
         204084	     10192	8000246a	41d75e93	srai	x29,x14,0x1d	 x14:0xffffffff x29=0xffffffff
         204104	     10193	8000246e	8ef5	c.and	x13,x13	 x13:0x00000000 x13:0x00000000 x13=0x00000000
         204124	     10194	80002470	0001	c.addi	x0,0	  x0:0x00000000  x0=0x00000000
         204244	     10200	80002472	026c2ab3	mulhsu	x21,x24,x6	 x24:0x00000001  x6:0x00000000 x21=0x00000000
         204264	     10201	80002476	0001	c.addi	x0,0	  x0:0x00000000  x0=0x00000000
         204284	     10202	80002478	019d1a33	sll	x20,x26,x25	 x26:0x8000ae64 x25:0x00000001 x20=0x00015cc8
         204304	     10203	8000247c	8aad	c.andi	x13,11	 x13:0x00000000 x13=0x00000000
         204364	     10206	8000247e	9aa0b793	sltiu	x15,x1,-1622	  x1:0xffffff94 x15=0x00000000
         204384	     10207	80002482	8eb5	c.xor	x13,x13	 x13:0x00000000 x13:0x00000000 x13=0x00000000
         204424	     10209	80002484	8ec9	c.or	x13,x10	 x13:0x00000000 x10:0x000004ee x13=0x000004ee
         204444	     10210	80002486	0001	c.addi	x0,0	  x0:0x00000000  x0=0x00000000
         204484	     10212	80002488	ec78ba37	lui	x20,0xec78b	 x20=0xec78b000
         204544	     10215	8000248c	8e81	c.sub	x13,x8	 x13:0x000004ee  x8:0x00000000 x13=0x000004ee
         204604	     10218	8000248e	f80d7093	andi	x1,x26,-128	 x26:0x8000ae64  x1=0x8000ae00
         204624	     10219	80002492	8ed5	c.or	x13,x13	 x13:0x000004ee x13:0x000004ee x13=0x000004ee
         205384	     10257	80002494	025756b3	divu	x13,x14,x5	 x14:0xffffffff  x5:0x7f4283e0 x13=0x00000002
         205404	     10258	80002498	01521233	sll	x4,x4,x21	  x4:0xffffffff x21:0x00000000  x4=0xffffffff
         205484	     10262	8000249c	0286acb3	mulhsu	x25,x13,x8	 x13:0x00000002  x8:0x00000000 x25=0x00000000
         205504	     10263	800024a0	8ef5	c.and	x13,x13	 x13:0x00000002 x13:0x00000002 x13=0x00000002
         205524	     10264	800024a2	13d5a313	slti	x6,x11,317	 x11:0xffffff94  x6=0x00000001
         205544	     10265	800024a6	717d	c.addi16sp	x2,-16	  x2:0x016e0000  x2=0x016dfff0
         205564	     10266	800024a8	717d	c.addi16sp	x2,-16	  x2:0x016dfff0  x2=0x016dffe0
         205584	     10267	800024aa	6131	c.addi16sp	x2,320	  x2:0x016dffe0  x2=0x016e0120
         205624	     10269	800024ac	01dfd613	srli	x12,x31,0x1d	 x31:0xff057b01 x12=0x00000007
         205684	     10272	800024b0	61ed	c.lui	x3,0x1b	  x3=0x0001b000
         205744	     10275	800024b2	9157a013	slti	x0,x15,-1771	 x15:0x00000000  x0=0x00000000
         205804	     10278	800024b6	40c1d413	srai	x8,x3,0xc	  x3:0x0001b000  x8=0x0000001b
         205864	     10281	800024ba	0163f3b3	and	x7,x7,x22	  x7:0x00013b80 x22:0x000007fa  x7=0x00000380
         205884	     10282	800024be	8eb5	c.xor	x13,x13	 x13:0x00000002 x13:0x00000002 x13=0x00000000
         205924	     10284	800024c0	8289	c.srli	x13,0x2	 x13:0x00000000 x13=0x00000000
         206044	     10290	800024c2	0354ac33	mulhsu	x24,x9,x21	  x9:0x00000000 x21:0x00000000 x24=0x00000000
         206064	     10291	800024c6	9a4a	c.add	x20,x18	 x20:0xec78b000 x18:0x00000000 x20=0xec78b000
         206084	     10292	800024c8	01fa9033	sll	x0,x21,x31	 x21:0x00000000 x31:0xff057b01  x0=0x00000000
         206104	     10293	800024cc	50fd	c.li	x1,-1	  x1=0xffffffff
         206884	     10332	800024ce	028fc533	div	x10,x31,x8	 x31:0xff057b01  x8:0x0000001b x10=0xfff6b8b5
         206904	     10333	800024d2	014b6633	or	x12,x22,x20	 x22:0x000007fa x20:0xec78b000 x12=0xec78b7fa
         206924	     10334	800024d6	00571813	slli	x16,x14,0x5	 x14:0xffffffff x16=0xffffffe0
         207004	     10338	800024da	41365013	srai	x0,x12,0x13	 x12:0xec78b7fa  x0=0x00000000
         207784	     10377	800024de	03a8dbb3	divu	x23,x17,x26	 x17:0x00009402 x26:0x8000ae64 x23=0x00000000
         207804	     10378	800024e2	59fd	c.li	x19,-1	 x19=0xffffffff
         207824	     10379	800024e4	836e	c.mv	x6,x27	  x0:0x00000000 x27:0x00000000  x6=0x00000000
         207844	     10380	800024e6	8ef5	c.and	x13,x13	 x13:0x00000000 x13:0x00000000 x13=0x00000000
         207864	     10381	800024e8	8509	c.srai	x10,0x2	 x10:0xfff6b8b5 x10=0xfffdae2d
         207904	     10383	800024ea	49f98c93	addi	x25,x19,1183	 x19:0xffffffff x25=0x0000049e
         207964	     10386	800024ee	01495193	srli	x3,x18,0x14	 x18:0x00000000  x3=0x00000000
         207984	     10387	800024f2	8e95	c.sub	x13,x13	 x13:0x00000000 x13:0x00000000 x13=0x00000000
         208024	     10389	800024f4	41178433	sub	x8,x15,x17	 x15:0x00000000 x17:0x00009402  x8=0xffff6bfe
         208084	     10392	800024f8	0094	c.addi4spn	x13,x2,64	 x13=0x016e0160
         208204	     10398	800024fa	0201b8b3	mulhu	x17,x3,x0	  x3:0x00000000  x0:0x00000000 x17=0x00000000
         208224	     10399	800024fe	5b7d	c.li	x22,-1	 x22=0xffffffff
         208244	     10400	80002500	8cb5	c.xor	x9,x13	  x9:0x00000000 x13:0x016e0160  x9=0x016e0160
         208304	     10403	80002502	03d98033	mul	x0,x19,x29	 x19:0xffffffff x29:0xffffffff  x0=0x00000000
         208324	     10404	80002506	e4334793	xori	x15,x6,-445	  x6:0x00000000 x15=0xfffffe43
         208384	     10407	8000250a	00544533	xor	x10,x8,x5	  x8:0xffff6bfe  x5:0x7f4283e0 x10=0x80bde81e
         208404	     10408	8000250e	4769	c.li	x14,26	 x14=0x0000001a
         208444	     10410	80002510	01641b93	slli	x23,x8,0x16	  x8:0xffff6bfe x23=0xff800000
         208504	     10413	80002514	456b6a13	ori	x20,x22,1110	 x22:0xffffffff x20=0xffffffff
         208564	     10416	80002518	8285	c.srli	x13,0x1	 x13:0x016e0160 x13=0x00b700b0
         208664	     10421	8000251a	02088033	mul	x0,x17,x0	 x17:0x00000000  x0:0x00000000  x0=0x00000000
         208684	     10422	8000251e	0001	c.addi	x0,0	  x0:0x00000000  x0=0x00000000
         208704	     10423	80002520	8205	c.srli	x12,0x1	 x12:0xec78b7fa x12=0x763c5bfd
         208784	     10427	80002522	02a102b3	mul	x5,x2,x10	  x2:0x016e0120 x10:0x80bde81e  x5=0xb08921c0
         208804	     10428	80002526	015b8eb3	add	x29,x23,x21	 x23:0xff800000 x21:0x00000000 x29=0xff800000
         208824	     10429	8000252a	83ad	c.srli	x15,0xb	 x15:0xfffffe43 x15=0x001fffff
         208864	     10431	8000252c	01db9333	sll	x6,x23,x29	 x23:0xff800000 x29:0xff800000  x6=0xff800000
         208924	     10434	80002530	6ce06093	ori	x1,x0,1742	  x0:0x00000000  x1=0x000006ce
         208984	     10437	80002534	fafcbe13	sltiu	x28,x25,-81	 x25:0x0000049e x28=0x00000001
         209044	     10440	80002538	8906	c.mv	x18,x1	  x0:0x00000000  x1:0x000006ce x18=0x000006ce
         209104	     10443	8000253a	00330b33	add	x22,x6,x3	  x6:0xff800000  x3:0x00000000 x22=0xff800000
         209164	     10446	8000253e	019c1033	sll	x0,x24,x25	 x24:0x00000000 x25:0x0000049e  x0=0x00000000
         209224	     10449	80002542	0187a3b3	slt	x7,x15,x24	 x15:0x001fffff x24:0x00000000  x7=0x00000000
         209244	     10450	80002546	0001	c.addi	x0,0	  x0:0x00000000  x0=0x00000000
         209344	     10455	80002548	03bc2233	mulhsu	x4,x24,x27	 x24:0x00000000 x27:0x00000000  x4=0x00000000
         209424	     10459	8000254c	03f39b33	mulh	x22,x7,x31	  x7:0x00000000 x31:0xff057b01 x22=0x00000000
         209444	     10460	80002550	8e95	c.sub	x13,x13	 x13:0x00b700b0 x13:0x00b700b0 x13=0x00000000
         209464	     10461	80002552	0001	c.addi	x0,0	  x0:0x00000000  x0=0x00000000
         209484	     10462	80002554	01d38133	add	x2,x7,x29	  x7:0x00000000 x29:0xff800000  x2=0xff800000
         209584	     10467	80002558	035c2233	mulhsu	x4,x24,x21	 x24:0x00000000 x21:0x00000000  x4=0x00000000
         209664	     10471	8000255c	03611ab3	mulh	x21,x2,x22	  x2:0xff800000 x22:0x00000000 x21=0x00000000
         209684	     10472	80002560	8691	c.srai	x13,0x4	 x13:0x00000000 x13=0x00000000
         209704	     10473	80002562	8e95	c.sub	x13,x13	 x13:0x00000000 x13:0x00000000 x13=0x00000000
         210444	     10510	80002564	02fad733	divu	x14,x21,x15	 x21:0x00000000 x15:0x001fffff x14=0x00000000
         210464	     10511	80002568	00e458b3	srl	x17,x8,x14	  x8:0xffff6bfe x14:0x00000000 x17=0xffff6bfe
         210484	     10512	8000256c	0030c433	xor	x8,x1,x3	  x1:0x000006ce  x3:0x00000000  x8=0x000006ce
         210504	     10513	80002570	00140133	add	x2,x8,x1	  x8:0x000006ce  x1:0x000006ce  x2=0x00000d9c
         210604	     10518	80002574	037e9633	mulh	x12,x29,x23	 x29:0xff800000 x23:0xff800000 x12=0x00004000
         210624	     10519	80002578	01d946b3	xor	x13,x18,x29	 x18:0x000006ce x29:0xff800000 x13=0xff8006ce
         210664	     10521	8000257c	8074a493	slti	x9,x9,-2041	  x9:0x016e0160  x9=0x00000000
         210724	     10524	80002580	01fe6633	or	x12,x28,x31	 x28:0x00000001 x31:0xff057b01 x12=0xff057b01
         210784	     10527	80002584	00091593	slli	x11,x18,0x0	 x18:0x000006ce x11=0x000006ce
         210844	     10530	80002588	0116a033	slt	x0,x13,x17	 x13:0xff8006ce x17:0xffff6bfe  x0=0x00000000
         210904	     10533	8000258c	01161b13	slli	x22,x12,0x11	 x12:0xff057b01 x22=0xf6020000
         210964	     10536	80002590	1cea7193	andi	x3,x20,462	 x20:0xffffffff  x3=0x000001ce
         211024	     10539	80002594	949a	c.add	x9,x6	  x9:0x00000000  x6:0xff800000  x9=0xff800000
         211084	     10542	80002596	18cccc13	xori	x24,x25,396	 x25:0x0000049e x24=0x00000512
         211204	     10548	8000259a	033d3b33	mulhu	x22,x26,x19	 x26:0x8000ae64 x19:0xffffffff x22=0x8000ae63
         211224	     10549	8000259e	006313b3	sll	x7,x6,x6	  x6:0xff800000  x6:0xff800000  x7=0xff800000
         211264	     10551	800025a2	007f84b3	add	x9,x31,x7	 x31:0xff057b01  x7:0xff800000  x9=0xfe857b01
         211284	     10552	800025a6	0114	c.addi4spn	x13,x2,128	 x13=0x00000e1c
         211324	     10554	800025a8	82a9	c.srli	x13,0xa	 x13:0x00000e1c x13=0x00000003
         211384	     10557	800025aa	01b7d593	srli	x11,x15,0x1b	 x15:0x001fffff x11=0x00000000
         211444	     10560	800025ae	01b7cb33	xor	x22,x15,x27	 x15:0x001fffff x27:0x00000000 x22=0x001fffff
         211464	     10561	800025b2	12fd	c.addi	x5,-1	  x5:0xb08921c0  x5=0xb08921bf
         211504	     10563	800025b4	8dd5	c.or	x11,x13	 x11:0x00000000 x13:0x00000003 x11=0x00000003
         211564	     10566	800025b6	c20ca897	auipc	x17,0xc20ca	 x17=0x420cc5b6
         211584	     10567	800025ba	0394	c.addi4spn	x13,x2,448	 x13=0x00000f5c
         211624	     10569	800025bc	a599ee37	lui	x28,0xa599e	 x28=0xa599e000
         211684	     10572	800025c0	8be6	c.mv	x23,x25	  x0:0x00000000 x25:0x0000049e x23=0x0000049e
         211744	     10575	800025c2	9e4e6a37	lui	x20,0x9e4e6	 x20=0x9e4e6000
         211764	     10576	800025c6	8ef5	c.and	x13,x13	 x13:0x00000f5c x13:0x00000f5c x13=0x00000f5c
         211804	     10578	800025c8	66c9	c.lui	x13,0x12	 x13=0x00012000
         211864	     10581	800025ca	0032a433	slt	x8,x5,x3	  x5:0xb08921bf  x3:0x000001ce  x8=0x00000001
         211884	     10582	800025ce	039a	c.slli	x7,0x6	  x7:0xff800000  x7=0xe0000000
         211924	     10584	800025d0	18d6eb13	ori	x22,x13,397	 x13:0x00012000 x22=0x0001218d
         212704	     10623	800025d4	03d7e1b3	rem	x3,x15,x29	 x15:0x001fffff x29:0xff800000  x3=0x001fffff
         212784	     10627	800025d8	02bd33b3	mulhu	x7,x26,x11	 x26:0x8000ae64 x11:0x00000003  x7=0x00000001
         212804	     10628	800025dc	654d	c.lui	x10,0x13	 x10=0x00013000
         212824	     10629	800025de	e27b6913	ori	x18,x22,-473	 x22:0x0001218d x18=0xffffffaf
         212844	     10630	800025e2	0036de13	srli	x28,x13,0x3	 x13:0x00012000 x28=0x00002400
         212884	     10632	800025e6	01abfbb3	and	x23,x23,x26	 x23:0x0000049e x26:0x8000ae64 x23=0x00000404
         212904	     10633	800025ea	8aed	c.andi	x13,27	 x13:0x00012000 x13=0x00000000
         212944	     10635	800025ec	06c6	c.slli	x13,0x11	 x13:0x00000000 x13=0x00000000
         212964	     10636	800025ee	8ed5	c.or	x13,x13	 x13:0x00000000 x13:0x00000000 x13=0x00000000
         213004	     10638	800025f0	0001	c.addi	x0,0	  x0:0x00000000  x0=0x00000000
         213084	     10642	800025f2	03b6eab3	rem	x21,x13,x27	 x13:0x00000000 x27:0x00000000 x21=0x00000000
         213844	     10680	800025f6	03d1dbb3	divu	x23,x3,x29	  x3:0x001fffff x29:0xff800000 x23=0x00000000
         213864	     10681	800025fa	40bd0033	sub	x0,x26,x11	 x26:0x8000ae64 x11:0x00000003  x0=0x00000000
         213884	     10682	800025fe	015941b3	xor	x3,x18,x21	 x18:0xffffffaf x21:0x00000000  x3=0xffffffaf
         213964	     10686	80002602	00589013	slli	x0,x17,0x5	 x17:0x420cc5b6  x0=0x00000000
         214024	     10689	80002606	009d6093	ori	x1,x26,9	 x26:0x8000ae64  x1=0x8000ae6d
         214044	     10690	8000260a	8d95	c.sub	x11,x13	 x11:0x00000003 x13:0x00000000 x11=0x00000003
         214084	     10692	8000260c	00c1b4b3	sltu	x9,x3,x12	  x3:0xffffffaf x12:0xff057b01  x9=0x00000000
         214204	     10698	80002610	02712833	mulhsu	x16,x2,x7	  x2:0x00000d9c  x7:0x00000001 x16=0x00000000
         214224	     10699	80002614	01ffe633	or	x12,x31,x31	 x31:0xff057b01 x31:0xff057b01 x12=0xff057b01
         214984	     10737	80002618	03dc6733	rem	x14,x24,x29	 x24:0x00000512 x29:0xff800000 x14=0x00000512
         215724	     10774	8000261c	02e847b3	div	x15,x16,x14	 x16:0x00000000 x14:0x00000512 x15=0x00000000
         215744	     10775	80002620	637eb8b7	lui	x17,0x637eb	 x17=0x637eb000
         215764	     10776	80002624	402fd9b3	sra	x19,x31,x2	 x31:0xff057b01  x2:0x00000d9c x19=0xffffffff
         215784	     10777	80002628	0013a433	slt	x8,x7,x1	  x7:0x00000001  x1:0x8000ae6d  x8=0x00000000
         215824	     10779	8000262c	0001	c.addi	x0,0	  x0:0x00000000  x0=0x00000000
         215884	     10782	8000262e	578c6c13	ori	x24,x24,1400	 x24:0x00000512 x24=0x0000057a
         216664	     10821	80002632	036340b3	div	x1,x6,x22	  x6:0xff800000 x22:0x0001218d  x1=0xffffff8f
         216684	     10822	80002636	01c108b3	add	x17,x2,x28	  x2:0x00000d9c x28:0x00002400 x17=0x0000319c
         216704	     10823	8000263a	009cfe33	and	x28,x25,x9	 x25:0x0000049e  x9:0x00000000 x28=0x00000000
         217504	     10863	8000263e	0222ecb3	rem	x25,x5,x2	  x5:0xb08921bf  x2:0x00000d9c x25=0xfffff52f
         217524	     10864	80002642	0739	c.addi	x14,14	 x14:0x00000512 x14=0x00000520
         217544	     10865	80002644	717d	c.addi16sp	x2,-16	  x2:0x00000d9c  x2=0x00000d8c
         217564	     10866	80002646	8ed5	c.or	x13,x13	 x13:0x00000000 x13:0x00000000 x13=0x00000000
         217584	     10867	80002648	00765533	srl	x10,x12,x7	 x12:0xff057b01  x7:0x00000001 x10=0x7f82bd80
         218344	     10905	8000264c	03f1edb3	rem	x27,x3,x31	  x3:0xffffffaf x31:0xff057b01 x27=0xffffffaf
         218364	     10906	80002650	8ef5	c.and	x13,x13	 x13:0x00000000 x13:0x00000000 x13=0x00000000
         218384	     10907	80002652	0001	c.addi	x0,0	  x0:0x00000000  x0=0x00000000
         218404	     10908	80002654	8986	c.mv	x19,x1	  x0:0x00000000  x1:0xffffff8f x19=0xffffff8f
         218424	     10909	80002656	8291	c.srli	x13,0x4	 x13:0x00000000 x13=0x00000000
         218444	     10910	80002658	0001	c.addi	x0,0	  x0:0x00000000  x0=0x00000000
         218464	     10911	8000265a	41c15593	srai	x11,x2,0x1c	  x2:0x00000d8c x11=0x00000000
         218564	     10916	8000265e	029206b3	mul	x13,x4,x9	  x4:0x00000000  x9:0x00000000 x13=0x00000000
         218584	     10917	80002662	00131813	slli	x16,x6,0x1	  x6:0xff800000 x16=0xff000000
         218604	     10918	80002666	86e1	c.srai	x13,0x18	 x13:0x00000000 x13=0x00000000
         218644	     10920	80002668	8de2	c.mv	x27,x24	  x0:0x00000000 x24:0x0000057a x27=0x0000057a
         218704	     10923	8000266a	418887b3	sub	x15,x17,x24	 x17:0x0000319c x24:0x0000057a x15=0x00002c22
         218724	     10924	8000266e	1694	c.addi4spn	x13,x2,864	 x13=0x000010ec
         218764	     10926	80002670	bce4b037	lui	x0,0xbce4b	  x0=0x00000000
         218824	     10929	80002674	03ba	c.slli	x7,0xe	  x7:0x00000001  x7=0x00004000
         218944	     10935	80002676	029c1cb3	mulh	x25,x24,x9	 x24:0x0000057a  x9:0x00000000 x25=0x00000000
         218964	     10936	8000267a	747c3037	lui	x0,0x747c3	  x0=0x00000000
         219004	     10938	8000267e	93877193	andi	x3,x14,-1736	 x14:0x00000520  x3=0x00000120
         219024	     10939	80002682	86d5	c.srai	x13,0x15	 x13:0x000010ec x13=0x00000000
         219064	     10941	80002684	86cd	c.srai	x13,0x13	 x13:0x00000000 x13=0x00000000
         219084	     10942	80002686	8486	c.mv	x9,x1	  x0:0x00000000  x1:0xffffff8f  x9=0xffffff8f
         219124	     10944	80002688	8ae9	c.andi	x13,26	 x13:0x00000000 x13=0x00000000
         219184	     10947	8000268a	0038cab3	xor	x21,x17,x3	 x17:0x0000319c  x3:0x00000120 x21=0x000030bc
         219244	     10950	8000268e	01081713	slli	x14,x16,0x10	 x16:0xff000000 x14=0x00000000
         220024	     10989	80002692	0331c533	div	x10,x3,x19	  x3:0x00000120 x19:0xffffff8f x10=0xfffffffe
         220044	     10990	80002696	0001	c.addi	x0,0	  x0:0x00000000  x0=0x00000000
         220064	     10991	80002698	1cfd	c.addi	x25,-1	 x25:0x00000000 x25=0xffffffff
         220084	     10992	8000269a	01264c33	xor	x24,x12,x18	 x12:0xff057b01 x18:0xffffffaf x24=0x00fa84ae
         220144	     10995	8000269e	26eaf093	andi	x1,x21,622	 x21:0x000030bc  x1=0x0000002c
         220204	     10998	800026a2	01bb9ab3	sll	x21,x23,x27	 x23:0x00000000 x27:0x0000057a x21=0x00000000
         220224	     10999	800026a6	82c9	c.srli	x13,0x12	 x13:0x00000000 x13=0x00000000
         220264	     11001	800026a8	40fdd793	srai	x15,x27,0xf	 x27:0x0000057a x15=0x00000000
         220324	     11004	800026ac	8e95	c.sub	x13,x13	 x13:0x00000000 x13:0x00000000 x13=0x00000000
         220344	     11005	800026ae	8ef5	c.and	x13,x13	 x13:0x00000000 x13:0x00000000 x13=0x00000000
         220384	     11007	800026b0	6d85	c.lui	x27,0x1	 x27=0x00001000
         220404	     11008	800026b2	0de6	c.slli	x27,0x19	 x27:0x00001000 x27=0x00000000
         220484	     11012	800026b4	03bb8833	mul	x16,x23,x27	 x23:0x00000000 x27:0x00000000 x16=0x00000000
         220504	     11013	800026b8	01f1fbb3	and	x23,x3,x31	  x3:0x00000120 x31:0xff057b01 x23=0x00000100
         220564	     11016	800026bc	9fd26a13	ori	x20,x4,-1539	  x4:0x00000000 x20=0xfffff9fd
         220624	     11019	800026c0	41ec8833	sub	x16,x25,x30	 x25:0xffffffff x30:0x00000000 x16=0xffffffff
         220684	     11022	800026c4	2575f813	andi	x16,x11,599	 x11:0x00000000 x16=0x00000000
         220804	     11028	800026c8	029a2eb3	mulhsu	x29,x20,x9	 x20:0xfffff9fd  x9:0xffffff8f x29=0xfffff9fd
         220884	     11032	800026cc	02343b33	mulhu	x22,x8,x3	  x8:0x00000000  x3:0x00000120 x22=0x00000000
         220904	     11033	800026d0	8895	c.andi	x9,5	  x9:0xffffff8f  x9=0x00000005
         220924	     11034	800026d2	00d7b8b3	sltu	x17,x15,x13	 x15:0x00000000 x13:0x00000000 x17=0x00000000
         220944	     11035	800026d6	0001	c.addi	x0,0	  x0:0x00000000  x0=0x00000000
         220984	     11037	800026d8	830d	c.srli	x14,0x3	 x14:0x00000000 x14=0x00000000
         221044	     11040	800026da	00e25933	srl	x18,x4,x14	  x4:0x00000000 x14:0x00000000 x18=0x00000000
         221104	     11043	800026de	01184033	xor	x0,x16,x17	 x16:0x00000000 x17:0x00000000  x0=0x00000000
         221124	     11044	800026e2	0001	c.addi	x0,0	  x0:0x00000000  x0=0x00000000
         221164	     11046	800026e4	8ecd	c.or	x13,x11	 x13:0x00000000 x11:0x00000000 x13=0x00000000
         221184	     11047	800026e6	8eb5	c.xor	x13,x13	 x13:0x00000000 x13:0x00000000 x13=0x00000000
         221224	     11049	800026e8	f76bed93	ori	x27,x23,-138	 x23:0x00000100 x27=0xffffff76
         221284	     11052	800026ec	6c21	c.lui	x24,0x8	 x24=0x00008000
         221344	     11055	800026ee	01d71693	slli	x13,x14,0x1d	 x14:0x00000000 x13=0x00000000
         221404	     11058	800026f2	23234013	xori	x0,x6,562	  x6:0xff800000  x0=0x00000000
         221464	     11061	800026f6	016481b3	add	x3,x9,x22	  x9:0x00000005 x22:0x00000000  x3=0x00000005
         221484	     11062	800026fa	8ef5	c.and	x13,x13	 x13:0x00000000 x13:0x00000000 x13=0x00000000
         221524	     11064	800026fc	82de	c.mv	x5,x23	  x0:0x00000000 x23:0x00000100  x5=0x00000100
         221584	     11067	800026fe	01fa68b3	or	x17,x20,x31	 x20:0xfffff9fd x31:0xff057b01 x17=0xfffffbfd
         221604	     11068	80002702	8a95	c.andi	x13,5	 x13:0x00000000 x13=0x00000000
         221644	     11070	80002704	58fd	c.li	x17,-1	 x17=0xffffffff
         221724	     11074	80002706	028d68b3	rem	x17,x26,x8	 x26:0x8000ae64  x8:0x00000000 x17=0x8000ae64
         221744	     11075	8000270a	9462	c.add	x8,x24	  x8:0x00000000 x24:0x00008000  x8=0x00008000
         221764	     11076	8000270c	0072e033	or	x0,x5,x7	  x5:0x00000100  x7:0x00004000  x0=0x00000000
         221824	     11079	80002710	db142e93	slti	x29,x8,-591	  x8:0x00008000 x29=0x00000000
         222604	     11118	80002714	0225dc33	divu	x24,x11,x2	 x11:0x00000000  x2:0x00000d8c x24=0x00000000
         222624	     11119	80002718	6fa73293	sltiu	x5,x14,1786	 x14:0x00000000  x5=0x00000001
         222644	     11120	8000271c	003a7a33	and	x20,x20,x3	 x20:0xfffff9fd  x3:0x00000005 x20=0x00000005
         222664	     11121	80002720	64f1	c.lui	x9,0x1c	  x9=0x0001c000
         222724	     11124	80002722	017c4333	xor	x6,x24,x23	 x24:0x00000000 x23:0x00000100  x6=0x00000100
         222784	     11127	80002726	b522cb97	auipc	x23,0xb522c	 x23=0x3522e726
         222844	     11130	8000272a	92b47837	lui	x16,0x92b47	 x16=0x92b47000
         222904	     11133	8000272e	f661ee93	ori	x29,x3,-154	  x3:0x00000005 x29=0xffffff67
         222924	     11134	80002732	0001	c.addi	x0,0	  x0:0x00000000  x0=0x00000000
         222964	     11136	80002734	6115	c.addi16sp	x2,288	  x2:0x00000d8c  x2=0x00000eac
         222984	     11137	80002736	8eb5	c.xor	x13,x13	 x13:0x00000000 x13:0x00000000 x13=0x00000000
         223024	     11139	80002738	8c75	c.and	x8,x13	  x8:0x00008000 x13:0x00000000  x8=0x00000000
         223044	     11140	8000273a	86c5	c.srai	x13,0x11	 x13:0x00000000 x13=0x00000000
         223144	     11145	8000273c	02b03933	mulhu	x18,x0,x11	  x0:0x00000000 x11:0x00000000 x18=0x00000000
         223164	     11146	80002740	978bea13	ori	x20,x23,-1672	 x23:0x3522e726 x20=0xffffff7e
         223204	     11148	80002744	0183a1b3	slt	x3,x7,x24	  x7:0x00004000 x24:0x00000000  x3=0x00000000
         223264	     11151	80002748	010994b3	sll	x9,x19,x16	 x19:0xffffff8f x16:0x92b47000  x9=0xffffff8f
         223324	     11154	8000274c	89416a13	ori	x20,x2,-1900	  x2:0x00000eac x20=0xfffffebc
         223384	     11157	80002750	018387b3	add	x15,x7,x24	  x7:0x00004000 x24:0x00000000 x15=0x00004000
         223444	     11160	80002754	8436	c.mv	x8,x13	  x0:0x00000000 x13:0x00000000  x8=0x00000000
         223464	     11161	80002756	9afd	c.andi	x13,-1	 x13:0x00000000 x13=0x00000000
         224224	     11199	80002758	02cd53b3	divu	x7,x26,x12	 x26:0x8000ae64 x12:0xff057b01  x7=0x00000000
         224244	     11200	8000275c	40788b33	sub	x22,x17,x7	 x17:0x8000ae64  x7:0x00000000 x22=0x8000ae64
         224264	     11201	80002760	0001	c.addi	x0,0	  x0:0x00000000  x0=0x00000000
         224284	     11202	80002762	009a5e13	srli	x28,x20,0x9	 x20:0xfffffebc x28=0x007fffff
         224304	     11203	80002766	8e31	c.xor	x12,x12	 x12:0xff057b01 x12:0xff057b01 x12=0x00000000
         225064	     11241	80002768	03f95c33	divu	x24,x18,x31	 x18:0x00000000 x31:0xff057b01 x24=0x00000000
         225084	     11242	8000276c	01369333	sll	x6,x13,x19	 x13:0x00000000 x19:0xffffff8f  x6=0x00000000
         225104	     11243	80002770	00215833	srl	x16,x2,x2	  x2:0x00000eac  x2:0x00000eac x16=0x00000000
         225124	     11244	80002774	86b1	c.srai	x13,0xc	 x13:0x00000000 x13=0x00000000
         225184	     11247	80002776	00223e33	sltu	x28,x4,x2	  x4:0x00000000  x2:0x00000eac x28=0x00000001
         225204	     11248	8000277a	0001	c.addi	x0,0	  x0:0x00000000  x0=0x00000000
         225244	     11250	8000277c	78930e13	addi	x28,x6,1929	  x6:0x00000000 x28=0x00000789
         226024	     11289	80002780	03ab69b3	rem	x19,x22,x26	 x22:0x8000ae64 x26:0x8000ae64 x19=0x00000000
         226044	     11290	80002784	4b55e4b7	lui	x9,0x4b55e	  x9=0x4b55e000
         226064	     11291	80002788	0001	c.addi	x0,0	  x0:0x00000000  x0=0x00000000
         226084	     11292	8000278a	00e05113	srli	x2,x0,0xe	  x0:0x00000000  x2=0x00000000
         226104	     11293	8000278e	86f9	c.srai	x13,0x1e	 x13:0x00000000 x13=0x00000000
         226144	     11295	80002790	8ef5	c.and	x13,x13	 x13:0x00000000 x13:0x00000000 x13=0x00000000
         226924	     11334	80002792	02f4c833	div	x16,x9,x15	  x9:0x4b55e000 x15:0x00004000 x16=0x00012d57
         226944	     11335	80002796	1b14	c.addi4spn	x13,x2,432	 x13=0x000001b0
         226964	     11336	80002798	0001	c.addi	x0,0	  x0:0x00000000  x0=0x00000000
         227004	     11338	8000279a	02b6c033	div	x0,x13,x11	 x13:0x000001b0 x11:0x00000000  x0=0x00000000
         227024	     11339	8000279e	8569	c.srai	x10,0x1a	 x10:0xfffffffe x10=0xffffffff
         227044	     11340	800027a0	41ed8a33	sub	x20,x27,x30	 x27:0xffffff76 x30:0x00000000 x20=0xffffff76
         227104	     11343	800027a4	00a39ab3	sll	x21,x7,x10	  x7:0x00000000 x10:0xffffffff x21=0x00000000
         227164	     11346	800027a8	61e1	c.lui	x3,0x18	  x3=0x00018000
         227184	     11347	800027aa	8eb5	c.xor	x13,x13	 x13:0x000001b0 x13:0x000001b0 x13=0x00000000
         227244	     11350	800027ac	02295133	divu	x2,x18,x2	 x18:0x00000000  x2:0x00000000  x2=0xffffffff
         227284	     11352	800027b0	04b06997	auipc	x19,0x4b06	 x19=0x84b087b0
         227404	     11358	800027b4	0268a033	mulhsu	x0,x17,x6	 x17:0x8000ae64  x6:0x00000000  x0=0x00000000
         227424	     11359	800027b8	040e	c.slli	x8,0x3	  x8:0x00000000  x8=0x00000000
         227444	     11360	800027ba	8e95	c.sub	x13,x13	 x13:0x00000000 x13:0x00000000 x13=0x00000000
         227464	     11361	800027bc	41905733	sra	x14,x0,x25	  x0:0x00000000 x25:0xffffffff x14=0x00000000
         227524	     11364	800027c0	ab9e3b93	sltiu	x23,x28,-1351	 x28:0x00000789 x23=0x00000001
         227584	     11367	800027c4	4e6d	c.li	x28,27	 x28=0x0000001b
         227604	     11368	800027c6	8e95	c.sub	x13,x13	 x13:0x00000000 x13:0x00000000 x13=0x00000000
         227644	     11370	800027c8	0194	c.addi4spn	x13,x2,192	 x13=0x000000bf
         227664	     11371	800027ca	90ce	c.add	x1,x19	  x1:0x0000002c x19:0x84b087b0  x1=0x84b087dc
         227704	     11373	800027cc	00f10833	add	x16,x2,x15	  x2:0xffffffff x15:0x00004000 x16=0x00003fff
         227764	     11376	800027d0	004ba533	slt	x10,x23,x4	 x23:0x00000001  x4:0x00000000 x10=0x00000000
         227824	     11379	800027d4	01e8c4b3	xor	x9,x17,x30	 x17:0x8000ae64 x30:0x00000000  x9=0x8000ae64
         227884	     11382	800027d8	717d	c.addi16sp	x2,-16	  x2:0xffffffff  x2=0xffffffef
         227944	     11385	800027da	00031033	sll	x0,x6,x0	  x6:0x00000000  x0:0x00000000  x0=0x00000000
         228004	     11388	800027de	5365c913	xori	x18,x11,1334	 x11:0x00000000 x18=0x00000536
         228064	     11391	800027e2	0a62e013	ori	x0,x5,166	  x5:0x00000001  x0=0x00000000
         228124	     11394	800027e6	0161de93	srli	x29,x3,0x16	  x3:0x00018000 x29=0x00000000
         228184	     11397	800027ea	00037533	and	x10,x6,x0	  x6:0x00000000  x0:0x00000000 x10=0x00000000
         228284	     11402	800027ee	02b08933	mul	x18,x1,x11	  x1:0x84b087dc x11:0x00000000 x18=0x00000000
         228304	     11403	800027f2	0494	c.addi4spn	x13,x2,576	 x13=0x0000022f
         228324	     11404	800027f4	40150733	sub	x14,x10,x1	 x10:0x00000000  x1:0x84b087dc x14=0x7b4f7824
         229084	     11442	800027f8	0211ea33	rem	x20,x3,x1	  x3:0x00018000  x1:0x84b087dc x20=0x00018000
         229104	     11443	800027fc	8cb5	c.xor	x9,x13	  x9:0x8000ae64 x13:0x0000022f  x9=0x8000ac4b
         229124	     11444	800027fe	717d	c.addi16sp	x2,-16	  x2:0xffffffef  x2=0xffffffdf
         229864	     11481	80002800	0360c5b3	div	x11,x1,x22	  x1:0x84b087dc x22:0x8000ae64 x11=0x00000000
         229884	     11482	80002804	00175b33	srl	x22,x14,x1	 x14:0x7b4f7824  x1:0x84b087dc x22=0x00000007
         229904	     11483	80002808	0001	c.addi	x0,0	  x0:0x00000000  x0=0x00000000
         229924	     11484	8000280a	82e9	c.srli	x13,0x1a	 x13:0x0000022f x13=0x00000000
         229944	     11485	8000280c	f96b6e93	ori	x29,x22,-106	 x22:0x00000007 x29=0xffffff97
         229984	     11487	80002810	ef656893	ori	x17,x10,-266	 x10:0x00000000 x17=0xfffffef6
         230044	     11490	80002814	8e95	c.sub	x13,x13	 x13:0x00000000 x13:0x00000000 x13=0x00000000
         230824	     11529	80002816	03db6eb3	rem	x29,x22,x29	 x22:0x00000007 x29:0xffffff97 x29=0x00000007
         230844	     11530	8000281a	416f5293	srai	x5,x30,0x16	 x30:0x00000000  x5=0x00000000
         230864	     11531	8000281e	6171	c.addi16sp	x2,336	  x2:0xffffffdf  x2=0x0000012f
         230884	     11532	80002820	616d	c.addi16sp	x2,240	  x2:0x0000012f  x2=0x0000021f
         230904	     11533	80002822	80ca	c.mv	x1,x18	  x0:0x00000000 x18:0x00000000  x1=0x00000000
         230944	     11535	80002824	82dd	c.srli	x13,0x17	 x13:0x00000000 x13=0x00000000
         231004	     11538	80002826	4085d7b3	sra	x15,x11,x8	 x11:0x00000000  x8:0x00000000 x15=0x00000000
         231064	     11541	8000282a	9e32e313	ori	x6,x5,-1565	  x5:0x00000000  x6=0xfffff9e3
         231084	     11542	8000282e	8d49	c.or	x10,x10	 x10:0x00000000 x10:0x00000000 x10=0x00000000
         231124	     11544	80002830	12378a13	addi	x20,x15,291	 x15:0x00000000 x20=0x00000123
         231184	     11547	80002834	547d	c.li	x8,-1	  x8=0xffffffff
         231244	     11550	80002836	0082c1b3	xor	x3,x5,x8	  x5:0x00000000  x8:0xffffffff  x3=0xffffffff
         231304	     11553	8000283a	baa80a13	addi	x20,x16,-1110	 x16:0x00003fff x20=0x00003ba9
         231424	     11559	8000283e	026f1c33	mulh	x24,x30,x6	 x30:0x00000000  x6:0xfffff9e3 x24=0x00000000
         231484	     11562	80002842	028e8cb3	mul	x25,x29,x8	 x29:0x00000007  x8:0xffffffff x25=0xfffffff9
         231504	     11563	80002846	2dd98693	addi	x13,x19,733	 x19:0x84b087b0 x13=0x84b08a8d
         231524	     11564	8000284a	717d	c.addi16sp	x2,-16	  x2:0x0000021f  x2=0x0000020f
         231544	     11565	8000284c	40f503b3	sub	x7,x10,x15	 x10:0x00000000 x15:0x00000000  x7=0x00000000
         231604	     11568	80002850	00a42c33	slt	x24,x8,x10	  x8:0xffffffff x10:0x00000000 x24=0x00000001
         231724	     11574	80002854	022c1b33	mulh	x22,x24,x2	 x24:0x00000001  x2:0x0000020f x22=0x00000000
         231744	     11575	80002858	00b6a733	slt	x14,x13,x11	 x13:0x84b08a8d x11:0x00000000 x14=0x00000001
         231784	     11577	8000285c	8ad5	c.andi	x13,21	 x13:0x84b08a8d x13=0x00000005
         231904	     11583	8000285e	02112ab3	mulhsu	x21,x2,x1	  x2:0x0000020f  x1:0x00000000 x21=0x00000000
         231924	     11584	80002862	717d	c.addi16sp	x2,-16	  x2:0x0000020f  x2=0x000001ff
         231944	     11585	80002864	8ed5	c.or	x13,x13	 x13:0x00000005 x13:0x00000005 x13=0x00000005
         231964	     11586	80002866	8295	c.srli	x13,0x5	 x13:0x00000005 x13=0x00000000
         231984	     11587	80002868	00515013	srli	x0,x2,0x5	  x2:0x000001ff  x0=0x00000000
         232024	     11589	8000286c	00f8d033	srl	x0,x17,x15	 x17:0xfffffef6 x15:0x00000000  x0=0x00000000
         232084	     11592	80002870	f1736037	lui	x0,0xf1736	  x0=0x00000000
         232144	     11595	80002874	8c19	c.sub	x8,x14	  x8:0xffffffff x14:0x00000001  x8=0xfffffffe
         232264	     11601	80002876	029c18b3	mulh	x17,x24,x9	 x24:0x00000001  x9:0x8000ac4b x17=0xffffffff
         232284	     11602	8000287a	1dfd	c.addi	x27,-1	 x27:0xffffff76 x27=0xffffff75
         232304	     11603	8000287c	8a99	c.andi	x13,6	 x13:0x00000000 x13=0x00000000
         232324	     11604	8000287e	8ef5	c.and	x13,x13	 x13:0x00000000 x13:0x00000000 x13=0x00000000
         232344	     11605	80002880	0001	c.addi	x0,0	  x0:0x00000000  x0=0x00000000
         232384	     11607	80002882	00ef52b3	srl	x5,x30,x14	 x30:0x00000000 x14:0x00000001  x5=0x00000000
         232444	     11610	80002886	0016dc33	srl	x24,x13,x1	 x13:0x00000000  x1:0x00000000 x24=0x00000000
         232504	     11613	8000288a	1cd90d93	addi	x27,x18,461	 x18:0x00000000 x27=0x000001cd
         232564	     11616	8000288e	d74c6d93	ori	x27,x24,-652	 x24:0x00000000 x27=0xfffffd74
         232584	     11617	80002892	6179	c.addi16sp	x2,464	  x2:0x000001ff  x2=0x000003cf
         232624	     11619	80002894	968a	c.add	x13,x2	 x13:0x00000000  x2:0x000003cf x13=0x000003cf
         232644	     11620	80002896	9112	c.add	x2,x4	  x2:0x000003cf  x4:0x00000000  x2=0x000003cf
         232684	     11622	80002898	01519a33	sll	x20,x3,x21	  x3:0xffffffff x21:0x00000000 x20=0xffffffff
         232744	     11625	8000289c	8ead	c.xor	x13,x11	 x13:0x000003cf x11:0x00000000 x13=0x000003cf
         232804	     11628	8000289e	01e55533	srl	x10,x10,x30	 x10:0x00000000 x30:0x00000000 x10=0x00000000
         232864	     11631	800028a2	0195fbb3	and	x23,x11,x25	 x11:0x00000000 x25:0xfffffff9 x23=0x00000000
         232884	     11632	800028a6	8ed9	c.or	x13,x14	 x13:0x000003cf x14:0x00000001 x13=0x000003cf
         232924	     11634	800028a8	3ad5c813	xori	x16,x11,941	 x11:0x00000000 x16=0x000003ad
         232984	     11637	800028ac	9afd	c.andi	x13,-1	 x13:0x000003cf x13=0x000003cf
         233104	     11643	800028ae	02e1a033	mulhsu	x0,x3,x14	  x3:0xffffffff x14:0x00000001  x0=0x00000000
         233124	     11644	800028b2	8709	c.srai	x14,0x2	 x14:0x00000001 x14=0x00000000
         233164	     11646	800028b4	02e3c2b3	div	x5,x7,x14	  x7:0x00000000 x14:0x00000000  x5=0xffffffff
         233184	     11647	800028b8	41b58c33	sub	x24,x11,x27	 x11:0x00000000 x27:0xfffffd74 x24=0x0000028c
         233224	     11649	800028bc	8afa	c.mv	x21,x30	  x0:0x00000000 x30:0x00000000 x21=0x00000000
         233284	     11652	800028be	3a2de513	ori	x10,x27,930	 x27:0xfffffd74 x10=0xfffffff6
         233344	     11655	800028c2	e2727313	andi	x6,x4,-473	  x4:0x00000000  x6=0x00000000
         233364	     11656	800028c6	8ea9	c.xor	x13,x10	 x13:0x000003cf x10:0xfffffff6 x13=0xfffffc39
         233404	     11658	800028c8	95578113	addi	x2,x15,-1707	 x15:0x00000000  x2=0xfffff955
         233464	     11661	800028cc	0084d533	srl	x10,x9,x8	  x9:0x8000ac4b  x8:0xfffffffe x10=0x00000002
         233524	     11664	800028d0	01f3fcb3	and	x25,x7,x31	  x7:0x00000000 x31:0xff057b01 x25=0x00000000
         234304	     11703	800028d4	031645b3	div	x11,x12,x17	 x12:0x00000000 x17:0xffffffff x11=0x00000000
         234324	     11704	800028d8	83e6	c.mv	x7,x25	  x0:0x00000000 x25:0x00000000  x7=0x00000000
         234344	     11705	800028da	01b171b3	and	x3,x2,x27	  x2:0xfffff955 x27:0xfffffd74  x3=0xfffff954
         234364	     11706	800028de	0e32	c.slli	x28,0xc	 x28:0x0000001b x28=0x0001b000
         234384	     11707	800028e0	47f9	c.li	x15,30	 x15=0x0000001e
         234484	     11712	800028e2	038f25b3	mulhsu	x11,x30,x24	 x30:0x00000000 x24:0x0000028c x11=0x00000000
         234504	     11713	800028e6	0001	c.addi	x0,0	  x0:0x00000000  x0=0x00000000
         234524	     11714	800028e8	4a146913	ori	x18,x8,1185	  x8:0xfffffffe x18=0xffffffff
         235264	     11751	800028ec	0301d733	divu	x14,x3,x16	  x3:0xfffff954 x16:0x000003ad x14=0x0045a520
         235284	     11752	800028f0	0ebe	c.slli	x29,0xf	 x29:0x00000007 x29=0x00038000
         235364	     11756	800028f2	035da4b3	mulhsu	x9,x27,x21	 x27:0xfffffd74 x21:0x00000000  x9=0x00000000
         235384	     11757	800028f6	84a9	c.srai	x9,0xa	  x9:0x00000000  x9=0x00000000
         235404	     11758	800028f8	5bfd	c.li	x23,-1	 x23=0xffffffff
         235424	     11759	800028fa	8efd	c.and	x13,x15	 x13:0xfffffc39 x15:0x0000001e x13=0x00000018
         235444	     11760	800028fc	0001	c.addi	x0,0	  x0:0x00000000  x0=0x00000000
         235464	     11761	800028fe	0001	c.addi	x0,0	  x0:0x00000000  x0=0x00000000
         235484	     11762	80002900	0098f733	and	x14,x17,x9	 x17:0xffffffff  x9:0x00000000 x14=0x00000000
         235504	     11763	80002904	0fd14513	xori	x10,x2,253	  x2:0xfffff955 x10=0xfffff9a8
         235564	     11766	80002908	008e	c.slli	x1,0x3	  x1:0x00000000  x1=0x00000000
         235584	     11767	8000290a	03fe	c.slli	x7,0x1f	  x7:0x00000000  x7=0x00000000
         235624	     11769	8000290c	8ef5	c.and	x13,x13	 x13:0x00000018 x13:0x00000018 x13=0x00000018
         235684	     11772	8000290e	39216017	auipc	x0,0x39216	  x0=0x00000000
         235704	     11773	80002912	0001	c.addi	x0,0	  x0:0x00000000  x0=0x00000000
         235744	     11775	80002914	2a01c813	xori	x16,x3,672	  x3:0xfffff954 x16=0xfffffbf4
         235804	     11778	80002918	41915013	srai	x0,x2,0x19	  x2:0xfffff955  x0=0x00000000
         235884	     11782	8000291c	0357d6b3	divu	x13,x15,x21	 x15:0x0000001e x21:0x00000000 x13=0xffffffff
         235944	     11785	80002920	024dd033	divu	x0,x27,x4	 x27:0xfffffd74  x4:0x00000000  x0=0x00000000
         235984	     11787	80002924	8ef1	c.and	x13,x12	 x13:0xffffffff x12:0x00000000 x13=0x00000000
         236004	     11788	80002926	0001	c.addi	x0,0	  x0:0x00000000  x0=0x00000000
         236044	     11790	80002928	017af933	and	x18,x21,x23	 x21:0x00000000 x23:0xffffffff x18=0x00000000
         236104	     11793	8000292c	9c22	c.add	x24,x8	 x24:0x0000028c  x8:0xfffffffe x24=0x0000028a
         236164	     11796	8000292e	01421c33	sll	x24,x4,x20	  x4:0x00000000 x20:0xffffffff x24=0x00000000
         236184	     11797	80002932	465d	c.li	x12,23	 x12=0x00000017
         236224	     11799	80002934	01c1e5b3	or	x11,x3,x28	  x3:0xfffff954 x28:0x0001b000 x11=0xfffff954
         236284	     11802	80002938	6a85	c.lui	x21,0x1	 x21=0x00001000
         236304	     11803	8000293a	86d5	c.srai	x13,0x15	 x13:0x00000000 x13=0x00000000
         236344	     11805	8000293c	409604b3	sub	x9,x12,x9	 x12:0x00000017  x9:0x00000000  x9=0x00000017
         236404	     11808	80002940	0001	c.addi	x0,0	  x0:0x00000000  x0=0x00000000
         236464	     11811	80002942	01cb2933	slt	x18,x22,x28	 x22:0x00000000 x28:0x0001b000 x18=0x00000001
         236524	     11814	80002946	4045deb3	sra	x29,x11,x4	 x11:0xfffff954  x4:0x00000000 x29=0xfffff954
         236544	     11815	8000294a	0001	c.addi	x0,0	  x0:0x00000000  x0=0x00000000
         236644	     11820	8000294c	03353c33	mulhu	x24,x10,x19	 x10:0xfffff9a8 x19:0x84b087b0 x24=0x84b08466
         236684	     11822	80002950	039ad133	divu	x2,x21,x25	 x21:0x00001000 x25:0x00000000  x2=0xffffffff
         236704	     11823	80002954	82c1	c.srli	x13,0x10	 x13:0x00000000 x13=0x00000000
         236724	     11824	80002956	6179	c.addi16sp	x2,464	  x2:0xffffffff  x2=0x000001cf
         236764	     11826	80002958	00818033	add	x0,x3,x8	  x3:0xfffff954  x8:0xfffffffe  x0=0x00000000
         236864	     11831	8000295c	03b80a33	mul	x20,x16,x27	 x16:0xfffffbf4 x27:0xfffffd74 x20=0x000a4e90
         236884	     11832	80002960	0001	c.addi	x0,0	  x0:0x00000000  x0=0x00000000
         236904	     11833	80002962	0001	c.addi	x0,0	  x0:0x00000000  x0=0x00000000
         237004	     11838	80002964	025e9bb3	mulh	x23,x29,x5	 x29:0xfffff954  x5:0xffffffff x23=0x00000000
         237024	     11839	80002968	060d	c.addi	x12,3	 x12:0x00000017 x12=0x0000001a
         237064	     11841	8000296a	3fb1a297	auipc	x5,0x3fb1a	  x5=0xbfb1c96a
         237084	     11842	8000296e	8ef5	c.and	x13,x13	 x13:0x00000000 x13:0x00000000 x13=0x00000000
         237124	     11844	80002970	8eb5	c.xor	x13,x13	 x13:0x00000000 x13:0x00000000 x13=0x00000000
         237184	     11847	80002972	4067d993	srai	x19,x15,0x6	 x15:0x0000001e x19=0x00000000
         237244	     11850	80002976	00dc5c13	srli	x24,x24,0xd	 x24:0x84b08466 x24=0x00042584
         237364	     11856	8000297a	02831633	mulh	x12,x6,x8	  x6:0x00000000  x8:0xfffffffe x12=0x00000000
         237444	     11860	8000297e	0202a033	mulhsu	x0,x5,x0	  x5:0xbfb1c96a  x0:0x00000000  x0=0x00000000
         237464	     11861	80002982	40c084b3	sub	x9,x1,x12	  x1:0x00000000 x12:0x00000000  x9=0x00000000
         237484	     11862	80002986	049d	c.addi	x9,7	  x9:0x00000000  x9=0x00000007
         237504	     11863	80002988	4246b0b7	lui	x1,0x4246b	  x1=0x4246b000
         237544	     11865	8000298c	01fe2633	slt	x12,x28,x31	 x28:0x0001b000 x31:0xff057b01 x12=0x00000000
         237604	     11868	80002990	81134713	xori	x14,x6,-2031	  x6:0x00000000 x14=0xfffff811
         237664	     11871	80002994	8db1	c.xor	x11,x12	 x11:0xfffff954 x12:0x00000000 x11=0xfffff954
         237784	     11877	80002996	02801933	mulh	x18,x0,x8	  x0:0x00000000  x8:0xfffffffe x18=0x00000000
         237804	     11878	8000299a	6141	c.addi16sp	x2,16	  x2:0x000001cf  x2=0x000001df
         237824	     11879	8000299c	0001	c.addi	x0,0	  x0:0x00000000  x0=0x00000000
         237844	     11880	8000299e	9e643c37	lui	x24,0x9e643	 x24=0x9e643000
         237904	     11883	800029a2	00343033	sltu	x0,x8,x3	  x8:0xfffffffe  x3:0xfffff954  x0=0x00000000
         237964	     11886	800029a6	001c87b3	add	x15,x25,x1	 x25:0x00000000  x1:0x4246b000 x15=0x4246b000
         237984	     11887	800029aa	8e9a	c.mv	x29,x6	  x0:0x00000000  x6:0x00000000 x29=0x00000000
         238024	     11889	800029ac	01dad933	srl	x18,x21,x29	 x21:0x00001000 x29:0x00000000 x18=0x00001000
         238084	     11892	800029b0	0014dab3	srl	x21,x9,x1	  x9:0x00000007  x1:0x4246b000 x21=0x00000007
         238144	     11895	800029b4	2443c713	xori	x14,x7,580	  x7:0x00000000 x14=0x00000244
         238204	     11898	800029b8	587d	c.li	x16,-1	 x16=0xffffffff
         238264	     11901	800029ba	00c2dcb3	srl	x25,x5,x12	  x5:0xbfb1c96a x12:0x00000000 x25=0xbfb1c96a
         238324	     11904	800029be	00a39013	slli	x0,x7,0xa	  x7:0x00000000  x0=0x00000000
         238384	     11907	800029c2	2a8ec013	xori	x0,x29,680	 x29:0x00000000  x0=0x00000000
         238444	     11910	800029c6	a2c34413	xori	x8,x6,-1492	  x6:0x00000000  x8=0xfffffa2c
         238504	     11913	800029ca	00fc06b3	add	x13,x24,x15	 x24:0x9e643000 x15:0x4246b000 x13=0xe0aae000
         238524	     11914	800029ce	8826	c.mv	x16,x9	  x0:0x00000000  x9:0x00000007 x16=0x00000007
         238564	     11916	800029d0	d057e413	ori	x8,x15,-763	 x15:0x4246b000  x8=0xfffffd05
         238624	     11919	800029d4	0284	c.addi4spn	x9,x2,320	  x9=0x0000031f
         239404	     11958	800029d6	02e2ee33	rem	x28,x5,x14	  x5:0xbfb1c96a x14:0x00000244 x28=0xfffffeba
         239424	     11959	800029da	4177d0b3	sra	x1,x15,x23	 x15:0x4246b000 x23:0x00000000  x1=0x4246b000
         239444	     11960	800029de	0079c933	xor	x18,x19,x7	 x19:0x00000000  x7:0x00000000 x18=0x00000000
         239584	     11967	800029e2	02072033	mulhsu	x0,x14,x0	 x14:0x00000244  x0:0x00000000  x0=0x00000000
         239604	     11968	800029e6	9428ae93	slti	x29,x17,-1726	 x17:0xffffffff x29=0x00000000
         239644	     11970	800029ea	00106b33	or	x22,x0,x1	  x0:0x00000000  x1:0x4246b000 x22=0x4246b000
         239704	     11973	800029ee	01ff05b3	add	x11,x30,x31	 x30:0x00000000 x31:0xff057b01 x11=0xff057b01
         239724	     11974	800029f2	717d	c.addi16sp	x2,-16	  x2:0x000001df  x2=0x000001cf
         239764	     11976	800029f4	00454733	xor	x14,x10,x4	 x10:0xfffff9a8  x4:0x00000000 x14=0xfffff9a8
         239824	     11979	800029f8	adbf8a13	addi	x20,x31,-1317	 x31:0xff057b01 x20=0xff0575dc
         239884	     11982	800029fc	0082d493	srli	x9,x5,0x8	  x5:0xbfb1c96a  x9=0x00bfb1c9
         239944	     11985	80002a00	008d1233	sll	x4,x26,x8	 x26:0x8000ae64  x8:0xfffffd05  x4=0x0015cc80
         240004	     11988	80002a04	01f8a333	slt	x6,x17,x31	 x17:0xffffffff x31:0xff057b01  x6=0x00000000
         240104	     11993	80002a08	027e08b3	mul	x17,x28,x7	 x28:0xfffffeba  x7:0x00000000 x17=0x00000000
         240124	     11994	80002a0c	00091e33	sll	x28,x18,x0	 x18:0x00000000  x0:0x00000000 x28=0x00000000
         240184	     11997	80002a10	01445e33	srl	x28,x8,x20	  x8:0xfffffd05 x20:0xff0575dc x28=0x0000000f
         240244	     12000	80002a14	00155993	srli	x19,x10,0x1	 x10:0xfffff9a8 x19=0x7ffffcd4
         240304	     12003	80002a18	00fc9133	sll	x2,x25,x15	 x25:0xbfb1c96a x15:0x4246b000  x2=0xbfb1c96a
         240364	     12006	80002a1c	41ae83b3	sub	x7,x29,x26	 x29:0x00000000 x26:0x8000ae64  x7=0x7fff519c
         240424	     12009	80002a20	8f95	c.sub	x15,x13	 x15:0x4246b000 x13:0xe0aae000 x15=0x619bd000
         240444	     12010	80002a22	40dd	c.li	x1,23	  x1=0x00000017
         240484	     12012	80002a24	8add	c.andi	x13,23	 x13:0xe0aae000 x13=0x00000000
         240544	     12015	80002a26	41235bb3	sra	x23,x6,x18	  x6:0x00000000 x18:0x00000000 x23=0x00000000
         240644	     12020	80002a2a	03ca08b3	mul	x17,x20,x28	 x20:0xff0575dc x28:0x0000000f x17=0xf151e7e4
         240664	     12021	80002a2e	00abcdb3	xor	x27,x23,x10	 x23:0x00000000 x10:0xfffff9a8 x27=0xfffff9a8
         240724	     12024	80002a32	01b983b3	add	x7,x19,x27	 x19:0x7ffffcd4 x27:0xfffff9a8  x7=0x7ffff67c
         240844	     12030	80002a36	03efa833	mulhsu	x16,x31,x30	 x31:0xff057b01 x30:0x00000000 x16=0x00000000
         240864	     12031	80002a3a	0001	c.addi	x0,0	  x0:0x00000000  x0=0x00000000
         240884	     12032	80002a3c	8cb5	c.xor	x9,x13	  x9:0x00bfb1c9 x13:0x00000000  x9=0x00bfb1c9
         240904	     12033	80002a3e	8cdd	c.or	x9,x15	  x9:0x00bfb1c9 x15:0x619bd000  x9=0x61bff1c9
         240924	     12034	80002a40	6151	c.addi16sp	x2,272	  x2:0xbfb1c96a  x2=0xbfb1ca7a
         240964	     12036	80002a42	002aadb3	slt	x27,x21,x2	 x21:0x00000007  x2:0xbfb1ca7a x27=0x00000000
         241084	     12042	80002a46	0267bb33	mulhu	x22,x15,x6	 x15:0x619bd000  x6:0x00000000 x22=0x00000000
         241824	     12079	80002a4a	038a46b3	div	x13,x20,x24	 x20:0xff0575dc x24:0x9e643000 x13=0x00000000
         241844	     12080	80002a4e	86a1	c.srai	x13,0x8	 x13:0x00000000 x13=0x00000000
         241864	     12081	80002a50	8ef9	c.and	x13,x14	 x13:0x00000000 x14:0xfffff9a8 x13=0x00000000
         241884	     12082	80002a52	00b4c3b3	xor	x7,x9,x11	  x9:0x61bff1c9 x11:0xff057b01  x7=0x9eba8ac8
         241924	     12084	80002a56	b661f693	andi	x13,x3,-1178	  x3:0xfffff954 x13=0xfffff944
         241944	     12085	80002a5a	878e	c.mv	x15,x3	  x0:0x00000000  x3:0xfffff954 x15=0xfffff954
         241984	     12087	80002a5c	8ed5	c.or	x13,x13	 x13:0xfffff944 x13:0xfffff944 x13=0xfffff944
         242044	     12090	80002a5e	0026db93	srli	x23,x13,0x2	 x13:0xfffff944 x23=0x3ffffe51
         242164	     12096	80002a62	0291b933	mulhu	x18,x3,x9	  x3:0xfffff954  x9:0x61bff1c9 x18=0x61bfef3c
         242184	     12097	80002a66	0fa9b213	sltiu	x4,x19,250	 x19:0x7ffffcd4  x4=0x00000000
         242204	     12098	80002a6a	8f15	c.sub	x14,x13	 x14:0xfffff9a8 x13:0xfffff944 x14=0x00000064
         242224	     12099	80002a6c	7043c913	xori	x18,x7,1796	  x7:0x9eba8ac8 x18=0x9eba8dcc
         242284	     12102	80002a70	811e	c.mv	x2,x7	  x0:0x00000000  x7:0x9eba8ac8  x2=0x9eba8ac8
         242304	     12103	80002a72	717d	c.addi16sp	x2,-16	  x2:0x9eba8ac8  x2=0x9eba8ab8
         242344	     12105	80002a74	01f2cbb3	xor	x23,x5,x31	  x5:0xbfb1c96a x31:0xff057b01 x23=0x40b4b26b
         242404	     12108	80002a78	897a	c.mv	x18,x30	  x0:0x00000000 x30:0x00000000 x18=0x00000000
         242464	     12111	80002a7a	41555893	srai	x17,x10,0x15	 x10:0xfffff9a8 x17=0xffffffff
         242524	     12114	80002a7e	40045a13	srai	x20,x8,0x0	  x8:0xfffffd05 x20=0xfffffd05
         242544	     12115	80002a82	8709	c.srai	x14,0x2	 x14:0x00000064 x14=0x00000019
         242584	     12117	80002a84	f18261b7	lui	x3,0xf1826	  x3=0xf1826000
         242644	     12120	80002a88	00065593	srli	x11,x12,0x0	 x12:0x00000000 x11=0x00000000
         243424	     12159	80002a8c	03a156b3	divu	x13,x2,x26	  x2:0x9eba8ab8 x26:0x8000ae64 x13=0x00000001
         243444	     12160	80002a90	98445037	lui	x0,0x98445	  x0=0x00000000
         243464	     12161	80002a94	0001	c.addi	x0,0	  x0:0x00000000  x0=0x00000000
         243484	     12162	80002a96	0035aa33	slt	x20,x11,x3	 x11:0x00000000  x3:0xf1826000 x20=0x00000000
         243504	     12163	80002a9a	6159	c.addi16sp	x2,400	  x2:0x9eba8ab8  x2=0x9eba8c48
         243544	     12165	80002a9c	3ba70013	addi	x0,x14,954	 x14:0x00000019  x0=0x00000000
         243604	     12168	80002aa0	fbc12117	auipc	x2,0xfbc12	  x2=0x7bc14aa0
         243664	     12171	80002aa4	e422a013	slti	x0,x5,-446	  x5:0xbfb1c96a  x0=0x00000000
         243724	     12174	80002aa8	83fe	c.mv	x7,x31	  x0:0x00000000 x31:0xff057b01  x7=0xff057b01
         243744	     12175	80002aaa	6121	c.addi16sp	x2,64	  x2:0x7bc14aa0  x2=0x7bc14ae0
         243844	     12180	80002aac	02fa1bb3	mulh	x23,x20,x15	 x20:0x00000000 x15:0xfffff954 x23=0x00000000
         243904	     12183	80002ab0	027f8333	mul	x6,x31,x7	 x31:0xff057b01  x7:0xff057b01  x6=0x0723f601
         243924	     12184	80002ab4	017e34b3	sltu	x9,x28,x23	 x28:0x0000000f x23:0x00000000  x9=0x00000000
         243964	     12186	80002ab8	0514	c.addi4spn	x13,x2,640	 x13=0x7bc14d60
         243984	     12187	80002aba	0001	c.addi	x0,0	  x0:0x00000000  x0=0x00000000
         244024	     12189	80002abc	8e95	c.sub	x13,x13	 x13:0x7bc14d60 x13:0x7bc14d60 x13=0x00000000
         244044	     12190	80002abe	9c96	c.add	x25,x5	 x25:0xbfb1c96a  x5:0xbfb1c96a x25=0x7f6392d4
         244084	     12192	80002ac0	8eb5	c.xor	x13,x13	 x13:0x00000000 x13:0x00000000 x13=0x00000000
         244144	     12195	80002ac2	206cb793	sltiu	x15,x25,518	 x25:0x7f6392d4 x15=0x00000000
         244204	     12198	80002ac6	00f76993	ori	x19,x14,15	 x14:0x00000019 x19=0x0000001f
         244224	     12199	80002aca	0001	c.addi	x0,0	  x0:0x00000000  x0=0x00000000
         244264	     12201	80002acc	8eb5	c.xor	x13,x13	 x13:0x00000000 x13:0x00000000 x13=0x00000000
         244324	     12204	80002ace	0029e8b3	or	x17,x19,x2	 x19:0x0000001f  x2:0x7bc14ae0 x17=0x7bc14aff
         244344	     12205	80002ad2	8492	c.mv	x9,x4	  x0:0x00000000  x4:0x00000000  x9=0x00000000
         244384	     12207	80002ad4	0001	c.addi	x0,0	  x0:0x00000000  x0=0x00000000
         244444	     12210	80002ad6	00601233	sll	x4,x0,x6	  x0:0x00000000  x6:0x0723f601  x4=0x00000000
         244504	     12213	80002ada	7aba1c97	auipc	x25,0x7aba1	 x25=0xfaba3ada
         244524	     12214	80002ade	11fd	c.addi	x3,-1	  x3:0xf1826000  x3=0xf1825fff
         244564	     12216	80002ae0	0194	c.addi4spn	x13,x2,192	 x13=0x7bc14ba0
         244584	     12217	80002ae2	0d85	c.addi	x27,1	 x27:0x00000000 x27=0x00000001
         244624	     12219	80002ae4	8ecd	c.or	x13,x11	 x13:0x7bc14ba0 x11:0x00000000 x13=0x7bc14ba0
         244644	     12220	80002ae6	8eb5	c.xor	x13,x13	 x13:0x7bc14ba0 x13:0x7bc14ba0 x13=0x00000000
         244684	     12222	80002ae8	0001	c.addi	x0,0	  x0:0x00000000  x0=0x00000000
         244704	     12223	80002aea	8e95	c.sub	x13,x13	 x13:0x00000000 x13:0x00000000 x13=0x00000000
         244744	     12225	80002aec	0b22	c.slli	x22,0x8	 x22:0x00000000 x22=0x00000000
         244764	     12226	80002aee	89ae	c.mv	x19,x11	  x0:0x00000000 x11:0x00000000 x19=0x00000000
         244804	     12228	80002af0	405cdc93	srai	x25,x25,0x5	 x25:0xfaba3ada x25=0xffd5d1d6
         244864	     12231	80002af4	8cd5	c.or	x9,x13	  x9:0x00000000 x13:0x00000000  x9=0x00000000
         244884	     12232	80002af6	0001	c.addi	x0,0	  x0:0x00000000  x0=0x00000000
         244924	     12234	80002af8	83ee	c.mv	x7,x27	  x0:0x00000000 x27:0x00000001  x7=0x00000001
         244944	     12235	80002afa	8c95	c.sub	x9,x13	  x9:0x00000000 x13:0x00000000  x9=0x00000000
         245044	     12240	80002afc	02c92eb3	mulhsu	x29,x18,x12	 x18:0x00000000 x12:0x00000000 x29=0x00000000
         245064	     12241	80002b00	0097b7b3	sltu	x15,x15,x9	 x15:0x00000000  x9:0x00000000 x15=0x00000000
         245104	     12243	80002b04	00625913	srli	x18,x4,0x6	  x4:0x00000000 x18=0x00000000
         245164	     12246	80002b08	90da	c.add	x1,x22	  x1:0x00000017 x22:0x00000000  x1=0x00000017
         245264	     12251	80002b0a	027b8833	mul	x16,x23,x7	 x23:0x00000000  x7:0x00000001 x16=0x00000000
         245324	     12254	80002b0e	02aa0ab3	mul	x21,x20,x10	 x20:0x00000000 x10:0xfffff9a8 x21=0x00000000
         245344	     12255	80002b12	8239	c.srli	x12,0xe	 x12:0x00000000 x12=0x00000000
         245364	     12256	80002b14	e5338493	addi	x9,x7,-429	  x7:0x00000001  x9=0xfffffe54
         245404	     12258	80002b18	011073b3	and	x7,x0,x17	  x0:0x00000000 x17:0x7bc14aff  x7=0x00000000
         245464	     12261	80002b1c	740d6013	ori	x0,x26,1856	 x26:0x8000ae64  x0=0x00000000
         245524	     12264	80002b20	b74bbb93	sltiu	x23,x23,-1164	 x23:0x00000000 x23=0x00000001
         245604	     12268	80002b24	03474833	div	x16,x14,x20	 x14:0x00000019 x20:0x00000000 x16=0xffffffff
         245644	     12270	80002b28	003f0633	add	x12,x30,x3	 x30:0x00000000  x3:0xf1825fff x12=0xf1825fff
         245704	     12273	80002b2c	0078b933	sltu	x18,x17,x7	 x17:0x7bc14aff  x7:0x00000000 x18=0x00000000
         245764	     12276	80002b30	00469b33	sll	x22,x13,x4	 x13:0x00000000  x4:0x00000000 x22=0x00000000
         245824	     12279	80002b34	8ed5	c.or	x13,x13	 x13:0x00000000 x13:0x00000000 x13=0x00000000
         245844	     12280	80002b36	9842	c.add	x16,x16	 x16:0xffffffff x16:0xffffffff x16=0xfffffffe
         245884	     12282	80002b38	883a	c.mv	x16,x14	  x0:0x00000000 x14:0x00000019 x16=0x00000019
         245944	     12285	80002b3a	01da5713	srli	x14,x20,0x1d	 x20:0x00000000 x14=0x00000000
         245964	     12286	80002b3e	9416	c.add	x8,x5	  x8:0xfffffd05  x5:0xbfb1c96a  x8=0xbfb1c66f
         246064	     12291	80002b40	026ab633	mulhu	x12,x21,x6	 x21:0x00000000  x6:0x0723f601 x12=0x00000000
         246084	     12292	80002b44	01ef7833	and	x16,x30,x30	 x30:0x00000000 x30:0x00000000 x16=0x00000000
         246124	     12294	80002b48	8609	c.srai	x12,0x2	 x12:0x00000000 x12=0x00000000
         246184	     12297	80002b4a	1e420a93	addi	x21,x4,484	  x4:0x00000000 x21=0x000001e4
         246244	     12300	80002b4e	907f6913	ori	x18,x30,-1785	 x30:0x00000000 x18=0xfffff907
         246264	     12301	80002b52	8e95	c.sub	x13,x13	 x13:0x00000000 x13:0x00000000 x13=0x00000000
         246304	     12303	80002b54	1f9d6ab7	lui	x21,0x1f9d6	 x21=0x1f9d6000
         246364	     12306	80002b58	00f6b7b3	sltu	x15,x13,x15	 x13:0x00000000 x15:0x00000000 x15=0x00000000
         246424	     12309	80002b5c	01727e33	and	x28,x4,x23	  x4:0x00000000 x23:0x00000001 x28=0x00000000
         246484	     12312	80002b60	40b70033	sub	x0,x14,x11	 x14:0x00000000 x11:0x00000000  x0=0x00000000
         246544	     12315	80002b64	015200b3	add	x1,x4,x21	  x4:0x00000000 x21:0x1f9d6000  x1=0x1f9d6000
         246604	     12318	80002b68	01064eb3	xor	x29,x12,x16	 x12:0x00000000 x16:0x00000000 x29=0x00000000
         246664	     12321	80002b6c	86c1	c.srai	x13,0x10	 x13:0x00000000 x13=0x00000000
         246684	     12322	80002b6e	0001	c.addi	x0,0	  x0:0x00000000  x0=0x00000000
         246724	     12324	80002b70	8eb5	c.xor	x13,x13	 x13:0x00000000 x13:0x00000000 x13=0x00000000
         246744	     12325	80002b72	117d	c.addi	x2,-1	  x2:0x7bc14ae0  x2=0x7bc14adf
         246784	     12327	80002b74	00db6033	or	x0,x22,x13	 x22:0x00000000 x13:0x00000000  x0=0x00000000
         246844	     12330	80002b78	0ccefd97	auipc	x27,0xccef	 x27=0x8ccf1b78
         246904	     12333	80002b7c	82fd	c.srli	x13,0x1f	 x13:0x00000000 x13=0x00000000
         247024	     12339	80002b7e	03f5b033	mulhu	x0,x11,x31	 x11:0x00000000 x31:0xff057b01  x0=0x00000000
         247044	     12340	80002b82	012ac433	xor	x8,x21,x18	 x21:0x1f9d6000 x18:0xfffff907  x8=0xe0629907
         247064	     12341	80002b86	0e14	c.addi4spn	x13,x2,784	 x13=0x7bc14def
         247084	     12342	80002b88	177d	c.addi	x14,-1	 x14:0x00000000 x14=0xffffffff
         247104	     12343	80002b8a	8ed5	c.or	x13,x13	 x13:0x7bc14def x13:0x7bc14def x13=0x7bc14def
         247144	     12345	80002b8c	408b88b3	sub	x17,x23,x8	 x23:0x00000001  x8:0xe0629907 x17=0x1f9d66fa
         247204	     12348	80002b90	8ea9	c.xor	x13,x10	 x13:0x7bc14def x10:0xfffff9a8 x13=0x843eb447
         247264	     12351	80002b92	9b3d2c93	slti	x25,x26,-1613	 x26:0x8000ae64 x25=0x00000001
         248044	     12390	80002b96	037ec633	div	x12,x29,x23	 x29:0x00000000 x23:0x00000001 x12=0x00000000
         248064	     12391	80002b9a	fafd0837	lui	x16,0xfafd0	 x16=0xfafd0000
         248084	     12392	80002b9e	9e1e	c.add	x28,x7	 x28:0x00000000  x7:0x00000000 x28=0x00000000
         248104	     12393	80002ba0	0086	c.slli	x1,0x1	  x1:0x1f9d6000  x1=0x3f3ac000
         248164	     12396	80002ba2	404d5033	sra	x0,x26,x4	 x26:0x8000ae64  x4:0x00000000  x0=0x00000000
         248184	     12397	80002ba6	1294	c.addi4spn	x13,x2,352	 x13=0x7bc14c3f
         248224	     12399	80002ba8	40995013	srai	x0,x18,0x9	 x18:0xfffff907  x0=0x00000000
         248284	     12402	80002bac	0001	c.addi	x0,0	  x0:0x00000000  x0=0x00000000
         248344	     12405	80002bae	01688eb3	add	x29,x17,x22	 x17:0x1f9d66fa x22:0x00000000 x29=0x1f9d66fa
         248364	     12406	80002bb2	9afd	c.andi	x13,-1	 x13:0x7bc14c3f x13=0x7bc14c3f
         248404	     12408	80002bb4	6165	c.addi16sp	x2,112	  x2:0x7bc14adf  x2=0x7bc14b4f
         248504	     12413	80002bb6	032385b3	mul	x11,x7,x18	  x7:0x00000000 x18:0xfffff907 x11=0x00000000
         248524	     12414	80002bba	0c8d	c.addi	x25,3	 x25:0x00000001 x25=0x00000004
         248544	     12415	80002bbc	01efec33	or	x24,x31,x30	 x31:0xff057b01 x30:0x00000000 x24=0xff057b01
         248584	     12417	80002bc0	66a1	c.lui	x13,0x8	 x13=0x00008000
         248604	     12418	80002bc2	8291	c.srli	x13,0x4	 x13:0x00008000 x13=0x00000800
         248644	     12420	80002bc4	82ed	c.srli	x13,0x1b	 x13:0x00000800 x13=0x00000000
         248704	     12423	80002bc6	0f3ffe13	andi	x28,x31,243	 x31:0xff057b01 x28=0x00000001
         248764	     12426	80002bca	419d83b3	sub	x7,x27,x25	 x27:0x8ccf1b78 x25:0x00000004  x7=0x8ccf1b74
         248824	     12429	80002bce	007e1013	slli	x0,x28,0x7	 x28:0x00000001  x0=0x00000000
         248844	     12430	80002bd2	85ee	c.mv	x11,x27	  x0:0x00000000 x27:0x8ccf1b78 x11=0x8ccf1b78
         248884	     12432	80002bd4	6a55	c.lui	x20,0x15	 x20=0x00015000
         248904	     12433	80002bd6	0510	c.addi4spn	x12,x2,640	 x12=0x7bc14dcf
         248944	     12435	80002bd8	0f9a7013	andi	x0,x20,249	 x20:0x00015000  x0=0x00000000
         249004	     12438	80002bdc	8e95	c.sub	x13,x13	 x13:0x00000000 x13:0x00000000 x13=0x00000000
         249024	     12439	80002bde	8ed5	c.or	x13,x13	 x13:0x00000000 x13:0x00000000 x13=0x00000000
         249064	     12441	80002be0	0131e033	or	x0,x3,x19	  x3:0xf1825fff x19:0x00000000  x0=0x00000000
         249124	     12444	80002be4	717d	c.addi16sp	x2,-16	  x2:0x7bc14b4f  x2=0x7bc14b3f
         249144	     12445	80002be6	6299	c.lui	x5,0x6	  x5=0x00006000
         249184	     12447	80002be8	000e18b3	sll	x17,x28,x0	 x28:0x00000001  x0:0x00000000 x17=0x00000001
         249244	     12450	80002bec	8eb5	c.xor	x13,x13	 x13:0x00000000 x13:0x00000000 x13=0x00000000
         249344	     12455	80002bee	02a18033	mul	x0,x3,x10	  x3:0xf1825fff x10:0xfffff9a8  x0=0x00000000
         249364	     12456	80002bf2	849a	c.mv	x9,x6	  x0:0x00000000  x6:0x0723f601  x9=0x0723f601
         249384	     12457	80002bf4	001d5633	srl	x12,x26,x1	 x26:0x8000ae64  x1:0x3f3ac000 x12=0x8000ae64
         249424	     12459	80002bf8	00e109b3	add	x19,x2,x14	  x2:0x7bc14b3f x14:0xffffffff x19=0x7bc14b3e
         249484	     12462	80002bfc	8e95	c.sub	x13,x13	 x13:0x00000000 x13:0x00000000 x13=0x00000000
         249544	     12465	80002bfe	b3d7a113	slti	x2,x15,-1219	 x15:0x00000000  x2=0x00000000
         249644	     12470	80002c02	035f87b3	mul	x15,x31,x21	 x31:0xff057b01 x21:0x1f9d6000 x15=0x9cbd6000
         249664	     12471	80002c06	01ef5593	srli	x11,x30,0x1e	 x30:0x00000000 x11=0x00000000
         249684	     12472	80002c0a	0565	c.addi	x10,25	 x10:0xfffff9a8 x10=0xfffff9c1
         250444	     12510	80002c0c	033bd133	divu	x2,x23,x19	 x23:0x00000001 x19:0x7bc14b3e  x2=0x00000000
         250464	     12511	80002c10	01356513	ori	x10,x10,19	 x10:0xfffff9c1 x10=0xfffff9d3
         250484	     12512	80002c14	0ee6a913	slti	x18,x13,238	 x13:0x00000000 x18=0x00000001
         250504	     12513	80002c18	b2623293	sltiu	x5,x4,-1242	  x4:0x00000000  x5=0x00000001
         250564	     12516	80002c1c	41108333	sub	x6,x1,x17	  x1:0x3f3ac000 x17:0x00000001  x6=0x3f3abfff
         250624	     12519	80002c20	416c8db3	sub	x27,x25,x22	 x25:0x00000004 x22:0x00000000 x27=0x00000004
         250684	     12522	80002c24	82a5	c.srli	x13,0x9	 x13:0x00000000 x13=0x00000000
         250704	     12523	80002c26	86c9	c.srai	x13,0x12	 x13:0x00000000 x13=0x00000000
         250744	     12525	80002c28	96a2	c.add	x13,x8	 x13:0x00000000  x8:0xe0629907 x13=0xe0629907
         250764	     12526	80002c2a	87ee	c.mv	x15,x27	  x0:0x00000000 x27:0x00000004 x15=0x00000004
         250804	     12528	80002c2c	970f3393	sltiu	x7,x30,-1680	 x30:0x00000000  x7=0x00000001
         250864	     12531	80002c30	0001	c.addi	x0,0	  x0:0x00000000  x0=0x00000000
         250924	     12534	80002c32	89c26a93	ori	x21,x4,-1892	  x4:0x00000000 x21=0xfffff89c
         250944	     12535	80002c36	0001	c.addi	x0,0	  x0:0x00000000  x0=0x00000000
         251044	     12540	80002c38	034dbc33	mulhu	x24,x27,x20	 x27:0x00000004 x20:0x00015000 x24=0x00000000
         251124	     12544	80002c3c	03b431b3	mulhu	x3,x8,x27	  x8:0xe0629907 x27:0x00000004  x3=0x00000003
         251204	     12548	80002c40	0254a633	mulhsu	x12,x9,x5	  x9:0x0723f601  x5:0x00000001 x12=0x00000000
         251224	     12549	80002c44	0001	c.addi	x0,0	  x0:0x00000000  x0=0x00000000
         251244	     12550	80002c46	0001	c.addi	x0,0	  x0:0x00000000  x0=0x00000000
         251264	     12551	80002c48	2eef2017	auipc	x0,0x2eef2	  x0=0x00000000
         251284	     12552	80002c4c	8dcc75b7	lui	x11,0x8dcc7	 x11=0x8dcc7000
         251344	     12555	80002c50	9322	c.add	x6,x8	  x6:0x3f3abfff  x8:0xe0629907  x6=0x1f9d5906
         251404	     12558	80002c52	004b4833	xor	x16,x22,x4	 x22:0x00000000  x4:0x00000000 x16=0x00000000
         251524	     12564	80002c56	03ec24b3	mulhsu	x9,x24,x30	 x24:0x00000000 x30:0x00000000  x9=0x00000000
         251544	     12565	80002c5a	fc436c93	ori	x25,x6,-60	  x6:0x1f9d5906 x25=0xffffffc6
         251624	     12569	80002c5e	036d0933	mul	x18,x26,x22	 x26:0x8000ae64 x22:0x00000000 x18=0x00000000
         251644	     12570	80002c62	00072eb3	slt	x29,x14,x0	 x14:0xffffffff  x0:0x00000000 x29=0x00000001
         251664	     12571	80002c66	0994	c.addi4spn	x13,x2,208	 x13=0x000000d0
         251704	     12573	80002c68	6315	c.lui	x6,0x5	  x6=0x00005000
         251724	     12574	80002c6a	4e85	c.li	x29,1	 x29=0x00000001
         251764	     12576	80002c6c	4a05	c.li	x20,1	 x20=0x00000001
         251784	     12577	80002c6e	4e01	c.li	x28,0	 x28=0x00000000
         251824	     12579	80002c70	4b85	c.li	x23,1	 x23=0x00000001
         251884	     12582	80002c72	60f06db7	lui	x27,0x60f06	 x27=0x60f06000
         251944	     12585	80002c76	b1ad8d93	addi	x27,x27,-1254	 x27:0x60f06000 x27=0x60f05b1a
         251964	     12586	80002c7a	4c81	c.li	x25,0	 x25=0x00000000
         252004	     12588	80002c7c	4801	c.li	x16,0	 x16=0x00000000
         252024	     12589	80002c7e	4881	c.li	x17,0	 x17=0x00000000
         252064	     12591	80002c80	4981	c.li	x19,0	 x19=0x00000000
         252084	     12592	80002c82	4081	c.li	x1,0	  x1=0x00000000
         252124	     12594	80002c84	0001	c.addi	x0,0	  x0:0x00000000  x0=0x00000000
         252184	     12597	80002c86	1c8dd0b7	lui	x1,0x1c8dd	  x1=0x1c8dd000
         252304	     12603	80002c8a	0202b2b3	mulhu	x5,x5,x0	  x5:0x00000001  x0:0x00000000  x5=0x00000000
         252324	     12604	80002c8e	1e7d	c.addi	x28,-1	 x28:0x00000000 x28=0xffffffff
         252344	     12605	80002c90	5dfd	c.li	x27,-1	 x27=0xffffffff
         252364	     12606	80002c92	90a2	c.add	x1,x8	  x1:0x1c8dd000  x8:0xe0629907  x1=0xfcf06907
         252384	     12607	80002c94	45020c93	addi	x25,x4,1104	  x4:0x00000000 x25=0x00000450
         252444	     12610	80002c98	0328d1b3	divu	x3,x17,x18	 x17:0x00000000 x18:0x00000000  x3=0xffffffff
         252484	     12612	80002c9c	0001	c.addi	x0,0	  x0:0x00000000  x0=0x00000000
         252504	     12613	80002c9e	4679	c.li	x12,30	 x12=0x0000001e
         252544	     12615	80002ca0	a5f246b7	lui	x13,0xa5f24	 x13=0xa5f24000
         252604	     12618	80002ca4	9c62	c.add	x24,x24	 x24:0x00000000 x24:0x00000000 x24=0x00000000
         252624	     12619	80002ca6	6aa1	c.lui	x21,0x8	 x21=0x00008000
         252664	     12621	80002ca8	00bd	c.addi	x1,15	  x1:0xfcf06907  x1=0xfcf06916
         252684	     12622	80002caa	9ca2	c.add	x25,x8	 x25:0x00000450  x8:0xe0629907 x25=0xe0629d57
         252724	     12624	80002cac	80b2	c.mv	x1,x12	  x0:0x00000000 x12:0x0000001e  x1=0x0000001e
         252784	     12627	80002cae	fb480693	addi	x13,x16,-76	 x16:0x00000000 x13=0xffffffb4
         253564	     12666	80002cb2	026e4733	div	x14,x28,x6	 x28:0xffffffff  x6:0x00005000 x14=0x00000000
         253584	     12667	80002cb6	4c9901b7	lui	x3,0x4c990	  x3=0x4c990000
         253604	     12668	80002cba	8e95	c.sub	x13,x13	 x13:0xffffffb4 x13:0xffffffb4 x13=0x00000000
         253624	     12669	80002cbc	6165	c.addi16sp	x2,112	  x2:0x00000000  x2=0x00000070
         253684	     12672	80002cbe	014c80b3	add	x1,x25,x20	 x25:0xe0629d57 x20:0x00000001  x1=0xe0629d58
         253704	     12673	80002cc2	0001	c.addi	x0,0	  x0:0x00000000  x0=0x00000000
         253744	     12675	80002cc4	d0977637	lui	x12,0xd0977	 x12=0xd0977000
         253804	     12678	80002cc8	b1105817	auipc	x16,0xb1105	 x16=0x31107cc8
         253864	     12681	80002ccc	8e81	c.sub	x13,x8	 x13:0x00000000  x8:0xe0629907 x13=0x1f9d66f9
         253884	     12682	80002cce	8c75	c.and	x8,x13	  x8:0xe0629907 x13:0x1f9d66f9  x8=0x00000001
         253924	     12684	80002cd0	10fd	c.addi	x1,-1	  x1:0xe0629d58  x1=0xe0629d57
         254044	     12690	80002cd2	03619eb3	mulh	x29,x3,x22	  x3:0x4c990000 x22:0x00000000 x29=0x00000000
         254064	     12691	80002cd6	41abdd93	srai	x27,x23,0x1a	 x23:0x00000001 x27=0x00000000
         254084	     12692	80002cda	8665	c.srai	x12,0x19	 x12:0xd0977000 x12=0xffffffe8
         254104	     12693	80002cdc	4115db13	srai	x22,x11,0x11	 x11:0x8dcc7000 x22=0xffffc6e6
         254164	     12696	80002ce0	031c	c.addi4spn	x15,x2,384	 x15=0x000001f0
         254184	     12697	80002ce2	6119	c.addi16sp	x2,384	  x2:0x00000070  x2=0x000001f0
         254264	     12701	80002ce4	02530ab3	mul	x21,x6,x5	  x6:0x00005000  x5:0x00000000 x21=0x00000000
         254284	     12702	80002ce8	7b777413	andi	x8,x14,1975	 x14:0x00000000  x8=0x00000000
         254344	     12705	80002cec	8295	c.srli	x13,0x5	 x13:0x1f9d66f9 x13=0x00fceb37
         254404	     12708	80002cee	0115fa33	and	x20,x11,x17	 x11:0x8dcc7000 x17:0x00000000 x20=0x00000000
         254464	     12711	80002cf2	008828b3	slt	x17,x16,x8	 x16:0x31107cc8  x8:0x00000000 x17=0x00000000
         254484	     12712	80002cf6	8296	c.mv	x5,x5	  x0:0x00000000  x5:0x00000000  x5=0x00000000
         254524	     12714	80002cf8	8d71	c.and	x10,x12	 x10:0xfffff9d3 x12:0xffffffe8 x10=0xfffff9c0
         254544	     12715	80002cfa	5dfd	c.li	x27,-1	 x27=0xffffffff
         254584	     12717	80002cfc	8eb5	c.xor	x13,x13	 x13:0x00fceb37 x13:0x00fceb37 x13=0x00000000
         254644	     12720	80002cfe	015e9693	slli	x13,x29,0x15	 x29:0x00000000 x13=0x00000000
         254704	     12723	80002d02	5d096493	ori	x9,x18,1488	 x18:0x00000000  x9=0x000005d0
         254764	     12726	80002d06	ef287a93	andi	x21,x16,-270	 x16:0x31107cc8 x21=0x31107cc0
         254824	     12729	80002d0a	00629113	slli	x2,x5,0x6	  x5:0x00000000  x2=0x00000000
         254844	     12730	80002d0e	8e95	c.sub	x13,x13	 x13:0x00000000 x13:0x00000000 x13=0x00000000
         254884	     12732	80002d10	00dcc8b3	xor	x17,x25,x13	 x25:0xe0629d57 x13:0x00000000 x17=0xe0629d57
         254944	     12735	80002d14	76378c93	addi	x25,x15,1891	 x15:0x000001f0 x25=0x00000953
         255004	     12738	80002d18	0001	c.addi	x0,0	  x0:0x00000000  x0=0x00000000
         255024	     12739	80002d1a	6105	c.addi16sp	x2,32	  x2:0x00000000  x2=0x00000020
         255064	     12741	80002d1c	00a448b3	xor	x17,x8,x10	  x8:0x00000000 x10:0xfffff9c0 x17=0xfffff9c0
         255124	     12744	80002d20	0140ce33	xor	x28,x1,x20	  x1:0xe0629d57 x20:0x00000000 x28=0xe0629d57
         255244	     12750	80002d24	02ab3433	mulhu	x8,x22,x10	 x22:0xffffc6e6 x10:0xfffff9c0  x8=0xffffc0a6
         255264	     12751	80002d28	82a5	c.srli	x13,0x9	 x13:0x00000000 x13=0x00000000
         255304	     12753	80002d2a	b10b6d93	ori	x27,x22,-1264	 x22:0xffffc6e6 x27=0xfffffff6
         255364	     12756	80002d2e	bddb0b93	addi	x23,x22,-1059	 x22:0xffffc6e6 x23=0xffffc2c3
         256144	     12795	80002d32	03bfcdb3	div	x27,x31,x27	 x31:0xff057b01 x27:0xfffffff6 x27=0x00190d4c
         256204	     12798	80002d36	020b02b3	mul	x5,x22,x0	 x22:0xffffc6e6  x0:0x00000000  x5=0x00000000
         256224	     12799	80002d3a	1afd	c.addi	x21,-1	 x21:0x31107cc0 x21=0x31107cbf
         256244	     12800	80002d3c	01d45293	srli	x5,x8,0x1d	  x8:0xffffc0a6  x5=0x00000007
         256264	     12801	80002d40	20e13c93	sltiu	x25,x2,526	  x2:0x00000020 x25=0x00000001
         256384	     12807	80002d44	027b32b3	mulhu	x5,x22,x7	 x22:0xffffc6e6  x7:0x00000001  x5=0x00000000
         256404	     12808	80002d48	896e	c.mv	x18,x27	  x0:0x00000000 x27:0x00190d4c x18=0x00190d4c
         256424	     12809	80002d4a	717d	c.addi16sp	x2,-16	  x2:0x00000020  x2=0x00000010
         256444	     12810	80002d4c	41e5d3b3	sra	x7,x11,x30	 x11:0x8dcc7000 x30:0x00000000  x7=0x8dcc7000
         256504	     12813	80002d50	81e2	c.mv	x3,x24	  x0:0x00000000 x24:0x00000000  x3=0x00000000
         257284	     12852	80002d52	029e5e33	divu	x28,x28,x9	 x28:0xe0629d57  x9:0x000005d0 x28=0x00269a99
         257304	     12853	80002d56	7672b493	sltiu	x9,x5,1895	  x5:0x00000000  x9=0x00000001
         257324	     12854	80002d5a	4058deb3	sra	x29,x17,x5	 x17:0xfffff9c0  x5:0x00000000 x29=0xfffff9c0
         257404	     12858	80002d5e	d497e493	ori	x9,x15,-695	 x15:0x000001f0  x9=0xfffffdf9
         257464	     12861	80002d62	001823b3	slt	x7,x16,x1	 x16:0x31107cc8  x1:0xe0629d57  x7=0x00000000
         257484	     12862	80002d66	9386	c.add	x7,x1	  x7:0x00000000  x1:0xe0629d57  x7=0xe0629d57
         257524	     12864	80002d68	87ae	c.mv	x15,x11	  x0:0x00000000 x11:0x8dcc7000 x15=0x8dcc7000
         257584	     12867	80002d6a	00fa3033	sltu	x0,x20,x15	 x20:0x00000000 x15:0x8dcc7000  x0=0x00000000
         257604	     12868	80002d6e	4ae1	c.li	x21,24	 x21=0x00000018
         257644	     12870	80002d70	0001	c.addi	x0,0	  x0:0x00000000  x0=0x00000000
         257704	     12873	80002d72	00ccdc13	srli	x24,x25,0xc	 x25:0x00000001 x24=0x00000000
         257724	     12874	80002d76	4465	c.li	x8,25	  x8=0x00000019
         257764	     12876	80002d78	9c1be037	lui	x0,0x9c1be	  x0=0x00000000
         257824	     12879	80002d7c	0160fc33	and	x24,x1,x22	  x1:0xe0629d57 x22:0xffffc6e6 x24=0xe0628446
         257884	     12882	80002d80	82c1	c.srli	x13,0x10	 x13:0x00000000 x13=0x00000000
         257944	     12885	80002d82	413bdb93	srai	x23,x23,0x13	 x23:0xffffc2c3 x23=0xffffffff
         258004	     12888	80002d86	39774eb7	lui	x29,0x39774	 x29=0x39774000
         258064	     12891	80002d8a	7c9e8e93	addi	x29,x29,1993	 x29:0x39774000 x29=0x397747c9
         258084	     12892	80002d8e	4e01	c.li	x28,0	 x28=0x00000000
         258124	     12894	80002d90	4d85	c.li	x27,1	 x27=0x00000001
         258144	     12895	80002d92	4985	c.li	x19,1	 x19=0x00000001
         258184	     12897	80002d94	4581	c.li	x11,0	 x11=0x00000000
         258244	     12900	80002d96	665107b7	lui	x15,0x66510	 x15=0x66510000
         258304	     12903	80002d9a	1be78793	addi	x15,x15,446	 x15:0x66510000 x15=0x665101be
         258324	     12904	80002d9e	4381	c.li	x7,0	  x7=0x00000000
         258364	     12906	80002da0	4305	c.li	x6,1	  x6=0x00000001
         258424	     12909	80002da2	18542237	lui	x4,0x18542	  x4=0x18542000
         258484	     12912	80002da6	07220213	addi	x4,x4,114	  x4:0x18542000  x4=0x18542072
         258544	     12915	80002daa	0c3d1c37	lui	x24,0xc3d1	 x24=0x0c3d1000
         258604	     12918	80002dae	527c0c13	addi	x24,x24,1319	 x24:0x0c3d1000 x24=0x0c3d1527
         258664	     12921	80002db2	40d48db3	sub	x27,x9,x13	  x9:0xfffffdf9 x13:0x00000000 x27=0xfffffdf9
         258784	     12927	80002db6	029d9233	mulh	x4,x27,x9	 x27:0xfffffdf9  x9:0xfffffdf9  x4=0x00000000
         258804	     12928	80002dba	065d	c.addi	x12,23	 x12:0xffffffe8 x12=0xffffffff
         258824	     12929	80002dbc	0001	c.addi	x0,0	  x0:0x00000000  x0=0x00000000
         258904	     12933	80002dbe	02c52e33	mulhsu	x28,x10,x12	 x10:0xfffff9c0 x12:0xffffffff x28=0xfffff9c0
         258984	     12937	80002dc2	02812233	mulhsu	x4,x2,x8	  x2:0x00000010  x8:0x00000019  x4=0x00000000
         259004	     12938	80002dc6	404286b3	sub	x13,x5,x4	  x5:0x00000000  x4:0x00000000 x13=0x00000000
         259024	     12939	80002dca	8e95	c.sub	x13,x13	 x13:0x00000000 x13:0x00000000 x13=0x00000000
         259104	     12943	80002dcc	02222033	mulhsu	x0,x4,x2	  x4:0x00000000  x2:0x00000010  x0=0x00000000
         259124	     12944	80002dd0	6835	c.lui	x16,0xd	 x16=0x0000d000
         259144	     12945	80002dd2	99e2	c.add	x19,x24	 x19:0x00000001 x24:0x0c3d1527 x19=0x0c3d1528
         259164	     12946	80002dd4	8c54b217	auipc	x4,0x8c54b	  x4=0x0c54ddd4
         259204	     12948	80002dd8	acb4a3b7	lui	x7,0xacb4a	  x7=0xacb4a000
         259264	     12951	80002ddc	0514	c.addi4spn	x13,x2,640	 x13=0x00000290
         259324	     12954	80002dde	40e18033	sub	x0,x3,x14	  x3:0x00000000 x14:0x00000000  x0=0x00000000
         259344	     12955	80002de2	67f5	c.lui	x15,0x1d	 x15=0x0001d000
         259384	     12957	80002de4	4c0d02b7	lui	x5,0x4c0d0	  x5=0x4c0d0000
         260164	     12996	80002de8	03a7e2b3	rem	x5,x15,x26	 x15:0x0001d000 x26:0x8000ae64  x5=0x0001d000
         260184	     12997	80002dec	010dd413	srli	x8,x27,0x10	 x27:0xfffffdf9  x8=0x0000ffff
         260204	     12998	80002df0	8ed5	c.or	x13,x13	 x13:0x00000290 x13:0x00000290 x13=0x00000290
         260264	     13001	80002df2	02d181b3	mul	x3,x3,x13	  x3:0x00000000 x13:0x00000290  x3=0x00000000
         260284	     13002	80002df6	86d44513	xori	x10,x8,-1939	  x8:0x0000ffff x10=0xffff0792
         260304	     13003	80002dfa	9466	c.add	x8,x25	  x8:0x0000ffff x25:0x00000001  x8=0x00010000
         260344	     13005	80002dfc	e932ec93	ori	x25,x5,-365	  x5:0x0001d000 x25=0xfffffe93
         260404	     13008	80002e00	019ff033	and	x0,x31,x25	 x31:0xff057b01 x25:0xfffffe93  x0=0x00000000
         260504	     13013	80002e04	03690533	mul	x10,x18,x22	 x18:0x00190d4c x22:0xffffc6e6 x10=0x697eba48
         260524	     13014	80002e08	ef420193	addi	x3,x4,-268	  x4:0x0c54ddd4  x3=0x0c54dcc8
         260584	     13017	80002e0c	9966	c.add	x18,x25	 x18:0x00190d4c x25:0xfffffe93 x18=0x00190bdf
         260604	     13018	80002e0e	0001	c.addi	x0,0	  x0:0x00000000  x0=0x00000000
         260644	     13020	80002e10	717d	c.addi16sp	x2,-16	  x2:0x00000010  x2=0x00000000
         260704	     13023	80002e12	41c0d613	srai	x12,x1,0x1c	  x1:0xe0629d57 x12=0xfffffffe
         260724	     13024	80002e16	86ad	c.srai	x13,0xb	 x13:0x00000290 x13=0x00000000
         260764	     13026	80002e18	9afd	c.andi	x13,-1	 x13:0x00000000 x13=0x00000000
         260824	     13029	80002e1a	006b5bb3	srl	x23,x22,x6	 x22:0xffffc6e6  x6:0x00000001 x23=0x7fffe373
         260884	     13032	80002e1e	000fc2b3	xor	x5,x31,x0	 x31:0xff057b01  x0:0x00000000  x5=0xff057b01
         260944	     13035	80002e22	df22b513	sltiu	x10,x5,-526	  x5:0xff057b01 x10=0x00000001
         261004	     13038	80002e26	00231033	sll	x0,x6,x2	  x6:0x00000001  x2:0x00000000  x0=0x00000000
         261064	     13041	80002e2a	9c2e7d93	andi	x27,x28,-1598	 x28:0xfffff9c0 x27=0xfffff9c0
         261124	     13044	80002e2e	963ecd93	xori	x27,x29,-1693	 x29:0x397747c9 x27=0xc688beaa
         261184	     13047	80002e32	00925293	srli	x5,x4,0x9	  x4:0x0c54ddd4  x5=0x00062a6e
         261964	     13086	80002e36	02a4d033	divu	x0,x9,x10	  x9:0xfffffdf9 x10:0x00000001  x0=0x00000000
         261984	     13087	80002e3a	015e5133	srl	x2,x28,x21	 x28:0xfffff9c0 x21:0x00000018  x2=0x000000ff
         262004	     13088	80002e3e	0001	c.addi	x0,0	  x0:0x00000000  x0=0x00000000
         262024	     13089	80002e40	008e	c.slli	x1,0x3	  x1:0xe0629d57  x1=0x0314eab8
         262084	     13092	80002e42	a5b83013	sltiu	x0,x16,-1445	 x16:0x0000d000  x0=0x00000000
         262144	     13095	80002e46	fb954293	xori	x5,x10,-71	 x10:0x00000001  x5=0xffffffb8
         262924	     13134	80002e4a	039b5933	divu	x18,x22,x25	 x22:0xffffc6e6 x25:0xfffffe93 x18=0x00000000
         263004	     13138	80002e4e	03f5a0b3	mulhsu	x1,x11,x31	 x11:0x00000000 x31:0xff057b01  x1=0x00000000
         263024	     13139	80002e52	01596333	or	x6,x18,x21	 x18:0x00000000 x21:0x00000018  x6=0x00000018
         263104	     13143	80002e56	020ba0b3	mulhsu	x1,x23,x0	 x23:0x7fffe373  x0:0x00000000  x1=0x00000000
         263124	     13144	80002e5a	01e5fb33	and	x22,x11,x30	 x11:0x00000000 x30:0x00000000 x22=0x00000000
         263144	     13145	80002e5e	1a14	c.addi4spn	x13,x2,304	 x13=0x0000022f
         263164	     13146	80002e60	00fd5333	srl	x6,x26,x15	 x26:0x8000ae64 x15:0x0001d000  x6=0x8000ae64
         263224	     13149	80002e64	46e1	c.li	x13,24	 x13=0x00000018
         263244	     13150	80002e66	0001	c.addi	x0,0	  x0:0x00000000  x0=0x00000000
         263284	     13152	80002e68	01d6b4b3	sltu	x9,x13,x29	 x13:0x00000018 x29:0x397747c9  x9=0x00000001
         263344	     13155	80002e6c	90ca	c.add	x1,x18	  x1:0x00000000 x18:0x00000000  x1=0x00000000
         263364	     13156	80002e6e	82c1	c.srli	x13,0x10	 x13:0x00000018 x13=0x00000000
         263404	     13158	80002e70	a30a2113	slti	x2,x20,-1488	 x20:0x00000000  x2=0x00000000
         263464	     13161	80002e74	00ad9633	sll	x12,x27,x10	 x27:0xc688beaa x10:0x00000001 x12=0x8d117d54
         263524	     13164	80002e78	0001	c.addi	x0,0	  x0:0x00000000  x0=0x00000000
         263544	     13165	80002e7a	8e99	c.sub	x13,x14	 x13:0x00000000 x14:0x00000000 x13=0x00000000
         263604	     13168	80002e7c	02e66733	rem	x14,x12,x14	 x12:0x8d117d54 x14:0x00000000 x14=0x8d117d54
         263644	     13170	80002e80	413051b3	sra	x3,x0,x19	  x0:0x00000000 x19:0x0c3d1528  x3=0x00000000
         263704	     13173	80002e84	717d	c.addi16sp	x2,-16	  x2:0x00000000  x2=0xfffffff0
         263764	     13176	80002e86	01064033	xor	x0,x12,x16	 x12:0x8d117d54 x16:0x0000d000  x0=0x00000000
         263784	     13177	80002e8a	8246	c.mv	x4,x17	  x0:0x00000000 x17:0xfffff9c0  x4=0xfffff9c0
         263824	     13179	80002e8c	8fa28813	addi	x16,x5,-1798	  x5:0xffffffb8 x16=0xfffff8b2
         263884	     13182	80002e90	c0d18713	addi	x14,x3,-1011	  x3:0x00000000 x14=0xfffffc0d
         263944	     13185	80002e94	0133f733	and	x14,x7,x19	  x7:0xacb4a000 x19:0x0c3d1528 x14=0x0c340000
         264724	     13224	80002e98	0387ec33	rem	x24,x15,x24	 x15:0x0001d000 x24:0x0c3d1527 x24=0x0001d000
         265464	     13261	80002e9c	035a6033	rem	x0,x20,x21	 x20:0x00000000 x21:0x00000018  x0=0x00000000
         265484	     13262	80002ea0	8685	c.srai	x13,0x1	 x13:0x00000000 x13=0x00000000
         265504	     13263	80002ea2	00d2	c.slli	x1,0x14	  x1:0x00000000  x1=0x00000000
         265524	     13264	80002ea4	8e75	c.and	x12,x13	 x12:0x8d117d54 x13:0x00000000 x12=0x00000000
         266264	     13301	80002ea6	031549b3	div	x19,x10,x17	 x10:0x00000001 x17:0xfffff9c0 x19=0x00000000
         266284	     13302	80002eaa	01edf633	and	x12,x27,x30	 x27:0xc688beaa x30:0x00000000 x12=0x00000000
         266304	     13303	80002eae	1974a213	slti	x4,x9,407	  x9:0x00000001  x4=0x00000001
         266344	     13305	80002eb2	b508fe13	andi	x28,x17,-1200	 x17:0xfffff9c0 x28=0xfffff940
         266404	     13308	80002eb6	017a1033	sll	x0,x20,x23	 x20:0x00000000 x23:0x7fffe373  x0=0x00000000
         266424	     13309	80002eba	99fd	c.andi	x11,-1	 x11:0x00000000 x11=0x00000000
         266464	     13311	80002ebc	4a3c7c13	andi	x24,x24,1187	 x24:0x0001d000 x24=0x00000000
         266524	     13314	80002ec0	01b91133	sll	x2,x18,x27	 x18:0x00000000 x27:0xc688beaa  x2=0x00000000
         266584	     13317	80002ec4	09ca	c.slli	x19,0x12	 x19:0x00000000 x19=0x00000000
         266604	     13318	80002ec6	4435	c.li	x8,13	  x8=0x0000000d
         266704	     13323	80002ec8	02c9b633	mulhu	x12,x19,x12	 x19:0x00000000 x12:0x00000000 x12=0x00000000
         266724	     13324	80002ecc	0178d393	srli	x7,x17,0x17	 x17:0xfffff9c0  x7=0x000001ff
         266764	     13326	80002ed0	40e6d033	sra	x0,x13,x14	 x13:0x00000000 x14:0x0c340000  x0=0x00000000
         266824	     13329	80002ed4	00825a93	srli	x21,x4,0x8	  x4:0x00000001 x21=0x00000000
         266884	     13332	80002ed8	80be	c.mv	x1,x15	  x0:0x00000000 x15:0x0001d000  x1=0x0001d000
         266904	     13333	80002eda	8ed5	c.or	x13,x13	 x13:0x00000000 x13:0x00000000 x13=0x00000000
         266944	     13335	80002edc	01aa	c.slli	x3,0xa	  x3:0x00000000  x3=0x00000000
         267004	     13338	80002ede	97fe8113	addi	x2,x29,-1665	 x29:0x397747c9  x2=0x39774148
         267064	     13341	80002ee2	00aacab3	xor	x21,x21,x10	 x21:0x00000000 x10:0x00000001 x21=0x00000001
         267124	     13344	80002ee6	4172dbb3	sra	x23,x5,x23	  x5:0xffffffb8 x23:0x7fffe373 x23=0xffffffff
         267184	     13347	80002eea	40a5d1b3	sra	x3,x11,x10	 x11:0x00000000 x10:0x00000001  x3=0x00000000
         267244	     13350	80002eee	41785c93	srai	x25,x16,0x17	 x16:0xfffff8b2 x25=0xffffffff
         267304	     13353	80002ef2	41addc93	srai	x25,x27,0x1a	 x27:0xc688beaa x25=0xfffffff1
         267424	     13359	80002ef6	03753db3	mulhu	x27,x10,x23	 x10:0x00000001 x23:0xffffffff x27=0x00000000
         267444	     13360	80002efa	aa960c93	addi	x25,x12,-1367	 x12:0x00000000 x25=0xfffffaa9
         267484	     13362	80002efe	7dc0e913	ori	x18,x1,2012	  x1:0x0001d000 x18=0x0001d7dc
         267604	     13368	80002f02	03e3b833	mulhu	x16,x7,x30	  x7:0x000001ff x30:0x00000000 x16=0x00000000
         267624	     13369	80002f06	41d78033	sub	x0,x15,x29	 x15:0x0001d000 x29:0x397747c9  x0=0x00000000
         267664	     13371	80002f0a	cfbca993	slti	x19,x25,-773	 x25:0xfffffaa9 x19=0x00000001
         267724	     13374	80002f0e	009f5893	srli	x17,x30,0x9	 x30:0x00000000 x17=0x00000000
         267784	     13377	80002f12	014ea0b3	slt	x1,x29,x20	 x29:0x397747c9 x20:0x00000000  x1=0x00000000
         267844	     13380	80002f16	234d8b93	addi	x23,x27,564	 x27:0x00000000 x23=0x00000234
         267864	     13381	80002f1a	964e	c.add	x12,x19	 x12:0x00000000 x19:0x00000001 x12=0x00000001
         267904	     13383	80002f1c	1908	c.addi4spn	x10,x2,176	 x10=0x397741f8
         267924	     13384	80002f1e	809e	c.mv	x1,x7	  x0:0x00000000  x7:0x000001ff  x1=0x000001ff
         267964	     13386	80002f20	614d	c.addi16sp	x2,176	  x2:0x39774148  x2=0x397741f8
         267984	     13387	80002f22	8e95	c.sub	x13,x13	 x13:0x00000000 x13:0x00000000 x13=0x00000000
         268024	     13389	80002f24	8ec1	c.or	x13,x8	 x13:0x00000000  x8:0x0000000d x13=0x0000000d
         268044	     13390	80002f26	852a	c.mv	x10,x10	  x0:0x00000000 x10:0x397741f8 x10=0x397741f8
         268144	     13395	80002f28	0345b033	mulhu	x0,x11,x20	 x11:0x00000000 x20:0x00000000  x0=0x00000000
         268164	     13396	80002f2c	8ef5	c.and	x13,x13	 x13:0x0000000d x13:0x0000000d x13=0x0000000d
         268204	     13398	80002f2e	01ed06b3	add	x13,x26,x30	 x26:0x8000ae64 x30:0x00000000 x13=0x8000ae64
         268264	     13401	80002f32	41c35613	srai	x12,x6,0x1c	  x6:0x8000ae64 x12=0xfffffff8
         268284	     13402	80002f36	50fd	c.li	x1,-1	  x1=0xffffffff
         268324	     13404	80002f38	0001	c.addi	x0,0	  x0:0x00000000  x0=0x00000000
         268384	     13407	80002f3a	40300933	sub	x18,x0,x3	  x0:0x00000000  x3:0x00000000 x18=0x00000000
         268444	     13410	80002f3e	7fd7b013	sltiu	x0,x15,2045	 x15:0x0001d000  x0=0x00000000
         268504	     13413	80002f42	9f68e813	ori	x16,x17,-1546	 x17:0x00000000 x16=0xfffff9f6
         268524	     13414	80002f46	8ef5	c.and	x13,x13	 x13:0x8000ae64 x13:0x8000ae64 x13=0x8000ae64
         268564	     13416	80002f48	8ea1	c.xor	x13,x8	 x13:0x8000ae64  x8:0x0000000d x13=0x8000ae69
         268624	     13419	80002f4a	40e0d2b3	sra	x5,x1,x14	  x1:0xffffffff x14:0x0c340000  x5=0xffffffff
         268684	     13422	80002f4e	019931b3	sltu	x3,x18,x25	 x18:0x00000000 x25:0xfffffaa9  x3=0x00000001
         268744	     13425	80002f52	2a04a037	lui	x0,0x2a04a	  x0=0x00000000
         268864	     13431	80002f56	02df3a33	mulhu	x20,x30,x13	 x30:0x00000000 x13:0x8000ae69 x20=0x00000000
         268884	     13432	80002f5a	8eb1	c.xor	x13,x12	 x13:0x8000ae69 x12:0xfffffff8 x13=0x7fff5191
         268904	     13433	80002f5c	0162dc93	srli	x25,x5,0x16	  x5:0xffffffff x25=0x000003ff
         268924	     13434	80002f60	c5f7c193	xori	x3,x15,-929	 x15:0x0001d000  x3=0xfffe2c5f
         268984	     13437	80002f64	9bda	c.add	x23,x22	 x23:0x00000234 x22:0x00000000 x23=0x00000234
         269004	     13438	80002f66	8eb5	c.xor	x13,x13	 x13:0x7fff5191 x13:0x7fff5191 x13=0x00000000
         269044	     13440	80002f68	3b058713	addi	x14,x11,944	 x11:0x00000000 x14=0x000003b0
         269164	     13446	80002f6c	03811133	mulh	x2,x2,x24	  x2:0x397741f8 x24:0x00000000  x2=0x00000000
         269184	     13447	80002f70	0c2a	c.slli	x24,0xa	 x24:0x00000000 x24=0x00000000
         269284	     13452	80002f72	02bc27b3	mulhsu	x15,x24,x11	 x24:0x00000000 x11:0x00000000 x15=0x00000000
         269364	     13456	80002f76	036d1433	mulh	x8,x26,x22	 x26:0x8000ae64 x22:0x00000000  x8=0x00000000
         269384	     13457	80002f7a	0835	c.addi	x16,13	 x16:0xfffff9f6 x16=0xfffffa03
         269404	     13458	80002f7c	01cc30b3	sltu	x1,x24,x28	 x24:0x00000000 x28:0xfffff940  x1=0x00000001
         269424	     13459	80002f80	34056a97	auipc	x21,0x34056	 x21=0xb4058f80
         269464	     13461	80002f84	01e66a33	or	x20,x12,x30	 x12:0xfffffff8 x30:0x00000000 x20=0xfffffff8
         269524	     13464	80002f88	4167dc13	srai	x24,x15,0x16	 x15:0x00000000 x24=0x00000000
         269584	     13467	80002f8c	01dda5b3	slt	x11,x27,x29	 x27:0x00000000 x29:0x397747c9 x11=0x00000001
         269644	     13470	80002f90	8ea01097	auipc	x1,0x8ea01	  x1=0x0ea03f90
         269704	     13473	80002f94	86f9	c.srai	x13,0x1e	 x13:0x00000000 x13=0x00000000
         269724	     13474	80002f96	60a5	c.lui	x1,0x9	  x1=0x00009000
         269764	     13476	80002f98	6379	c.lui	x6,0x1e	  x6=0x0001e000
         270544	     13515	80002f9a	0355d333	divu	x6,x11,x21	 x11:0x00000001 x21:0xb4058f80  x6=0x00000000
         270564	     13516	80002f9e	663d	c.lui	x12,0xf	 x12=0x0000f000
         270584	     13517	80002fa0	00d374b3	and	x9,x6,x13	  x6:0x00000000 x13:0x00000000  x9=0x00000000
         270604	     13518	80002fa4	400a5233	sra	x4,x20,x0	 x20:0xfffffff8  x0:0x00000000  x4=0xfffffff8
         270664	     13521	80002fa8	9856	c.add	x16,x21	 x16:0xfffffa03 x21:0xb4058f80 x16=0xb4058983
         270724	     13524	80002faa	19cf1017	auipc	x0,0x19cf1	  x0=0x00000000
         270784	     13527	80002fae	415201b3	sub	x3,x4,x21	  x4:0xfffffff8 x21:0xb4058f80  x3=0x4bfa7078
         270904	     13533	80002fb2	03cabcb3	mulhu	x25,x21,x28	 x21:0xb4058f80 x28:0xfffff940 x25=0xb4058ac0
         270984	     13537	80002fb6	02389633	mulh	x12,x17,x3	 x17:0x00000000  x3:0x4bfa7078 x12=0x00000000
         271004	     13538	80002fba	9976	c.add	x18,x29	 x18:0x00000000 x29:0x397747c9 x18=0x397747c9
         271024	     13539	80002fbc	5e228017	auipc	x0,0x5e228	  x0=0x00000000
         271044	     13540	80002fc0	0612	c.slli	x12,0x4	 x12:0x00000000 x12=0x00000000
         271064	     13541	80002fc2	8ed5	c.or	x13,x13	 x13:0x00000000 x13:0x00000000 x13=0x00000000
         271084	     13542	80002fc4	8af5	c.andi	x13,29	 x13:0x00000000 x13=0x00000000
         271164	     13546	80002fc6	02f747b3	div	x15,x14,x15	 x14:0x000003b0 x15:0x00000000 x15=0xffffffff
         271204	     13548	80002fca	019c6933	or	x18,x24,x25	 x24:0x00000000 x25:0xb4058ac0 x18=0xb4058ac0
         271224	     13549	80002fce	4e81	c.li	x29,0	 x29=0x00000000
         271264	     13551	80002fd0	4e05	c.li	x28,1	 x28=0x00000001
         271284	     13552	80002fd2	4c85	c.li	x25,1	 x25=0x00000001
         271324	     13554	80002fd4	70be2637	lui	x12,0x70be2	 x12=0x70be2000
         271384	     13557	80002fd8	7d360613	addi	x12,x12,2003	 x12:0x70be2000 x12=0x70be27d3
         271444	     13560	80002fdc	4205	c.li	x4,1	  x4=0x00000001
         271464	     13561	80002fde	4685	c.li	x13,1	 x13=0x00000001
         271504	     13563	80002fe0	4401	c.li	x8,0	  x8=0x00000000
         271564	     13566	80002fe2	45973c37	lui	x24,0x45973	 x24=0x45973000
         271624	     13569	80002fe6	632c0c13	addi	x24,x24,1586	 x24:0x45973000 x24=0x45973632
         271644	     13570	80002fea	4801	c.li	x16,0	 x16=0x00000000
         271684	     13572	80002fec	64d74db7	lui	x27,0x64d74	 x27=0x64d74000
         271744	     13575	80002ff0	e97d8d93	addi	x27,x27,-361	 x27:0x64d74000 x27=0x64d73e97
         271804	     13578	80002ff4	001d8533	add	x10,x27,x1	 x27:0x64d73e97  x1:0x00009000 x10=0x64d7ce97
         271924	     13584	80002ff8	0297a233	mulhsu	x4,x15,x9	 x15:0xffffffff  x9:0x00000000  x4=0x00000000
         271944	     13585	80002ffc	9c06	c.add	x24,x1	 x24:0x45973632  x1:0x00009000 x24=0x4597c632
         271964	     13586	80002ffe	0001	c.addi	x0,0	  x0:0x00000000  x0=0x00000000
         271984	     13587	80003000	8e99	c.sub	x13,x14	 x13:0x00000001 x14:0x000003b0 x13=0xfffffc51
         272084	     13592	80003002	02ea83b3	mul	x7,x21,x14	 x21:0xb4058f80 x14:0x000003b0  x7=0xd4812800
         272824	     13629	80003006	0381dc33	divu	x24,x3,x24	  x3:0x4bfa7078 x24:0x4597c632 x24=0x00000001
         272844	     13630	8000300a	00888b33	add	x22,x17,x8	 x17:0x00000000  x8:0x00000000 x22=0x00000000
         272864	     13631	8000300e	fc5989b7	lui	x19,0xfc598	 x19=0xfc598000
         272884	     13632	80003012	0514	c.addi4spn	x13,x2,640	 x13=0x00000280
         273664	     13671	80003014	03575a33	divu	x20,x14,x21	 x14:0x000003b0 x21:0xb4058f80 x20=0x00000000
         273684	     13672	80003018	010408b3	add	x17,x8,x16	  x8:0x00000000 x16:0x00000000 x17=0x00000000
         273704	     13673	8000301c	8e15	c.sub	x12,x13	 x12:0x70be27d3 x13:0x00000280 x12=0x70be2553
         273724	     13674	8000301e	003e0033	add	x0,x28,x3	 x28:0x00000001  x3:0x4bfa7078  x0=0x00000000
         273784	     13677	80003022	001f88b3	add	x17,x31,x1	 x31:0xff057b01  x1:0x00009000 x17=0xff060b01
         273804	     13678	80003026	67f5	c.lui	x15,0x1d	 x15=0x0001d000
         273844	     13680	80003028	b5950313	addi	x6,x10,-1191	 x10:0x64d7ce97  x6=0x64d7c9f0
         273904	     13683	8000302c	0001	c.addi	x0,0	  x0:0x00000000  x0=0x00000000
         273924	     13684	8000302e	0001	c.addi	x0,0	  x0:0x00000000  x0=0x00000000
         273964	     13686	80003030	1bfd	c.addi	x23,-1	 x23:0x00000234 x23=0x00000233
         273984	     13687	80003032	0094	c.addi4spn	x13,x2,64	 x13=0x00000040
         274024	     13689	80003034	fc49ce37	lui	x28,0xfc49c	 x28=0xfc49c000
         274144	     13695	80003038	038bb033	mulhu	x0,x23,x24	 x23:0x00000233 x24:0x00000001  x0=0x00000000
         274164	     13696	8000303c	6951	c.lui	x18,0x14	 x18=0x00014000
         274204	     13698	8000303e	bd67a5b7	lui	x11,0xbd67a	 x11=0xbd67a000
         274224	     13699	80003042	61c1	c.lui	x3,0x10	  x3=0x00010000
         274304	     13703	80003044	030f01b3	mul	x3,x30,x16	 x30:0x00000000 x16:0x00000000  x3=0x00000000
         274324	     13704	80003048	920a	c.add	x4,x2	  x4:0x00000000  x2:0x00000000  x4=0x00000000
         274344	     13705	8000304a	6af9	c.lui	x21,0x1e	 x21=0x0001e000
         274384	     13707	8000304c	6ac4c813	xori	x16,x9,1708	  x9:0x00000000 x16=0x000006ac
         274444	     13710	80003050	80965017	auipc	x0,0x80965	  x0=0x00000000
         274504	     13713	80003054	40ffda93	srai	x21,x31,0xf	 x31:0xff057b01 x21=0xfffffe0a
         274564	     13716	80003058	f7b23c93	sltiu	x25,x4,-133	  x4:0x00000000 x25=0x00000001
         274624	     13719	8000305c	89ae	c.mv	x19,x11	  x0:0x00000000 x11:0xbd67a000 x19=0xbd67a000
         274684	     13722	8000305e	412ad713	srai	x14,x21,0x12	 x21:0xfffffe0a x14=0xffffffff
         275464	     13761	80003062	0267e033	rem	x0,x15,x6	 x15:0x0001d000  x6:0x64d7c9f0  x0=0x00000000
         275484	     13762	80003066	8ef5	c.and	x13,x13	 x13:0x00000040 x13:0x00000040 x13=0x00000040
         275504	     13763	80003068	8ef5	c.and	x13,x13	 x13:0x00000040 x13:0x00000040 x13=0x00000040
         275524	     13764	8000306a	824b8013	addi	x0,x23,-2012	 x23:0x00000233  x0=0x00000000
         275644	     13770	8000306e	025cbab3	mulhu	x21,x25,x5	 x25:0x00000001  x5:0xffffffff x21=0x00000000
         275724	     13774	80003072	020e3433	mulhu	x8,x28,x0	 x28:0xfc49c000  x0:0x00000000  x8=0x00000000
         275744	     13775	80003076	40c85eb3	sra	x29,x16,x12	 x16:0x000006ac x12:0x70be2553 x29=0x00000000
         275764	     13776	8000307a	e5692a93	slti	x21,x18,-426	 x18:0x00014000 x21=0x00000000
         275824	     13779	8000307e	01731c13	slli	x24,x6,0x17	  x6:0x64d7c9f0 x24=0xf8000000
         275884	     13782	80003082	40ccd993	srai	x19,x25,0xc	 x25:0x00000001 x19=0x00000000
         275944	     13785	80003086	41b8db13	srai	x22,x17,0x1b	 x17:0xff060b01 x22=0xffffffff
         275964	     13786	8000308a	9afd	c.andi	x13,-1	 x13:0x00000040 x13=0x00000040
         276004	     13788	8000308c	1698	c.addi4spn	x14,x2,864	 x14=0x00000360
         276064	     13791	8000308e	37e67eb7	lui	x29,0x37e67	 x29=0x37e67000
         276124	     13794	80003092	a77e8e93	addi	x29,x29,-1417	 x29:0x37e67000 x29=0x37e66a77
         276144	     13795	80003096	4e01	c.li	x28,0	 x28=0x00000000
         276184	     13797	80003098	4d81	c.li	x27,0	 x27=0x00000000
         276204	     13798	8000309a	4205	c.li	x4,1	  x4=0x00000001
         276244	     13800	8000309c	4181	c.li	x3,0	  x3=0x00000000
         276264	     13801	8000309e	4581	c.li	x11,0	 x11=0x00000000
         276304	     13803	800030a0	4c81	c.li	x25,0	 x25=0x00000000
         276324	     13804	800030a2	4485	c.li	x9,1	  x9=0x00000001
         276364	     13806	800030a4	4985	c.li	x19,1	 x19=0x00000001
         276384	     13807	800030a6	4b01	c.li	x22,0	 x22=0x00000000
         276424	     13809	800030a8	8e95	c.sub	x13,x13	 x13:0x00000040 x13:0x00000040 x13=0x00000000
         276484	     13812	800030aa	4dfb8617	auipc	x12,0x4dfb8	 x12=0xcdfbb0aa
         276544	     13815	800030ae	2d760693	addi	x13,x12,727	 x12:0xcdfbb0aa x13=0xcdfbb381
         276664	     13821	800030b2	027dacb3	mulhsu	x25,x27,x7	 x27:0x00000000  x7:0xd4812800 x25=0x00000000
         276684	     13822	800030b6	4285	c.li	x5,1	  x5=0x00000001
         276704	     13823	800030b8	0001	c.addi	x0,0	  x0:0x00000000  x0=0x00000000
         276784	     13827	800030ba	03223c33	mulhu	x24,x4,x18	  x4:0x00000001 x18:0x00014000 x24=0x00000000
         276804	     13828	800030be	00c80033	add	x0,x16,x12	 x16:0x000006ac x12:0xcdfbb0aa  x0=0x00000000
         276824	     13829	800030c2	717d	c.addi16sp	x2,-16	  x2:0x00000000  x2=0xfffffff0
         276844	     13830	800030c4	1dfd	c.addi	x27,-1	 x27:0x00000000 x27=0xffffffff
         276904	     13833	800030c6	41680533	sub	x10,x16,x22	 x16:0x000006ac x22:0x00000000 x10=0x000006ac
         276984	     13837	800030ca	020ce033	rem	x0,x25,x0	 x25:0x00000000  x0:0x00000000  x0=0x00000000
         277084	     13842	800030ce	03842933	mulhsu	x18,x8,x24	  x8:0x00000000 x24:0x00000000 x18=0x00000000
         277104	     13843	800030d2	418584b3	sub	x9,x11,x24	 x11:0x00000000 x24:0x00000000  x9=0x00000000
         277124	     13844	800030d6	4215	c.li	x4,5	  x4=0x00000005
         277144	     13845	800030d8	547d	c.li	x8,-1	  x8=0xffffffff
         277164	     13846	800030da	0001	c.addi	x0,0	  x0:0x00000000  x0=0x00000000
         277264	     13851	800030dc	03b33133	mulhu	x2,x6,x27	  x6:0x64d7c9f0 x27:0xffffffff  x2=0x64d7c9ef
         277284	     13852	800030e0	4309	c.li	x6,2	  x6=0x00000002
         277304	     13853	800030e2	1c18	c.addi4spn	x14,x2,560	 x14=0x64d7cc1f
         277324	     13854	800030e4	21fc5197	auipc	x3,0x21fc5	  x3=0xa1fc80e4
         277384	     13857	800030e8	50fd	c.li	x1,-1	  x1=0xffffffff
         277404	     13858	800030ea	8e06	c.mv	x28,x1	  x0:0x00000000  x1:0xffffffff x28=0xffffffff
         277484	     13862	800030ec	03158333	mul	x6,x11,x17	 x11:0x00000000 x17:0xff060b01  x6=0x00000000
         278224	     13899	800030f0	03f468b3	rem	x17,x8,x31	  x8:0xffffffff x31:0xff057b01 x17=0xffffffff
         278244	     13900	800030f4	717d	c.addi16sp	x2,-16	  x2:0x64d7c9ef  x2=0x64d7c9df
         278264	     13901	800030f6	0001	c.addi	x0,0	  x0:0x00000000  x0=0x00000000
         278284	     13902	800030f8	0cd1d497	auipc	x9,0xcd1d	  x9=0x8cd200f8
         278304	     13903	800030fc	6a15	c.lui	x20,0x5	 x20=0x00005000
         278404	     13908	800030fe	03372db3	mulhsu	x27,x14,x19	 x14:0x64d7cc1f x19:0x00000001 x27=0x00000000
         278424	     13909	80003102	8ac9	c.andi	x13,18	 x13:0xcdfbb381 x13=0x00000000
         278444	     13910	80003104	828d	c.srli	x13,0x3	 x13:0x00000000 x13=0x00000000
         278464	     13911	80003106	608d	c.lui	x1,0x3	  x1=0x00003000
         278484	     13912	80003108	0003c033	xor	x0,x7,x0	  x7:0xd4812800  x0:0x00000000  x0=0x00000000
         278544	     13915	8000310c	03264db3	div	x27,x12,x18	 x12:0xcdfbb0aa x18:0x00000000 x27=0xffffffff
         278584	     13917	80003110	0500	c.addi4spn	x8,x2,640	  x8=0x64d7cc5f
         278604	     13918	80003112	0001	c.addi	x0,0	  x0:0x00000000  x0=0x00000000
         278644	     13920	80003114	86ad	c.srai	x13,0xb	 x13:0x00000000 x13=0x00000000
         278704	     13923	80003116	41c8dc93	srai	x25,x17,0x1c	 x17:0xffffffff x25=0xffffffff
         278724	     13924	8000311a	614d	c.addi16sp	x2,176	  x2:0x64d7c9df  x2=0x64d7ca8f
         279484	     13962	8000311c	0273e033	rem	x0,x7,x7	  x7:0xd4812800  x7:0xd4812800  x0=0x00000000
         279504	     13963	80003120	018fd033	srl	x0,x31,x24	 x31:0xff057b01 x24:0x00000000  x0=0x00000000
         279524	     13964	80003124	01ac9033	sll	x0,x25,x26	 x25:0xffffffff x26:0x8000ae64  x0=0x00000000
         279544	     13965	80003128	18ae3c37	lui	x24,0x18ae3	 x24=0x18ae3000
         279604	     13968	8000312c	01e83433	sltu	x8,x16,x30	 x16:0x000006ac x30:0x00000000  x8=0x00000000
         279664	     13971	80003130	48c23213	sltiu	x4,x4,1164	  x4:0x00000005  x4=0x00000001
         279724	     13974	80003134	0e08	c.addi4spn	x10,x2,784	 x10=0x64d7cd9f
         279784	     13977	80003136	00881eb3	sll	x29,x16,x8	 x16:0x000006ac  x8:0x00000000 x29=0x000006ac
         279804	     13978	8000313a	8ee9	c.and	x13,x10	 x13:0x00000000 x10:0x64d7cd9f x13=0x00000000
         279904	     13983	8000313c	0317acb3	mulhsu	x25,x15,x17	 x15:0x0001d000 x17:0xffffffff x25=0x0001cfff
         279924	     13984	80003140	0494	c.addi4spn	x13,x2,576	 x13=0x64d7cccf
         280024	     13989	80003142	037b2433	mulhsu	x8,x22,x23	 x22:0x00000000 x23:0x00000233  x8=0x00000000
         280044	     13990	80003146	131b9517	auipc	x10,0x131b9	 x10=0x931bc146
         280124	     13994	8000314a	030f8533	mul	x10,x31,x16	 x31:0xff057b01 x16:0x000006ac x10=0x7890aaac
         280144	     13995	8000314e	8e95	c.sub	x13,x13	 x13:0x64d7cccf x13:0x64d7cccf x13=0x00000000
         280164	     13996	80003150	1b7d	c.addi	x22,-1	 x22:0x00000000 x22=0xffffffff
         280184	     13997	80003152	8c61	c.and	x8,x8	  x8:0x00000000  x8:0x00000000  x8=0x00000000
         280204	     13998	80003154	4154d533	sra	x10,x9,x21	  x9:0x8cd200f8 x21:0x00000000 x10=0x8cd200f8
         280264	     14001	80003158	8ee1	c.and	x13,x8	 x13:0x00000000  x8:0x00000000 x13=0x00000000
         280324	     14004	8000315a	010e1793	slli	x15,x28,0x10	 x28:0xffffffff x15=0xffff0000
         280384	     14007	8000315e	411b0333	sub	x6,x22,x17	 x22:0xffffffff x17:0xffffffff  x6=0x00000000
         280464	     14011	80003162	03216933	rem	x18,x2,x18	  x2:0x64d7ca8f x18:0x00000000 x18=0x64d7ca8f
         280484	     14012	80003166	0001	c.addi	x0,0	  x0:0x00000000  x0=0x00000000
         280504	     14013	80003168	40d65eb3	sra	x29,x12,x13	 x12:0xcdfbb0aa x13:0x00000000 x29=0xcdfbb0aa
         280564	     14016	8000316c	0001	c.addi	x0,0	  x0:0x00000000  x0=0x00000000
         280584	     14017	8000316e	6119	c.addi16sp	x2,384	  x2:0x64d7ca8f  x2=0x64d7cc0f
         280624	     14019	80003170	7a5cec13	ori	x24,x25,1957	 x25:0x0001cfff x24=0x0001cfff
         280684	     14022	80003174	01b63eb3	sltu	x29,x12,x27	 x12:0xcdfbb0aa x27:0xffffffff x29=0x00000001
         280744	     14025	80003178	1e7d	c.addi	x28,-1	 x28:0xffffffff x28=0xfffffffe
         280764	     14026	8000317a	167d	c.addi	x12,-1	 x12:0xcdfbb0aa x12=0xcdfbb0a9
         280804	     14028	8000317c	8eb5	c.xor	x13,x13	 x13:0x00000000 x13:0x00000000 x13=0x00000000
         280864	     14031	8000317e	f8bfbc13	sltiu	x24,x31,-117	 x31:0xff057b01 x24=0x00000001
         280924	     14034	80003182	891e0093	addi	x1,x28,-1903	 x28:0xfffffffe  x1=0xfffff88f
         280944	     14035	80003186	0cfa	c.slli	x25,0x1e	 x25:0x0001cfff x25=0xc0000000
         280984	     14037	80003188	0001	c.addi	x0,0	  x0:0x00000000  x0=0x00000000
         281044	     14040	8000318a	baa5c6b7	lui	x13,0xbaa5c	 x13=0xbaa5c000
         281104	     14043	8000318e	fb32e093	ori	x1,x5,-77	  x5:0x00000001  x1=0xffffffb3
         281164	     14046	80003192	1aaf4913	xori	x18,x30,426	 x30:0x00000000 x18=0x000001aa
         281224	     14049	80003196	01d6fb33	and	x22,x13,x29	 x13:0xbaa5c000 x29:0x00000001 x22=0x00000000
         281244	     14050	8000319a	8f55	c.or	x14,x13	 x14:0x64d7cc1f x13:0xbaa5c000 x14=0xfef7cc1f
         281284	     14052	8000319c	00749213	slli	x4,x9,0x7	  x9:0x8cd200f8  x4=0x69007c00
         281344	     14055	800031a0	00c31e13	slli	x28,x6,0xc	  x6:0x00000000 x28=0x00000000
         281404	     14058	800031a4	00d9f5b3	and	x11,x19,x13	 x19:0x00000001 x13:0xbaa5c000 x11=0x00000000
         281464	     14061	800031a8	00d9a033	slt	x0,x19,x13	 x19:0x00000001 x13:0xbaa5c000  x0=0x00000000
         281524	     14064	800031ac	8725	c.srai	x14,0x9	 x14:0xfef7cc1f x14=0xffff7be6
         281584	     14067	800031ae	188e3c93	sltiu	x25,x28,392	 x28:0x00000000 x25=0x00000001
         281604	     14068	800031b2	86c1	c.srai	x13,0x10	 x13:0xbaa5c000 x13=0xffffbaa5
         282364	     14106	800031b4	03d9e133	rem	x2,x19,x29	 x19:0x00000001 x29:0x00000001  x2=0x00000000
         282384	     14107	800031b8	8ef5	c.and	x13,x13	 x13:0xffffbaa5 x13:0xffffbaa5 x13=0xffffbaa5
         282404	     14108	800031ba	92e06093	ori	x1,x0,-1746	  x0:0x00000000  x1=0xfffff92e
         282424	     14109	800031be	b457e613	ori	x12,x15,-1211	 x15:0xffff0000 x12=0xfffffb45
         282484	     14112	800031c2	01f65013	srli	x0,x12,0x1f	 x12:0xfffffb45  x0=0x00000000
         282504	     14113	800031c6	8699	c.srai	x13,0x6	 x13:0xffffbaa5 x13=0xfffffeea
         282544	     14115	800031c8	5be74593	xori	x11,x14,1470	 x14:0xffff7be6 x11=0xffff7e58
         282604	     14118	800031cc	01ebee33	or	x28,x23,x30	 x23:0x00000233 x30:0x00000000 x28=0x00000233
         282724	     14124	800031d0	02b419b3	mulh	x19,x8,x11	  x8:0x00000000 x11:0xffff7e58 x19=0x00000000
         283464	     14161	800031d4	0345cab3	div	x21,x11,x20	 x11:0xffff7e58 x20:0x00005000 x21=0xffffffff
         283484	     14162	800031d8	40205a93	srai	x21,x0,0x2	  x0:0x00000000 x21=0x00000000
         283504	     14163	800031dc	000e68b3	or	x17,x28,x0	 x28:0x00000233  x0:0x00000000 x17=0x00000233
         283524	     14164	800031e0	f1164113	xori	x2,x12,-239	 x12:0xfffffb45  x2=0x00000454
         283564	     14166	800031e4	4d85	c.li	x27,1	 x27=0x00000001
         283584	     14167	800031e6	4e81	c.li	x29,0	 x29=0x00000000
         283624	     14169	800031e8	4181	c.li	x3,0	  x3=0x00000000
         283644	     14170	800031ea	4e05	c.li	x28,1	 x28=0x00000001
         283684	     14172	800031ec	4c05	c.li	x24,1	 x24=0x00000001
         283704	     14173	800031ee	4401	c.li	x8,0	  x8=0x00000000
         283744	     14175	800031f0	4305	c.li	x6,1	  x6=0x00000001
         283804	     14178	800031f2	0d5be637	lui	x12,0xd5be	 x12=0x0d5be000
         283864	     14181	800031f6	99b60613	addi	x12,x12,-1637	 x12:0x0d5be000 x12=0x0d5bd99b
         283884	     14182	800031fa	4681	c.li	x13,0	 x13=0x00000000
         283924	     14184	800031fc	4481	c.li	x9,0	  x9=0x00000000
         283944	     14185	800031fe	8086	c.mv	x1,x1	  x0:0x00000000  x1:0xfffff92e  x1=0xfffff92e
         284004	     14188	80003200	03dad933	divu	x18,x21,x29	 x21:0x00000000 x29:0x00000000 x18=0xffffffff
         284044	     14190	80003204	8dde	c.mv	x27,x23	  x0:0x00000000 x23:0x00000233 x27=0x00000233
         284104	     14193	80003206	015600b3	add	x1,x12,x21	 x12:0x0d5bd99b x21:0x00000000  x1=0x0d5bd99b
         284224	     14199	8000320a	039ca133	mulhsu	x2,x25,x25	 x25:0x00000001 x25:0x00000001  x2=0x00000000
         284284	     14202	8000320e	03bd0033	mul	x0,x26,x27	 x26:0x8000ae64 x27:0x00000233  x0=0x00000000
         285024	     14239	80003212	026cd7b3	divu	x15,x25,x6	 x25:0x00000001  x6:0x00000001 x15=0x00000001
         285764	     14276	80003216	03ade1b3	rem	x3,x27,x26	 x27:0x00000233 x26:0x8000ae64  x3=0x00000233
         285784	     14277	8000321a	0001	c.addi	x0,0	  x0:0x00000000  x0=0x00000000
         285864	     14281	8000321c	035b2db3	mulhsu	x27,x22,x21	 x22:0x00000000 x21:0x00000000 x27=0x00000000
         285884	     14282	80003220	419c0133	sub	x2,x24,x25	 x24:0x00000001 x25:0x00000001  x2=0x00000000
         285964	     14286	80003224	027aa5b3	mulhsu	x11,x21,x7	 x21:0x00000000  x7:0xd4812800 x11=0x00000000
         285984	     14287	80003228	0001	c.addi	x0,0	  x0:0x00000000  x0=0x00000000
         286004	     14288	8000322a	0314	c.addi4spn	x13,x2,384	 x13=0x00000180
         286024	     14289	8000322c	6105	c.addi16sp	x2,32	  x2:0x00000000  x2=0x00000020
         286044	     14290	8000322e	5a7d	c.li	x20,-1	 x20=0xffffffff
         286064	     14291	80003230	0494	c.addi4spn	x13,x2,576	 x13=0x00000260
         286084	     14292	80003232	81464197	auipc	x3,0x81464	  x3=0x01467232
         286104	     14293	80003236	86c5	c.srai	x13,0x11	 x13:0x00000260 x13=0x00000000
         286144	     14295	80003238	82a5	c.srli	x13,0x9	 x13:0x00000000 x13=0x00000000
         286204	     14298	8000323a	01e35eb3	srl	x29,x6,x30	  x6:0x00000001 x30:0x00000000 x29=0x00000001
         286264	     14301	8000323e	34593293	sltiu	x5,x18,837	 x18:0xffffffff  x5=0x00000000
         286384	     14307	80003242	030c18b3	mulh	x17,x24,x16	 x24:0x00000001 x16:0x000006ac x17=0x00000000
         286404	     14308	80003246	412f01b3	sub	x3,x30,x18	 x30:0x00000000 x18:0xffffffff  x3=0x00000001
         286444	     14310	8000324a	5e2be693	ori	x13,x23,1506	 x23:0x00000233 x13=0x000007f3
         286464	     14311	8000324e	0001	c.addi	x0,0	  x0:0x00000000  x0=0x00000000
         286504	     14313	80003250	00da52b3	srl	x5,x20,x13	 x20:0xffffffff x13:0x000007f3  x5=0x00001fff
         286564	     14316	80003254	8ef5	c.and	x13,x13	 x13:0x000007f3 x13:0x000007f3 x13=0x000007f3
         286584	     14317	80003256	4241	c.li	x4,16	  x4=0x00000010
         286644	     14320	80003258	02bc5a33	divu	x20,x24,x11	 x24:0x00000001 x11:0x00000000 x20=0xffffffff
         286684	     14322	8000325c	415be393	ori	x7,x23,1045	 x23:0x00000233  x7=0x00000637
         286744	     14325	80003260	8acd	c.andi	x13,19	 x13:0x000007f3 x13=0x00000013
         286764	     14326	80003262	587d	c.li	x16,-1	 x16=0xffffffff
         286804	     14328	80003264	0001	c.addi	x0,0	  x0:0x00000000  x0=0x00000000
         286864	     14331	80003266	01256033	or	x0,x10,x18	 x10:0x8cd200f8 x18:0xffffffff  x0=0x00000000
         286884	     14332	8000326a	8ed5	c.or	x13,x13	 x13:0x00000013 x13:0x00000013 x13=0x00000013
         286984	     14337	8000326c	023a9033	mulh	x0,x21,x3	 x21:0x00000000  x3:0x00000001  x0=0x00000000
         287004	     14338	80003270	990bec17	auipc	x24,0x990be	 x24=0x190c1270
         287044	     14340	80003274	01a7aab3	slt	x21,x15,x26	 x15:0x00000001 x26:0x8000ae64 x21=0x00000000
         287104	     14343	80003278	99f6	c.add	x19,x29	 x19:0x00000000 x29:0x00000001 x19=0x00000001
         287164	     14346	8000327a	4082d733	sra	x14,x5,x8	  x5:0x00001fff  x8:0x00000000 x14=0x00001fff
         287184	     14347	8000327e	8ed9	c.or	x13,x14	 x13:0x00000013 x14:0x00001fff x13=0x00001fff
         287224	     14349	80003280	6ce10cb7	lui	x25,0x6ce10	 x25=0x6ce10000
         287304	     14353	80003284	03e0e033	rem	x0,x1,x30	  x1:0x0d5bd99b x30:0x00000000  x0=0x00000000
         287344	     14355	80003288	40bf5813	srai	x16,x30,0xb	 x30:0x00000000 x16=0x00000000
         287404	     14358	8000328c	012d4c33	xor	x24,x26,x18	 x26:0x8000ae64 x18:0xffffffff x24=0x7fff519b
         288184	     14397	80003290	02fad333	divu	x6,x21,x15	 x21:0x00000000 x15:0x00000001  x6=0x00000000
         288204	     14398	80003294	828e7693	andi	x13,x28,-2008	 x28:0x00000001 x13=0x00000000
         288224	     14399	80003298	876d	c.srai	x14,0x1b	 x14:0x00001fff x14=0x00000000
         288244	     14400	8000329a	13748713	addi	x14,x9,311	  x9:0x00000000 x14=0x00000137
         288304	     14403	8000329e	01482e33	slt	x28,x16,x20	 x16:0x00000000 x20:0xffffffff x28=0x00000000
         288324	     14404	800032a2	917e	c.add	x2,x31	  x2:0x00000020 x31:0xff057b01  x2=0xff057b21
         288364	     14406	800032a4	0061a7b3	slt	x15,x3,x6	  x3:0x00000001  x6:0x00000000 x15=0x00000000
         288424	     14409	800032a8	00cc8a33	add	x20,x25,x12	 x25:0x6ce10000 x12:0x0d5bd99b x20=0x7a3cd99b
         288484	     14412	800032ac	1c7d	c.addi	x24,-1	 x24:0x7fff519b x24=0x7fff519a
         288504	     14413	800032ae	0314	c.addi4spn	x13,x2,384	 x13=0xff057ca1
         288544	     14415	800032b0	0001	c.addi	x0,0	  x0:0x00000000  x0=0x00000000
         288604	     14418	800032b2	004fb5b3	sltu	x11,x31,x4	 x31:0xff057b01  x4:0x00000010 x11=0x00000000
         288624	     14419	800032b6	0001	c.addi	x0,0	  x0:0x00000000  x0=0x00000000
         288664	     14421	800032b8	8ef5	c.and	x13,x13	 x13:0xff057ca1 x13:0xff057ca1 x13=0xff057ca1
         288724	     14424	800032ba	4069d093	srai	x1,x19,0x6	 x19:0x00000001  x1=0x00000000
         288744	     14425	800032be	90ba	c.add	x1,x14	  x1:0x00000000 x14:0x00000137  x1=0x00000137
         288784	     14427	800032c0	37f1c993	xori	x19,x3,895	  x3:0x00000001 x19=0x0000037e
         288844	     14430	800032c4	717d	c.addi16sp	x2,-16	  x2:0xff057b21  x2=0xff057b11
         288904	     14433	800032c6	002fd793	srli	x15,x31,0x2	 x31:0xff057b01 x15=0x3fc15ec0
         288964	     14436	800032ca	4063de13	srai	x28,x7,0x6	  x7:0x00000637 x28=0x00000018
         289044	     14440	800032ce	02015033	divu	x0,x2,x0	  x2:0xff057b11  x0:0x00000000  x0=0x00000000
         289084	     14442	800032d2	01c5a133	slt	x2,x11,x28	 x11:0x00000000 x28:0x00000018  x2=0x00000001
         289104	     14443	800032d6	8d75	c.and	x10,x13	 x10:0x8cd200f8 x13:0xff057ca1 x10=0x8c0000a0
         289144	     14445	800032d8	016a74b3	and	x9,x20,x22	 x20:0x7a3cd99b x22:0x00000000  x9=0x00000000
         289204	     14448	800032dc	01e88133	add	x2,x17,x30	 x17:0x00000000 x30:0x00000000  x2=0x00000000
         289264	     14451	800032e0	05662913	slti	x18,x12,86	 x12:0x0d5bd99b x18=0x00000000
         289324	     14454	800032e4	000d13b3	sll	x7,x26,x0	 x26:0x8000ae64  x0:0x00000000  x7=0x8000ae64
         289424	     14459	800032e8	03ad8e33	mul	x28,x27,x26	 x27:0x00000000 x26:0x8000ae64 x28=0x00000000
         290164	     14496	800032ec	02dd40b3	div	x1,x26,x13	 x26:0x8000ae64 x13:0xff057ca1  x1=0x00000082
         290224	     14499	800032f0	02b28ab3	mul	x21,x5,x11	  x5:0x00001fff x11:0x00000000 x21=0x00000000
         290244	     14500	800032f4	003f6033	or	x0,x30,x3	 x30:0x00000000  x3:0x00000001  x0=0x00000000
         290984	     14537	800032f8	027262b3	rem	x5,x4,x7	  x4:0x00000010  x7:0x8000ae64  x5=0x00000010
         291004	     14538	800032fc	d8bea037	lui	x0,0xd8bea	  x0=0x00000000
         291024	     14539	80003300	0a14	c.addi4spn	x13,x2,272	 x13=0x00000110
         291044	     14540	80003302	108b2013	slti	x0,x22,264	 x22:0x00000000  x0=0x00000000
         291124	     14544	80003306	02f5bc33	mulhu	x24,x11,x15	 x11:0x00000000 x15:0x3fc15ec0 x24=0x00000000
         291144	     14545	8000330a	8ed1	c.or	x13,x12	 x13:0x00000110 x12:0x0d5bd99b x13=0x0d5bd99b
         291164	     14546	8000330c	8ef5	c.and	x13,x13	 x13:0x0d5bd99b x13:0x0d5bd99b x13=0x0d5bd99b
         291184	     14547	8000330e	6315	c.lui	x6,0x5	  x6=0x00005000
         291264	     14551	80003310	03e212b3	mulh	x5,x4,x30	  x4:0x00000010 x30:0x00000000  x5=0x00000000
         291284	     14552	80003314	492d07b7	lui	x15,0x492d0	 x15=0x492d0000
         291304	     14553	80003318	019d82b3	add	x5,x27,x25	 x27:0x00000000 x25:0x6ce10000  x5=0x6ce10000
         291364	     14556	8000331c	6119	c.addi16sp	x2,384	  x2:0x00000000  x2=0x00000180
         291424	     14559	8000331e	171e4c93	xori	x25,x28,369	 x28:0x00000000 x25=0x00000171
         291444	     14560	80003322	8e15	c.sub	x12,x13	 x12:0x0d5bd99b x13:0x0d5bd99b x12=0x00000000
         291484	     14562	80003324	017f3ab3	sltu	x21,x30,x23	 x30:0x00000000 x23:0x00000233 x21=0x00000001
         291544	     14565	80003328	41b28ab3	sub	x21,x5,x27	  x5:0x6ce10000 x27:0x00000000 x21=0x6ce10000
         291604	     14568	8000332c	8ed5	c.or	x13,x13	 x13:0x0d5bd99b x13:0x0d5bd99b x13=0x0d5bd99b
         291624	     14569	8000332e	871a	c.mv	x14,x6	  x0:0x00000000  x6:0x00005000 x14=0x00005000
         291664	     14571	80003330	8eb5	c.xor	x13,x13	 x13:0x0d5bd99b x13:0x0d5bd99b x13=0x00000000
         291724	     14574	80003332	013fe933	or	x18,x31,x19	 x31:0xff057b01 x19:0x0000037e x18=0xff057b7f
         291784	     14577	80003336	915ffb93	andi	x23,x31,-1771	 x31:0xff057b01 x23=0xff057901
         291844	     14580	8000333a	4044d813	srai	x16,x9,0x4	  x9:0x00000000 x16=0x00000000
         291904	     14583	8000333e	00845b93	srli	x23,x8,0x8	  x8:0x00000000 x23=0x00000000
         291924	     14584	80003342	0001	c.addi	x0,0	  x0:0x00000000  x0=0x00000000
         291964	     14586	80003344	bed50013	addi	x0,x10,-1043	 x10:0x8c0000a0  x0=0x00000000
         292744	     14625	80003348	02e05033	divu	x0,x0,x14	  x0:0x00000000 x14:0x00005000  x0=0x00000000
         292764	     14626	8000334c	01386db3	or	x27,x16,x19	 x16:0x00000000 x19:0x0000037e x27=0x0000037e
         292784	     14627	80003350	527d	c.li	x4,-1	  x4=0xffffffff
         292804	     14628	80003352	d2d3c213	xori	x4,x7,-723	  x7:0x8000ae64  x4=0x7fff5349
         292824	     14629	80003356	8ef5	c.and	x13,x13	 x13:0x00000000 x13:0x00000000 x13=0x00000000
         292864	     14631	80003358	695d	c.lui	x18,0x17	 x18=0x00017000
         292924	     14634	8000335a	a0ed3493	sltiu	x9,x26,-1522	 x26:0x8000ae64  x9=0x00000001
         292984	     14637	8000335e	0069c6b3	xor	x13,x19,x6	 x19:0x0000037e  x6:0x00005000 x13=0x0000537e
         293104	     14643	80003362	02739033	mulh	x0,x7,x7	  x7:0x8000ae64  x7:0x8000ae64  x0=0x00000000
         293124	     14644	80003366	00115813	srli	x16,x2,0x1	  x2:0x00000180 x16=0x000000c0
         293164	     14646	8000336a	012cd693	srli	x13,x25,0x12	 x25:0x00000171 x13=0x00000000
         293224	     14649	8000336e	012bd193	srli	x3,x23,0x12	 x23:0x00000000  x3=0x00000000
         293284	     14652	80003372	40605513	srai	x10,x0,0x6	  x0:0x00000000 x10=0x00000000
         293304	     14653	80003376	8695	c.srai	x13,0x5	 x13:0x00000000 x13=0x00000000
         293344	     14655	80003378	8df5	c.and	x11,x13	 x11:0x00000000 x13:0x00000000 x11=0x00000000
         293364	     14656	8000337a	0af2	c.slli	x21,0x1c	 x21:0x6ce10000 x21=0x00000000
         293404	     14658	8000337c	415e5893	srai	x17,x28,0x15	 x28:0x00000000 x17=0x00000000
         293464	     14661	80003380	b13f7e13	andi	x28,x30,-1261	 x30:0x00000000 x28=0x00000000
         293524	     14664	80003384	01209693	slli	x13,x1,0x12	  x1:0x00000082 x13=0x02080000
         293624	     14669	80003388	03870233	mul	x4,x14,x24	 x14:0x00005000 x24:0x00000000  x4=0x00000000
         294364	     14706	8000338c	027fedb3	rem	x27,x31,x7	 x31:0xff057b01  x7:0x8000ae64 x27=0xff057b01
         295104	     14743	80003390	0276da33	divu	x20,x13,x7	 x13:0x02080000  x7:0x8000ae64 x20=0x00000000
         295124	     14744	80003394	a2f60493	addi	x9,x12,-1489	 x12:0x00000000  x9=0xfffffa2f
         295144	     14745	80003398	41f10cb3	sub	x25,x2,x31	  x2:0x00000180 x31:0xff057b01 x25=0x00fa867f
         295164	     14746	8000339c	01f55333	srl	x6,x10,x31	 x10:0x00000000 x31:0xff057b01  x6=0x00000000
         295244	     14750	800033a0	031f8bb3	mul	x23,x31,x17	 x31:0xff057b01 x17:0x00000000 x23=0x00000000
         295264	     14751	800033a4	00271293	slli	x5,x14,0x2	 x14:0x00005000  x5=0x00014000
         295324	     14754	800033a8	55d37013	andi	x0,x6,1373	  x6:0x00000000  x0=0x00000000
         295384	     14757	800033ac	6c59	c.lui	x24,0x16	 x24=0x00016000
         295404	     14758	800033ae	8fad	c.xor	x15,x11	 x15:0x492d0000 x11:0x00000000 x15=0x492d0000
         295444	     14760	800033b0	0001	c.addi	x0,0	  x0:0x00000000  x0=0x00000000
         295464	     14761	800033b2	8cd5	c.or	x9,x13	  x9:0xfffffa2f x13:0x02080000  x9=0xfffffa2f
         295504	     14763	800033b4	717d	c.addi16sp	x2,-16	  x2:0x00000180  x2=0x00000170
         295564	     14766	800033b6	cd200013	addi	x0,x0,-814	  x0:0x00000000  x0=0x00000000
         296344	     14805	800033ba	021ae0b3	rem	x1,x21,x1	 x21:0x00000000  x1:0x00000082  x1=0x00000000
         296364	     14806	800033be	01d3e033	or	x0,x7,x29	  x7:0x8000ae64 x29:0x00000001  x0=0x00000000
         296384	     14807	800033c2	7bf80b13	addi	x22,x16,1983	 x16:0x000000c0 x22=0x0000087f
         296464	     14811	800033c6	403a5833	sra	x16,x20,x3	 x20:0x00000000  x3:0x00000000 x16=0x00000000
         296484	     14812	800033ca	0001	c.addi	x0,0	  x0:0x00000000  x0=0x00000000
         296524	     14814	800033cc	032e	c.slli	x6,0xb	  x6:0x00000000  x6=0x00000000
         296584	     14817	800033ce	514c3e37	lui	x28,0x514c3	 x28=0x514c3000
         296644	     14820	800033d2	f253c013	xori	x0,x7,-219	  x7:0x8000ae64  x0=0x00000000
         297424	     14859	800033d6	03c6d0b3	divu	x1,x13,x28	 x13:0x02080000 x28:0x514c3000  x1=0x00000000
         297444	     14860	800033da	0001	c.addi	x0,0	  x0:0x00000000  x0=0x00000000
         297464	     14861	800033dc	6905	c.lui	x18,0x1	 x18=0x00001000
         297484	     14862	800033de	11fd	c.addi	x3,-1	  x3:0x00000000  x3=0xffffffff
         297504	     14863	800033e0	008d	c.addi	x1,3	  x1:0x00000000  x1=0x00000003
         297544	     14865	800033e2	01568333	add	x6,x13,x21	 x13:0x02080000 x21:0x00000000  x6=0x02080000
         297564	     14866	800033e6	0001	c.addi	x0,0	  x0:0x00000000  x0=0x00000000
         297604	     14868	800033e8	414c51b3	sra	x3,x24,x20	 x24:0x00016000 x20:0x00000000  x3=0x00016000
         297664	     14871	800033ec	9752	c.add	x14,x20	 x14:0x00005000 x20:0x00000000 x14=0x00005000
         297724	     14874	800033ee	404884b3	sub	x9,x17,x4	 x17:0x00000000  x4:0x00000000  x9=0x00000000
         297744	     14875	800033f2	86c5	c.srai	x13,0x11	 x13:0x02080000 x13=0x00000104
         297784	     14877	800033f4	a3483b37	lui	x22,0xa3483	 x22=0xa3483000
         297844	     14880	800033f8	05e9	c.addi	x11,26	 x11:0x00000000 x11=0x0000001a
         297904	     14883	800033fa	95833017	auipc	x0,0x95833	  x0=0x00000000
         297924	     14884	800033fe	066e	c.slli	x12,0x1b	 x12:0x00000000 x12=0x00000000
         297964	     14886	80003400	0001	c.addi	x0,0	  x0:0x00000000  x0=0x00000000
         297984	     14887	80003402	8a99	c.andi	x13,6	 x13:0x00000104 x13=0x00000004
         298024	     14889	80003404	9f16a813	slti	x16,x13,-1551	 x13:0x00000004 x16=0x00000000
         298084	     14892	80003408	007a5b33	srl	x22,x20,x7	 x20:0x00000000  x7:0x8000ae64 x22=0x00000000
         298144	     14895	8000340c	0694	c.addi4spn	x13,x2,832	 x13=0x000004b0
         298164	     14896	8000340e	82aa	c.mv	x5,x10	  x0:0x00000000 x10:0x00000000  x5=0x00000000
         298204	     14898	80003410	00979ab3	sll	x21,x15,x9	 x15:0x492d0000  x9:0x00000000 x21=0x492d0000
         298264	     14901	80003414	6131	c.addi16sp	x2,320	  x2:0x00000170  x2=0x000002b0
         298324	     14904	80003416	41f451b3	sra	x3,x8,x31	  x8:0x00000000 x31:0xff057b01  x3=0x00000000
         298384	     14907	8000341a	014167b3	or	x15,x2,x20	  x2:0x000002b0 x20:0x00000000 x15=0x000002b0
         298444	     14910	8000341e	407689b3	sub	x19,x13,x7	 x13:0x000004b0  x7:0x8000ae64 x19=0x7fff564c
         298464	     14911	80003422	8ead	c.xor	x13,x11	 x13:0x000004b0 x11:0x0000001a x13=0x000004aa
         298504	     14913	80003424	8e95	c.sub	x13,x13	 x13:0x000004aa x13:0x000004aa x13=0x00000000
         298524	     14914	80003426	8c95	c.sub	x9,x13	  x9:0x00000000 x13:0x00000000  x9=0x00000000
         298564	     14916	80003428	0bca	c.slli	x23,0x12	 x23:0x00000000 x23=0x00000000
         298624	     14919	8000342a	411559b3	sra	x19,x10,x17	 x10:0x00000000 x17:0x00000000 x19=0x00000000
         298644	     14920	8000342e	86f1	c.srai	x13,0x1c	 x13:0x00000000 x13=0x00000000
         298684	     14922	80003430	99fd	c.andi	x11,-1	 x11:0x0000001a x11=0x0000001a
         298704	     14923	80003432	6ca1	c.lui	x25,0x8	 x25=0x00008000
         298744	     14925	80003434	e567e513	ori	x10,x15,-426	 x15:0x000002b0 x10=0xfffffef6
         298804	     14928	80003438	00d4e2b3	or	x5,x9,x13	  x9:0x00000000 x13:0x00000000  x5=0x00000000
         298864	     14931	8000343c	4509	c.li	x10,2	 x10=0x00000002
         298884	     14932	8000343e	6789	c.lui	x15,0x2	 x15=0x00002000
         298924	     14934	80003440	8ed5	c.or	x13,x13	 x13:0x00000000 x13:0x00000000 x13=0x00000000
         298944	     14935	80003442	6671	c.lui	x12,0x1c	 x12=0x0001c000
         298984	     14937	80003444	9afd	c.andi	x13,-1	 x13:0x00000000 x13=0x00000000
         299004	     14938	80003446	86c5	c.srai	x13,0x11	 x13:0x00000000 x13=0x00000000
         299044	     14940	80003448	0001	c.addi	x0,0	  x0:0x00000000  x0=0x00000000
         299064	     14941	8000344a	58fd	c.li	x17,-1	 x17=0xffffffff
         299104	     14943	8000344c	b23d7013	andi	x0,x26,-1245	 x26:0x8000ae64  x0=0x00000000
         299164	     14946	80003450	0001	c.addi	x0,0	  x0:0x00000000  x0=0x00000000
         299264	     14951	80003452	02d98133	mul	x2,x19,x13	 x19:0x00000000 x13:0x00000000  x2=0x00000000
         299284	     14952	80003456	0049fa33	and	x20,x19,x4	 x19:0x00000000  x4:0x00000000 x20=0x00000000
         299304	     14953	8000345a	886a	c.mv	x16,x26	  x0:0x00000000 x26:0x8000ae64 x16=0x8000ae64
         299344	     14955	8000345c	717d	c.addi16sp	x2,-16	  x2:0x00000000  x2=0xfffffff0
         299404	     14958	8000345e	01c150b3	srl	x1,x2,x28	  x2:0xfffffff0 x28:0x514c3000  x1=0xfffffff0
         299424	     14959	80003462	952e	c.add	x10,x11	 x10:0x00000002 x11:0x0000001a x10=0x0000001c
         299464	     14961	80003464	01ebac93	slti	x25,x23,30	 x23:0x00000000 x25=0x00000001
         299584	     14967	80003468	02f7bcb3	mulhu	x25,x15,x15	 x15:0x00002000 x15:0x00002000 x25=0x00000000
         299604	     14968	8000346c	8f55	c.or	x14,x13	 x14:0x00005000 x13:0x00000000 x14=0x00005000
         299624	     14969	8000346e	86a5	c.srai	x13,0x9	 x13:0x00000000 x13=0x00000000
         299644	     14970	80003470	de95e293	ori	x5,x11,-535	 x11:0x0000001a  x5=0xfffffdfb
         299764	     14976	80003474	02f231b3	mulhu	x3,x4,x15	  x4:0x00000000 x15:0x00002000  x3=0x00000000
         299784	     14977	80003478	01c59613	slli	x12,x11,0x1c	 x11:0x0000001a x12=0xa0000000
         299824	     14979	8000347c	01b2d793	srli	x15,x5,0x1b	  x5:0xfffffdfb x15=0x0000001f
         299884	     14982	80003480	00e5ae33	slt	x28,x11,x14	 x11:0x0000001a x14:0x00005000 x28=0x00000001
         299944	     14985	80003484	6331	c.lui	x6,0xc	  x6=0x0000c000
         299964	     14986	80003486	8eb5	c.xor	x13,x13	 x13:0x00000000 x13:0x00000000 x13=0x00000000
         300004	     14988	80003488	8ef5	c.and	x13,x13	 x13:0x00000000 x13:0x00000000 x13=0x00000000
         300064	     14991	8000348a	9f8130b7	lui	x1,0x9f813	  x1=0x9f813000
         300084	     14992	8000348e	8705	c.srai	x14,0x1	 x14:0x00005000 x14=0x00002800
         300144	     14995	80003490	02454bb3	div	x23,x10,x4	 x10:0x0000001c  x4:0x00000000 x23=0xffffffff
         300184	     14997	80003494	004a2233	slt	x4,x20,x4	 x20:0x00000000  x4:0x00000000  x4=0x00000000
         300304	     15003	80003498	034e3ab3	mulhu	x21,x28,x20	 x28:0x00000001 x20:0x00000000 x21=0x00000000
         300324	     15004	8000349c	dd45f493	andi	x9,x11,-556	 x11:0x0000001a  x9=0x00000010
         300424	     15009	800034a0	0280acb3	mulhsu	x25,x1,x8	  x1:0x9f813000  x8:0x00000000 x25=0x00000000
         300444	     15010	800034a4	401f5bb3	sra	x23,x30,x1	 x30:0x00000000  x1:0x9f813000 x23=0x00000000
         300484	     15012	800034a8	40c00eb3	sub	x29,x0,x12	  x0:0x00000000 x12:0xa0000000 x29=0x60000000
         300544	     15015	800034ac	41905313	srai	x6,x0,0x19	  x0:0x00000000  x6=0x00000000
         300604	     15018	800034b0	50fd	c.li	x1,-1	  x1=0xffffffff
         300664	     15021	800034b2	00129313	slli	x6,x5,0x1	  x5:0xfffffdfb  x6=0xfffffbf6
         300724	     15024	800034b6	e783e313	ori	x6,x7,-392	  x7:0x8000ae64  x6=0xfffffe7c
         300744	     15025	800034ba	1bfd	c.addi	x23,-1	 x23:0x00000000 x23=0xffffffff
         300784	     15027	800034bc	5098d617	auipc	x12,0x5098d	 x12=0xd09904bc
         300844	     15030	800034c0	0206	c.slli	x4,0x1	  x4:0x00000000  x4=0x00000000
         300904	     15033	800034c2	41ebd693	srai	x13,x23,0x1e	 x23:0xffffffff x13=0xffffffff
         300964	     15036	800034c6	008593b3	sll	x7,x11,x8	 x11:0x0000001a  x8:0x00000000  x7=0x0000001a
         301024	     15039	800034ca	56ee2913	slti	x18,x28,1390	 x28:0x00000001 x18=0x00000001
         301084	     15042	800034ce	0031f033	and	x0,x3,x3	  x3:0x00000000  x3:0x00000000  x0=0x00000000
         301144	     15045	800034d2	01e95113	srli	x2,x18,0x1e	 x18:0x00000001  x2=0x00000000
         301244	     15050	800034d6	03d38c33	mul	x24,x7,x29	  x7:0x0000001a x29:0x60000000 x24=0xc0000000
         301264	     15051	800034da	8abd	c.andi	x13,15	 x13:0xffffffff x13=0x0000000f
         301284	     15052	800034dc	920a	c.add	x4,x2	  x4:0x00000000  x2:0x00000000  x4=0x00000000
         301324	     15054	800034de	93caee13	ori	x28,x21,-1732	 x21:0x00000000 x28=0xfffff93c
         301444	     15060	800034e2	036126b3	mulhsu	x13,x2,x22	  x2:0x00000000 x22:0x00000000 x13=0x00000000
         301464	     15061	800034e6	402d5e13	srai	x28,x26,0x2	 x26:0x8000ae64 x28=0xe0002b99
         301504	     15063	800034ea	40ee5613	srai	x12,x28,0xe	 x28:0xe0002b99 x12=0xffff8000
         301524	     15064	800034ee	60bd	c.lui	x1,0xf	  x1=0x0000f000
         301564	     15066	800034f0	0a996c93	ori	x25,x18,169	 x18:0x00000001 x25=0x000000a9
         301624	     15069	800034f4	0694	c.addi4spn	x13,x2,832	 x13=0x00000340
         301644	     15070	800034f6	00aa	c.slli	x1,0xa	  x1:0x0000f000  x1=0x03c00000
         301684	     15072	800034f8	9a7d	c.andi	x12,-1	 x12:0xffff8000 x12=0xffff8000
         301744	     15075	800034fa	0119da13	srli	x20,x19,0x11	 x19:0x00000000 x20=0x00000000
         301764	     15076	800034fe	8ef5	c.and	x13,x13	 x13:0x00000340 x13:0x00000340 x13=0x00000340
         301804	     15078	80003500	00b7ee33	or	x28,x15,x11	 x15:0x0000001f x11:0x0000001a x28=0x0000001f
         301924	     15084	80003504	02613533	mulhu	x10,x2,x6	  x2:0x00000000  x6:0xfffffe7c x10=0x00000000
         301944	     15085	80003508	0c140197	auipc	x3,0xc140	  x3=0x8c143508
         301984	     15087	8000350c	547d	c.li	x8,-1	  x8=0xffffffff
         302044	     15090	8000350e	f98d2cb7	lui	x25,0xf98d2	 x25=0xf98d2000
         302064	     15091	80003512	8322	c.mv	x6,x8	  x0:0x00000000  x8:0xffffffff  x6=0xffffffff
         302164	     15096	80003514	03311ab3	mulh	x21,x2,x19	  x2:0x00000000 x19:0x00000000 x21=0x00000000
         302184	     15097	80003518	882e	c.mv	x16,x11	  x0:0x00000000 x11:0x0000001a x16=0x0000001a
         302944	     15135	8000351a	02e1cab3	div	x21,x3,x14	  x3:0x8c143508 x14:0x00002800 x21=0xfffd1a1b
         303024	     15139	8000351e	02adabb3	mulhsu	x23,x27,x10	 x27:0xff057b01 x10:0x00000000 x23=0x00000000
         303044	     15140	80003522	8ef5	c.and	x13,x13	 x13:0x00000340 x13:0x00000340 x13=0x00000340
         303064	     15141	80003524	f166ce93	xori	x29,x13,-234	 x13:0x00000340 x29=0xfffffc56
         303084	     15142	80003528	59390c13	addi	x24,x18,1427	 x18:0x00000001 x24=0x00000594
         303124	     15144	8000352c	b2d7f013	andi	x0,x15,-1235	 x15:0x0000001f  x0=0x00000000
         303184	     15147	80003530	016b4e33	xor	x28,x22,x22	 x22:0x00000000 x22:0x00000000 x28=0x00000000
         303244	     15150	80003534	d7b70013	addi	x0,x14,-645	 x14:0x00002800  x0=0x00000000
         304024	     15189	80003538	03fc6333	rem	x6,x24,x31	 x24:0x00000594 x31:0xff057b01  x6=0x00000594
         304044	     15190	8000353c	83dc8337	lui	x6,0x83dc8	  x6=0x83dc8000
         304064	     15191	80003540	8e95	c.sub	x13,x13	 x13:0x00000340 x13:0x00000340 x13=0x00000000
         304084	     15192	80003542	011e37b3	sltu	x15,x28,x17	 x28:0x00000000 x17:0xffffffff x15=0x00000001
         304144	     15195	80003546	00fc26b3	slt	x13,x24,x15	 x24:0x00000594 x15:0x00000001 x13=0x00000000
         304164	     15196	8000354a	8cb5	c.xor	x9,x13	  x9:0x00000010 x13:0x00000000  x9=0x00000010
         304204	     15198	8000354c	86c9	c.srai	x13,0x12	 x13:0x00000000 x13=0x00000000
         304224	     15199	8000354e	0001	c.addi	x0,0	  x0:0x00000000  x0=0x00000000
         304264	     15201	80003550	00538eb3	add	x29,x7,x5	  x7:0x0000001a  x5:0xfffffdfb x29=0xfffffe15
         304324	     15204	80003554	9bfd	c.andi	x15,-1	 x15:0x00000001 x15=0x00000001
         304384	     15207	80003556	017c5bb3	srl	x23,x24,x23	 x24:0x00000594 x23:0x00000000 x23=0x00000594
         304404	     15208	8000355a	8729	c.srai	x14,0xa	 x14:0x00002800 x14=0x0000000a
         304504	     15213	8000355c	02d9bab3	mulhu	x21,x19,x13	 x19:0x00000000 x13:0x00000000 x21=0x00000000
         304524	     15214	80003560	0088b833	sltu	x16,x17,x8	 x17:0xffffffff  x8:0xffffffff x16=0x00000000
         304564	     15216	80003564	cf334a37	lui	x20,0xcf334	 x20=0xcf334000
         304624	     15219	80003568	01ad6eb3	or	x29,x26,x26	 x26:0x8000ae64 x26:0x8000ae64 x29=0x8000ae64
         304684	     15222	8000356c	6b6fa113	slti	x2,x31,1718	 x31:0xff057b01  x2=0x00000001
         304744	     15225	80003570	10fd	c.addi	x1,-1	  x1:0x03c00000  x1=0x03bfffff
         304764	     15226	80003572	1218	c.addi4spn	x14,x2,288	 x14=0x00000121
         304804	     15228	80003574	10fd	c.addi	x1,-1	  x1:0x03bfffff  x1=0x03bffffe
         305584	     15267	80003576	0224eab3	rem	x21,x9,x2	  x9:0x00000010  x2:0x00000001 x21=0x00000000
         305604	     15268	8000357a	60d1	c.lui	x1,0x14	  x1=0x00014000
         305664	     15271	8000357c	026a8b33	mul	x22,x21,x6	 x21:0x00000000  x6:0x83dc8000 x22=0x00000000
         305684	     15272	80003580	011e28b3	slt	x17,x28,x17	 x28:0x00000000 x17:0xffffffff x17=0x00000000
         305704	     15273	80003584	00359793	slli	x15,x11,0x3	 x11:0x0000001a x15=0x000000d0
         305764	     15276	80003588	f0da3013	sltiu	x0,x20,-243	 x20:0xcf334000  x0=0x00000000
         305824	     15279	8000358c	02ce	c.slli	x5,0x13	  x5:0xfffffdfb  x5=0xefd80000
         305884	     15282	8000358e	2a617793	andi	x15,x2,678	  x2:0x00000001 x15=0x00000000
         305944	     15285	80003592	56316813	ori	x16,x2,1379	  x2:0x00000001 x16=0x00000563
         306004	     15288	80003596	00135013	srli	x0,x6,0x1	  x6:0x83dc8000  x0=0x00000000
         306024	     15289	8000359a	8691	c.srai	x13,0x4	 x13:0x00000000 x13=0x00000000
         306064	     15291	8000359c	a8010a93	addi	x21,x2,-1408	  x2:0x00000001 x21=0xfffffa81
         306844	     15330	800035a0	0348d7b3	divu	x15,x17,x20	 x17:0x00000000 x20:0xcf334000 x15=0x00000000
         306864	     15331	800035a4	41855533	sra	x10,x10,x24	 x10:0x00000000 x24:0x00000594 x10=0x00000000
         306924	     15334	800035a8	03bd8733	mul	x14,x27,x27	 x27:0xff057b01 x27:0xff057b01 x14=0x0723f601
         306944	     15335	800035ac	7e03a913	slti	x18,x7,2016	  x7:0x0000001a x18=0x00000001
         306964	     15336	800035b0	0001	c.addi	x0,0	  x0:0x00000000  x0=0x00000000
         306984	     15337	800035b2	8eb5	c.xor	x13,x13	 x13:0x00000000 x13:0x00000000 x13=0x00000000
         307024	     15339	800035b4	c26f7697	auipc	x13,0xc26f7	 x13=0x426fa5b4
         307084	     15342	800035b8	0494	c.addi4spn	x13,x2,576	 x13=0x00000241
         307144	     15345	800035ba	ed248cb7	lui	x25,0xed248	 x25=0xed248000
         307164	     15346	800035be	50fd	c.li	x1,-1	  x1=0xffffffff
         307204	     15348	800035c0	6cd5	c.lui	x25,0x15	 x25=0x00015000
         307264	     15351	800035c2	0195e733	or	x14,x11,x25	 x11:0x0000001a x25:0x00015000 x14=0x0001501a
         307324	     15354	800035c6	1402f193	andi	x3,x5,320	  x5:0xefd80000  x3=0x00000000
         307344	     15355	800035ca	8eb5	c.xor	x13,x13	 x13:0x00000241 x13:0x00000241 x13=0x00000000
         307384	     15357	800035cc	9afd	c.andi	x13,-1	 x13:0x00000000 x13=0x00000000
         308164	     15396	800035ce	0287e9b3	rem	x19,x15,x8	 x15:0x00000000  x8:0xffffffff x19=0x00000000
         308184	     15397	800035d2	614d	c.addi16sp	x2,176	  x2:0x00000001  x2=0x000000b1
         308204	     15398	800035d4	db4ff513	andi	x10,x31,-588	 x31:0xff057b01 x10=0xff057900
         308264	     15401	800035d8	029c04b3	mul	x9,x24,x9	 x24:0x00000594  x9:0x00000010  x9=0x00005940
         308344	     15405	800035dc	02622033	mulhsu	x0,x4,x6	  x4:0x00000000  x6:0x83dc8000  x0=0x00000000
         308364	     15406	800035e0	010b63b3	or	x7,x22,x16	 x22:0x00000000 x16:0x00000563  x7=0x00000563
         308404	     15408	800035e4	ba6a3713	sltiu	x14,x20,-1114	 x20:0xcf334000 x14=0x00000001
         308464	     15411	800035e8	414308b3	sub	x17,x6,x20	  x6:0x83dc8000 x20:0xcf334000 x17=0xb4a94000
         308524	     15414	800035ec	0111	c.addi	x2,4	  x2:0x000000b1  x2=0x000000b5
         308544	     15415	800035ee	1e14	c.addi4spn	x13,x2,816	 x13=0x000003e5
         308584	     15417	800035f0	0001	c.addi	x0,0	  x0:0x00000000  x0=0x00000000
         308644	     15420	800035f2	0121f333	and	x6,x3,x18	  x3:0x00000000 x18:0x00000001  x6=0x00000000
         308664	     15421	800035f6	6175	c.addi16sp	x2,368	  x2:0x000000b5  x2=0x00000225
         308704	     15423	800035f8	ac1cf793	andi	x15,x25,-1343	 x25:0x00015000 x15=0x00015000
         308764	     15426	800035fc	bc2ac293	xori	x5,x21,-1086	 x21:0xfffffa81  x5=0x00000143
         308824	     15429	80003600	628cbd93	sltiu	x27,x25,1576	 x25:0x00015000 x27=0x00000000
         308884	     15432	80003604	0b66	c.slli	x22,0x19	 x22:0x00000000 x22=0x00000000
         309004	     15438	80003606	03c9a8b3	mulhsu	x17,x19,x28	 x19:0x00000000 x28:0x00000000 x17=0x00000000
         309024	     15439	8000360a	40368a33	sub	x20,x13,x3	 x13:0x000003e5  x3:0x00000000 x20=0x000003e5
         309064	     15441	8000360e	017c88b3	add	x17,x25,x23	 x25:0x00015000 x23:0x00000594 x17=0x00015594
         309084	     15442	80003612	4b79	c.li	x22,30	 x22=0x0000001e
         309124	     15444	80003614	00f6	c.slli	x1,0x1d	  x1:0xffffffff  x1=0xe0000000
         309244	     15450	80003616	02b7b8b3	mulhu	x17,x15,x11	 x15:0x00015000 x11:0x0000001a x17=0x00000000
         309264	     15451	8000361a	0001	c.addi	x0,0	  x0:0x00000000  x0=0x00000000
         309344	     15455	8000361c	022e1033	mulh	x0,x28,x2	 x28:0x00000000  x2:0x00000225  x0=0x00000000
         309364	     15456	80003620	01e61013	slli	x0,x12,0x1e	 x12:0xffff8000  x0=0x00000000
         309384	     15457	80003624	8e95	c.sub	x13,x13	 x13:0x000003e5 x13:0x000003e5 x13=0x00000000
         309424	     15459	80003626	0086c7b3	xor	x15,x13,x8	 x13:0x00000000  x8:0xffffffff x15=0xffffffff
         309484	     15462	8000362a	00bc72b3	and	x5,x24,x11	 x24:0x00000594 x11:0x0000001a  x5=0x00000010
         309544	     15465	8000362e	01fa9993	slli	x19,x21,0x1f	 x21:0xfffffa81 x19=0x80000000
         309604	     15468	80003632	1d902a93	slti	x21,x0,473	  x0:0x00000000 x21=0x00000001
         309664	     15471	80003636	a4fd24b7	lui	x9,0xa4fd2	  x9=0xa4fd2000
         309724	     15474	8000363a	01fa35b3	sltu	x11,x20,x31	 x20:0x000003e5 x31:0xff057b01 x11=0x00000001
         309744	     15475	8000363e	00a2	c.slli	x1,0x8	  x1:0xe0000000  x1=0x00000000
         309784	     15477	80003640	86e5	c.srai	x13,0x19	 x13:0x00000000 x13=0x00000000
         310564	     15516	80003642	022253b3	divu	x7,x4,x2	  x4:0x00000000  x2:0x00000225  x7=0x00000000
         310584	     15517	80003646	00845113	srli	x2,x8,0x8	  x8:0xffffffff  x2=0x00ffffff
         310664	     15521	8000364a	038b96b3	mulh	x13,x23,x24	 x23:0x00000594 x24:0x00000594 x13=0x00000000
         310684	     15522	8000364e	01f54db3	xor	x27,x10,x31	 x10:0xff057900 x31:0xff057b01 x27=0x00000201
         310784	     15527	80003652	030787b3	mul	x15,x15,x16	 x15:0xffffffff x16:0x00000563 x15=0xfffffa9d
         310804	     15528	80003656	0001	c.addi	x0,0	  x0:0x00000000  x0=0x00000000
         310824	     15529	80003658	6c652793	slti	x15,x10,1734	 x10:0xff057900 x15=0x00000001
         310864	     15531	8000365c	52fd	c.li	x5,-1	  x5=0xffffffff
         310884	     15532	8000365e	9afd	c.andi	x13,-1	 x13:0x00000000 x13=0x00000000
         310924	     15534	80003660	e3f2a813	slti	x16,x5,-449	  x5:0xffffffff x16=0x00000000
         310984	     15537	80003664	0001	c.addi	x0,0	  x0:0x00000000  x0=0x00000000
         311044	     15540	80003666	4063d793	srai	x15,x7,0x6	  x7:0x00000000 x15=0x00000000
         311104	     15543	8000366a	1e1ff713	andi	x14,x31,481	 x31:0xff057b01 x14=0x00000101
         311124	     15544	8000366e	8a8a	c.mv	x21,x2	  x0:0x00000000  x2:0x00ffffff x21=0x00ffffff
         311164	     15546	80003670	12934217	auipc	x4,0x12934	  x4=0x92937670
         311224	     15549	80003674	0023d6b3	srl	x13,x7,x2	  x7:0x00000000  x2:0x00ffffff x13=0x00000000
         311284	     15552	80003678	41f952b3	sra	x5,x18,x31	 x18:0x00000001 x31:0xff057b01  x5=0x00000000
         311344	     15555	8000367c	87a6	c.mv	x15,x9	  x0:0x00000000  x9:0xa4fd2000 x15=0xa4fd2000
         311404	     15558	8000367e	c739c2b7	lui	x5,0xc739c	  x5=0xc739c000
         311424	     15559	80003682	86dd	c.srai	x13,0x17	 x13:0x00000000 x13=0x00000000
         311464	     15561	80003684	8abbc293	xori	x5,x23,-1877	 x23:0x00000594  x5=0xfffffd3f
         311524	     15564	80003688	00815e33	srl	x28,x2,x8	  x2:0x00ffffff  x8:0xffffffff x28=0x00000000
         311584	     15567	8000368c	0001	c.addi	x0,0	  x0:0x00000000  x0=0x00000000
         311644	     15570	8000368e	004c1b93	slli	x23,x24,0x4	 x24:0x00000594 x23=0x00005940
         311664	     15571	80003692	09e9	c.addi	x19,26	 x19:0x80000000 x19=0x8000001a
         311704	     15573	80003694	21104213	xori	x4,x0,529	  x0:0x00000000  x4=0x00000211
         311824	     15579	80003698	02b09533	mulh	x10,x1,x11	  x1:0x00000000 x11:0x00000001 x10=0x00000000
         311844	     15580	8000369c	4d49c113	xori	x2,x19,1236	 x19:0x8000001a  x2=0x800004ce
         311884	     15582	800036a0	10fd	c.addi	x1,-1	  x1:0x00000000  x1=0xffffffff
         311944	     15585	800036a2	4194d313	srai	x6,x9,0x19	  x9:0xa4fd2000  x6=0xffffffd2
         312004	     15588	800036a6	00bc9cb3	sll	x25,x25,x11	 x25:0x00015000 x11:0x00000001 x25=0x0002a000
         312024	     15589	800036aa	0dba	c.slli	x27,0xe	 x27:0x00000201 x27=0x00804000
         312784	     15627	800036ac	022ec633	div	x12,x29,x2	 x29:0x8000ae64  x2:0x800004ce x12=0x00000000
         312804	     15628	800036b0	4d918293	addi	x5,x3,1241	  x3:0x00000000  x5=0x000004d9
         312824	     15629	800036b4	01e31013	slli	x0,x6,0x1e	  x6:0xffffffd2  x0=0x00000000
         312844	     15630	800036b8	6195	c.lui	x3,0x5	  x3=0x00005000
         313624	     15669	800036ba	02486833	rem	x16,x16,x4	 x16:0x00000000  x4:0x00000211 x16=0x00000000
         313644	     15670	800036be	8ef5	c.and	x13,x13	 x13:0x00000000 x13:0x00000000 x13=0x00000000
         313664	     15671	800036c0	855e	c.mv	x10,x23	  x0:0x00000000 x23:0x00005940 x10=0x00005940
         314404	     15708	800036c2	0280ee33	rem	x28,x1,x8	  x1:0xffffffff  x8:0xffffffff x28=0x00000000
         314424	     15709	800036c6	00dd98b3	sll	x17,x27,x13	 x27:0x00804000 x13:0x00000000 x17=0x00804000
         314444	     15710	800036ca	8291	c.srli	x13,0x4	 x13:0x00000000 x13=0x00000000
         314464	     15711	800036cc	f7b93093	sltiu	x1,x18,-133	 x18:0x00000001  x1=0x00000001
         314524	     15714	800036d0	0157d893	srli	x17,x15,0x15	 x15:0xa4fd2000 x17=0x00000527
         314584	     15717	800036d4	005647b3	xor	x15,x12,x5	 x12:0x00000000  x5:0x000004d9 x15=0x000004d9
         315364	     15756	800036d8	0363eab3	rem	x21,x7,x22	  x7:0x00000000 x22:0x0000001e x21=0x00000000
         315384	     15757	800036dc	ce78a013	slti	x0,x17,-793	 x17:0x00000527  x0=0x00000000
         315404	     15758	800036e0	d72e6e93	ori	x29,x28,-654	 x28:0x00000000 x29=0xfffffd72
         315484	     15762	800036e4	031c33b3	mulhu	x7,x24,x17	 x24:0x00000594 x17:0x00000527  x7=0x00000000
         315504	     15763	800036e8	717d	c.addi16sp	x2,-16	  x2:0x800004ce  x2=0x800004be
         315604	     15768	800036ea	03a53333	mulhu	x6,x10,x26	 x10:0x00005940 x26:0x8000ae64  x6=0x00002ca0
         315624	     15769	800036ee	8eed	c.and	x13,x11	 x13:0x00000000 x11:0x00000001 x13=0x00000000
         315644	     15770	800036f0	56fd	c.li	x13,-1	 x13=0xffffffff
         315664	     15771	800036f2	9a4a	c.add	x20,x18	 x20:0x000003e5 x18:0x00000001 x20=0x000003e6
         316404	     15808	800036f4	02b1d533	divu	x10,x3,x11	  x3:0x00005000 x11:0x00000001 x10=0x00005000
         316424	     15809	800036f8	0dc38513	addi	x10,x7,220	  x7:0x00000000 x10=0x000000dc
         316444	     15810	800036fc	fc44a893	slti	x17,x9,-60	  x9:0xa4fd2000 x17=0x00000001
         316464	     15811	80003700	2b6c4613	xori	x12,x24,694	 x24:0x00000594 x12=0x00000722
         316504	     15813	80003704	00765593	srli	x11,x12,0x7	 x12:0x00000722 x11=0x0000000e
         316564	     15816	80003708	f5e5c613	xori	x12,x11,-162	 x11:0x0000000e x12=0xffffff50
         316624	     15819	8000370c	0001	c.addi	x0,0	  x0:0x00000000  x0=0x00000000
         316724	     15824	8000370e	03a28c33	mul	x24,x5,x26	  x5:0x000004d9 x26:0x8000ae64 x24=0x834d62c4
         316744	     15825	80003712	8e95	c.sub	x13,x13	 x13:0xffffffff x13:0xffffffff x13=0x00000000
         316764	     15826	80003714	01e900b3	add	x1,x18,x30	 x18:0x00000001 x30:0x00000000  x1=0x00000001
         316804	     15828	80003718	a2a037b7	lui	x15,0xa2a03	 x15=0xa2a03000
         316864	     15831	8000371c	8cf5	c.and	x9,x13	  x9:0xa4fd2000 x13:0x00000000  x9=0x00000000
         316924	     15834	8000371e	92233013	sltiu	x0,x6,-1758	  x6:0x00002ca0  x0=0x00000000
         316984	     15837	80003722	013194b3	sll	x9,x3,x19	  x3:0x00005000 x19:0x8000001a  x9=0x00000000
         317004	     15838	80003726	4639	c.li	x12,14	 x12=0x0000000e
         317044	     15840	80003728	8e95	c.sub	x13,x13	 x13:0x00000000 x13:0x00000000 x13=0x00000000
         317064	     15841	8000372a	6165	c.addi16sp	x2,112	  x2:0x800004be  x2=0x8000052e
         317104	     15843	8000372c	7fe50b13	addi	x22,x10,2046	 x10:0x000000dc x22=0x000008da
         317164	     15846	80003730	6a607893	andi	x17,x0,1702	  x0:0x00000000 x17=0x00000000
         317244	     15850	80003734	02914ab3	div	x21,x2,x9	  x2:0x8000052e  x9:0x00000000 x21=0xffffffff
         317284	     15852	80003738	0197f033	and	x0,x15,x25	 x15:0xa2a03000 x25:0x0002a000  x0=0x00000000
         317344	     15855	8000373c	82a1	c.srli	x13,0x8	 x13:0x00000000 x13=0x00000000
         317404	     15858	8000373e	0151c533	xor	x10,x3,x21	  x3:0x00005000 x21:0xffffffff x10=0xffffafff
         317464	     15861	80003742	0122e0b3	or	x1,x5,x18	  x5:0x000004d9 x18:0x00000001  x1=0x000004d9
         317524	     15864	80003746	01df78b3	and	x17,x30,x29	 x30:0x00000000 x29:0xfffffd72 x17=0x00000000
         317544	     15865	8000374a	644d	c.lui	x8,0x13	  x8=0x00013000
         317624	     15869	8000374c	02a105b3	mul	x11,x2,x10	  x2:0x8000052e x10:0xffffafff x11=0x7e619ad2
         317644	     15870	80003750	8ef5	c.and	x13,x13	 x13:0x00000000 x13:0x00000000 x13=0x00000000
         317704	     15873	80003752	00cc1033	sll	x0,x24,x12	 x24:0x834d62c4 x12:0x0000000e  x0=0x00000000
         317724	     15874	80003756	8ef1	c.and	x13,x12	 x13:0x00000000 x12:0x0000000e x13=0x00000000
         317764	     15876	80003758	001f1a13	slli	x20,x30,0x1	 x30:0x00000000 x20=0x00000000
         317864	     15881	8000375c	03d786b3	mul	x13,x15,x29	 x15:0xa2a03000 x29:0xfffffd72 x13=0x8ac56000
         317884	     15882	80003760	89d6	c.mv	x19,x21	  x0:0x00000000 x21:0xffffffff x19=0xffffffff
         317904	     15883	80003762	0001	c.addi	x0,0	  x0:0x00000000  x0=0x00000000
         317944	     15885	80003764	0094	c.addi4spn	x13,x2,64	 x13=0x8000056e
         317964	     15886	80003766	0001	c.addi	x0,0	  x0:0x00000000  x0=0x00000000
         318004	     15888	80003768	40390cb3	sub	x25,x18,x3	 x18:0x00000001  x3:0x00005000 x25=0xffffb001
         318124	     15894	8000376c	034c2033	mulhsu	x0,x24,x20	 x24:0x834d62c4 x20:0x00000000  x0=0x00000000
         318144	     15895	80003770	8ef5	c.and	x13,x13	 x13:0x8000056e x13:0x8000056e x13=0x8000056e
         318164	     15896	80003772	8cd2	c.mv	x25,x20	  x0:0x00000000 x20:0x00000000 x25=0x00000000
         318904	     15933	80003774	028a5bb3	divu	x23,x20,x8	 x20:0x00000000  x8:0x00013000 x23=0x00000000
         318924	     15934	80003778	54fd	c.li	x9,-1	  x9=0xffffffff
         318944	     15935	8000377a	1110	c.addi4spn	x12,x2,160	 x12=0x800005ce
         318964	     15936	8000377c	01ee8033	add	x0,x29,x30	 x29:0xfffffd72 x30:0x00000000  x0=0x00000000
         318984	     15937	80003780	86b9	c.srai	x13,0xe	 x13:0x8000056e x13=0xfffe0000
         319004	     15938	80003782	9afd	c.andi	x13,-1	 x13:0xfffe0000 x13=0xfffe0000
         319024	     15939	80003784	01c5f233	and	x4,x11,x28	 x11:0x7e619ad2 x28:0x00000000  x4=0x00000000
         319084	     15942	80003788	86b9	c.srai	x13,0xe	 x13:0xfffe0000 x13=0xfffffff8
         319144	     15945	8000378a	50ab6397	auipc	x7,0x50ab6	  x7=0xd0ab978a
         319204	     15948	8000378e	012b3533	sltu	x10,x22,x18	 x22:0x000008da x18:0x00000001 x10=0x00000000
         319264	     15951	80003792	4193ddb3	sra	x27,x7,x25	  x7:0xd0ab978a x25:0x00000000 x27=0xd0ab978a
         319324	     15954	80003796	81ad4013	xori	x0,x26,-2022	 x26:0x8000ae64  x0=0x00000000
         320104	     15993	8000379a	025a6033	rem	x0,x20,x5	 x20:0x00000000  x5:0x000004d9  x0=0x00000000
         320124	     15994	8000379e	01887033	and	x0,x16,x24	 x16:0x00000000 x24:0x834d62c4  x0=0x00000000
         320144	     15995	800037a2	405981b3	sub	x3,x19,x5	 x19:0xffffffff  x5:0x000004d9  x3=0xfffffb26
         320224	     15999	800037a6	84b3b513	sltiu	x10,x7,-1973	  x7:0xd0ab978a x10=0x00000001
         320344	     16005	800037aa	035b3133	mulhu	x2,x22,x21	 x22:0x000008da x21:0xffffffff  x2=0x000008d9
         320364	     16006	800037ae	0001	c.addi	x0,0	  x0:0x00000000  x0=0x00000000
         320384	     16007	800037b0	70c4bc93	sltiu	x25,x9,1804	  x9:0xffffffff x25=0x00000000
         320464	     16011	800037b4	03571c33	mulh	x24,x14,x21	 x14:0x00000101 x21:0xffffffff x24=0xffffffff
         320484	     16012	800037b8	01b35293	srli	x5,x6,0x1b	  x6:0x00002ca0  x5=0x00000000
         320584	     16017	800037bc	02bc9a33	mulh	x20,x25,x11	 x25:0x00000000 x11:0x7e619ad2 x20=0x00000000
         320604	     16018	800037c0	41055bb3	sra	x23,x10,x16	 x10:0x00000001 x16:0x00000000 x23=0x00000001
         320644	     16020	800037c4	8fbd	c.xor	x15,x15	 x15:0xa2a03000 x15:0xa2a03000 x15=0x00000000
         320704	     16023	800037c6	40a28833	sub	x16,x5,x10	  x5:0x00000000 x10:0x00000001 x16=0xffffffff
         320824	     16029	800037ca	02b19b33	mulh	x22,x3,x11	  x3:0xfffffb26 x11:0x7e619ad2 x22=0xfffffd9a
         320844	     16030	800037ce	c037b013	sltiu	x0,x15,-1021	 x15:0x00000000  x0=0x00000000
         320864	     16031	800037d2	068c	c.addi4spn	x11,x2,832	 x11=0x00000c19
         320884	     16032	800037d4	41ea8cb3	sub	x25,x21,x30	 x21:0xffffffff x30:0x00000000 x25=0xffffffff
         320944	     16035	800037d8	015d83b3	add	x7,x27,x21	 x27:0xd0ab978a x21:0xffffffff  x7=0xd0ab9789
         321004	     16038	800037dc	95be	c.add	x11,x15	 x11:0x00000c19 x15:0x00000000 x11=0x00000c19
         321124	     16044	800037de	0335a7b3	mulhsu	x15,x11,x19	 x11:0x00000c19 x19:0xffffffff x15=0x00000c18
         321144	     16045	800037e2	01503033	sltu	x0,x0,x21	  x0:0x00000000 x21:0xffffffff  x0=0x00000000
         321244	     16050	800037e6	024f2533	mulhsu	x10,x30,x4	 x30:0x00000000  x4:0x00000000 x10=0x00000000
         321264	     16051	800037ea	baf3f613	andi	x12,x7,-1105	  x7:0xd0ab9789 x12=0xd0ab9389
         321284	     16052	800037ee	8a99	c.andi	x13,6	 x13:0xfffffff8 x13=0x00000000
         321304	     16053	800037f0	5d2df037	lui	x0,0x5d2df	  x0=0x00000000
         321364	     16056	800037f4	8c12	c.mv	x24,x4	  x0:0x00000000  x4:0x00000000 x24=0x00000000
         321424	     16059	800037f6	019a2033	slt	x0,x20,x25	 x20:0x00000000 x25:0xffffffff  x0=0x00000000
         321484	     16062	800037fa	00384033	xor	x0,x16,x3	 x16:0xffffffff  x3:0xfffffb26  x0=0x00000000
         321504	     16063	800037fe	8e95	c.sub	x13,x13	 x13:0x00000000 x13:0x00000000 x13=0x00000000
         321544	     16065	80003800	9ed78c17	auipc	x24,0x9ed78	 x24=0x1ed7b800
         321604	     16068	80003804	7402bd97	auipc	x27,0x7402b	 x27=0xf402e804
         321664	     16071	80003808	40ee5913	srai	x18,x28,0xe	 x28:0x00000000 x18=0x00000000
         321724	     16074	8000380c	9c30e013	ori	x0,x1,-1597	  x1:0x000004d9  x0=0x00000000
         321784	     16077	80003810	01231033	sll	x0,x6,x18	  x6:0x00002ca0 x18:0x00000000  x0=0x00000000
         321844	     16080	80003814	6ae9	c.lui	x21,0x1a	 x21=0x0001a000
         321864	     16081	80003816	00ee	c.slli	x1,0x1b	  x1:0x000004d9  x1=0xc8000000
         321904	     16083	80003818	6551	c.lui	x10,0x14	 x10=0x00014000
         321924	     16084	8000381a	92ae	c.add	x5,x11	  x5:0x00000000 x11:0x00000c19  x5=0x00000c19
         321964	     16086	8000381c	01260833	add	x16,x12,x18	 x12:0xd0ab9389 x18:0x00000000 x16=0xd0ab9389
         322024	     16089	80003820	b46be313	ori	x6,x23,-1210	 x23:0x00000001  x6=0xfffffb47
         322084	     16092	80003824	01d2ee33	or	x28,x5,x29	  x5:0x00000c19 x29:0xfffffd72 x28=0xfffffd7b
         322144	     16095	80003828	00aceb33	or	x22,x25,x10	 x25:0xffffffff x10:0x00014000 x22=0xffffffff
         322204	     16098	8000382c	717d	c.addi16sp	x2,-16	  x2:0x000008d9  x2=0x000008c9
         322984	     16137	8000382e	02b5dc33	divu	x24,x11,x11	 x11:0x00000c19 x11:0x00000c19 x24=0x00000001
         323004	     16138	80003832	9fad2493	slti	x9,x26,-1542	 x26:0x8000ae64  x9=0x00000001
         323024	     16139	80003836	00a23133	sltu	x2,x4,x10	  x4:0x00000000 x10:0x00014000  x2=0x00000001
         323164	     16146	8000383a	0302a033	mulhsu	x0,x5,x16	  x5:0x00000c19 x16:0xd0ab9389  x0=0x00000000
         323904	     16183	8000383e	03ca5033	divu	x0,x20,x28	 x20:0x00000000 x28:0xfffffd7b  x0=0x00000000
         323924	     16184	80003842	00511593	slli	x11,x2,0x5	  x2:0x00000001 x11=0x00000020
         323944	     16185	80003846	006ed033	srl	x0,x29,x6	 x29:0xfffffd72  x6:0xfffffb47  x0=0x00000000
         323964	     16186	8000384a	60e9	c.lui	x1,0x1a	  x1=0x0001a000
         324004	     16188	8000384c	24304393	xori	x7,x0,579	  x0:0x00000000  x7=0x00000243
         324064	     16191	80003850	0307b093	sltiu	x1,x15,48	 x15:0x00000c18  x1=0x00000000
         324124	     16194	80003854	1d1c	c.addi4spn	x15,x2,688	 x15=0x000002b1
         324184	     16197	80003856	113fb493	sltiu	x9,x31,275	 x31:0xff057b01  x9=0x00000000
         324204	     16198	8000385a	9772	c.add	x14,x28	 x14:0x00000101 x28:0xfffffd7b x14=0xfffffe7c
         324244	     16200	8000385c	4089dd93	srai	x27,x19,0x8	 x19:0xffffffff x27=0xffffffff
         324304	     16203	80003860	8eb5	c.xor	x13,x13	 x13:0x00000000 x13:0x00000000 x13=0x00000000
         324324	     16204	80003862	0511	c.addi	x10,4	 x10:0x00014000 x10=0x00014004
         324364	     16206	80003864	f6fd8693	addi	x13,x27,-145	 x27:0xffffffff x13=0xffffff6e
         324424	     16209	80003868	010c5ab3	srl	x21,x24,x16	 x24:0x00000001 x16:0xd0ab9389 x21=0x00000000
         324484	     16212	8000386c	b76b9b97	auipc	x23,0xb76b9	 x23=0x376bc86c
         324544	     16215	80003870	00530533	add	x10,x6,x5	  x6:0xfffffb47  x5:0x00000c19 x10=0x00000760
         324604	     16218	80003874	4805	c.li	x16,1	 x16=0x00000001
         324624	     16219	80003876	4e01	c.li	x28,0	 x28=0x00000000
         324664	     16221	80003878	4d81	c.li	x27,0	 x27=0x00000000
         324684	     16222	8000387a	4981	c.li	x19,0	 x19=0x00000000
         324724	     16224	8000387c	4c81	c.li	x25,0	 x25=0x00000000
         324784	     16227	8000387e	394661b7	lui	x3,0x39466	  x3=0x39466000
         324844	     16230	80003882	a4c18193	addi	x3,x3,-1460	  x3:0x39466000  x3=0x39465a4c
         324864	     16231	80003886	4e81	c.li	x29,0	 x29=0x00000000
         324904	     16233	80003888	4c01	c.li	x24,0	 x24=0x00000000
         324964	     16236	8000388a	20d68bb7	lui	x23,0x20d68	 x23=0x20d68000
         325024	     16239	8000388e	ee8b8b93	addi	x23,x23,-280	 x23:0x20d68000 x23=0x20d67ee8
         325084	     16242	80003892	60597a37	lui	x20,0x60597	 x20=0x60597000
         325144	     16245	80003896	75fa0a13	addi	x20,x20,1887	 x20:0x60597000 x20=0x6059775f
         325244	     16250	8000389a	02350833	mul	x16,x10,x3	 x10:0x00000760  x3:0x39465a4c x16=0x66d9f080
         325264	     16251	8000389e	41b685b3	sub	x11,x13,x27	 x13:0xffffff6e x27:0x00000000 x11=0xffffff6e
         325284	     16252	800038a2	8e99	c.sub	x13,x14	 x13:0xffffff6e x14:0xfffffe7c x13=0x000000f2
         325324	     16254	800038a4	4551	c.li	x10,20	 x10=0x00000014
         325344	     16255	800038a6	4085	c.li	x1,1	  x1=0x00000001
         325384	     16257	800038a8	4ac44617	auipc	x12,0x4ac44	 x12=0xcac478a8
         325444	     16260	800038ac	6b51	c.lui	x22,0x14	 x22=0x00014000
         325524	     16264	800038ae	02454cb3	div	x25,x10,x4	 x10:0x00000014  x4:0x00000000 x25=0xffffffff
         325564	     16266	800038b2	110d0213	addi	x4,x26,272	 x26:0x8000ae64  x4=0x8000af74
         325584	     16267	800038b6	0001	c.addi	x0,0	  x0:0x00000000  x0=0x00000000
         325624	     16269	800038b8	1494	c.addi4spn	x13,x2,608	 x13=0x00000261
         325684	     16272	800038ba	63680c93	addi	x25,x16,1590	 x16:0x66d9f080 x25=0x66d9f6b6
         325704	     16273	800038be	8d15	c.sub	x10,x13	 x10:0x00000014 x13:0x00000261 x10=0xfffffdb3
         325744	     16275	800038c0	017e89b3	add	x19,x29,x23	 x29:0x00000000 x23:0x20d67ee8 x19=0x20d67ee8
         325804	     16278	800038c4	40278bb3	sub	x23,x15,x2	 x15:0x000002b1  x2:0x00000001 x23=0x000002b0
         325864	     16281	800038c8	00be0733	add	x14,x28,x11	 x28:0x00000000 x11:0xffffff6e x14=0xffffff6e
         325924	     16284	800038cc	00a0c233	xor	x4,x1,x10	  x1:0x00000001 x10:0xfffffdb3  x4=0xfffffdb2
         325984	     16287	800038d0	d0368613	addi	x12,x13,-765	 x13:0x00000261 x12=0xffffff64
         326044	     16290	800038d4	863d	c.srai	x12,0xf	 x12:0xffffff64 x12=0xffffffff
         326104	     16293	800038d6	60b9c713	xori	x14,x19,1547	 x19:0x20d67ee8 x14=0x20d678e3
         326124	     16294	800038da	8695	c.srai	x13,0x5	 x13:0x00000261 x13=0x00000013
         326164	     16296	800038dc	8e140c13	addi	x24,x8,-1823	  x8:0x00013000 x24=0x000128e1
         326224	     16299	800038e0	0001	c.addi	x0,0	  x0:0x00000000  x0=0x00000000
         326324	     16304	800038e2	037006b3	mul	x13,x0,x23	  x0:0x00000000 x23:0x000002b0 x13=0x00000000
         326344	     16305	800038e6	006c38b3	sltu	x17,x24,x6	 x24:0x000128e1  x6:0xfffffb47 x17=0x00000001
         326404	     16308	800038ea	009af6b3	and	x13,x21,x9	 x21:0x00000000  x9:0x00000000 x13=0x00000000
         326464	     16311	800038ee	9210fc93	andi	x25,x1,-1759	  x1:0x00000001 x25=0x00000001
         326484	     16312	800038f2	987d	c.andi	x8,-1	  x8:0x00013000  x8=0x00013000
         327244	     16350	800038f4	025b40b3	div	x1,x22,x5	 x22:0x00014000  x5:0x00000c19  x1=0x0000001a
         327324	     16354	800038f8	03cb9db3	mulh	x27,x23,x28	 x23:0x000002b0 x28:0x00000000 x27=0x00000000
         328064	     16391	800038fc	023e4633	div	x12,x28,x3	 x28:0x00000000  x3:0x39465a4c x12=0x00000000
         328144	     16395	80003900	0362a0b3	mulhsu	x1,x5,x22	  x5:0x00000c19 x22:0x00014000  x1=0x00000000
         328164	     16396	80003904	018a5033	srl	x0,x20,x24	 x20:0x6059775f x24:0x000128e1  x0=0x00000000
         328184	     16397	80003908	41585933	sra	x18,x16,x21	 x16:0x66d9f080 x21:0x00000000 x18=0x66d9f080
         328204	     16398	8000390c	0985	c.addi	x19,1	 x19:0x20d67ee8 x19=0x20d67ee9
         328224	     16399	8000390e	8ef5	c.and	x13,x13	 x13:0x00000000 x13:0x00000000 x13=0x00000000
         328264	     16401	80003910	1b447013	andi	x0,x8,436	  x8:0x00013000  x0=0x00000000
         328324	     16404	80003914	016f1093	slli	x1,x30,0x16	 x30:0x00000000  x1=0x00000000
         328384	     16407	80003918	4123db33	sra	x22,x7,x18	  x7:0x00000243 x18:0x66d9f080 x22=0x00000243
         328444	     16410	8000391c	6a9ef313	andi	x6,x29,1705	 x29:0x00000000  x6=0x00000000
         328504	     16413	80003920	0dd2	c.slli	x27,0x14	 x27:0x00000000 x27=0x00000000
         328624	     16419	80003922	028025b3	mulhsu	x11,x0,x8	  x0:0x00000000  x8:0x00013000 x11=0x00000000
         328644	     16420	80003926	82a6	c.mv	x5,x9	  x0:0x00000000  x9:0x00000000  x5=0x00000000
         328664	     16421	80003928	01ada0b3	slt	x1,x27,x26	 x27:0x00000000 x26:0x8000ae64  x1=0x00000000
         328744	     16425	8000392c	023e3033	mulhu	x0,x28,x3	 x28:0x00000000  x3:0x39465a4c  x0=0x00000000
         328764	     16426	80003930	015b58b3	srl	x17,x22,x21	 x22:0x00000243 x21:0x00000000 x17=0x00000243
         328804	     16428	80003934	8aa9	c.andi	x13,10	 x13:0x00000000 x13=0x00000000
         328864	     16431	80003936	c4d134b7	lui	x9,0xc4d13	  x9=0xc4d13000
         328984	     16437	8000393a	024794b3	mulh	x9,x15,x4	 x15:0x000002b1  x4:0xfffffdb2  x9=0xffffffff
         329004	     16438	8000393e	4179d993	srai	x19,x19,0x17	 x19:0x20d67ee9 x19=0x00000041
         329024	     16439	80003942	891a	c.mv	x18,x6	  x0:0x00000000  x6:0x00000000 x18=0x00000000
         329104	     16443	80003944	022e2033	mulhsu	x0,x28,x2	 x28:0x00000000  x2:0x00000001  x0=0x00000000
         329124	     16444	80003948	d06fb497	auipc	x9,0xd06fb	  x9=0x506fe948
         329164	     16446	8000394c	41185b93	srai	x23,x16,0x11	 x16:0x66d9f080 x23=0x0000336c
         329944	     16485	80003950	02976433	rem	x8,x14,x9	 x14:0x20d678e3  x9:0x506fe948  x8=0x20d678e3
         329964	     16486	80003954	00198ab3	add	x21,x19,x1	 x19:0x00000041  x1:0x00000000 x21=0x00000041
         329984	     16487	80003958	870d	c.srai	x14,0x3	 x14:0x20d678e3 x14=0x041acf1c
         330724	     16524	8000395a	0364edb3	rem	x27,x9,x22	  x9:0x506fe948 x22:0x00000243 x27=0x0000012a
         330744	     16525	8000395e	a6d8a393	slti	x7,x17,-1427	 x17:0x00000243  x7=0x00000000
         330764	     16526	80003962	8f61	c.and	x14,x8	 x14:0x041acf1c  x8:0x20d678e3 x14=0x00124800
         330784	     16527	80003964	c9417093	andi	x1,x2,-876	  x2:0x00000001  x1=0x00000000
         330844	     16530	80003968	001ad893	srli	x17,x21,0x1	 x21:0x00000041 x17=0x00000020
         330964	     16536	8000396c	02fbabb3	mulhsu	x23,x23,x15	 x23:0x0000336c x15:0x000002b1 x23=0x00000000
         330984	     16537	80003970	b0520913	addi	x18,x4,-1275	  x4:0xfffffdb2 x18=0xfffff8b7
         331024	     16539	80003974	005fc3b3	xor	x7,x31,x5	 x31:0xff057b01  x5:0x00000000  x7=0xff057b01
         331804	     16578	80003978	0356e333	rem	x6,x13,x21	 x13:0x00000000 x21:0x00000041  x6=0x00000000
         331824	     16579	8000397c	019818b3	sll	x17,x16,x25	 x16:0x66d9f080 x25:0x00000001 x17=0xcdb3e100
         331844	     16580	80003980	0001	c.addi	x0,0	  x0:0x00000000  x0=0x00000000
         331864	     16581	80003982	416f5733	sra	x14,x30,x22	 x30:0x00000000 x22:0x00000243 x14=0x00000000
         331924	     16584	80003986	01c7c033	xor	x0,x15,x28	 x15:0x000002b1 x28:0x00000000  x0=0x00000000
         331944	     16585	8000398a	868d	c.srai	x13,0x3	 x13:0x00000000 x13=0x00000000
         331984	     16587	8000398c	02c196b7	lui	x13,0x2c19	 x13=0x02c19000
         332104	     16593	80003990	03872433	mulhsu	x8,x14,x24	 x14:0x00000000 x24:0x000128e1  x8=0x00000000
         332124	     16594	80003994	527d	c.li	x4,-1	  x4=0xffffffff
         332164	     16596	80003996	fb72e613	ori	x12,x5,-73	  x5:0x00000000 x12=0xffffffb7
         332224	     16599	8000399a	0146d833	srl	x16,x13,x20	 x13:0x02c19000 x20:0x6059775f x16=0x00000000
         332284	     16602	8000399e	62d34093	xori	x1,x6,1581	  x6:0x00000000  x1=0x0000062d
         333064	     16641	800039a2	031b4033	div	x0,x22,x17	 x22:0x00000243 x17:0xcdb3e100  x0=0x00000000
         333084	     16642	800039a6	8be6	c.mv	x23,x25	  x0:0x00000000 x25:0x00000001 x23=0x00000001
         333104	     16643	800039a8	415adbb3	sra	x23,x21,x21	 x21:0x00000041 x21:0x00000041 x23=0x00000020
         333124	     16644	800039ac	0176f2b3	and	x5,x13,x23	 x13:0x02c19000 x23:0x00000020  x5=0x00000000
         333244	     16650	800039b0	028d3633	mulhu	x12,x26,x8	 x26:0x8000ae64  x8:0x00000000 x12=0x00000000
         333264	     16651	800039b4	01f077b3	and	x15,x0,x31	  x0:0x00000000 x31:0xff057b01 x15=0x00000000
         333304	     16653	800039b8	0001	c.addi	x0,0	  x0:0x00000000  x0=0x00000000
         333324	     16654	800039ba	557d	c.li	x10,-1	 x10=0xffffffff
         333364	     16656	800039bc	737d1037	lui	x0,0x737d1	  x0=0x00000000
         333424	     16659	800039c0	8eb9	c.xor	x13,x14	 x13:0x02c19000 x14:0x00000000 x13=0x02c19000
         333504	     16663	800039c2	02f7e9b3	rem	x19,x15,x15	 x15:0x00000000 x15:0x00000000 x19=0x00000000
         333524	     16664	800039c6	09b1	c.addi	x19,12	 x19:0x00000000 x19=0x0000000c
         333544	     16665	800039c8	00f5a4b3	slt	x9,x11,x15	 x11:0x00000000 x15:0x00000000  x9=0x00000000
         333604	     16668	800039cc	86ed	c.srai	x13,0x1b	 x13:0x02c19000 x13=0x00000000
         333664	     16671	800039ce	00399213	slli	x4,x19,0x3	 x19:0x0000000c  x4=0x00000060
         333724	     16674	800039d2	400e8bb3	sub	x23,x29,x0	 x29:0x00000000  x0:0x00000000 x23=0x00000000
         333784	     16677	800039d6	01cd5033	srl	x0,x26,x28	 x26:0x8000ae64 x28:0x00000000  x0=0x00000000
         333904	     16683	800039da	033696b3	mulh	x13,x13,x19	 x13:0x00000000 x19:0x0000000c x13=0x00000000
         333944	     16685	800039de	02f14033	div	x0,x2,x15	  x2:0x00000001 x15:0x00000000  x0=0x00000000
         333964	     16686	800039e2	40cddcb3	sra	x25,x27,x12	 x27:0x0000012a x12:0x00000000 x25=0x0000012a
         333984	     16687	800039e6	009d	c.addi	x1,7	  x1:0x0000062d  x1=0x00000634
         334024	     16689	800039e8	41365b33	sra	x22,x12,x19	 x12:0x00000000 x19:0x0000000c x22=0x00000000
         334084	     16692	800039ec	9b56	c.add	x22,x21	 x22:0x00000000 x21:0x00000041 x22=0x00000041
         334144	     16695	800039ee	ff9a2c13	slti	x24,x20,-7	 x20:0x6059775f x24=0x00000000
         334164	     16696	800039f2	8ed5	c.or	x13,x13	 x13:0x00000000 x13:0x00000000 x13=0x00000000
         334204	     16698	800039f4	0c59	c.addi	x24,22	 x24:0x00000000 x24=0x00000016
         334264	     16701	800039f6	d5af7313	andi	x6,x30,-678	 x30:0x00000000  x6=0x00000000
         335044	     16740	800039fa	0391e0b3	rem	x1,x3,x25	  x3:0x39465a4c x25:0x0000012a  x1=0x000000dc
         335064	     16741	800039fe	6135	c.addi16sp	x2,352	  x2:0x00000001  x2=0x00000161
         335084	     16742	80003a00	4935	c.li	x18,13	 x18=0x0000000d
         335104	     16743	80003a02	00c90333	add	x6,x18,x12	 x18:0x0000000d x12:0x00000000  x6=0x0000000d
         335124	     16744	80003a06	8ed5	c.or	x13,x13	 x13:0x00000000 x13:0x00000000 x13=0x00000000
         335164	     16746	80003a08	8ef5	c.and	x13,x13	 x13:0x00000000 x13:0x00000000 x13=0x00000000
         335224	     16749	80003a0a	007eec33	or	x24,x29,x7	 x29:0x00000000  x7:0xff057b01 x24=0xff057b01
         335284	     16752	80003a0e	5b82bc13	sltiu	x24,x5,1464	  x5:0x00000000 x24=0x00000001
         335304	     16753	80003a12	8edd	c.or	x13,x15	 x13:0x00000000 x15:0x00000000 x13=0x00000000
         335344	     16755	80003a14	0ec2	c.slli	x29,0x10	 x29:0x00000000 x29=0x00000000
         335404	     16758	80003a16	01049333	sll	x6,x9,x16	  x9:0x00000000 x16:0x00000000  x6=0x00000000
         335464	     16761	80003a1a	047f2593	slti	x11,x30,71	 x30:0x00000000 x11=0x00000001
         335524	     16764	80003a1e	fd3c7993	andi	x19,x24,-45	 x24:0x00000001 x19=0x00000001
         335584	     16767	80003a22	0072a133	slt	x2,x5,x7	  x5:0x00000000  x7:0xff057b01  x2=0x00000000
         336364	     16806	80003a26	027ae433	rem	x8,x21,x7	 x21:0x00000041  x7:0xff057b01  x8=0x00000041
         336384	     16807	80003a2a	8c95	c.sub	x9,x13	  x9:0x00000000 x13:0x00000000  x9=0x00000000
         336404	     16808	80003a2c	8efd	c.and	x13,x15	 x13:0x00000000 x15:0x00000000 x13=0x00000000
         336424	     16809	80003a2e	0694	c.addi4spn	x13,x2,832	 x13=0x00000340
         336444	     16810	80003a30	0101d433	srl	x8,x3,x16	  x3:0x39465a4c x16:0x00000000  x8=0x39465a4c
         336484	     16812	80003a34	ccad3493	sltiu	x9,x26,-822	 x26:0x8000ae64  x9=0x00000001
         337264	     16851	80003a38	03b867b3	rem	x15,x16,x27	 x16:0x00000000 x27:0x0000012a x15=0x00000000
         337284	     16852	80003a3c	4e81e013	ori	x0,x3,1256	  x3:0x39465a4c  x0=0x00000000
         337304	     16853	80003a40	40a65993	srai	x19,x12,0xa	 x12:0x00000000 x19=0x00000000
         337324	     16854	80003a44	0001	c.addi	x0,0	  x0:0x00000000  x0=0x00000000
         337384	     16857	80003a46	164ca6b7	lui	x13,0x164ca	 x13=0x164ca000
         337444	     16860	80003a4a	00015013	srli	x0,x2,0x0	  x2:0x00000000  x0=0x00000000
         337464	     16861	80003a4e	147d	c.addi	x8,-1	  x8:0x39465a4c  x8=0x39465a4b
         337504	     16863	80003a50	417a5393	srai	x7,x20,0x17	 x20:0x6059775f  x7=0x000000c0
         337564	     16866	80003a54	41bc5d93	srai	x27,x24,0x1b	 x24:0x00000001 x27=0x00000000
         337624	     16869	80003a58	00defa33	and	x20,x29,x13	 x29:0x00000000 x13:0x164ca000 x20=0x00000000
         337684	     16872	80003a5c	8eb5	c.xor	x13,x13	 x13:0x164ca000 x13:0x164ca000 x13=0x00000000
         337744	     16875	80003a5e	015100b3	add	x1,x2,x21	  x2:0x00000000 x21:0x00000041  x1=0x00000041
         337764	     16876	80003a62	0001	c.addi	x0,0	  x0:0x00000000  x0=0x00000000
         337804	     16878	80003a64	00579013	slli	x0,x15,0x5	 x15:0x00000000  x0=0x00000000
         337864	     16881	80003a68	8ed5	c.or	x13,x13	 x13:0x00000000 x13:0x00000000 x13=0x00000000
         337884	     16882	80003a6a	8ecd	c.or	x13,x11	 x13:0x00000000 x11:0x00000001 x13=0x00000001
         337984	     16887	80003a6c	03019633	mulh	x12,x3,x16	  x3:0x39465a4c x16:0x00000000 x12=0x00000000
         338004	     16888	80003a70	82dd	c.srli	x13,0x17	 x13:0x00000001 x13=0x00000000
         338104	     16893	80003a72	039495b3	mulh	x11,x9,x25	  x9:0x00000001 x25:0x0000012a x11=0x00000000
         338124	     16894	80003a76	8ed5	c.or	x13,x13	 x13:0x00000000 x13:0x00000000 x13=0x00000000
         338204	     16898	80003a78	02252ab3	mulhsu	x21,x10,x2	 x10:0xffffffff  x2:0x00000000 x21=0x00000000
         338224	     16899	80003a7c	9afd	c.andi	x13,-1	 x13:0x00000000 x13=0x00000000
         338244	     16900	80003a7e	4bffae93	slti	x29,x31,1215	 x31:0xff057b01 x29=0x00000001
         338264	     16901	80003a82	0314	c.addi4spn	x13,x2,384	 x13=0x00000180
         338284	     16902	80003a84	0001	c.addi	x0,0	  x0:0x00000000  x0=0x00000000
         338344	     16905	80003a86	ea1fa613	slti	x12,x31,-351	 x31:0xff057b01 x12=0x00000001
         339124	     16944	80003a8a	03a15933	divu	x18,x2,x26	  x2:0x00000000 x26:0x8000ae64 x18=0x00000000
         339144	     16945	80003a8e	01e96db3	or	x27,x18,x30	 x18:0x00000000 x30:0x00000000 x27=0x00000000
         339164	     16946	80003a92	8cb5	c.xor	x9,x13	  x9:0x00000001 x13:0x00000180  x9=0x00000181
         339184	     16947	80003a94	403f5193	srai	x3,x30,0x3	 x30:0x00000000  x3=0x00000000
         339244	     16950	80003a98	f12b3213	sltiu	x4,x22,-238	 x22:0x00000041  x4=0x00000001
         339304	     16953	80003a9c	014a5893	srli	x17,x20,0x14	 x20:0x00000000 x17=0x00000000
         339364	     16956	80003aa0	717d	c.addi16sp	x2,-16	  x2:0x00000000  x2=0xfffffff0
         339424	     16959	80003aa2	0128d133	srl	x2,x17,x18	 x17:0x00000000 x18:0x00000000  x2=0x00000000
         339484	     16962	80003aa6	00d79713	slli	x14,x15,0xd	 x15:0x00000000 x14=0x00000000
         339544	     16965	80003aaa	004a9313	slli	x6,x21,0x4	 x21:0x00000000  x6=0x00000000
         339564	     16966	80003aae	88c1	c.andi	x9,16	  x9:0x00000181  x9=0x00000000
         339604	     16968	80003ab0	8409	c.srai	x8,0x2	  x8:0x39465a4b  x8=0x0e519692
         339624	     16969	80003ab2	8e95	c.sub	x13,x13	 x13:0x00000180 x13:0x00000180 x13=0x00000000
         339664	     16971	80003ab4	0aba	c.slli	x21,0xe	 x21:0x00000000 x21=0x00000000
         340444	     17010	80003ab6	03d4c233	div	x4,x9,x29	  x9:0x00000000 x29:0x00000001  x4=0x00000000
         340464	     17011	80003aba	4795	c.li	x15,5	 x15=0x00000005
         340544	     17015	80003abc	02abbe33	mulhu	x28,x23,x10	 x23:0x00000000 x10:0xffffffff x28=0x00000000
         340564	     17016	80003ac0	011a5b93	srli	x23,x20,0x11	 x20:0x00000000 x23=0x00000000
         340584	     17017	80003ac4	8285	c.srli	x13,0x1	 x13:0x00000000 x13=0x00000000
         340624	     17019	80003ac6	4cb1b193	sltiu	x3,x3,1227	  x3:0x00000000  x3=0x00000001
         340644	     17020	80003aca	8eb5	c.xor	x13,x13	 x13:0x00000000 x13:0x00000000 x13=0x00000000
         340684	     17022	80003acc	41770433	sub	x8,x14,x23	 x14:0x00000000 x23:0x00000000  x8=0x00000000
         340744	     17025	80003ad0	0001	c.addi	x0,0	  x0:0x00000000  x0=0x00000000
         340804	     17028	80003ad2	0126e033	or	x0,x13,x18	 x13:0x00000000 x18:0x00000000  x0=0x00000000
         340824	     17029	80003ad6	8ef5	c.and	x13,x13	 x13:0x00000000 x13:0x00000000 x13=0x00000000
         340864	     17031	80003ad8	01aab513	sltiu	x10,x21,26	 x21:0x00000000 x10=0x00000001
         340924	     17034	80003adc	748772b7	lui	x5,0x74877	  x5=0x74877000
         340984	     17037	80003ae0	01316a33	or	x20,x2,x19	  x2:0x00000000 x19:0x00000000 x20=0x00000000
         341044	     17040	80003ae4	8ef1	c.and	x13,x12	 x13:0x00000000 x12:0x00000001 x13=0x00000000
         341104	     17043	80003ae6	db250313	addi	x6,x10,-590	 x10:0x00000001  x6=0xfffffdb3
         341164	     17046	80003aea	80990013	addi	x0,x18,-2039	 x18:0x00000000  x0=0x00000000
         341224	     17049	80003aee	0088e6b3	or	x13,x17,x8	 x17:0x00000000  x8:0x00000000 x13=0x00000000
         341284	     17052	80003af2	e60ded93	ori	x27,x27,-416	 x27:0x00000000 x27=0xfffffe60
         341304	     17053	80003af6	717d	c.addi16sp	x2,-16	  x2:0x00000000  x2=0xfffffff0
         341344	     17055	80003af8	e6de8413	addi	x8,x29,-403	 x29:0x00000001  x8=0xfffffe6e
         341404	     17058	80003afc	40f9	c.li	x1,30	  x1=0x0000001e
         341464	     17061	80003afe	004f3db3	sltu	x27,x30,x4	 x30:0x00000000  x4:0x00000000 x27=0x00000000
         341584	     17067	80003b02	024325b3	mulhsu	x11,x6,x4	  x6:0xfffffdb3  x4:0x00000000 x11=0x00000000
         341664	     17071	80003b06	033d3733	mulhu	x14,x26,x19	 x26:0x8000ae64 x19:0x00000000 x14=0x00000000
         341724	     17074	80003b0a	03ed0833	mul	x16,x26,x30	 x26:0x8000ae64 x30:0x00000000 x16=0x00000000
         341744	     17075	80003b0e	8ed5	c.or	x13,x13	 x13:0x00000000 x13:0x00000000 x13=0x00000000
         341764	     17076	80003b10	3b8da737	lui	x14,0x3b8da	 x14=0x3b8da000
         341784	     17077	80003b14	00bf1593	slli	x11,x30,0xb	 x30:0x00000000 x11=0x00000000
         341824	     17079	80003b18	a5e51c97	auipc	x25,0xa5e51	 x25=0x25e54b18
         341884	     17082	80003b1c	8e15	c.sub	x12,x13	 x12:0x00000001 x13:0x00000000 x12=0x00000001
         341944	     17085	80003b1e	6b1cb017	auipc	x0,0x6b1cb	  x0=0x00000000
         341964	     17086	80003b22	0094	c.addi4spn	x13,x2,64	 x13=0x00000030
         342044	     17090	80003b24	02218733	mul	x14,x3,x2	  x3:0x00000001  x2:0xfffffff0 x14=0xfffffff0
         342064	     17091	80003b28	4151d933	sra	x18,x3,x21	  x3:0x00000001 x21:0x00000000 x18=0x00000001
         342124	     17094	80003b2c	59837bb7	lui	x23,0x59837	 x23=0x59837000
         342244	     17100	80003b30	036b31b3	mulhu	x3,x22,x22	 x22:0x00000041 x22:0x00000041  x3=0x00000000
         342264	     17101	80003b34	01f4ac33	slt	x24,x9,x31	  x9:0x00000000 x31:0xff057b01 x24=0x00000000
         342304	     17103	80003b38	f7c55a97	auipc	x21,0xf7c55	 x21=0x77c58b38
         342364	     17106	80003b3c	01d27033	and	x0,x4,x29	  x4:0x00000000 x29:0x00000001  x0=0x00000000
         342424	     17109	80003b40	8d51	c.or	x10,x12	 x10:0x00000001 x12:0x00000001 x10=0x00000001
         343204	     17148	80003b42	02aac933	div	x18,x21,x10	 x21:0x77c58b38 x10:0x00000001 x18=0x77c58b38
         343224	     17149	80003b46	40f205b3	sub	x11,x4,x15	  x4:0x00000000 x15:0x00000005 x11=0xfffffffb
         343244	     17150	80003b4a	404187b3	sub	x15,x3,x4	  x3:0x00000000  x4:0x00000000 x15=0x00000000
         343264	     17151	80003b4e	83fd	c.srli	x15,0x1f	 x15:0x00000000 x15=0x00000000
         343324	     17154	80003b50	197d	c.addi	x18,-1	 x18:0x77c58b38 x18=0x77c58b37
         343384	     17157	80003b52	01f42133	slt	x2,x8,x31	  x8:0xfffffe6e x31:0xff057b01  x2=0x00000000
         343444	     17160	80003b56	40925093	srai	x1,x4,0x9	  x4:0x00000000  x1=0x00000000
         343504	     17163	80003b5a	01e50133	add	x2,x10,x30	 x10:0x00000001 x30:0x00000000  x2=0x00000001
         343564	     17166	80003b5e	000a0033	add	x0,x20,x0	 x20:0x00000000  x0:0x00000000  x0=0x00000000
         343584	     17167	80003b62	1694	c.addi4spn	x13,x2,864	 x13=0x00000361
         343624	     17169	80003b64	567d	c.li	x12,-1	 x12=0xffffffff
         343684	     17172	80003b66	00537733	and	x14,x6,x5	  x6:0xfffffdb3  x5:0x74877000 x14=0x74877000
         344464	     17211	80003b6a	02be46b3	div	x13,x28,x11	 x28:0x00000000 x11:0xfffffffb x13=0x00000000
         344484	     17212	80003b6e	8eb5	c.xor	x13,x13	 x13:0x00000000 x13:0x00000000 x13=0x00000000
         344564	     17216	80003b70	02e9a833	mulhsu	x16,x19,x14	 x19:0x00000000 x14:0x74877000 x16=0x00000000
         344584	     17217	80003b74	8eb5	c.xor	x13,x13	 x13:0x00000000 x13:0x00000000 x13=0x00000000
         344604	     17218	80003b76	82c5	c.srli	x13,0x11	 x13:0x00000000 x13=0x00000000
         344624	     17219	80003b78	f2700713	addi	x14,x0,-217	  x0:0x00000000 x14=0xffffff27
         344644	     17220	80003b7c	eecce313	ori	x6,x25,-276	 x25:0x25e54b18  x6=0xfffffffc
         344704	     17223	80003b80	0494	c.addi4spn	x13,x2,576	 x13=0x00000241
         344724	     17224	80003b82	8eb5	c.xor	x13,x13	 x13:0x00000241 x13:0x00000241 x13=0x00000000
         344764	     17226	80003b84	411f5b93	srai	x23,x30,0x11	 x30:0x00000000 x23=0x00000000
         344824	     17229	80003b88	41090333	sub	x6,x18,x16	 x18:0x77c58b37 x16:0x00000000  x6=0x77c58b37
         344884	     17232	80003b8c	370d7013	andi	x0,x26,880	 x26:0x8000ae64  x0=0x00000000
         344944	     17235	80003b90	ef993693	sltiu	x13,x18,-263	 x18:0x77c58b37 x13=0x00000001
         345004	     17238	80003b94	01cc98b3	sll	x17,x25,x28	 x25:0x25e54b18 x28:0x00000000 x17=0x25e54b18
         345064	     17241	80003b98	64b1	c.lui	x9,0xc	  x9=0x0000c000
         345124	     17244	80003b9a	b2d43293	sltiu	x5,x8,-1235	  x8:0xfffffe6e  x5=0x00000000
         345144	     17245	80003b9e	809a	c.mv	x1,x6	  x0:0x00000000  x6:0x77c58b37  x1=0x77c58b37
         345184	     17247	80003ba0	da4bf593	andi	x11,x23,-604	 x23:0x00000000 x11=0x00000000
         345244	     17250	80003ba4	01a39813	slli	x16,x7,0x1a	  x7:0x000000c0 x16=0x00000000
         345304	     17253	80003ba8	0001	c.addi	x0,0	  x0:0x00000000  x0=0x00000000
         345424	     17259	80003baa	03d02eb3	mulhsu	x29,x0,x29	  x0:0x00000000 x29:0x00000001 x29=0x00000000
         345444	     17260	80003bae	631d	c.lui	x6,0x7	  x6=0x00007000
         345464	     17261	80003bb0	0212	c.slli	x4,0x4	  x4:0x00000000  x4=0x00000000
         345484	     17262	80003bb2	9ae2	c.add	x21,x24	 x21:0x77c58b38 x24:0x00000000 x21=0x77c58b38
         345504	     17263	80003bb4	8e95	c.sub	x13,x13	 x13:0x00000001 x13:0x00000001 x13=0x00000000
         345524	     17264	80003bb6	587d	c.li	x16,-1	 x16=0xffffffff
         345544	     17265	80003bb8	017dabb3	slt	x23,x27,x23	 x27:0x00000000 x23:0x00000000 x23=0x00000000
         345604	     17268	80003bbc	8ff5	c.and	x15,x13	 x15:0x00000000 x13:0x00000000 x15=0x00000000
         345724	     17274	80003bbe	02322cb3	mulhsu	x25,x4,x3	  x4:0x00000000  x3:0x00000000 x25=0x00000000
         345744	     17275	80003bc2	616d	c.addi16sp	x2,240	  x2:0x00000001  x2=0x000000f1
         345764	     17276	80003bc4	64a1	c.lui	x9,0x8	  x9=0x00008000
         345784	     17277	80003bc6	00cb6eb3	or	x29,x22,x12	 x22:0x00000041 x12:0xffffffff x29=0xffffffff
         345844	     17280	80003bca	01636a33	or	x20,x6,x22	  x6:0x00007000 x22:0x00000041 x20=0x00007041
         345904	     17283	80003bce	0141f133	and	x2,x3,x20	  x3:0x00000000 x20:0x00007041  x2=0x00000000
         346024	     17289	80003bd2	02563733	mulhu	x14,x12,x5	 x12:0xffffffff  x5:0x00000000 x14=0x00000000
         346044	     17290	80003bd6	3631f717	auipc	x14,0x3631f	 x14=0xb6322bd6
         346084	     17292	80003bda	01311b33	sll	x22,x2,x19	  x2:0x00000000 x19:0x00000000 x22=0x00000000
         346104	     17293	80003bde	0001	c.addi	x0,0	  x0:0x00000000  x0=0x00000000
         346144	     17295	80003be0	007087b3	add	x15,x1,x7	  x1:0x77c58b37  x7:0x000000c0 x15=0x77c58bf7
         346244	     17300	80003be4	030f8733	mul	x14,x31,x16	 x31:0xff057b01 x16:0xffffffff x14=0x00fa84ff
         346264	     17301	80003be8	00cb4a33	xor	x20,x22,x12	 x22:0x00000000 x12:0xffffffff x20=0xffffffff
         346324	     17304	80003bec	8291	c.srli	x13,0x4	 x13:0x00000000 x13=0x00000000
         346344	     17305	80003bee	88a2	c.mv	x17,x8	  x0:0x00000000  x8:0xfffffe6e x17=0xfffffe6e
         346384	     17307	80003bf0	01d41e93	slli	x29,x8,0x1d	  x8:0xfffffe6e x29=0xc0000000
         346444	     17310	80003bf4	6159	c.addi16sp	x2,400	  x2:0x00000000  x2=0x00000190
         346464	     17311	80003bf6	0001	c.addi	x0,0	  x0:0x00000000  x0=0x00000000
         346504	     17313	80003bf8	418cd213	srai	x4,x25,0x18	 x25:0x00000000  x4=0x00000000
         346564	     17316	80003bfc	01582033	slt	x0,x16,x21	 x16:0xffffffff x21:0x77c58b38  x0=0x00000000
         346624	     17319	80003c00	9afd	c.andi	x13,-1	 x13:0x00000000 x13=0x00000000
         346684	     17322	80003c02	0088fb33	and	x22,x17,x8	 x17:0xfffffe6e  x8:0xfffffe6e x22=0xfffffe6e
         346704	     17323	80003c06	8536	c.mv	x10,x13	  x0:0x00000000 x13:0x00000000 x10=0x00000000
         346744	     17325	80003c08	00c79b33	sll	x22,x15,x12	 x15:0x77c58bf7 x12:0xffffffff x22=0x80000000
         346804	     17328	80003c0c	00925e33	srl	x28,x4,x9	  x4:0x00000000  x9:0x00008000 x28=0x00000000
         346864	     17331	80003c10	0001	c.addi	x0,0	  x0:0x00000000  x0=0x00000000
         346924	     17334	80003c12	01ba34b3	sltu	x9,x20,x27	 x20:0xffffffff x27:0x00000000  x9=0x00000000
         346984	     17337	80003c16	403b02b3	sub	x5,x22,x3	 x22:0x80000000  x3:0x00000000  x5=0x80000000
         347044	     17340	80003c1a	8e144a13	xori	x20,x8,-1823	  x8:0xfffffe6e x20=0x0000068f
         347104	     17343	80003c1e	012f2833	slt	x16,x30,x18	 x30:0x00000000 x18:0x77c58b37 x16=0x00000001
         347224	     17349	80003c22	036bb533	mulhu	x10,x23,x22	 x23:0x00000000 x22:0x80000000 x10=0x00000000
         347244	     17350	80003c26	85dd	c.srai	x11,0x17	 x11:0x00000000 x11=0x00000000
         347324	     17354	80003c28	0256b5b3	mulhu	x11,x13,x5	 x13:0x00000000  x5:0x80000000 x11=0x00000000
         347344	     17355	80003c2c	7530c993	xori	x19,x1,1875	  x1:0x77c58b37 x19=0x77c58c64
         348084	     17392	80003c30	0251cbb3	div	x23,x3,x5	  x3:0x00000000  x5:0x80000000 x23=0x00000000
         348824	     17429	80003c34	0283cb33	div	x22,x7,x8	  x7:0x000000c0  x8:0xfffffe6e x22=0x00000000
         348844	     17430	80003c38	011c5e13	srli	x28,x24,0x11	 x24:0x00000000 x28=0x00000000
         348864	     17431	80003c3c	6215	c.lui	x4,0x5	  x4=0x00005000
         348884	     17432	80003c3e	01f10db3	add	x27,x2,x31	  x2:0x00000190 x31:0xff057b01 x27=0xff057c91
         348904	     17433	80003c42	ebfef513	andi	x10,x29,-321	 x29:0xc0000000 x10=0xc0000000
         348924	     17434	80003c46	8fb5	c.xor	x15,x13	 x15:0x77c58bf7 x13:0x00000000 x15=0x77c58bf7
         348964	     17436	80003c48	832b0593	addi	x11,x22,-1998	 x22:0x00000000 x11=0xfffff832
         349064	     17441	80003c4c	02568bb3	mul	x23,x13,x5	 x13:0x00000000  x5:0x80000000 x23=0x00000000
         349144	     17445	80003c50	0257b9b3	mulhu	x19,x15,x5	 x15:0x77c58bf7  x5:0x80000000 x19=0x3be2c5fb
         349164	     17446	80003c54	415585b3	sub	x11,x11,x21	 x11:0xfffff832 x21:0x77c58b38 x11=0x883a6cfa
         349204	     17448	80003c58	8eb5	c.xor	x13,x13	 x13:0x00000000 x13:0x00000000 x13=0x00000000
         349264	     17451	80003c5a	00844a33	xor	x20,x8,x8	  x8:0xfffffe6e  x8:0xfffffe6e x20=0x00000000
         349324	     17454	80003c5e	9bb5b037	lui	x0,0x9bb5b	  x0=0x00000000
         349384	     17457	80003c62	a0ff6613	ori	x12,x30,-1521	 x30:0x00000000 x12=0xfffffa0f
         349504	     17463	80003c66	02baaab3	mulhsu	x21,x21,x11	 x21:0x77c58b38 x11:0x883a6cfa x21=0x3fbc47b3
         349524	     17464	80003c6a	0001	c.addi	x0,0	  x0:0x00000000  x0=0x00000000
         349544	     17465	80003c6c	c95aea93	ori	x21,x21,-875	 x21:0x3fbc47b3 x21=0xffffffb7
         349564	     17466	80003c70	006d9313	slli	x6,x27,0x6	 x27:0xff057c91  x6=0xc15f2440
         349624	     17469	80003c74	031e	c.slli	x6,0x7	  x6:0xc15f2440  x6=0xaf922000
         349684	     17472	80003c76	abfd7913	andi	x18,x26,-1345	 x26:0x8000ae64 x18=0x8000aa24
         349704	     17473	80003c7a	8e8d	c.sub	x13,x11	 x13:0x00000000 x11:0x883a6cfa x13=0x77c59306
         349744	     17475	80003c7c	01bbf333	and	x6,x23,x27	 x23:0x00000000 x27:0xff057c91  x6=0x00000000
         349804	     17478	80003c80	9c26	c.add	x24,x9	 x24:0x00000000  x9:0x00000000 x24=0x00000000
         349864	     17481	80003c82	3ba4c713	xori	x14,x9,954	  x9:0x00000000 x14=0x000003ba
         349924	     17484	80003c86	00b49033	sll	x0,x9,x11	  x9:0x00000000 x11:0x883a6cfa  x0=0x00000000
         350704	     17523	80003c8a	0221de33	divu	x28,x3,x2	  x3:0x00000000  x2:0x00000190 x28=0x00000000
         350724	     17524	80003c8e	9b66	c.add	x22,x25	 x22:0x00000000 x25:0x00000000 x22=0x00000000
         351464	     17561	80003c90	033e6c33	rem	x24,x28,x19	 x28:0x00000000 x19:0x3be2c5fb x24=0x00000000
         351504	     17563	80003c94	020ac233	div	x4,x21,x0	 x21:0xffffffb7  x0:0x00000000  x4=0xffffffff
         351524	     17564	80003c98	82e2	c.mv	x5,x24	  x0:0x00000000 x24:0x00000000  x5=0x00000000
         351544	     17565	80003c9a	8e95	c.sub	x13,x13	 x13:0x77c59306 x13:0x77c59306 x13=0x00000000
         352284	     17602	80003c9c	024947b3	div	x15,x18,x4	 x18:0x8000aa24  x4:0xffffffff x15=0x7fff55dc
         352304	     17603	80003ca0	31e00a93	addi	x21,x0,798	  x0:0x00000000 x21=0x0000031e
         352324	     17604	80003ca4	8e95	c.sub	x13,x13	 x13:0x00000000 x13:0x00000000 x13=0x00000000
         352344	     17605	80003ca6	197d	c.addi	x18,-1	 x18:0x8000aa24 x18=0x8000aa23
         352424	     17609	80003ca8	03ca9db3	mulh	x27,x21,x28	 x21:0x0000031e x28:0x00000000 x27=0x00000000
         352444	     17610	80003cac	402e0c33	sub	x24,x28,x2	 x28:0x00000000  x2:0x00000190 x24=0xfffffe70
         353184	     17647	80003cb0	024bcbb3	div	x23,x23,x4	 x23:0x00000000  x4:0xffffffff x23=0x00000000
         353204	     17648	80003cb4	00b69933	sll	x18,x13,x11	 x13:0x00000000 x11:0x883a6cfa x18=0x00000000
         353224	     17649	80003cb8	01651933	sll	x18,x10,x22	 x10:0xc0000000 x22:0x00000000 x18=0xc0000000
         353244	     17650	80003cbc	00533cb3	sltu	x25,x6,x5	  x6:0x00000000  x5:0x00000000 x25=0x00000000
         353284	     17652	80003cc0	259fc113	xori	x2,x31,601	 x31:0xff057b01  x2=0xff057958
         353344	     17655	80003cc4	1fb53113	sltiu	x2,x10,507	 x10:0xc0000000  x2=0x00000000
         353404	     17658	80003cc8	0001	c.addi	x0,0	  x0:0x00000000  x0=0x00000000
         353464	     17661	80003cca	00e218b3	sll	x17,x4,x14	  x4:0xffffffff x14:0x000003ba x17=0xfc000000
         353484	     17662	80003cce	717d	c.addi16sp	x2,-16	  x2:0x00000000  x2=0xfffffff0
         353584	     17667	80003cd0	02d92233	mulhsu	x4,x18,x13	 x18:0xc0000000 x13:0x00000000  x4=0x00000000
         353604	     17668	80003cd4	01554133	xor	x2,x10,x21	 x10:0xc0000000 x21:0x0000031e  x2=0xc000031e
         353644	     17670	80003cd8	ef48ed93	ori	x27,x17,-268	 x17:0xfc000000 x27=0xfffffef4
         353704	     17673	80003cdc	4013d113	srai	x2,x7,0x1	  x7:0x000000c0  x2=0x00000060
         353764	     17676	80003ce0	0001	c.addi	x0,0	  x0:0x00000000  x0=0x00000000
         354544	     17715	80003ce2	027ecab3	div	x21,x29,x7	 x29:0xc0000000  x7:0x000000c0 x21=0xffaaaaab
         354564	     17716	80003ce6	9f444d93	xori	x27,x8,-1548	  x8:0xfffffe6e x27=0x0000079a
         354584	     17717	80003cea	5f0fa693	slti	x13,x31,1520	 x31:0xff057b01 x13=0x00000001
         354664	     17721	80003cee	01fd4033	xor	x0,x26,x31	 x26:0x8000ae64 x31:0xff057b01  x0=0x00000000
         354724	     17724	80003cf2	b6113c93	sltiu	x25,x2,-1183	  x2:0x00000060 x25=0x00000001
         354744	     17725	80003cf6	8e95	c.sub	x13,x13	 x13:0x00000001 x13:0x00000001 x13=0x00000000
         354784	     17727	80003cf8	8f95	c.sub	x15,x13	 x15:0x7fff55dc x13:0x00000000 x15=0x7fff55dc
         354844	     17730	80003cfa	52be66b7	lui	x13,0x52be6	 x13=0x52be6000
         354864	     17731	80003cfe	4085	c.li	x1,1	  x1=0x00000001
         354904	     17733	80003d00	252bb0b7	lui	x1,0x252bb	  x1=0x252bb000
         354964	     17736	80003d04	960bb697	auipc	x13,0x960bb	 x13=0x160bed04
         355024	     17739	80003d08	01723033	sltu	x0,x4,x23	  x4:0x00000000 x23:0x00000000  x0=0x00000000
         355084	     17742	80003d0c	0090c433	xor	x8,x1,x9	  x1:0x252bb000  x9:0x00000000  x8=0x252bb000
         355144	     17745	80003d10	b27ffb93	andi	x23,x31,-1241	 x31:0xff057b01 x23=0xff057b01
         355204	     17748	80003d14	6805	c.lui	x16,0x1	 x16=0x00001000
         355224	     17749	80003d16	82ad	c.srli	x13,0xb	 x13:0x160bed04 x13=0x0002c17d
         355264	     17751	80003d18	50fd	c.li	x1,-1	  x1=0xffffffff
         355284	     17752	80003d1a	0001	c.addi	x0,0	  x0:0x00000000  x0=0x00000000
         355364	     17756	80003d1c	032c03b3	mul	x7,x24,x18	 x24:0xfffffe70 x18:0xc0000000  x7=0x00000000
         355384	     17757	80003d20	d27a2293	slti	x5,x20,-729	 x20:0x00000000  x5=0x00000000
         355444	     17760	80003d24	284a8c13	addi	x24,x21,644	 x21:0xffaaaaab x24=0xffaaad2f
         355504	     17763	80003d28	017523b3	slt	x7,x10,x23	 x10:0xc0000000 x23:0xff057b01  x7=0x00000001
         355564	     17766	80003d2c	df51f593	andi	x11,x3,-523	  x3:0x00000000 x11=0x00000000
         355624	     17769	80003d30	19fd	c.addi	x19,-1	 x19:0x3be2c5fb x19=0x3be2c5fa
         355684	     17772	80003d32	533eb313	sltiu	x6,x29,1331	 x29:0xc0000000  x6=0x00000000
         356464	     17811	80003d36	0317eab3	rem	x21,x15,x17	 x15:0x7fff55dc x17:0xfc000000 x21=0x03ff55dc
         356484	     17812	80003d3a	1694	c.addi4spn	x13,x2,864	 x13=0x000003c0
         356504	     17813	80003d3c	008610b3	sll	x1,x12,x8	 x12:0xfffffa0f  x8:0x252bb000  x1=0xfffffa0f
         356524	     17814	80003d40	00dd97b3	sll	x15,x27,x13	 x27:0x0000079a x13:0x000003c0 x15=0x0000079a
         356584	     17817	80003d44	00f11833	sll	x16,x2,x15	  x2:0x00000060 x15:0x0000079a x16=0x80000000
         356644	     17820	80003d48	01b542b3	xor	x5,x10,x27	 x10:0xc0000000 x27:0x0000079a  x5=0xc000079a
         356704	     17823	80003d4c	82cd	c.srli	x13,0x13	 x13:0x000003c0 x13=0x00000000
         356764	     17826	80003d4e	739ffb93	andi	x23,x31,1849	 x31:0xff057b01 x23=0x00000301
         356784	     17827	80003d52	8ed5	c.or	x13,x13	 x13:0x00000000 x13:0x00000000 x13=0x00000000
         356824	     17829	80003d54	00a34c33	xor	x24,x6,x10	  x6:0x00000000 x10:0xc0000000 x24=0xc0000000
         356884	     17832	80003d58	8ed9	c.or	x13,x14	 x13:0x00000000 x14:0x000003ba x13=0x000003ba
         357004	     17838	80003d5a	02bb93b3	mulh	x7,x23,x11	 x23:0x00000301 x11:0x00000000  x7=0x00000000
         357024	     17839	80003d5e	00c16333	or	x6,x2,x12	  x2:0x00000060 x12:0xfffffa0f  x6=0xfffffa6f
         357064	     17841	80003d62	01fad6b3	srl	x13,x21,x31	 x21:0x03ff55dc x31:0xff057b01 x13=0x01ffaaee
         357124	     17844	80003d66	00429b33	sll	x22,x5,x4	  x5:0xc000079a  x4:0x00000000 x22=0xc000079a
         357184	     17847	80003d6a	41525d93	srai	x27,x4,0x15	  x4:0x00000000 x27=0x00000000
         357204	     17848	80003d6e	6bf5	c.lui	x23,0x1d	 x23=0x0001d000
         357244	     17850	80003d70	0001	c.addi	x0,0	  x0:0x00000000  x0=0x00000000
         357304	     17853	80003d72	016e20b3	slt	x1,x28,x22	 x28:0x00000000 x22:0xc000079a  x1=0x00000000
         357324	     17854	80003d76	1494	c.addi4spn	x13,x2,608	 x13=0x000002c0
         357364	     17856	80003d78	8eb5	c.xor	x13,x13	 x13:0x000002c0 x13:0x000002c0 x13=0x00000000
         357484	     17862	80003d7a	020d9833	mulh	x16,x27,x0	 x27:0x00000000  x0:0x00000000 x16=0x00000000
         357504	     17863	80003d7e	00c0c933	xor	x18,x1,x12	  x1:0x00000000 x12:0xfffffa0f x18=0xfffffa0f
         357544	     17865	80003d82	019eab33	slt	x22,x29,x25	 x29:0xc0000000 x25:0x00000001 x22=0x00000001
         357564	     17866	80003d86	8ef5	c.and	x13,x13	 x13:0x00000000 x13:0x00000000 x13=0x00000000
         357604	     17868	80003d88	0159d5b3	srl	x11,x19,x21	 x19:0x3be2c5fa x21:0x03ff55dc x11=0x00000003
         358384	     17907	80003d8c	03ab4133	div	x2,x22,x26	 x22:0x00000001 x26:0x8000ae64  x2=0x00000000
         358404	     17908	80003d90	40a952b3	sra	x5,x18,x10	 x18:0xfffffa0f x10:0xc0000000  x5=0xfffffa0f
         358424	     17909	80003d94	00210ab3	add	x21,x2,x2	  x2:0x00000000  x2:0x00000000 x21=0x00000000
         358444	     17910	80003d98	096d0013	addi	x0,x26,150	 x26:0x8000ae64  x0=0x00000000
         358504	     17913	80003d9c	96f6	c.add	x13,x29	 x13:0x00000000 x29:0xc0000000 x13=0xc0000000
         358564	     17916	80003d9e	4b81a597	auipc	x11,0x4b81a	 x11=0xcb81dd9e
         358624	     17919	80003da2	d958f893	andi	x17,x17,-619	 x17:0xfc000000 x17=0xfc000000
         358684	     17922	80003da6	40bc5593	srai	x11,x24,0xb	 x24:0xc0000000 x11=0xfff80000
         358704	     17923	80003daa	8c15	c.sub	x8,x13	  x8:0x252bb000 x13:0xc0000000  x8=0x652bb000
         358744	     17925	80003dac	018c65b3	or	x11,x24,x24	 x24:0xc0000000 x24:0xc0000000 x11=0xc0000000
         358804	     17928	80003db0	01319b33	sll	x22,x3,x19	  x3:0x00000000 x19:0x3be2c5fa x22=0x00000000
         358864	     17931	80003db4	01ff0cb3	add	x25,x30,x31	 x30:0x00000000 x31:0xff057b01 x25=0xff057b01
         358924	     17934	80003db8	0001	c.addi	x0,0	  x0:0x00000000  x0=0x00000000
         358944	     17935	80003dba	8eb5	c.xor	x13,x13	 x13:0xc0000000 x13:0xc0000000 x13=0x00000000
         359044	     17940	80003dbc	02e2a0b3	mulhsu	x1,x5,x14	  x5:0xfffffa0f x14:0x000003ba  x1=0xffffffff
         359064	     17941	80003dc0	5545b2b7	lui	x5,0x5545b	  x5=0x5545b000
         359104	     17943	80003dc4	41b35013	srai	x0,x6,0x1b	  x6:0xfffffa6f  x0=0x00000000
         359164	     17946	80003dc8	01751993	slli	x19,x10,0x17	 x10:0xc0000000 x19=0x00000000
         359284	     17952	80003dcc	03dda2b3	mulhsu	x5,x27,x29	 x27:0x00000000 x29:0xc0000000  x5=0x00000000
         359304	     17953	80003dd0	9afd	c.andi	x13,-1	 x13:0x00000000 x13=0x00000000
         359324	     17954	80003dd2	83c1	c.srli	x15,0x10	 x15:0x0000079a x15=0x00000000
         360064	     17991	80003dd4	03a6e0b3	rem	x1,x13,x26	 x13:0x00000000 x26:0x8000ae64  x1=0x00000000
         360124	     17994	80003dd8	026380b3	mul	x1,x7,x6	  x7:0x00000000  x6:0xfffffa6f  x1=0x00000000
         360144	     17995	80003ddc	86e9	c.srai	x13,0x1a	 x13:0x00000000 x13=0x00000000
         360224	     17999	80003dde	03252eb3	mulhsu	x29,x10,x18	 x10:0xc0000000 x18:0xfffffa0f x29=0xc000017c
         360244	     18000	80003de2	0001	c.addi	x0,0	  x0:0x00000000  x0=0x00000000
         360264	     18001	80003de4	007a3db3	sltu	x27,x20,x7	 x20:0x00000000  x7:0x00000000 x27=0x00000000
         360284	     18002	80003de8	40c88433	sub	x8,x17,x12	 x17:0xfc000000 x12:0xfffffa0f  x8=0xfc0005f1
         360304	     18003	80003dec	9776	c.add	x14,x29	 x14:0x000003ba x29:0xc000017c x14=0xc0000536
         360364	     18006	80003dee	41205233	sra	x4,x0,x18	  x0:0x00000000 x18:0xfffffa0f  x4=0x00000000
         360484	     18012	80003df2	029b1ab3	mulh	x21,x22,x9	 x22:0x00000000  x9:0x00000000 x21=0x00000000
         360504	     18013	80003df6	01bf1033	sll	x0,x30,x27	 x30:0x00000000 x27:0x00000000  x0=0x00000000
         360544	     18015	80003dfa	004c1e33	sll	x28,x24,x4	 x24:0xc0000000  x4:0x00000000 x28=0xc0000000
         360604	     18018	80003dfe	017fd913	srli	x18,x31,0x17	 x31:0xff057b01 x18=0x000001fe
         360664	     18021	80003e02	01834433	xor	x8,x6,x24	  x6:0xfffffa6f x24:0xc0000000  x8=0x3ffffa6f
         360684	     18022	80003e06	8ec9	c.or	x13,x10	 x13:0x00000000 x10:0xc0000000 x13=0xc0000000
         360724	     18024	80003e08	616d	c.addi16sp	x2,240	  x2:0x00000000  x2=0x000000f0
         360804	     18028	80003e0a	0334d033	divu	x0,x9,x19	  x9:0x00000000 x19:0x00000000  x0=0x00000000
         360844	     18030	80003e0e	62eee193	ori	x3,x29,1582	 x29:0xc000017c  x3=0xc000077e
         360924	     18034	80003e12	02056033	rem	x0,x10,x0	 x10:0xc0000000  x0:0x00000000  x0=0x00000000
         360944	     18035	80003e16	9afd	c.andi	x13,-1	 x13:0xc0000000 x13=0xc0000000
         360964	     18036	80003e18	0001	c.addi	x0,0	  x0:0x00000000  x0=0x00000000
         361024	     18039	80003e1a	01891033	sll	x0,x18,x24	 x18:0x000001fe x24:0xc0000000  x0=0x00000000
         361044	     18040	80003e1e	0514	c.addi4spn	x13,x2,640	 x13=0x00000370
         361084	     18042	80003e20	60f1	c.lui	x1,0x1c	  x1=0x0001c000
         361144	     18045	80003e22	dd953013	sltiu	x0,x10,-551	 x10:0xc0000000  x0=0x00000000
         361204	     18048	80003e26	f2576093	ori	x1,x14,-219	 x14:0xc0000536  x1=0xffffff37
         361224	     18049	80003e2a	8685	c.srai	x13,0x1	 x13:0x00000370 x13=0x000001b8
         361264	     18051	80003e2c	0001	c.addi	x0,0	  x0:0x00000000  x0=0x00000000
         361284	     18052	80003e2e	69a5	c.lui	x19,0x9	 x19=0x00009000
         361324	     18054	80003e30	0b16	c.slli	x22,0x5	 x22:0x00000000 x22=0x00000000
         361384	     18057	80003e32	41cf5693	srai	x13,x30,0x1c	 x30:0x00000000 x13=0x00000000
         361404	     18058	80003e36	05f5	c.addi	x11,29	 x11:0xc0000000 x11=0xc000001d
         361444	     18060	80003e38	04217b13	andi	x22,x2,66	  x2:0x000000f0 x22=0x00000040
         361504	     18063	80003e3c	0001	c.addi	x0,0	  x0:0x00000000  x0=0x00000000
         361524	     18064	80003e3e	0b5e	c.slli	x22,0x17	 x22:0x00000040 x22=0x20000000
         361564	     18066	80003e40	41cfd9b7	lui	x19,0x41cfd	 x19=0x41cfd000
         362344	     18105	80003e44	02206db3	rem	x27,x0,x2	  x0:0x00000000  x2:0x000000f0 x27=0x00000000
         362364	     18106	80003e48	9186	c.add	x3,x1	  x3:0xc000077e  x1:0xffffff37  x3=0xc00006b5
         362384	     18107	80003e4a	01a1c5b3	xor	x11,x3,x26	  x3:0xc00006b5 x26:0x8000ae64 x11=0x4000a8d1
         362404	     18108	80003e4e	8eb5	c.xor	x13,x13	 x13:0x00000000 x13:0x00000000 x13=0x00000000
         362424	     18109	80003e50	8285	c.srli	x13,0x1	 x13:0x00000000 x13=0x00000000
         362444	     18110	80003e52	0001	c.addi	x0,0	  x0:0x00000000  x0=0x00000000
         362464	     18111	80003e54	90be	c.add	x1,x15	  x1:0xffffff37 x15:0x00000000  x1=0xffffff37
         363244	     18150	80003e56	03f350b3	divu	x1,x6,x31	  x6:0xfffffa6f x31:0xff057b01  x1=0x00000001
         363264	     18151	80003e5a	004c09b3	add	x19,x24,x4	 x24:0xc0000000  x4:0x00000000 x19=0xc0000000
         363284	     18152	80003e5e	40ab85b3	sub	x11,x23,x10	 x23:0x0001d000 x10:0xc0000000 x11=0x4001d000
         363364	     18156	80003e62	01db0033	add	x0,x22,x29	 x22:0x20000000 x29:0xc000017c  x0=0x00000000
         363424	     18159	80003e66	00f1c1b3	xor	x3,x3,x15	  x3:0xc00006b5 x15:0x00000000  x3=0xc00006b5
         363484	     18162	80003e6a	01266933	or	x18,x12,x18	 x12:0xfffffa0f x18:0x000001fe x18=0xfffffbff
         363544	     18165	80003e6e	01be6033	or	x0,x28,x27	 x28:0xc0000000 x27:0x00000000  x0=0x00000000
         363604	     18168	80003e72	b6f57e13	andi	x28,x10,-1169	 x10:0xc0000000 x28=0xc0000000
         363664	     18171	80003e76	756b3037	lui	x0,0x756b3	  x0=0x00000000
         363684	     18172	80003e7a	0936	c.slli	x18,0xd	 x18:0xfffffbff x18=0xff7fe000
         363784	     18177	80003e7c	03b23833	mulhu	x16,x4,x27	  x4:0x00000000 x27:0x00000000 x16=0x00000000
         363804	     18178	80003e80	1223c797	auipc	x15,0x1223c	 x15=0x9223fe80
         364564	     18216	80003e84	03d0eb33	rem	x22,x1,x29	  x1:0x00000001 x29:0xc000017c x22=0x00000001
         364584	     18217	80003e88	8e95	c.sub	x13,x13	 x13:0x00000000 x13:0x00000000 x13=0x00000000
         364604	     18218	80003e8a	2671c013	xori	x0,x3,615	  x3:0xc00006b5  x0=0x00000000
         364684	     18222	80003e8e	0330a033	mulhsu	x0,x1,x19	  x1:0x00000001 x19:0xc0000000  x0=0x00000000
         364764	     18226	80003e92	024a2033	mulhsu	x0,x20,x4	 x20:0x00000000  x4:0x00000000  x0=0x00000000
         364784	     18227	80003e96	5cfd	c.li	x25,-1	 x25=0xffffffff
         364804	     18228	80003e98	01fab9b3	sltu	x19,x21,x31	 x21:0x00000000 x31:0xff057b01 x19=0x00000001
         364824	     18229	80003e9c	afb2cb13	xori	x22,x5,-1285	  x5:0x00000000 x22=0xfffffafb
         364864	     18231	80003ea0	01cadb33	srl	x22,x21,x28	 x21:0x00000000 x28:0xc0000000 x22=0x00000000
         364984	     18237	80003ea4	02a497b3	mulh	x15,x9,x10	  x9:0x00000000 x10:0xc0000000 x15=0x00000000
         365004	     18238	80003ea8	8ea9	c.xor	x13,x10	 x13:0x00000000 x10:0xc0000000 x13=0xc0000000
         365024	     18239	80003eaa	059e	c.slli	x11,0x7	 x11:0x4001d000 x11=0x00e80000
         365044	     18240	80003eac	6ffde093	ori	x1,x27,1791	 x27:0x00000000  x1=0x000006ff
         365124	     18244	80003eb0	024d6133	rem	x2,x26,x4	 x26:0x8000ae64  x4:0x00000000  x2=0x8000ae64
         365164	     18246	80003eb4	019fb1b3	sltu	x3,x31,x25	 x31:0xff057b01 x25:0xffffffff  x3=0x00000001
         365224	     18249	80003eb8	717d	c.addi16sp	x2,-16	  x2:0x8000ae64  x2=0x8000ae54
         365244	     18250	80003eba	8eb5	c.xor	x13,x13	 x13:0xc0000000 x13:0xc0000000 x13=0x00000000
         365284	     18252	80003ebc	0080b333	sltu	x6,x1,x8	  x1:0x000006ff  x8:0x3ffffa6f  x6=0x00000001
         365384	     18257	80003ec0	026a8133	mul	x2,x21,x6	 x21:0x00000000  x6:0x00000001  x2=0x00000000
         365404	     18258	80003ec4	005fa5b3	slt	x11,x31,x5	 x31:0xff057b01  x5:0x00000000 x11=0x00000001
         365464	     18261	80003ec8	af92f793	andi	x15,x5,-1287	  x5:0x00000000 x15=0x00000000
         365524	     18264	80003ecc	0294	c.addi4spn	x13,x2,320	 x13=0x00000140
         365584	     18267	80003ece	72346593	ori	x11,x8,1827	  x8:0x3ffffa6f x11=0x3fffff6f
         366364	     18306	80003ed2	02bcc133	div	x2,x25,x11	 x25:0xffffffff x11:0x3fffff6f  x2=0x00000000
         366384	     18307	80003ed6	717d	c.addi16sp	x2,-16	  x2:0x00000000  x2=0xfffffff0
         366404	     18308	80003ed8	0136d013	srli	x0,x13,0x13	 x13:0x00000140  x0=0x00000000
         366424	     18309	80003edc	008f1313	slli	x6,x30,0x8	 x30:0x00000000  x6=0x00000000
         366484	     18312	80003ee0	717d	c.addi16sp	x2,-16	  x2:0xfffffff0  x2=0xffffffe0
         366544	     18315	80003ee2	004250b3	srl	x1,x4,x4	  x4:0x00000000  x4:0x00000000  x1=0x00000000
         366604	     18318	80003ee6	41965933	sra	x18,x12,x25	 x12:0xfffffa0f x25:0xffffffff x18=0xffffffff
         366624	     18319	80003eea	137d	c.addi	x6,-1	  x6:0x00000000  x6=0xffffffff
         366664	     18321	80003eec	ffb5ba93	sltiu	x21,x11,-5	 x11:0x3fffff6f x21=0x00000001
         366724	     18324	80003ef0	1fdb3b13	sltiu	x22,x22,509	 x22:0x00000000 x22=0x00000001
         366784	     18327	80003ef4	41765013	srai	x0,x12,0x17	 x12:0xfffffa0f  x0=0x00000000
         366844	     18330	80003ef8	00d80e33	add	x28,x16,x13	 x16:0x00000000 x13:0x00000140 x28=0x00000140
         366904	     18333	80003efc	01f4b5b3	sltu	x11,x9,x31	  x9:0x00000000 x31:0xff057b01 x11=0x00000001
         366964	     18336	80003f00	717d	c.addi16sp	x2,-16	  x2:0xffffffe0  x2=0xffffffd0
         367024	     18339	80003f02	00b5b8b3	sltu	x17,x11,x11	 x11:0x00000001 x11:0x00000001 x17=0x00000000
         367044	     18340	80003f06	8e95	c.sub	x13,x13	 x13:0x00000140 x13:0x00000140 x13=0x00000000
         367084	     18342	80003f08	8eb5	c.xor	x13,x13	 x13:0x00000000 x13:0x00000000 x13=0x00000000
         367104	     18343	80003f0a	03c2	c.slli	x7,0x10	  x7:0x00000000  x7=0x00000000
         367144	     18345	80003f0c	97da	c.add	x15,x22	 x15:0x00000000 x22:0x00000001 x15=0x00000001
         367164	     18346	80003f0e	8ef5	c.and	x13,x13	 x13:0x00000000 x13:0x00000000 x13=0x00000000
         367204	     18348	80003f10	6bed	c.lui	x23,0x1b	 x23=0x0001b000
         367224	     18349	80003f12	8eb5	c.xor	x13,x13	 x13:0x00000000 x13:0x00000000 x13=0x00000000
         367264	     18351	80003f14	48eb6e17	auipc	x28,0x48eb6	 x28=0xc8eb9f14
         367324	     18354	80003f18	8e55	c.or	x12,x13	 x12:0xfffffa0f x13:0x00000000 x12=0xfffffa0f
         367344	     18355	80003f1a	8dc9	c.or	x11,x10	 x11:0x00000001 x10:0xc0000000 x11=0xc0000001
         367444	     18360	80003f1c	03cb2033	mulhsu	x0,x22,x28	 x22:0x00000001 x28:0xc8eb9f14  x0=0x00000000
         367464	     18361	80003f20	82ed	c.srli	x13,0x1b	 x13:0x00000000 x13=0x00000000
         367504	     18363	80003f22	e0629917	auipc	x18,0xe0629	 x18=0x6062cf22
         367524	     18364	80003f26	717d	c.addi16sp	x2,-16	  x2:0xffffffd0  x2=0xffffffc0
         367564	     18366	80003f28	01851993	slli	x19,x10,0x18	 x10:0xc0000000 x19=0x00000000
         368344	     18405	80003f2c	02a0de33	divu	x28,x1,x10	  x1:0x00000000 x10:0xc0000000 x28=0x00000000
         368364	     18406	80003f30	01469db3	sll	x27,x13,x20	 x13:0x00000000 x20:0x00000000 x27=0x00000000
         368384	     18407	80003f34	41af0033	sub	x0,x30,x26	 x30:0x00000000 x26:0x8000ae64  x0=0x00000000
         368404	     18408	80003f38	00bcacb3	slt	x25,x25,x11	 x25:0xffffffff x11:0xc0000001 x25=0x00000000
         368464	     18411	80003f3c	8685	c.srai	x13,0x1	 x13:0x00000000 x13=0x00000000
         368484	     18412	80003f3e	8f75	c.and	x14,x13	 x14:0xc0000536 x13:0x00000000 x14=0x00000000
         368524	     18414	80003f40	74e3d917	auipc	x18,0x74e3d	 x18=0xf4e40f40
         368584	     18417	80003f44	873e	c.mv	x14,x15	  x0:0x00000000 x15:0x00000001 x14=0x00000001
         368604	     18418	80003f46	8ef5	c.and	x13,x13	 x13:0x00000000 x13:0x00000000 x13=0x00000000
         368664	     18421	80003f48	025ae733	rem	x14,x21,x5	 x21:0x00000001  x5:0x00000000 x14=0x00000001
         368704	     18423	80003f4c	0182ccb3	xor	x25,x5,x24	  x5:0x00000000 x24:0xc0000000 x25=0xc0000000
         368764	     18426	80003f50	8eb5	c.xor	x13,x13	 x13:0x00000000 x13:0x00000000 x13=0x00000000
         368784	     18427	80003f52	0001	c.addi	x0,0	  x0:0x00000000  x0=0x00000000
         368824	     18429	80003f54	014a1e13	slli	x28,x20,0x14	 x20:0x00000000 x28=0x00000000
         369604	     18468	80003f58	03dd4833	div	x16,x26,x29	 x26:0x8000ae64 x29:0xc000017c x16=0x00000001
         369624	     18469	80003f5c	005ef2b3	and	x5,x29,x5	 x29:0xc000017c  x5:0x00000000  x5=0x00000000
         370364	     18506	80003f60	02f043b3	div	x7,x0,x15	  x0:0x00000000 x15:0x00000001  x7=0x00000000
         370444	     18510	80003f64	03832033	mulhsu	x0,x6,x24	  x6:0xffffffff x24:0xc0000000  x0=0x00000000
         370464	     18511	80003f68	0061e0b3	or	x1,x3,x6	  x3:0x00000001  x6:0xffffffff  x1=0xffffffff
         370484	     18512	80003f6c	8ed5	c.or	x13,x13	 x13:0x00000000 x13:0x00000000 x13=0x00000000
         370504	     18513	80003f6e	8bb9	c.andi	x15,14	 x15:0x00000001 x15=0x00000000
         370524	     18514	80003f70	8aad	c.andi	x13,11	 x13:0x00000000 x13=0x00000000
         370564	     18516	80003f72	40d15933	sra	x18,x2,x13	  x2:0xffffffc0 x13:0x00000000 x18=0xffffffc0
         370664	     18521	80003f76	036f85b3	mul	x11,x31,x22	 x31:0xff057b01 x22:0x00000001 x11=0xff057b01
         370684	     18522	80003f7a	00491233	sll	x4,x18,x4	 x18:0xffffffc0  x4:0x00000000  x4=0xffffffc0
         371464	     18561	80003f7e	02c86233	rem	x4,x16,x12	 x16:0x00000001 x12:0xfffffa0f  x4=0x00000001
         371484	     18562	80003f82	8ed5	c.or	x13,x13	 x13:0x00000000 x13:0x00000000 x13=0x00000000
         371504	     18563	80003f84	0001	c.addi	x0,0	  x0:0x00000000  x0=0x00000000
         371524	     18564	80003f86	0127d7b3	srl	x15,x15,x18	 x15:0x00000000 x18:0xffffffc0 x15=0x00000000
         371544	     18565	80003f8a	0e92	c.slli	x29,0x4	 x29:0xc000017c x29=0x000017c0
         371584	     18567	80003f8c	82c1	c.srli	x13,0x10	 x13:0x00000000 x13=0x00000000
         371604	     18568	80003f8e	93ee	c.add	x7,x27	  x7:0x00000000 x27:0x00000000  x7=0x00000000
         371644	     18570	80003f90	01d23a33	sltu	x20,x4,x29	  x4:0x00000001 x29:0x000017c0 x20=0x00000001
         371704	     18573	80003f94	49a9	c.li	x19,10	 x19=0x0000000a
         371764	     18576	80003f96	00c57b33	and	x22,x10,x12	 x10:0xc0000000 x12:0xfffffa0f x22=0xc0000000
         371884	     18582	80003f9a	020630b3	mulhu	x1,x12,x0	 x12:0xfffffa0f  x0:0x00000000  x1=0x00000000
         371904	     18583	80003f9e	ea200513	addi	x10,x0,-350	  x0:0x00000000 x10=0xfffffea2
         371944	     18585	80003fa2	00a8b233	sltu	x4,x17,x10	 x17:0x00000000 x10:0xfffffea2  x4=0x00000001
         372004	     18588	80003fa6	00a663b3	or	x7,x12,x10	 x12:0xfffffa0f x10:0xfffffea2  x7=0xfffffeaf
         372064	     18591	80003faa	0140f333	and	x6,x1,x20	  x1:0x00000000 x20:0x00000001  x6=0x00000000
         372184	     18597	80003fae	02e43cb3	mulhu	x25,x8,x14	  x8:0x3ffffa6f x14:0x00000001 x25=0x00000000
         372204	     18598	80003fb2	6dcd	c.lui	x27,0x13	 x27=0x00013000
         372224	     18599	80003fb4	5a4ba293	slti	x5,x23,1444	 x23:0x0001b000  x5=0x00000000
         372244	     18600	80003fb8	01439a93	slli	x21,x7,0x14	  x7:0xfffffeaf x21=0xeaf00000
         372304	     18603	80003fbc	15fd	c.addi	x11,-1	 x11:0xff057b01 x11=0xff057b00
         372364	     18606	80003fbe	40c58033	sub	x0,x11,x12	 x11:0xff057b00 x12:0xfffffa0f  x0=0x00000000
         372384	     18607	80003fc2	82ed	c.srli	x13,0x1b	 x13:0x00000000 x13=0x00000000
         372424	     18609	80003fc4	359c8913	addi	x18,x25,857	 x25:0x00000000 x18=0x00000359
         372484	     18612	80003fc8	0e94	c.addi4spn	x13,x2,848	 x13=0x00000310
         372544	     18615	80003fca	e30ab493	sltiu	x9,x21,-464	 x21:0xeaf00000  x9=0x00000001
         372604	     18618	80003fce	27a50493	addi	x9,x10,634	 x10:0xfffffea2  x9=0x0000011c
         372704	     18623	80003fd2	02820933	mul	x18,x4,x8	  x4:0x00000001  x8:0x3ffffa6f x18=0x3ffffa6f
         372724	     18624	80003fd6	40a98833	sub	x16,x19,x10	 x19:0x0000000a x10:0xfffffea2 x16=0x00000168
         373504	     18663	80003fda	022a5db3	divu	x27,x20,x2	 x20:0x00000001  x2:0xffffffc0 x27=0x00000000
         373524	     18664	80003fde	0398c093	xori	x1,x17,57	 x17:0x00000000  x1=0x00000039
         373544	     18665	80003fe2	86bd	c.srai	x13,0xf	 x13:0x00000310 x13=0x00000000
         373564	     18666	80003fe4	a54ac893	xori	x17,x21,-1452	 x21:0xeaf00000 x17=0x150ffa54
         373624	     18669	80003fe8	bd862893	slti	x17,x12,-1064	 x12:0xfffffa0f x17=0x00000001
         373684	     18672	80003fec	0001	c.addi	x0,0	  x0:0x00000000  x0=0x00000000
         373704	     18673	80003fee	60ad	c.lui	x1,0xb	  x1=0x0000b000
         373744	     18675	80003ff0	82e1	c.srli	x13,0x18	 x13:0x00000000 x13=0x00000000
         374524	     18714	80003ff2	0236e3b3	rem	x7,x13,x3	 x13:0x00000000  x3:0x00000001  x7=0x00000000
         374544	     18715	80003ff6	8d95	c.sub	x11,x13	 x11:0xff057b00 x13:0x00000000 x11=0xff057b00
         374564	     18716	80003ff8	0c26	c.slli	x24,0x9	 x24:0xc0000000 x24=0x00000000
         374584	     18717	80003ffa	92513993	sltiu	x19,x2,-1755	  x2:0xffffffc0 x19=0x00000000
         374664	     18721	80003ffe	033b60b3	rem	x1,x22,x19	 x22:0xc0000000 x19:0x00000000  x1=0xc0000000
         374684	     18722	80004002	0001	c.addi	x0,0	  x0:0x00000000  x0=0x00000000
         374704	     18723	80004004	0494	c.addi4spn	x13,x2,576	 x13=0x00000200
         374824	     18729	80004006	02f81bb3	mulh	x23,x16,x15	 x16:0x00000168 x15:0x00000000 x23=0x00000000
         374844	     18730	8000400a	01065433	srl	x8,x12,x16	 x12:0xfffffa0f x16:0x00000168  x8=0x00fffffa
         374864	     18731	8000400e	8ed5	c.or	x13,x13	 x13:0x00000200 x13:0x00000200 x13=0x00000200
         374884	     18732	80004010	5e416013	ori	x0,x2,1508	  x2:0xffffffc0  x0=0x00000000
         374944	     18735	80004014	00121a13	slli	x20,x4,0x1	  x4:0x00000001 x20=0x00000002
         375004	     18738	80004018	20bc8093	addi	x1,x25,523	 x25:0x00000000  x1=0x0000020b
         375124	     18744	8000401c	03b23933	mulhu	x18,x4,x27	  x4:0x00000001 x27:0x00000000 x18=0x00000000
         375144	     18745	80004020	0001	c.addi	x0,0	  x0:0x00000000  x0=0x00000000
         375184	     18747	80004022	40dd0033	sub	x0,x26,x13	 x26:0x8000ae64 x13:0x00000200  x0=0x00000000
         375204	     18748	80004026	86c9	c.srai	x13,0x12	 x13:0x00000200 x13=0x00000000
         375244	     18750	80004028	63d5	c.lui	x7,0x15	  x7=0x00015000
         375304	     18753	8000402a	411607b3	sub	x15,x12,x17	 x12:0xfffffa0f x17:0x00000001 x15=0xfffffa0e
         375364	     18756	8000402e	00eee433	or	x8,x29,x14	 x29:0x000017c0 x14:0x00000001  x8=0x000017c1
         376144	     18795	80004032	027363b3	rem	x7,x6,x7	  x6:0x00000000  x7:0x00015000  x7=0x00000000
         376164	     18796	80004036	0197cc33	xor	x24,x15,x25	 x15:0xfffffa0e x25:0x00000000 x24=0xfffffa0e
         376184	     18797	8000403a	6115	c.addi16sp	x2,288	  x2:0xffffffc0  x2=0x000000e0
         376204	     18798	8000403c	c890e793	ori	x15,x1,-887	  x1:0x0000020b x15=0xfffffe8b
         376284	     18802	80004040	025f6eb3	rem	x29,x30,x5	 x30:0x00000000  x5:0x00000000 x29=0x00000000
         376324	     18804	80004044	0416	c.slli	x8,0x5	  x8:0x000017c1  x8=0x0002f820
         376384	     18807	80004046	01979a33	sll	x20,x15,x25	 x15:0xfffffe8b x25:0x00000000 x20=0xfffffe8b
         376404	     18808	8000404a	0f94	c.addi4spn	x13,x2,976	 x13=0x000004b0
         376444	     18810	8000404c	86c1	c.srai	x13,0x10	 x13:0x000004b0 x13=0x00000000
         376464	     18811	8000404e	0001	c.addi	x0,0	  x0:0x00000000  x0=0x00000000
         376504	     18813	80004050	004e81b3	add	x3,x29,x4	 x29:0x00000000  x4:0x00000001  x3=0x00000001
         376564	     18816	80004054	004c1113	slli	x2,x24,0x4	 x24:0xfffffa0e  x2=0xffffa0e0
         376624	     18819	80004058	1cb4ac93	slti	x25,x9,459	  x9:0x0000011c x25=0x00000001
         376684	     18822	8000405c	68c9e4b7	lui	x9,0x68c9e	  x9=0x68c9e000
         376744	     18825	80004060	8eb5	c.xor	x13,x13	 x13:0x00000000 x13:0x00000000 x13=0x00000000
         376804	     18828	80004062	34409837	lui	x16,0x34409	 x16=0x34409000
         376864	     18831	80004066	b609ce93	xori	x29,x19,-1184	 x19:0x00000000 x29=0xfffffb60
         376884	     18832	8000406a	8e95	c.sub	x13,x13	 x13:0x00000000 x13:0x00000000 x13=0x00000000
         376924	     18834	8000406c	8eb5	c.xor	x13,x13	 x13:0x00000000 x13:0x00000000 x13=0x00000000
         376944	     18835	8000406e	082e	c.slli	x16,0xb	 x16:0x34409000 x16=0x04800000
         376984	     18837	80004070	7e15c093	xori	x1,x11,2017	 x11:0xff057b00  x1=0xff057ce1
         377044	     18840	80004074	007a47b3	xor	x15,x20,x7	 x20:0xfffffe8b  x7:0x00000000 x15=0xfffffe8b
         377824	     18879	80004078	02e54eb3	div	x29,x10,x14	 x10:0xfffffea2 x14:0x00000001 x29=0xfffffea2
         377844	     18880	8000407c	01ea9033	sll	x0,x21,x30	 x21:0xeaf00000 x30:0x00000000  x0=0x00000000
         377864	     18881	80004080	13fd	c.addi	x7,-1	  x7:0x00000000  x7=0xffffffff
         377944	     18885	80004082	0204b033	mulhu	x0,x9,x0	  x9:0x68c9e000  x0:0x00000000  x0=0x00000000
         377964	     18886	80004086	010c	c.addi4spn	x11,x2,128	 x11=0xffffa160
         377984	     18887	80004088	8af1	c.andi	x13,28	 x13:0x00000000 x13=0x00000000
         378004	     18888	8000408a	019642b3	xor	x5,x12,x25	 x12:0xfffffa0f x25:0x00000001  x5=0xfffffa0e
         378024	     18889	8000408e	86ed	c.srai	x13,0x1b	 x13:0x00000000 x13=0x00000000
         378064	     18891	80004090	0001	c.addi	x0,0	  x0:0x00000000  x0=0x00000000
         378124	     18894	80004092	00371b93	slli	x23,x14,0x3	 x14:0x00000001 x23=0x00000008
         378184	     18897	80004096	08508413	addi	x8,x1,133	  x1:0xff057ce1  x8=0xff057d66
         378964	     18936	8000409a	03616e33	rem	x28,x2,x22	  x2:0xffffa0e0 x22:0xc0000000 x28=0xffffa0e0
         378984	     18937	8000409e	42636a97	auipc	x21,0x42636	 x21=0xc263a09e
         379004	     18938	800040a2	0001	c.addi	x0,0	  x0:0x00000000  x0=0x00000000
         379024	     18939	800040a4	007c5c93	srli	x25,x24,0x7	 x24:0xfffffa0e x25=0x01fffff4
         379084	     18942	800040a8	9086	c.add	x1,x1	  x1:0xff057ce1  x1:0xff057ce1  x1=0xfe0af9c2
         379144	     18945	800040aa	00b1a633	slt	x12,x3,x11	  x3:0x00000001 x11:0xffffa160 x12=0x00000000
         379164	     18946	800040ae	82a5	c.srli	x13,0x9	 x13:0x00000000 x13=0x00000000
         379204	     18948	800040b0	415f5013	srai	x0,x30,0x15	 x30:0x00000000  x0=0x00000000
         379264	     18951	800040b4	008d81b3	add	x3,x27,x8	 x27:0x00000000  x8:0xff057d66  x3=0xff057d66
         379324	     18954	800040b8	8ff5	c.and	x15,x13	 x15:0xfffffe8b x13:0x00000000 x15=0x00000000
         379344	     18955	800040ba	60c9	c.lui	x1,0x12	  x1=0x00012000
         379384	     18957	800040bc	097d	c.addi	x18,31	 x18:0x00000000 x18=0x0000001f
         379404	     18958	800040be	717d	c.addi16sp	x2,-16	  x2:0xffffa0e0  x2=0xffffa0d0
         379484	     18962	800040c0	022d8e33	mul	x28,x27,x2	 x27:0x00000000  x2:0xffffa0d0 x28=0x00000000
         379504	     18963	800040c4	00c45513	srli	x10,x8,0xc	  x8:0xff057d66 x10=0x000ff057
         379564	     18966	800040c8	01ca0bb3	add	x23,x20,x28	 x20:0xfffffe8b x28:0x00000000 x23=0xfffffe8b
         379624	     18969	800040cc	80c6	c.mv	x1,x17	  x0:0x00000000 x17:0x00000001  x1=0x00000001
         379744	     18975	800040ce	03c691b3	mulh	x3,x13,x28	 x13:0x00000000 x28:0x00000000  x3=0x00000000
         379764	     18976	800040d2	4e233513	sltiu	x10,x6,1250	  x6:0x00000000 x10=0x00000001
         379784	     18977	800040d6	6125	c.addi16sp	x2,96	  x2:0xffffa0d0  x2=0xffffa130
         379804	     18978	800040d8	2fd34c13	xori	x24,x6,765	  x6:0x00000000 x24=0x000002fd
         379864	     18981	800040dc	2f34fd93	andi	x27,x9,755	  x9:0x68c9e000 x27=0x00000000
         379924	     18984	800040e0	00f68cb3	add	x25,x13,x15	 x13:0x00000000 x15:0x00000000 x25=0x00000000
         379984	     18987	800040e4	40a3d933	sra	x18,x7,x10	  x7:0xffffffff x10:0x00000001 x18=0xffffffff
         380044	     18990	800040e8	3354ec37	lui	x24,0x3354e	 x24=0x3354e000
         380104	     18993	800040ec	8d75	c.and	x10,x13	 x10:0x00000001 x13:0x00000000 x10=0x00000000
         380164	     18996	800040ee	95417013	andi	x0,x2,-1708	  x2:0xffffa130  x0=0x00000000
         380224	     18999	800040f2	01755733	srl	x14,x10,x23	 x10:0x00000000 x23:0xfffffe8b x14=0x00000000
         380284	     19002	800040f6	40a55d93	srai	x27,x10,0xa	 x10:0x00000000 x27=0x00000000
         380384	     19007	800040fa	023108b3	mul	x17,x2,x3	  x2:0xffffa130  x3:0x00000000 x17=0x00000000
         380404	     19008	800040fe	82ad	c.srli	x13,0xb	 x13:0x00000000 x13=0x00000000
         380424	     19009	80004100	006e5013	srli	x0,x28,0x6	 x28:0x00000000  x0=0x00000000
         380484	     19012	80004104	02a8ee33	rem	x28,x17,x10	 x17:0x00000000 x10:0x00000000 x28=0x00000000
         380524	     19014	80004108	01205033	srl	x0,x0,x18	  x0:0x00000000 x18:0xffffffff  x0=0x00000000
         380584	     19017	8000410c	015e69b3	or	x19,x28,x21	 x28:0x00000000 x21:0xc263a09e x19=0xc263a09e
         380644	     19020	80004110	009bc5b3	xor	x11,x23,x9	 x23:0xfffffe8b  x9:0x68c9e000 x11=0x97361e8b
         380704	     19023	80004114	41280b33	sub	x22,x16,x18	 x16:0x04800000 x18:0xffffffff x22=0x04800001
         380764	     19026	80004118	05c5	c.addi	x11,17	 x11:0x97361e8b x11=0x97361e9c
         380784	     19027	8000411a	8ef5	c.and	x13,x13	 x13:0x00000000 x13:0x00000000 x13=0x00000000
         380884	     19032	8000411c	02b69733	mulh	x14,x13,x11	 x13:0x00000000 x11:0x97361e9c x14=0x00000000
         380904	     19033	80004120	0694	c.addi4spn	x13,x2,832	 x13=0xffffa470
         380924	     19034	80004122	8eb5	c.xor	x13,x13	 x13:0xffffa470 x13:0xffffa470 x13=0x00000000
         380944	     19035	80004124	a45ae613	ori	x12,x21,-1467	 x21:0xc263a09e x12=0xfffffadf
         381004	     19038	80004128	9832	c.add	x16,x12	 x16:0x04800000 x12:0xfffffadf x16=0x047ffadf
         381024	     19039	8000412a	717d	c.addi16sp	x2,-16	  x2:0xffffa130  x2=0xffffa120
         381064	     19041	8000412c	00b198b3	sll	x17,x3,x11	  x3:0x00000000 x11:0x97361e9c x17=0x00000000
         381124	     19044	80004130	0514	c.addi4spn	x13,x2,640	 x13=0xffffa3a0
         381184	     19047	80004132	00ad01b3	add	x3,x26,x10	 x26:0x8000ae64 x10:0x00000000  x3=0x8000ae64
         381204	     19048	80004136	86b5	c.srai	x13,0xd	 x13:0xffffa3a0 x13=0xfffffffd
         381264	     19051	80004138	03e24033	div	x0,x4,x30	  x4:0x00000001 x30:0x00000000  x0=0x00000000
         382024	     19089	8000413c	0301d3b3	divu	x7,x3,x16	  x3:0x8000ae64 x16:0x047ffadf  x7=0x0000001c
         382044	     19090	80004140	0001	c.addi	x0,0	  x0:0x00000000  x0=0x00000000
         382064	     19091	80004142	8e95	c.sub	x13,x13	 x13:0xfffffffd x13:0xfffffffd x13=0x00000000
         382084	     19092	80004144	018210b3	sll	x1,x4,x24	  x4:0x00000001 x24:0x3354e000  x1=0x00000001
         382104	     19093	80004148	40cfd893	srai	x17,x31,0xc	 x31:0xff057b01 x17=0xfffff057
         382144	     19095	8000414c	8699	c.srai	x13,0x6	 x13:0x00000000 x13=0x00000000
         382204	     19098	8000414e	a19b3c93	sltiu	x25,x22,-1511	 x22:0x04800001 x25=0x00000001
         382224	     19099	80004152	8e95	c.sub	x13,x13	 x13:0x00000000 x13:0x00000000 x13=0x00000000
         382984	     19137	80004154	032e6233	rem	x4,x28,x18	 x28:0x00000000 x18:0xffffffff  x4=0x00000000
         383004	     19138	80004158	6139	c.addi16sp	x2,448	  x2:0xffffa120  x2=0xffffa2e0
         383024	     19139	8000415a	8ed5	c.or	x13,x13	 x13:0x00000000 x13:0x00000000 x13=0x00000000
         383064	     19141	8000415c	03cbd2b3	divu	x5,x23,x28	 x23:0xfffffe8b x28:0x00000000  x5=0xffffffff
         383084	     19142	80004160	89a1	c.andi	x11,8	 x11:0x97361e9c x11=0x00000008
         383104	     19143	80004162	41a18b33	sub	x22,x3,x26	  x3:0x8000ae64 x26:0x8000ae64 x22=0x00000000
         383884	     19182	80004166	02b0d033	divu	x0,x1,x11	  x1:0x00000001 x11:0x00000008  x0=0x00000000
         383964	     19186	8000416a	030b1833	mulh	x16,x22,x16	 x22:0x00000000 x16:0x047ffadf x16=0x00000000
         383984	     19187	8000416e	005fabb3	slt	x23,x31,x5	 x31:0xff057b01  x5:0xffffffff x23=0x00000001
         384004	     19188	80004172	afc1d037	lui	x0,0xafc1d	  x0=0x00000000
         384064	     19191	80004176	012c5d93	srli	x27,x24,0x12	 x24:0x3354e000 x27=0x00000cd5
         384124	     19194	8000417a	909f0493	addi	x9,x30,-1783	 x30:0x00000000  x9=0xfffff909
         384184	     19197	8000417e	91426493	ori	x9,x4,-1772	  x4:0x00000000  x9=0xfffff914
         384204	     19198	80004182	8bda	c.mv	x23,x22	  x0:0x00000000 x22:0x00000000 x23=0x00000000
         384244	     19200	80004184	00ae4733	xor	x14,x28,x10	 x28:0x00000000 x10:0x00000000 x14=0x00000000
         384304	     19203	80004188	00a36033	or	x0,x6,x10	  x6:0x00000000 x10:0x00000000  x0=0x00000000
         384364	     19206	8000418c	f0eaa013	slti	x0,x21,-242	 x21:0xc263a09e  x0=0x00000000
         384424	     19209	80004190	2d123c93	sltiu	x25,x4,721	  x4:0x00000000 x25=0x00000001
         384544	     19215	80004194	03d128b3	mulhsu	x17,x2,x29	  x2:0xffffa2e0 x29:0xfffffea2 x17=0xffffa2e0
         384564	     19216	80004198	6891	c.lui	x17,0x4	 x17=0x00004000
         384604	     19218	8000419a	fdd62d97	auipc	x27,0xfdd62	 x27=0x7dd6619a
         384664	     19221	8000419e	7c248417	auipc	x8,0x7c248	  x8=0xfc24c19e
         384724	     19224	800041a2	2c8c4813	xori	x16,x24,712	 x24:0x3354e000 x16=0x3354e2c8
         384784	     19227	800041a6	945c0697	auipc	x13,0x945c0	 x13=0x145c41a6
         384904	     19233	800041aa	02043033	mulhu	x0,x8,x0	  x8:0xfc24c19e  x0:0x00000000  x0=0x00000000
         384924	     19234	800041ae	009f9033	sll	x0,x31,x9	 x31:0xff057b01  x9:0xfffff914  x0=0x00000000
         384964	     19236	800041b2	019ac933	xor	x18,x21,x25	 x21:0xc263a09e x25:0x00000001 x18=0xc263a09f
         385044	     19240	800041b6	026748b3	div	x17,x14,x6	 x14:0x00000000  x6:0x00000000 x17=0xffffffff
         385084	     19242	800041ba	012d6633	or	x12,x26,x18	 x26:0x8000ae64 x18:0xc263a09f x12=0xc263aeff
         385164	     19246	800041be	02f24633	div	x12,x4,x15	  x4:0x00000000 x15:0x00000000 x12=0xffffffff
         385184	     19247	800041c2	90b2	c.add	x1,x12	  x1:0x00000001 x12:0xffffffff  x1=0x00000000
         385204	     19248	800041c4	18fd	c.addi	x17,-1	 x17:0xffffffff x17=0xfffffffe
         385224	     19249	800041c6	869d	c.srai	x13,0x7	 x13:0x145c41a6 x13=0x0028b883
         385264	     19251	800041c8	0714	c.addi4spn	x13,x2,896	 x13=0xffffa660
         385324	     19254	800041ca	0028feb3	and	x29,x17,x2	 x17:0xfffffffe  x2:0xffffa2e0 x29=0xffffa2e0
         385384	     19257	800041ce	c555b8b7	lui	x17,0xc555b	 x17=0xc555b000
         385444	     19260	800041d2	5441bb93	sltiu	x23,x3,1348	  x3:0x8000ae64 x23=0x00000000
         385564	     19266	800041d6	022027b3	mulhsu	x15,x0,x2	  x0:0x00000000  x2:0xffffa2e0 x15=0x00000000
         386304	     19303	800041da	02b667b3	rem	x15,x12,x11	 x12:0xffffffff x11:0x00000008 x15=0xffffffff
         386384	     19307	800041de	03a91b33	mulh	x22,x18,x26	 x18:0xc263a09f x26:0x8000ae64 x22=0x1ece05b8
         386464	     19311	800041e2	0269a133	mulhsu	x2,x19,x6	 x19:0xc263a09e  x6:0x00000000  x2=0x00000000
         386484	     19312	800041e6	400a82b3	sub	x5,x21,x0	 x21:0xc263a09e  x0:0x00000000  x5=0xc263a09e
         386504	     19313	800041ea	8d8d	c.sub	x11,x11	 x11:0x00000008 x11:0x00000008 x11=0x00000000
         386524	     19314	800041ec	0505f893	andi	x17,x11,80	 x11:0x00000000 x17=0x00000000
         386644	     19320	800041f0	03e52a33	mulhsu	x20,x10,x30	 x10:0x00000000 x30:0x00000000 x20=0x00000000
         386664	     19321	800041f4	db39b693	sltiu	x13,x19,-589	 x19:0xc263a09e x13=0x00000001
         386704	     19323	800041f8	01d25713	srli	x14,x4,0x1d	  x4:0x00000000 x14=0x00000000
         386764	     19326	800041fc	10fd	c.addi	x1,-1	  x1:0x00000000  x1=0xffffffff
         386884	     19332	800041fe	031f3cb3	mulhu	x25,x30,x17	 x30:0x00000000 x17:0x00000000 x25=0x00000000
         386904	     19333	80004202	0cb6	c.slli	x25,0xd	 x25:0x00000000 x25=0x00000000
         386924	     19334	80004204	5eed8393	addi	x7,x27,1518	 x27:0x7dd6619a  x7=0x7dd66788
         386944	     19335	80004208	0001	c.addi	x0,0	  x0:0x00000000  x0=0x00000000
         387024	     19339	8000420a	02a8d7b3	divu	x15,x17,x10	 x17:0x00000000 x10:0x00000000 x15=0xffffffff
         387064	     19341	8000420e	009f6b33	or	x22,x30,x9	 x30:0x00000000  x9:0xfffff914 x22=0xfffff914
         387124	     19344	80004212	006f1b33	sll	x22,x30,x6	 x30:0x00000000  x6:0x00000000 x22=0x00000000
         387184	     19347	80004216	e5adf417	auipc	x8,0xe5adf	  x8=0x65ae3216
         387244	     19350	8000421a	2d6c0513	addi	x10,x24,726	 x24:0x3354e000 x10=0x3354e2d6
         387264	     19351	8000421e	0c36	c.slli	x24,0xd	 x24:0x3354e000 x24=0x9c000000
         387304	     19353	80004220	4e81	c.li	x29,0	 x29=0x00000000
         387324	     19354	80004222	4e05	c.li	x28,1	 x28=0x00000001
         387364	     19356	80004224	4d81	c.li	x27,0	 x27=0x00000000
         387384	     19357	80004226	4c81	c.li	x25,0	 x25=0x00000000
         387424	     19359	80004228	4581	c.li	x11,0	 x11=0x00000000
         387444	     19360	8000422a	4605	c.li	x12,1	 x12=0x00000001
         387484	     19362	8000422c	7450c937	lui	x18,0x7450c	 x18=0x7450c000
         387544	     19365	80004230	a3590913	addi	x18,x18,-1483	 x18:0x7450c000 x18=0x7450ba35
         387604	     19368	80004234	4785	c.li	x15,1	 x15=0x00000001
         387624	     19369	80004236	4981	c.li	x19,0	 x19=0x00000000
         387664	     19371	80004238	6b465437	lui	x8,0x6b465	  x8=0x6b465000
         387724	     19374	8000423c	a0b40413	addi	x8,x8,-1525	  x8:0x6b465000  x8=0x6b464a0b
         387784	     19377	80004240	8e62	c.mv	x28,x24	  x0:0x00000000 x24:0x9c000000 x28=0x9c000000
         387844	     19380	80004242	97b62017	auipc	x0,0x97b62	  x0=0x00000000
         387864	     19381	80004246	010c	c.addi4spn	x11,x2,128	 x11=0x00000080
         387904	     19383	80004248	965e	c.add	x12,x23	 x12:0x00000001 x23:0x00000000 x12=0x00000001
         387924	     19384	8000424a	890e	c.mv	x18,x3	  x0:0x00000000  x3:0x8000ae64 x18=0x8000ae64
         387964	     19386	8000424c	6871	c.lui	x16,0x1c	 x16=0x0001c000
         388744	     19425	8000424e	027066b3	rem	x13,x0,x7	  x0:0x00000000  x7:0x7dd66788 x13=0x00000000
         388764	     19426	80004252	1bfd	c.addi	x23,-1	 x23:0x00000000 x23=0xffffffff
         388824	     19429	80004254	03d88033	mul	x0,x17,x29	 x17:0x00000000 x29:0x00000000  x0=0x00000000
         388844	     19430	80004258	8e99	c.sub	x13,x14	 x13:0x00000000 x14:0x00000000 x13=0x00000000
         388864	     19431	8000425a	6129	c.addi16sp	x2,192	  x2:0x00000000  x2=0x000000c0
         388944	     19435	8000425c	02d1b4b3	mulhu	x9,x3,x13	  x3:0x8000ae64 x13:0x00000000  x9=0x00000000
         388964	     19436	80004260	bf090413	addi	x8,x18,-1040	 x18:0x8000ae64  x8=0x8000aa54
         388984	     19437	80004264	0001	c.addi	x0,0	  x0:0x00000000  x0=0x00000000
         389004	     19438	80004266	0001	c.addi	x0,0	  x0:0x00000000  x0=0x00000000
         389044	     19440	80004268	9952	c.add	x18,x20	 x18:0x8000ae64 x20:0x00000000 x18=0x8000ae64
         389104	     19443	8000426a	00c30c33	add	x24,x6,x12	  x6:0x00000000 x12:0x00000001 x24=0x00000001
         389224	     19449	8000426e	027633b3	mulhu	x7,x12,x7	 x12:0x00000001  x7:0x7dd66788  x7=0x00000000
         389244	     19450	80004272	8262	c.mv	x4,x24	  x0:0x00000000 x24:0x00000001  x4=0x00000001
         389264	     19451	80004274	41f18033	sub	x0,x3,x31	  x3:0x8000ae64 x31:0xff057b01  x0=0x00000000
         389284	     19452	80004278	0dd1	c.addi	x27,20	 x27:0x00000000 x27=0x00000014
         389364	     19456	8000427a	027848b3	div	x17,x16,x7	 x16:0x0001c000  x7:0x00000000 x17=0xffffffff
         389464	     19461	8000427e	03031e33	mulh	x28,x6,x16	  x6:0x00000000 x16:0x0001c000 x28=0x00000000
         389484	     19462	80004282	ad2a0a93	addi	x21,x20,-1326	 x20:0x00000000 x21=0xfffffad2
         389504	     19463	80004286	0001	c.addi	x0,0	  x0:0x00000000  x0=0x00000000
         389564	     19466	80004288	02400033	mul	x0,x0,x4	  x0:0x00000000  x4:0x00000001  x0=0x00000000
         389584	     19467	8000428c	41555713	srai	x14,x10,0x15	 x10:0x3354e2d6 x14=0x0000019a
         390364	     19506	80004290	03296033	rem	x0,x18,x18	 x18:0x8000ae64 x18:0x8000ae64  x0=0x00000000
         390384	     19507	80004294	01462733	slt	x14,x12,x20	 x12:0x00000001 x20:0x00000000 x14=0x00000000
         390404	     19508	80004298	002ae5b3	or	x11,x21,x2	 x21:0xfffffad2  x2:0x000000c0 x11=0xfffffad2
         390424	     19509	8000429c	38efa793	slti	x15,x31,910	 x31:0xff057b01 x15=0x00000001
         390484	     19512	800042a0	40a6d093	srai	x1,x13,0xa	 x13:0x00000000  x1=0x00000000
         390544	     19515	800042a4	8b12	c.mv	x22,x4	  x0:0x00000000  x4:0x00000001 x22=0x00000001
         390604	     19518	800042a6	00a4c7b3	xor	x15,x9,x10	  x9:0x00000000 x10:0x3354e2d6 x15=0x3354e2d6
         391384	     19557	800042aa	03aa4e33	div	x28,x20,x26	 x20:0x00000000 x26:0x8000ae64 x28=0x00000000
         391404	     19558	800042ae	0182b833	sltu	x16,x5,x24	  x5:0xc263a09e x24:0x00000001 x16=0x00000000
         391424	     19559	800042b2	8ef9	c.and	x13,x14	 x13:0x00000000 x14:0x00000000 x13=0x00000000
         391444	     19560	800042b4	717d	c.addi16sp	x2,-16	  x2:0x000000c0  x2=0x000000b0
         391504	     19563	800042b6	01a65433	srl	x8,x12,x26	 x12:0x00000001 x26:0x8000ae64  x8=0x00000000
         391524	     19564	800042ba	908a	c.add	x1,x2	  x1:0x00000000  x2:0x000000b0  x1=0x000000b0
         391564	     19566	800042bc	01da5db3	srl	x27,x20,x29	 x20:0x00000000 x29:0x00000000 x27=0x00000000
         391624	     19569	800042c0	843a	c.mv	x8,x14	  x0:0x00000000 x14:0x00000000  x8=0x00000000
         391644	     19570	800042c2	8ef5	c.and	x13,x13	 x13:0x00000000 x13:0x00000000 x13=0x00000000
         391684	     19572	800042c4	0bb8f013	andi	x0,x17,187	 x17:0xffffffff  x0=0x00000000
         391744	     19575	800042c8	01d69e33	sll	x28,x13,x29	 x13:0x00000000 x29:0x00000000 x28=0x00000000
         391804	     19578	800042cc	11cef313	andi	x6,x29,284	 x29:0x00000000  x6=0x00000000
         391864	     19581	800042d0	7b804693	xori	x13,x0,1976	  x0:0x00000000 x13=0x000007b8
         391924	     19584	800042d4	01754113	xori	x2,x10,23	 x10:0x3354e2d6  x2=0x3354e2c1
         391984	     19587	800042d8	02ad	c.addi	x5,11	  x5:0xc263a09e  x5=0xc263a0a9
         392104	     19593	800042da	03a8b4b3	mulhu	x9,x17,x26	 x17:0xffffffff x26:0x8000ae64  x9=0x8000ae63
         392124	     19594	800042de	1294	c.addi4spn	x13,x2,352	 x13=0x3354e421
         392144	     19595	800042e0	358bbe17	auipc	x28,0x358bb	 x28=0xb58bf2e0
         392224	     19599	800042e4	029c1333	mulh	x6,x24,x9	 x24:0x00000001  x9:0x8000ae63  x6=0xffffffff
         392244	     19600	800042e8	009266b3	or	x13,x4,x9	  x4:0x00000001  x9:0x8000ae63 x13=0x8000ae63
         392284	     19602	800042ec	224fea93	ori	x21,x31,548	 x31:0xff057b01 x21=0xff057b25
         392344	     19605	800042f0	f56ece93	xori	x29,x29,-170	 x29:0x00000000 x29=0xffffff56
         392404	     19608	800042f4	0094	c.addi4spn	x13,x2,64	 x13=0x3354e301
         392464	     19611	800042f6	608a8b93	addi	x23,x21,1544	 x21:0xff057b25 x23=0xff05812d
         392584	     19617	800042fa	02b23b33	mulhu	x22,x4,x11	  x4:0x00000001 x11:0xfffffad2 x22=0x00000000
         392604	     19618	800042fe	8cb6e793	ori	x15,x13,-1845	 x13:0x3354e301 x15=0xfffffbcb
         392644	     19620	80004302	01f0aab3	slt	x21,x1,x31	  x1:0x000000b0 x31:0xff057b01 x21=0x00000000
         392704	     19623	80004306	00299113	slli	x2,x19,0x2	 x19:0x00000000  x2=0x00000000
         392764	     19626	8000430a	013f6033	or	x0,x30,x19	 x30:0x00000000 x19:0x00000000  x0=0x00000000
         392824	     19629	8000430e	6feec293	xori	x5,x29,1790	 x29:0xffffff56  x5=0xfffff9a8
         392884	     19632	80004312	9c5b2013	slti	x0,x22,-1595	 x22:0x00000000  x0=0x00000000
         392944	     19635	80004316	00365413	srli	x8,x12,0x3	 x12:0x00000001  x8=0x00000000
         393004	     19638	8000431a	01be2033	slt	x0,x28,x27	 x28:0xb58bf2e0 x27:0x00000000  x0=0x00000000
         393024	     19639	8000431e	8e95	c.sub	x13,x13	 x13:0x3354e301 x13:0x3354e301 x13=0x00000000
         393064	     19641	80004320	01305a93	srli	x21,x0,0x13	  x0:0x00000000 x21=0x00000000
         393124	     19644	80004324	c1b3f593	andi	x11,x7,-997	  x7:0x00000000 x11=0x00000000
         393184	     19647	80004328	6a75	c.lui	x20,0x1d	 x20=0x0001d000
         393204	     19648	8000432a	96d2	c.add	x13,x20	 x13:0x00000000 x20:0x0001d000 x13=0x0001d000
         393244	     19650	8000432c	83d9	c.srli	x15,0x16	 x15:0xfffffbcb x15=0x000003ff
         393264	     19651	8000432e	614d	c.addi16sp	x2,176	  x2:0x00000000  x2=0x000000b0
         393304	     19653	80004330	01009693	slli	x13,x1,0x10	  x1:0x000000b0 x13=0x00b00000
         393424	     19659	80004334	03b59033	mulh	x0,x11,x27	 x11:0x00000000 x27:0x00000000  x0=0x00000000
         393444	     19660	80004338	4501	c.li	x10,0	 x10=0x00000000
         393484	     19662	8000433a	68d8feb7	lui	x29,0x68d8f	 x29=0x68d8f000
         393544	     19665	8000433e	fa9e8e93	addi	x29,x29,-87	 x29:0x68d8f000 x29=0x68d8efa9
         393604	     19668	80004342	6df95e37	lui	x28,0x6df95	 x28=0x6df95000
         393664	     19671	80004346	6d4e0e13	addi	x28,x28,1748	 x28:0x6df95000 x28=0x6df956d4
         393684	     19672	8000434a	4d85	c.li	x27,1	 x27=0x00000001
         393724	     19674	8000434c	4c81	c.li	x25,0	 x25=0x00000000
         393744	     19675	8000434e	4881	c.li	x17,0	 x17=0x00000000
         393784	     19677	80004350	4381	c.li	x7,0	  x7=0x00000000
         393844	     19680	80004352	7d2a3737	lui	x14,0x7d2a3	 x14=0x7d2a3000
         393904	     19683	80004356	38970713	addi	x14,x14,905	 x14:0x7d2a3000 x14=0x7d2a3389
         393964	     19686	8000435a	49c02c37	lui	x24,0x49c02	 x24=0x49c02000
         394024	     19689	8000435e	3e4c0c13	addi	x24,x24,996	 x24:0x49c02000 x24=0x49c023e4
         394044	     19690	80004362	4101	c.li	x2,0	  x2=0x00000000
         394084	     19692	80004364	717d	c.addi16sp	x2,-16	  x2:0x00000000  x2=0xfffffff0
         394144	     19695	80004366	3be4a417	auipc	x8,0x3be4a	  x8=0xbbe4e366
         394164	     19696	8000436a	0499	c.addi	x9,6	  x9:0x8000ae63  x9=0x8000ae69
         394244	     19700	8000436c	038c0db3	mul	x27,x24,x24	 x24:0x49c023e4 x24:0x49c023e4 x27=0xe3082310
         394284	     19702	80004370	020167b3	rem	x15,x2,x0	  x2:0xfffffff0  x0:0x00000000 x15=0xfffffff0
         394324	     19704	80004374	41b60ab3	sub	x21,x12,x27	 x12:0x00000001 x27:0xe3082310 x21=0x1cf7dcf1
         394384	     19707	80004378	826ab297	auipc	x5,0x826ab	  x5=0x026af378
         394444	     19710	8000437c	49b9	c.li	x19,14	 x19=0x0000000e
         394464	     19711	8000437e	0a7d	c.addi	x20,31	 x20:0x0001d000 x20=0x0001d01f
         394564	     19716	80004380	02eb35b3	mulhu	x11,x22,x14	 x22:0x00000000 x14:0x7d2a3389 x11=0x00000000
         394584	     19717	80004384	0094	c.addi4spn	x13,x2,64	 x13=0x00000030
         394604	     19718	80004386	6c85	c.lui	x25,0x1	 x25=0x00001000
         394624	     19719	80004388	717d	c.addi16sp	x2,-16	  x2:0xfffffff0  x2=0xffffffe0
         394684	     19722	8000438a	003b8533	add	x10,x23,x3	 x23:0xff05812d  x3:0x8000ae64 x10=0x7f062f91
         394704	     19723	8000438e	621d	c.lui	x4,0x7	  x4=0x00007000
         394804	     19728	80004390	03f235b3	mulhu	x11,x4,x31	  x4:0x00007000 x31:0xff057b01 x11=0x00006f92
         394824	     19729	80004394	8e95	c.sub	x13,x13	 x13:0x00000030 x13:0x00000030 x13=0x00000000
         394864	     19731	80004396	00f20b33	add	x22,x4,x15	  x4:0x00007000 x15:0xfffffff0 x22=0x00006ff0
         394884	     19732	8000439a	6105	c.addi16sp	x2,32	  x2:0xffffffe0  x2=0x00000000
         394924	     19734	8000439c	6491	c.lui	x9,0x4	  x9=0x00004000
         394944	     19735	8000439e	0314	c.addi4spn	x13,x2,384	 x13=0x00000180
         394984	     19737	800043a0	53fd	c.li	x7,-1	  x7=0xffffffff
         395044	     19740	800043a2	01f091b3	sll	x3,x1,x31	  x1:0x000000b0 x31:0xff057b01  x3=0x00000160
         395104	     19743	800043a6	004e9993	slli	x19,x29,0x4	 x29:0x68d8efa9 x19=0x8d8efa90
         395164	     19746	800043aa	00035c93	srli	x25,x6,0x0	  x6:0xffffffff x25=0xffffffff
         395284	     19752	800043ae	036fb9b3	mulhu	x19,x31,x22	 x31:0xff057b01 x22:0x00006ff0 x19=0x00006f82
         395304	     19753	800043b2	8e9d	c.sub	x13,x15	 x13:0x00000180 x15:0xfffffff0 x13=0x00000190
         395324	     19754	800043b4	01cf1b93	slli	x23,x30,0x1c	 x30:0x00000000 x23=0x00000000
         395344	     19755	800043b8	0001	c.addi	x0,0	  x0:0x00000000  x0=0x00000000
         395444	     19760	800043ba	03ff8033	mul	x0,x31,x31	 x31:0xff057b01 x31:0xff057b01  x0=0x00000000
         395524	     19764	800043be	02899433	mulh	x8,x19,x8	 x19:0x00006f82  x8:0xbbe4e366  x8=0xffffe255
         395544	     19765	800043c2	8eb5	c.xor	x13,x13	 x13:0x00000190 x13:0x00000190 x13=0x00000000
         395564	     19766	800043c4	011628b3	slt	x17,x12,x17	 x12:0x00000001 x17:0x00000000 x17=0x00000000
         395584	     19767	800043c8	89a9	c.andi	x11,10	 x11:0x00006f92 x11=0x00000002
         395644	     19770	800043ca	d3688313	addi	x6,x17,-714	 x17:0x00000000  x6=0xfffffd36
         395704	     19773	800043ce	8e23ca13	xori	x20,x7,-1822	  x7:0xffffffff x20=0x0000071d
         395764	     19776	800043d2	01fc9533	sll	x10,x25,x31	 x25:0xffffffff x31:0xff057b01 x10=0xfffffffe
         395784	     19777	800043d6	93e2	c.add	x7,x24	  x7:0xffffffff x24:0x49c023e4  x7=0x49c023e3
         395824	     19779	800043d8	01b0fbb3	and	x23,x1,x27	  x1:0x000000b0 x27:0xe3082310 x23=0x00000010
         395884	     19782	800043dc	af1e35b7	lui	x11,0xaf1e3	 x11=0xaf1e3000
         395944	     19785	800043e0	01559433	sll	x8,x11,x21	 x11:0xaf1e3000 x21:0x1cf7dcf1  x8=0x60000000
         396004	     19788	800043e4	82e1	c.srli	x13,0x18	 x13:0x00000000 x13=0x00000000
         396064	     19791	800043e6	01f050b3	srl	x1,x0,x31	  x0:0x00000000 x31:0xff057b01  x1=0x00000000
         396124	     19794	800043ea	400a52b3	sra	x5,x20,x0	 x20:0x0000071d  x0:0x00000000  x5=0x0000071d
         396244	     19800	800043ee	038eb533	mulhu	x10,x29,x24	 x29:0x68d8efa9 x24:0x49c023e4 x10=0x1e348dbd
         396264	     19801	800043f2	07f2	c.slli	x15,0x1c	 x15:0xfffffff0 x15=0x00000000
         396284	     19802	800043f4	0001	c.addi	x0,0	  x0:0x00000000  x0=0x00000000
         396364	     19806	800043f6	039f9033	mulh	x0,x31,x25	 x31:0xff057b01 x25:0xffffffff  x0=0x00000000
         396384	     19807	800043fa	87aeb713	sltiu	x14,x29,-1926	 x29:0x68d8efa9 x14=0x00000001
         396404	     19808	800043fe	5e7d	c.li	x28,-1	 x28=0xffffffff
         396424	     19809	80004400	86fd	c.srai	x13,0x1f	 x13:0x00000000 x13=0x00000000
         396544	     19815	80004402	026735b3	mulhu	x11,x14,x6	 x14:0x00000001  x6:0xfffffd36 x11=0x00000000
         396564	     19816	80004406	01455993	srli	x19,x10,0x14	 x10:0x1e348dbd x19=0x000001e3
         396604	     19818	8000440a	0129f6b3	and	x13,x19,x18	 x19:0x000001e3 x18:0x8000ae64 x13=0x00000060
         396624	     19819	8000440e	65fd	c.lui	x11,0x1f	 x11=0x0001f000
         396684	     19822	80004410	0212d033	divu	x0,x5,x1	  x5:0x0000071d  x1:0x00000000  x0=0x00000000
         396724	     19824	80004414	846d	c.srai	x8,0x1b	  x8:0x60000000  x8=0x0000000c
         396784	     19827	80004416	0128db33	srl	x22,x17,x18	 x17:0x00000000 x18:0x8000ae64 x22=0x00000000
         396904	     19833	8000441a	03f59633	mulh	x12,x11,x31	 x11:0x0001f000 x31:0xff057b01 x12=0xfffffe1a
         396924	     19834	8000441e	0566c913	xori	x18,x13,86	 x13:0x00000060 x18=0x00000036
         396964	     19836	80004422	413508b3	sub	x17,x10,x19	 x10:0x1e348dbd x19:0x000001e3 x17=0x1e348bda
         396984	     19837	80004426	0e94	c.addi4spn	x13,x2,848	 x13=0x00000350
         397744	     19875	80004428	037957b3	divu	x15,x18,x23	 x18:0x00000036 x23:0x00000010 x15=0x00000003
         397764	     19876	8000442c	983ef293	andi	x5,x29,-1661	 x29:0x68d8efa9  x5=0x68d8e981
         397784	     19877	80004430	60a5	c.lui	x1,0x9	  x1=0x00009000
         397804	     19878	80004432	6623fdb7	lui	x27,0x6623f	 x27=0x6623f000
         397864	     19881	80004436	96062b93	slti	x23,x12,-1696	 x12:0xfffffe1a x23=0x00000000
         397924	     19884	8000443a	00ff1833	sll	x16,x30,x15	 x30:0x00000000 x15:0x00000003 x16=0x00000000
         397944	     19885	8000443e	86c5	c.srai	x13,0x11	 x13:0x00000350 x13=0x00000000
         397984	     19887	80004440	1efd	c.addi	x29,-1	 x29:0x68d8efa9 x29=0x68d8efa8
         398044	     19890	80004442	00e667b3	or	x15,x12,x14	 x12:0xfffffe1a x14:0x00000001 x15=0xfffffe1b
         398824	     19929	80004446	025bd033	divu	x0,x23,x5	 x23:0x00000000  x5:0x68d8e981  x0=0x00000000
         398844	     19930	8000444a	0013d813	srli	x16,x7,0x1	  x7:0x49c023e3 x16=0x24e011f1
         398864	     19931	8000444e	0001	c.addi	x0,0	  x0:0x00000000  x0=0x00000000
         398884	     19932	80004450	8e81	c.sub	x13,x8	 x13:0x00000000  x8:0x0000000c x13=0xfffffff4
         398904	     19933	80004452	415d	c.li	x2,23	  x2=0x00000017
         398944	     19935	80004454	a896a393	slti	x7,x13,-1399	 x13:0xfffffff4  x7=0x00000000
         399004	     19938	80004458	013d7333	and	x6,x26,x19	 x26:0x8000ae64 x19:0x000001e3  x6=0x00000060
         399064	     19941	8000445c	416e5333	sra	x6,x28,x22	 x28:0xffffffff x22:0x00000000  x6=0xffffffff
         399124	     19944	80004460	8e95	c.sub	x13,x13	 x13:0xfffffff4 x13:0xfffffff4 x13=0x00000000
         399144	     19945	80004462	8e95	c.sub	x13,x13	 x13:0x00000000 x13:0x00000000 x13=0x00000000
         399184	     19947	80004464	6c79	c.lui	x24,0x1e	 x24=0x0001e000
         399204	     19948	80004466	6639	c.lui	x12,0xe	 x12=0x0000e000
         399244	     19950	80004468	0001	c.addi	x0,0	  x0:0x00000000  x0=0x00000000
         399304	     19953	8000446a	9c647cb7	lui	x25,0x9c647	 x25=0x9c647000
         399424	     19959	8000446e	025b2833	mulhsu	x16,x22,x5	 x22:0x00000000  x5:0x68d8e981 x16=0x00000000
         399444	     19960	80004472	00cb5093	srli	x1,x22,0xc	 x22:0x00000000  x1=0x00000000
         399484	     19962	80004476	01a228b3	slt	x17,x4,x26	  x4:0x00007000 x26:0x8000ae64 x17=0x00000000
         399544	     19965	8000447a	40775e13	srai	x28,x14,0x7	 x14:0x00000001 x28=0x00000000
         399604	     19968	8000447e	009df533	and	x10,x27,x9	 x27:0x6623f000  x9:0x00004000 x10=0x00004000
         399664	     19971	80004482	4113d913	srai	x18,x7,0x11	  x7:0x00000000 x18=0x00000000
         399724	     19974	80004486	007f5b33	srl	x22,x30,x7	 x30:0x00000000  x7:0x00000000 x22=0x00000000
         399744	     19975	8000448a	86bd	c.srai	x13,0xf	 x13:0x00000000 x13=0x00000000
         399784	     19977	8000448c	40885413	srai	x8,x16,0x8	 x16:0x00000000  x8=0x00000000
         399844	     19980	80004490	8f35	c.xor	x14,x13	 x14:0x00000001 x13:0x00000000 x14=0x00000001
         399904	     19983	80004492	40660eb3	sub	x29,x12,x6	 x12:0x0000e000  x6:0xffffffff x29=0x0000e001
         399964	     19986	80004496	004b2b33	slt	x22,x22,x4	 x22:0x00000000  x4:0x00007000 x22=0x00000001
         400744	     20025	8000449a	03884c33	div	x24,x16,x24	 x16:0x00000000 x24:0x0001e000 x24=0x00000000
         400764	     20026	8000449e	400adb13	srai	x22,x21,0x0	 x21:0x1cf7dcf1 x22=0x1cf7dcf1
         400784	     20027	800044a2	c3eee813	ori	x16,x29,-962	 x29:0x0000e001 x16=0xfffffc3f
         400804	     20028	800044a6	8e75	c.and	x12,x13	 x12:0x0000e000 x13:0x00000000 x12=0x00000000
         400864	     20031	800044a8	036a	c.slli	x6,0x1a	  x6:0xffffffff  x6=0xfc000000
         400924	     20034	800044aa	012476b3	and	x13,x8,x18	  x8:0x00000000 x18:0x00000000 x13=0x00000000
         400944	     20035	800044ae	66c1	c.lui	x13,0x10	 x13=0x00010000
         401704	     20073	800044b0	0294ca33	div	x20,x9,x9	  x9:0x00004000  x9:0x00004000 x20=0x00000001
         401724	     20074	800044b4	829d	c.srli	x13,0x7	 x13:0x00010000 x13=0x00000200
         401744	     20075	800044b6	8db37013	andi	x0,x6,-1829	  x6:0xfc000000  x0=0x00000000
         401764	     20076	800044ba	01ecd493	srli	x9,x25,0x1e	 x25:0x9c647000  x9=0x00000002
         401824	     20079	800044be	40d084b3	sub	x9,x1,x13	  x1:0x00000000 x13:0x00000200  x9=0xfffffe00
         401844	     20080	800044c2	073e	c.slli	x14,0xf	 x14:0x00000001 x14=0x00008000
         401884	     20082	800044c4	a5ad6293	ori	x5,x26,-1446	 x26:0x8000ae64  x5=0xfffffe7e
         402004	     20088	800044c8	03d510b3	mulh	x1,x10,x29	 x10:0x00004000 x29:0x0000e001  x1=0x00000000
         402024	     20089	800044cc	00c214b3	sll	x9,x4,x12	  x4:0x00007000 x12:0x00000000  x9=0x00007000
         402064	     20091	800044d0	6347b013	sltiu	x0,x15,1588	 x15:0xfffffe1b  x0=0x00000000
         402124	     20094	800044d4	2a2d4013	xori	x0,x26,674	 x26:0x8000ae64  x0=0x00000000
         402904	     20133	800044d8	024dc1b3	div	x3,x27,x4	 x27:0x6623f000  x4:0x00007000  x3=0x0000e976
         402924	     20134	800044dc	6105	c.addi16sp	x2,32	  x2:0x00000017  x2=0x00000037
         403004	     20138	800044de	0365adb3	mulhsu	x27,x11,x22	 x11:0x0001f000 x22:0x1cf7dcf1 x27=0x00003820
         403024	     20139	800044e2	82b9	c.srli	x13,0xe	 x13:0x00000200 x13=0x00000000
         403044	     20140	800044e4	013c03b3	add	x7,x24,x19	 x24:0x00000000 x19:0x000001e3  x7=0x000001e3
         403064	     20141	800044e8	221ee013	ori	x0,x29,545	 x29:0x0000e001  x0=0x00000000
         403084	     20142	800044ec	545ef113	andi	x2,x29,1349	 x29:0x0000e001  x2=0x00000001
         403144	     20145	800044f0	8479	c.srai	x8,0x1e	  x8:0x00000000  x8=0x00000000
         403164	     20146	800044f2	0001	c.addi	x0,0	  x0:0x00000000  x0=0x00000000
         403204	     20148	800044f4	843a5997	auipc	x19,0x843a5	 x19=0x043a94f4
         403324	     20154	800044f8	03cc3133	mulhu	x2,x24,x28	 x24:0x00000000 x28:0x00000000  x2=0x00000000
         403344	     20155	800044fc	1af60c13	addi	x24,x12,431	 x12:0x00000000 x24=0x000001af
         403384	     20157	80004500	6bad	c.lui	x23,0xb	 x23=0x0000b000
         403444	     20160	80004502	f54ad017	auipc	x0,0xf54ad	  x0=0x00000000
         403464	     20161	80004506	8eb5	c.xor	x13,x13	 x13:0x00000000 x13:0x00000000 x13=0x00000000
         403504	     20163	80004508	8ead	c.xor	x13,x11	 x13:0x00000000 x11:0x0001f000 x13=0x0001f000
         403524	     20164	8000450a	8ff5	c.and	x15,x13	 x15:0xfffffe1b x13:0x0001f000 x15=0x0001f000
         403564	     20166	8000450c	011c65b3	or	x11,x24,x17	 x24:0x000001af x17:0x00000000 x11=0x000001af
         403624	     20169	80004510	0304	c.addi4spn	x9,x2,384	  x9=0x00000180
         403684	     20172	80004512	66e1a013	slti	x0,x3,1646	  x3:0x0000e976  x0=0x00000000
         403744	     20175	80004516	fae18617	auipc	x12,0xfae18	 x12=0x7ae1c516
         403804	     20178	8000451a	d2a5b713	sltiu	x14,x11,-726	 x11:0x000001af x14=0x00000001
         403864	     20181	8000451e	abc5c413	xori	x8,x11,-1348	 x11:0x000001af  x8=0xfffffb13
         403884	     20182	80004522	9122	c.add	x2,x8	  x2:0x00000000  x8:0xfffffb13  x2=0xfffffb13
         403924	     20184	80004524	8eb5	c.xor	x13,x13	 x13:0x0001f000 x13:0x0001f000 x13=0x00000000
         403944	     20185	80004526	02f2	c.slli	x5,0x1c	  x5:0xfffffe7e  x5=0xe0000000
         403984	     20187	80004528	007ed3b3	srl	x7,x29,x7	 x29:0x0000e001  x7:0x000001e3  x7=0x00001c00
         404104	     20193	8000452c	02c0a333	mulhsu	x6,x1,x12	  x1:0x00000000 x12:0x7ae1c516  x6=0x00000000
         404124	     20194	80004530	40e1d893	srai	x17,x3,0xe	  x3:0x0000e976 x17=0x00000003
         404164	     20196	80004534	0096	c.slli	x1,0x5	  x1:0x00000000  x1=0x00000000
         404224	     20199	80004536	24fab513	sltiu	x10,x21,591	 x21:0x1cf7dcf1 x10=0x00000000
         404284	     20202	8000453a	0104d8b3	srl	x17,x9,x16	  x9:0x00000180 x16:0xfffffc3f x17=0x00000000
         405064	     20241	8000453e	02fec3b3	div	x7,x29,x15	 x29:0x0000e001 x15:0x0001f000  x7=0x00000000
         405084	     20242	80004542	8ea5	c.xor	x13,x9	 x13:0x00000000  x9:0x00000180 x13=0x00000180
         405104	     20243	80004544	5d908713	addi	x14,x1,1497	  x1:0x00000000 x14=0x000005d9
         405124	     20244	80004548	04dd	c.addi	x9,23	  x9:0x00000180  x9=0x00000197
         405144	     20245	8000454a	8065	c.srli	x8,0x19	  x8:0xfffffb13  x8=0x0000007f
         405184	     20247	8000454c	0131d933	srl	x18,x3,x19	  x3:0x0000e976 x19:0x043a94f4 x18=0x00000000
         405244	     20250	80004550	04aa	c.slli	x9,0xa	  x9:0x00000197  x9=0x00065c00
         405304	     20253	80004552	acd0ea13	ori	x20,x1,-1331	  x1:0x00000000 x20=0xfffffacd
         405364	     20256	80004556	bc173c13	sltiu	x24,x14,-1087	 x14:0x000005d9 x24=0x00000001
         405484	     20262	8000455a	03ba2033	mulhsu	x0,x20,x27	 x20:0xfffffacd x27:0x00003820  x0=0x00000000
         405504	     20263	8000455e	0094	c.addi4spn	x13,x2,64	 x13=0xfffffb53
         405524	     20264	80004560	127d	c.addi	x4,-1	  x4:0x00007000  x4=0x00006fff
         405584	     20267	80004562	02e28433	mul	x8,x5,x14	  x5:0xe0000000 x14:0x000005d9  x8=0xe0000000
         405604	     20268	80004566	407a0493	addi	x9,x20,1031	 x20:0xfffffacd  x9=0xfffffed4
         405664	     20271	8000456a	01565713	srli	x14,x12,0x15	 x12:0x7ae1c516 x14=0x000003d7
         405684	     20272	8000456e	8c62	c.mv	x24,x24	  x0:0x00000000 x24:0x00000001 x24=0x00000001
         405724	     20274	80004570	82c9	c.srli	x13,0x12	 x13:0xfffffb53 x13=0x00003fff
         405784	     20277	80004572	418bd0b3	sra	x1,x23,x24	 x23:0x0000b000 x24:0x00000001  x1=0x00005800
         405804	     20278	80004576	0001	c.addi	x0,0	  x0:0x00000000  x0=0x00000000
         405904	     20283	80004578	03e69bb3	mulh	x23,x13,x30	 x13:0x00003fff x30:0x00000000 x23=0x00000000
         405924	     20284	8000457c	0161f3b3	and	x7,x3,x22	  x3:0x0000e976 x22:0x1cf7dcf1  x7=0x0000c870
         405964	     20286	80004580	80d2	c.mv	x1,x20	  x0:0x00000000 x20:0xfffffacd  x1=0xfffffacd
         406024	     20289	80004582	01c8e2b3	or	x5,x17,x28	 x17:0x00000000 x28:0x00000000  x5=0x00000000
         406044	     20290	80004586	86b9	c.srai	x13,0xe	 x13:0x00003fff x13=0x00000000
         406084	     20292	80004588	8e95	c.sub	x13,x13	 x13:0x00000000 x13:0x00000000 x13=0x00000000
         406204	     20298	8000458a	0200abb3	mulhsu	x23,x1,x0	  x1:0xfffffacd  x0:0x00000000 x23=0x00000000
         406224	     20299	8000458e	1e8d3037	lui	x0,0x1e8d3	  x0=0x00000000
         406264	     20301	80004592	01ebaab3	slt	x21,x23,x30	 x23:0x00000000 x30:0x00000000 x21=0x00000000
         406324	     20304	80004596	00b63333	sltu	x6,x12,x11	 x12:0x7ae1c516 x11:0x000001af  x6=0x00000000
         406384	     20307	8000459a	896f1597	auipc	x11,0x896f1	 x11=0x096f559a
         407164	     20346	8000459e	03b36533	rem	x10,x6,x27	  x6:0x00000000 x27:0x00003820 x10=0x00000000
         407184	     20347	800045a2	0001	c.addi	x0,0	  x0:0x00000000  x0=0x00000000
         407204	     20348	800045a4	6989	c.lui	x19,0x2	 x19=0x00002000
         407224	     20349	800045a6	011d4db3	xor	x27,x26,x17	 x26:0x8000ae64 x17:0x00000000 x27=0x8000ae64
         407244	     20350	800045aa	981e	c.add	x16,x7	 x16:0xfffffc3f  x7:0x0000c870 x16=0x0000c4af
         407284	     20352	800045ac	006d6eb3	or	x29,x26,x6	 x26:0x8000ae64  x6:0x00000000 x29=0x8000ae64
         407404	     20358	800045b0	02f035b3	mulhu	x11,x0,x15	  x0:0x00000000 x15:0x0001f000 x11=0x00000000
         407424	     20359	800045b4	c944ba13	sltiu	x20,x9,-876	  x9:0xfffffed4 x20=0x00000000
         407464	     20361	800045b8	0043c633	xor	x12,x7,x4	  x7:0x0000c870  x4:0x00006fff x12=0x0000a78f
         407524	     20364	800045bc	00959033	sll	x0,x11,x9	 x11:0x00000000  x9:0xfffffed4  x0=0x00000000
         407584	     20367	800045c0	683d	c.lui	x16,0xf	 x16=0x0000f000
         407644	     20370	800045c2	01cbc4b3	xor	x9,x23,x28	 x23:0x00000000 x28:0x00000000  x9=0x00000000
         407664	     20371	800045c6	0314	c.addi4spn	x13,x2,384	 x13=0xfffffc93
         407704	     20373	800045c8	86e9	c.srai	x13,0x1a	 x13:0xfffffc93 x13=0xffffffff
         407764	     20376	800045ca	41a4d233	sra	x4,x9,x26	  x9:0x00000000 x26:0x8000ae64  x4=0x00000000
         408544	     20415	800045ce	02f2d833	divu	x16,x5,x15	  x5:0x00000000 x15:0x0001f000 x16=0x00000000
         408564	     20416	800045d2	002d1cb3	sll	x25,x26,x2	 x26:0x8000ae64  x2:0xfffffb13 x25=0x73200000
         408584	     20417	800045d6	0047b0b3	sltu	x1,x15,x4	 x15:0x0001f000  x4:0x00000000  x1=0x00000000
         408604	     20418	800045da	82c5	c.srli	x13,0x11	 x13:0xffffffff x13=0x00007fff
         408664	     20421	800045dc	60d9	c.lui	x1,0x16	  x1=0x00016000
         408684	     20422	800045de	809e	c.mv	x1,x7	  x0:0x00000000  x7:0x0000c870  x1=0x0000c870
         408724	     20424	800045e0	0294	c.addi4spn	x13,x2,320	 x13=0xfffffc53
         408784	     20427	800045e2	de264a13	xori	x20,x12,-542	 x12:0x0000a78f x20=0xffff5a6d
         408804	     20428	800045e6	147d	c.addi	x8,-1	  x8:0xe0000000  x8=0xdfffffff
         408844	     20430	800045e8	82d9	c.srli	x13,0x16	 x13:0xfffffc53 x13=0x000003ff
         408904	     20433	800045ea	f166aa13	slti	x20,x13,-234	 x13:0x000003ff x20=0x00000000
         408964	     20436	800045ee	00471e93	slli	x29,x14,0x4	 x14:0x000003d7 x29=0x00003d70
         408984	     20437	800045f2	6645	c.lui	x12,0x11	 x12=0x00011000
         409024	     20439	800045f4	07cd6613	ori	x12,x26,124	 x26:0x8000ae64 x12=0x8000ae7c
         409084	     20442	800045f8	0001	c.addi	x0,0	  x0:0x00000000  x0=0x00000000
         409144	     20445	800045fa	00415c13	srli	x24,x2,0x4	  x2:0xfffffb13 x24=0x0fffffb1
         409164	     20446	800045fe	82e9	c.srli	x13,0x1a	 x13:0x000003ff x13=0x00000000
         409204	     20448	80004600	006ec4b3	xor	x9,x29,x6	 x29:0x00003d70  x6:0x00000000  x9=0x00003d70
         409264	     20451	80004604	3fa60513	addi	x10,x12,1018	 x12:0x8000ae7c x10=0x8000b276
         409324	     20454	80004608	0010e033	or	x0,x1,x1	  x1:0x0000c870  x1:0x0000c870  x0=0x00000000
         409384	     20457	8000460c	717d	c.addi16sp	x2,-16	  x2:0xfffffb13  x2=0xfffffb03
         409404	     20458	8000460e	98fd	c.andi	x9,-1	  x9:0x00003d70  x9=0x00003d70
         409444	     20460	80004610	414d00b3	sub	x1,x26,x20	 x26:0x8000ae64 x20:0x00000000  x1=0x8000ae64
         409504	     20463	80004614	0035de13	srli	x28,x11,0x3	 x11:0x00000000 x28=0x00000000
         409564	     20466	80004618	400d0cb3	sub	x25,x26,x0	 x26:0x8000ae64  x0:0x00000000 x25=0x8000ae64
         409644	     20470	8000461c	02064bb3	div	x23,x12,x0	 x12:0x8000ae7c  x0:0x00000000 x23=0xffffffff
         409704	     20473	80004620	02d55cb3	divu	x25,x10,x13	 x10:0x8000b276 x13:0x00000000 x25=0xffffffff
         409744	     20475	80004624	005c4233	xor	x4,x24,x5	 x24:0x0fffffb1  x5:0x00000000  x4=0x0fffffb1
         409804	     20478	80004628	805d	c.srli	x8,0x17	  x8:0xdfffffff  x8=0x000001bf
         409824	     20479	8000462a	9afd	c.andi	x13,-1	 x13:0x00000000 x13=0x00000000
         409864	     20481	8000462c	d308ec93	ori	x25,x17,-720	 x17:0x00000000 x25=0xfffffd30
         409924	     20484	80004630	82a5	c.srli	x13,0x9	 x13:0x00000000 x13=0x00000000
         409944	     20485	80004632	6805	c.lui	x16,0x1	 x16=0x00001000
         409984	     20487	80004634	8291	c.srli	x13,0x4	 x13:0x00000000 x13=0x00000000
         410104	     20493	80004636	0382a0b3	mulhsu	x1,x5,x24	  x5:0x00000000 x24:0x0fffffb1  x1=0x00000000
         410124	     20494	8000463a	df094a93	xori	x21,x18,-528	 x18:0x00000000 x21=0xfffffdf0
         410164	     20496	8000463e	40ce5513	srai	x10,x28,0xc	 x28:0x00000000 x10=0x00000000
         410284	     20502	80004642	0271a333	mulhsu	x6,x3,x7	  x3:0x0000e976  x7:0x0000c870  x6=0x00000000
         410304	     20503	80004646	011bdc33	srl	x24,x23,x17	 x23:0xffffffff x17:0x00000000 x24=0xffffffff
         410364	     20506	8000464a	0201dcb3	divu	x25,x3,x0	  x3:0x0000e976  x0:0x00000000 x25=0xffffffff
         410404	     20508	8000464e	588ce593	ori	x11,x25,1416	 x25:0xffffffff x11=0xffffffff
         410464	     20511	80004652	01cb08b3	add	x17,x22,x28	 x22:0x1cf7dcf1 x28:0x00000000 x17=0x1cf7dcf1
         410524	     20514	80004656	00a11433	sll	x8,x2,x10	  x2:0xfffffb03 x10:0x00000000  x8=0xfffffb03
         410544	     20515	8000465a	57fd	c.li	x15,-1	 x15=0xffffffff
         410584	     20517	8000465c	5638c993	xori	x19,x17,1379	 x17:0x1cf7dcf1 x19=0x1cf7d992
         410664	     20521	80004660	03434733	div	x14,x6,x20	  x6:0x00000000 x20:0x00000000 x14=0xffffffff
         410704	     20523	80004664	09547313	andi	x6,x8,149	  x8:0xfffffb03  x6=0x00000001
         410764	     20526	80004668	6121	c.addi16sp	x2,64	  x2:0xfffffb03  x2=0xfffffb43
         410824	     20529	8000466a	01e902b3	add	x5,x18,x30	 x18:0x00000000 x30:0x00000000  x5=0x00000000
         410844	     20530	8000466e	0694	c.addi4spn	x13,x2,832	 x13=0xfffffe83
         410884	     20532	80004670	41e989b3	sub	x19,x19,x30	 x19:0x1cf7d992 x30:0x00000000 x19=0x1cf7d992
         410944	     20535	80004674	413d56b3	sra	x13,x26,x19	 x26:0x8000ae64 x19:0x1cf7d992 x13=0xffffe000
         411004	     20538	80004678	8eb5	c.xor	x13,x13	 x13:0xffffe000 x13:0xffffe000 x13=0x00000000
         411024	     20539	8000467a	0001	c.addi	x0,0	  x0:0x00000000  x0=0x00000000
         411084	     20542	8000467c	02585933	divu	x18,x16,x5	 x16:0x00001000  x5:0x00000000 x18=0xffffffff
         411124	     20544	80004680	9afd	c.andi	x13,-1	 x13:0x00000000 x13=0x00000000
         411144	     20545	80004682	8ead	c.xor	x13,x11	 x13:0x00000000 x11:0xffffffff x13=0xffffffff
         411184	     20547	80004684	8dfd	c.and	x11,x15	 x11:0xffffffff x15:0xffffffff x11=0xffffffff
         411204	     20548	80004686	9b66	c.add	x22,x25	 x22:0x1cf7dcf1 x25:0xffffffff x22=0x1cf7dcf0
         411244	     20550	80004688	61a55037	lui	x0,0x61a55	  x0=0x00000000
         411304	     20553	8000468c	002571b3	and	x3,x10,x2	 x10:0x00000000  x2:0xfffffb43  x3=0x00000000
         411364	     20556	80004690	8c55	c.or	x8,x13	  x8:0xfffffb03 x13:0xffffffff  x8=0xffffffff
         411384	     20557	80004692	8cdd	c.or	x9,x15	  x9:0x00003d70 x15:0xffffffff  x9=0xffffffff
         411424	     20559	80004694	01e72733	slt	x14,x14,x30	 x14:0xffffffff x30:0x00000000 x14=0x00000001
         411484	     20562	80004698	0da2	c.slli	x27,0x8	 x27:0x8000ae64 x27=0x00ae6400
         411504	     20563	8000469a	8696	c.mv	x13,x5	  x0:0x00000000  x5:0x00000000 x13=0x00000000
         411544	     20565	8000469c	52c52a93	slti	x21,x10,1324	 x10:0x00000000 x21=0x00000001
         411604	     20568	800046a0	0174b1b3	sltu	x3,x9,x23	  x9:0xffffffff x23:0xffffffff  x3=0x00000000
         411664	     20571	800046a4	8ef5	c.and	x13,x13	 x13:0x00000000 x13:0x00000000 x13=0x00000000
         411724	     20574	800046a6	013e85b3	add	x11,x29,x19	 x29:0x00003d70 x19:0x1cf7d992 x11=0x1cf81702
         411744	     20575	800046aa	408d	c.li	x1,3	  x1=0x00000003
         411784	     20577	800046ac	9a52	c.add	x20,x20	 x20:0x00000000 x20:0x00000000 x20=0x00000000
         411804	     20578	800046ae	60d1	c.lui	x1,0x14	  x1=0x00014000
         411844	     20580	800046b0	410dd033	sra	x0,x27,x16	 x27:0x00ae6400 x16:0x00001000  x0=0x00000000
         411904	     20583	800046b4	17fd	c.addi	x15,-1	 x15:0xffffffff x15=0xfffffffe
         411924	     20584	800046b6	0001	c.addi	x0,0	  x0:0x00000000  x0=0x00000000
         411964	     20586	800046b8	00725913	srli	x18,x4,0x7	  x4:0x0fffffb1 x18=0x001fffff
         412024	     20589	800046bc	017e1d93	slli	x27,x28,0x17	 x28:0x00000000 x27=0x00000000
         412084	     20592	800046c0	2f8b11b7	lui	x3,0x2f8b1	  x3=0x2f8b1000
         412144	     20595	800046c4	82b1	c.srli	x13,0xc	 x13:0x00000000 x13=0x00000000
         412244	     20600	800046c6	02a384b3	mul	x9,x7,x10	  x7:0x0000c870 x10:0x00000000  x9=0x00000000
         412264	     20601	800046ca	00565a13	srli	x20,x12,0x5	 x12:0x8000ae7c x20=0x04000573
         412324	     20604	800046ce	41790833	sub	x16,x18,x23	 x18:0x001fffff x23:0xffffffff x16=0x00200000
         412384	     20607	800046d2	01485033	srl	x0,x16,x20	 x16:0x00200000 x20:0x04000573  x0=0x00000000
         412444	     20610	800046d6	4212e313	ori	x6,x5,1057	  x5:0x00000000  x6=0x00000421
         412464	     20611	800046da	8c35	c.xor	x8,x13	  x8:0xffffffff x13:0x00000000  x8=0xffffffff
         412504	     20613	800046dc	8608f013	andi	x0,x17,-1952	 x17:0x1cf7dcf1  x0=0x00000000
         413284	     20652	800046e0	02b46433	rem	x8,x8,x11	  x8:0xffffffff x11:0x1cf81702  x8=0xffffffff
         413304	     20653	800046e4	5cfd	c.li	x25,-1	 x25=0xffffffff
         413324	     20654	800046e6	8ed5	c.or	x13,x13	 x13:0x00000000 x13:0x00000000 x13=0x00000000
         413344	     20655	800046e8	9f567093	andi	x1,x12,-1547	 x12:0x8000ae7c  x1=0x8000a874
         413364	     20656	800046ec	8ab2	c.mv	x21,x12	  x0:0x00000000 x12:0x8000ae7c x21=0x8000ae7c
         413384	     20657	800046ee	8ef1	c.and	x13,x12	 x13:0x00000000 x12:0x8000ae7c x13=0x00000000
         413404	     20658	800046f0	00635333	srl	x6,x6,x6	  x6:0x00000421  x6:0x00000421  x6=0x00000210
         413464	     20661	800046f4	0551	c.addi	x10,20	 x10:0x00000000 x10=0x00000014
         413484	     20662	800046f6	8ee5	c.and	x13,x9	 x13:0x00000000  x9:0x00000000 x13=0x00000000
         413524	     20664	800046f8	717d	c.addi16sp	x2,-16	  x2:0xfffffb43  x2=0xfffffb33
         413544	     20665	800046fa	82d1	c.srli	x13,0x14	 x13:0x00000000 x13=0x00000000
         413584	     20667	800046fc	003e8cb3	add	x25,x29,x3	 x29:0x00003d70  x3:0x2f8b1000 x25=0x2f8b4d70
         413644	     20670	80004700	929a	c.add	x5,x6	  x5:0x00000000  x6:0x00000210  x5=0x00000210
         413704	     20673	80004702	01162ab3	slt	x21,x12,x17	 x12:0x8000ae7c x17:0x1cf7dcf1 x21=0x00000001
         413764	     20676	80004706	d8928e13	addi	x28,x5,-631	  x5:0x00000210 x28=0xffffff99
         413884	     20682	8000470a	02c5a2b3	mulhsu	x5,x11,x12	 x11:0x1cf81702 x12:0x8000ae7c  x5=0x0e7c1f3f
         413904	     20683	8000470e	717d	c.addi16sp	x2,-16	  x2:0xfffffb33  x2=0xfffffb23
         413924	     20684	80004710	00c2	c.slli	x1,0x10	  x1:0x8000a874  x1=0xa8740000
         413944	     20685	80004712	82a1	c.srli	x13,0x8	 x13:0x00000000 x13=0x00000000
         413964	     20686	80004714	8ed1	c.or	x13,x12	 x13:0x00000000 x12:0x8000ae7c x13=0x8000ae7c
         414004	     20688	80004716	01afb033	sltu	x0,x31,x26	 x31:0xff057b01 x26:0x8000ae64  x0=0x00000000
         414024	     20689	8000471a	96ae	c.add	x13,x11	 x13:0x8000ae7c x11:0x1cf81702 x13=0x9cf8c57e
         414064	     20691	8000471c	00729b13	slli	x22,x5,0x7	  x5:0x0e7c1f3f x22=0x3e0f9f80
         414124	     20694	80004720	828d	c.srli	x13,0x3	 x13:0x9cf8c57e x13=0x139f18af
         414144	     20695	80004722	64f5	c.lui	x9,0x1d	  x9=0x0001d000
         414184	     20697	80004724	4e85	c.li	x29,1	 x29=0x00000001
         414204	     20698	80004726	4701	c.li	x14,0	 x14=0x00000000
         414244	     20700	80004728	48976e37	lui	x28,0x48976	 x28=0x48976000
         414304	     20703	8000472c	9dbe0e13	addi	x28,x28,-1573	 x28:0x48976000 x28=0x489759db
         414364	     20706	80004730	4d85	c.li	x27,1	 x27=0x00000001
         414384	     20707	80004732	4c85	c.li	x25,1	 x25=0x00000001
         414424	     20709	80004734	4481	c.li	x9,0	  x9=0x00000000
         414444	     20710	80004736	4c01	c.li	x24,0	 x24=0x00000000
         414484	     20712	80004738	1b89f8b7	lui	x17,0x1b89f	 x17=0x1b89f000
         414544	     20715	8000473c	2e888893	addi	x17,x17,744	 x17:0x1b89f000 x17=0x1b89f2e8
         414604	     20718	80004740	4b01	c.li	x22,0	 x22=0x00000000
         414624	     20719	80004742	4081	c.li	x1,0	  x1=0x00000000
         414664	     20721	80004744	40928b33	sub	x22,x5,x9	  x5:0x0e7c1f3f  x9:0x00000000 x22=0x0e7c1f3f
         414724	     20724	80004748	e97924b7	lui	x9,0xe9792	  x9=0xe9792000
         414784	     20727	8000474c	90fe	c.add	x1,x31	  x1:0x00000000 x31:0xff057b01  x1=0xff057b01
         414844	     20730	8000474e	e3907997	auipc	x19,0xe3907	 x19=0x6390b74e
         414904	     20733	80004752	bac38c13	addi	x24,x7,-1108	  x7:0x0000c870 x24=0x0000c41c
         414924	     20734	80004756	537d	c.li	x6,-1	  x6=0xffffffff
         414964	     20736	80004758	0294	c.addi4spn	x13,x2,320	 x13=0xfffffc63
         415744	     20775	8000475a	03fa6db3	rem	x27,x20,x31	 x20:0x04000573 x31:0xff057b01 x27=0x0015f177
         416484	     20812	8000475e	038c67b3	rem	x15,x24,x24	 x24:0x0000c41c x24:0x0000c41c x15=0x00000000
         416564	     20816	80004762	03d3a033	mulhsu	x0,x7,x29	  x7:0x0000c870 x29:0x00000001  x0=0x00000000
         416584	     20817	80004766	6141	c.addi16sp	x2,16	  x2:0xfffffb23  x2=0xfffffb33
         416664	     20821	80004768	034aa033	mulhsu	x0,x21,x20	 x21:0x00000001 x20:0x04000573  x0=0x00000000
         416684	     20822	8000476c	8907a017	auipc	x0,0x8907a	  x0=0x00000000
         416704	     20823	80004770	16fd	c.addi	x13,-1	 x13:0xfffffc63 x13=0xfffffc62
         416784	     20827	80004772	03c83133	mulhu	x2,x16,x28	 x16:0x00200000 x28:0x489759db  x2=0x000912eb
         416804	     20828	80004776	60b9	c.lui	x1,0xe	  x1=0x0000e000
         416884	     20832	80004778	033099b3	mulh	x19,x1,x19	  x1:0x0000e000 x19:0x6390b74e x19=0x0000571e
         416964	     20836	8000477c	038e9033	mulh	x0,x29,x24	 x29:0x00000001 x24:0x0000c41c  x0=0x00000000
         416984	     20837	80004780	338f0013	addi	x0,x30,824	 x30:0x00000000  x0=0x00000000
         417724	     20874	80004784	035c4eb3	div	x29,x24,x21	 x24:0x0000c41c x21:0x00000001 x29=0x0000c41c
         417744	     20875	80004788	014b0633	add	x12,x22,x20	 x22:0x0e7c1f3f x20:0x04000573 x12=0x127c24b2
         417764	     20876	8000478c	f7fbb017	auipc	x0,0xf7fbb	  x0=0x00000000
         417784	     20877	80004790	6379	c.lui	x6,0x1e	  x6=0x0001e000
         417804	     20878	80004792	80aa	c.mv	x1,x10	  x0:0x00000000 x10:0x00000014  x1=0x00000014
         418564	     20916	80004794	0299e2b3	rem	x5,x19,x9	 x19:0x0000571e  x9:0xe9792000  x5=0x0000571e
         418584	     20917	80004798	838e	c.mv	x7,x3	  x0:0x00000000  x3:0x2f8b1000  x7=0x2f8b1000
         418604	     20918	8000479a	41208ab3	sub	x21,x1,x18	  x1:0x00000014 x18:0x001fffff x21=0xffe00015
         418664	     20921	8000479e	02ba8db3	mul	x27,x21,x11	 x21:0xffe00015 x11:0x1cf81702 x27=0x8019e32a
         418724	     20924	800047a2	03fe85b3	mul	x11,x29,x31	 x29:0x0000c41c x31:0xff057b01 x11=0x16c6381c
         418744	     20925	800047a6	60e6ea13	ori	x20,x13,1550	 x13:0xfffffc62 x20=0xfffffe6e
         418804	     20928	800047aa	006f1413	slli	x8,x30,0x6	 x30:0x00000000  x8=0x00000000
         418824	     20929	800047ae	177d	c.addi	x14,-1	 x14:0x00000000 x14=0xffffffff
         418864	     20931	800047b0	40d800b3	sub	x1,x16,x13	 x16:0x00200000 x13:0xfffffc62  x1=0x0020039e
         418964	     20936	800047b4	03cc8833	mul	x16,x25,x28	 x25:0x00000001 x28:0x489759db x16=0x489759db
         418984	     20937	800047b8	40a75033	sra	x0,x14,x10	 x14:0xffffffff x10:0x00000014  x0=0x00000000
         419044	     20940	800047bc	cf2eb813	sltiu	x16,x29,-782	 x29:0x0000c41c x16=0x00000001
         419104	     20943	800047c0	41195213	srai	x4,x18,0x11	 x18:0x001fffff  x4=0x0000000f
         419164	     20946	800047c4	40237613	andi	x12,x6,1026	  x6:0x0001e000 x12=0x00000000
         419224	     20949	800047c8	1694	c.addi4spn	x13,x2,864	 x13=0x0009164b
         419244	     20950	800047ca	48f1	c.li	x17,28	 x17=0x0000001c
         419284	     20952	800047cc	0001	c.addi	x0,0	  x0:0x00000000  x0=0x00000000
         419344	     20955	800047ce	01cd9213	slli	x4,x27,0x1c	 x27:0x8019e32a  x4=0xa0000000
         419404	     20958	800047d2	45630c37	lui	x24,0x45630	 x24=0x45630000
         419464	     20961	800047d6	63ee7793	andi	x15,x28,1598	 x28:0x489759db x15=0x0000001a
         419524	     20964	800047da	01c8d2b3	srl	x5,x17,x28	 x17:0x0000001c x28:0x489759db  x5=0x00000000
         419544	     20965	800047de	0001	c.addi	x0,0	  x0:0x00000000  x0=0x00000000
         419584	     20967	800047e0	24b27593	andi	x11,x4,587	  x4:0xa0000000 x11=0x00000000
         419644	     20970	800047e4	68d9	c.lui	x17,0x16	 x17=0x00016000
         419664	     20971	800047e6	8476	c.mv	x8,x29	  x0:0x00000000 x29:0x0000c41c  x8=0x0000c41c
         419704	     20973	800047e8	717d	c.addi16sp	x2,-16	  x2:0x000912eb  x2=0x000912db
         419764	     20976	800047ea	0182fab3	and	x21,x5,x24	  x5:0x00000000 x24:0x45630000 x21=0x00000000
         419824	     20979	800047ee	01bd16b3	sll	x13,x26,x27	 x26:0x8000ae64 x27:0x8019e32a x13=0x02b99000
         419884	     20982	800047f2	017755b3	srl	x11,x14,x23	 x14:0xffffffff x23:0xffffffff x11=0x00000001
         419904	     20983	800047f6	8cd5	c.or	x9,x13	  x9:0xe9792000 x13:0x02b99000  x9=0xebf9b000
         420664	     21021	800047f8	03cfecb3	rem	x25,x31,x28	 x31:0xff057b01 x28:0x489759db x25=0xff057b01
         420684	     21022	800047fc	8e85	c.sub	x13,x9	 x13:0x02b99000  x9:0xebf9b000 x13=0x16bfe000
         420704	     21023	800047fe	ca9eca13	xori	x20,x29,-855	 x29:0x0000c41c x20=0xffff38b5
         420724	     21024	80004802	01b15e13	srli	x28,x2,0x1b	  x2:0x000912db x28=0x00000000
         421504	     21063	80004806	031e4b33	div	x22,x28,x17	 x28:0x00000000 x17:0x00016000 x22=0x00000000
         421524	     21064	8000480a	548ffe93	andi	x29,x31,1352	 x31:0xff057b01 x29=0x00000100
         421544	     21065	8000480e	9ae33297	auipc	x5,0x9ae33	  x5=0x1ae3780e
         421624	     21069	80004812	c8511937	lui	x18,0xc8511	 x18=0xc8511000
         422404	     21108	80004816	0399d7b3	divu	x15,x19,x25	 x19:0x0000571e x25:0xff057b01 x15=0x00000000
         422424	     21109	8000481a	00ced5b3	srl	x11,x29,x12	 x29:0x00000100 x12:0x00000000 x11=0x00000100
         422504	     21113	8000481e	033016b3	mulh	x13,x0,x19	  x0:0x00000000 x19:0x0000571e x13=0x00000000
         422524	     21114	80004822	14fd	c.addi	x9,-1	  x9:0xebf9b000  x9=0xebf9afff
         422544	     21115	80004824	00ae	c.slli	x1,0xb	  x1:0x0020039e  x1=0x001cf000
         422564	     21116	80004826	8295	c.srli	x13,0x5	 x13:0x00000000 x13=0x00000000
         422584	     21117	80004828	003b9c13	slli	x24,x23,0x3	 x23:0xffffffff x24=0xfffffff8
         422644	     21120	8000482c	0001	c.addi	x0,0	  x0:0x00000000  x0=0x00000000
         422664	     21121	8000482e	8f15	c.sub	x14,x13	 x14:0xffffffff x13:0x00000000 x14=0xffffffff
         422704	     21123	80004830	763bec93	ori	x25,x23,1891	 x23:0xffffffff x25=0xffffffff
         422764	     21126	80004834	8ed5	c.or	x13,x13	 x13:0x00000000 x13:0x00000000 x13=0x00000000
         422824	     21129	80004836	41488ab3	sub	x21,x17,x20	 x17:0x00016000 x20:0xffff38b5 x21=0x0002274b
         422844	     21130	8000483a	6109	c.addi16sp	x2,128	  x2:0x000912db  x2=0x0009135b
         422884	     21132	8000483c	01949413	slli	x8,x9,0x19	  x9:0xebf9afff  x8=0xfe000000
         422944	     21135	80004840	019ee333	or	x6,x29,x25	 x29:0x00000100 x25:0xffffffff  x6=0xffffffff
         423004	     21138	80004844	419a5b33	sra	x22,x20,x25	 x20:0xffff38b5 x25:0xffffffff x22=0xffffffff
         423064	     21141	80004848	6e75	c.lui	x28,0x1d	 x28=0x0001d000
         423084	     21142	8000484a	80ce	c.mv	x1,x19	  x0:0x00000000 x19:0x0000571e  x1=0x0000571e
         423124	     21144	8000484c	00a02833	slt	x16,x0,x10	  x0:0x00000000 x10:0x00000014 x16=0x00000001
         423184	     21147	80004850	007601b3	add	x3,x12,x7	 x12:0x00000000  x7:0x2f8b1000  x3=0x2f8b1000
         423244	     21150	80004854	76bb0313	addi	x6,x22,1899	 x22:0xffffffff  x6=0x0000076a
         424024	     21189	80004858	03db5ab3	divu	x21,x22,x29	 x22:0xffffffff x29:0x00000100 x21=0x00ffffff
         424044	     21190	8000485c	00711813	slli	x16,x2,0x7	  x2:0x0009135b x16=0x0489ad80
         424104	     21193	80004860	03b98033	mul	x0,x19,x27	 x19:0x0000571e x27:0x8019e32a  x0=0x00000000
         424124	     21194	80004864	009330b3	sltu	x1,x6,x9	  x6:0x0000076a  x9:0xebf9afff  x1=0x00000001
         424144	     21195	80004868	92aa	c.add	x5,x10	  x5:0x1ae3780e x10:0x00000014  x5=0x1ae37822
         424164	     21196	8000486a	8c62	c.mv	x24,x24	  x0:0x00000000 x24:0xfffffff8 x24=0xfffffff8
         424204	     21198	8000486c	93de	c.add	x7,x23	  x7:0x2f8b1000 x23:0xffffffff  x7=0x2f8b0fff
         424224	     21199	8000486e	0001	c.addi	x0,0	  x0:0x00000000  x0=0x00000000
         424264	     21201	80004870	1294	c.addi4spn	x13,x2,352	 x13=0x000914bb
         424284	     21202	80004872	8ec9	c.or	x13,x10	 x13:0x000914bb x10:0x00000014 x13=0x000914bf
         424324	     21204	80004874	4112deb3	sra	x29,x5,x17	  x5:0x1ae37822 x17:0x00016000 x29=0x1ae37822
         425104	     21243	80004878	03bf4733	div	x14,x30,x27	 x30:0x00000000 x27:0x8019e32a x14=0x00000000
         425124	     21244	8000487c	8ef5	c.and	x13,x13	 x13:0x000914bf x13:0x000914bf x13=0x000914bf
         425144	     21245	8000487e	61d1	c.lui	x3,0x14	  x3=0x00014000
         425164	     21246	80004880	8ef5	c.and	x13,x13	 x13:0x000914bf x13:0x000914bf x13=0x000914bf
         425184	     21247	80004882	01695693	srli	x13,x18,0x16	 x18:0xc8511000 x13=0x00000321
         425204	     21248	80004886	1294	c.addi4spn	x13,x2,352	 x13=0x000914bb
         425224	     21249	80004888	8eb5	c.xor	x13,x13	 x13:0x000914bb x13:0x000914bb x13=0x00000000
         425284	     21252	8000488a	88b92613	slti	x12,x18,-1909	 x18:0xc8511000 x12=0x00000001
         425304	     21253	8000488e	8e95	c.sub	x13,x13	 x13:0x00000000 x13:0x00000000 x13=0x00000000
         425344	     21255	80004890	9bfd	c.andi	x15,-1	 x15:0x00000000 x15=0x00000000
         425404	     21258	80004892	00e2b733	sltu	x14,x5,x14	  x5:0x1ae37822 x14:0x00000000 x14=0x00000000
         425424	     21259	80004896	717d	c.addi16sp	x2,-16	  x2:0x0009135b  x2=0x0009134b
         425464	     21261	80004898	ba12a7b7	lui	x15,0xba12a	 x15=0xba12a000
         425524	     21264	8000489c	8ef5	c.and	x13,x13	 x13:0x00000000 x13:0x00000000 x13=0x00000000
         425584	     21267	8000489e	01bf7cb3	and	x25,x30,x27	 x30:0x00000000 x27:0x8019e32a x25=0x00000000
         425604	     21268	800048a2	5efd	c.li	x29,-1	 x29=0xffffffff
         425644	     21270	800048a4	10fd	c.addi	x1,-1	  x1:0x00000001  x1=0x00000000
         425744	     21275	800048a6	03b706b3	mul	x13,x14,x27	 x14:0x00000000 x27:0x8019e32a x13=0x00000000
         425764	     21276	800048aa	4eb5	c.li	x29,13	 x29=0x0000000d
         425784	     21277	800048ac	01875c33	srl	x24,x14,x24	 x14:0x00000000 x24:0xfffffff8 x24=0x00000000
         425824	     21279	800048b0	41f05013	srai	x0,x0,0x1f	  x0:0x00000000  x0=0x00000000
         425884	     21282	800048b4	157d	c.addi	x10,-1	 x10:0x00000014 x10=0x00000013
         425904	     21283	800048b6	86ed	c.srai	x13,0x1b	 x13:0x00000000 x13=0x00000000
         425944	     21285	800048b8	c2a4f013	andi	x0,x9,-982	  x9:0xebf9afff  x0=0x00000000
         426004	     21288	800048bc	74472417	auipc	x8,0x74472	  x8=0xf44768bc
         426064	     21291	800048c0	400ca993	slti	x19,x25,1024	 x25:0x00000000 x19=0x00000001
         426124	     21294	800048c4	9afd	c.andi	x13,-1	 x13:0x00000000 x13=0x00000000
         426184	     21297	800048c6	010a35b3	sltu	x11,x20,x16	 x20:0xffff38b5 x16:0x0489ad80 x11=0x00000000
         426244	     21300	800048ca	90636893	ori	x17,x6,-1786	  x6:0x0000076a x17=0xffffff6e
         426264	     21301	800048ce	8ff5	c.and	x15,x13	 x15:0xba12a000 x13:0x00000000 x15=0x00000000
         426304	     21303	800048d0	d0150013	addi	x0,x10,-767	 x10:0x00000013  x0=0x00000000
         426424	     21309	800048d4	0246b8b3	mulhu	x17,x13,x4	 x13:0x00000000  x4:0xa0000000 x17=0x00000000
         426444	     21310	800048d8	01e212b3	sll	x5,x4,x30	  x4:0xa0000000 x30:0x00000000  x5=0xa0000000
         426484	     21312	800048dc	8ca63693	sltiu	x13,x12,-1846	 x12:0x00000001 x13=0x00000001
         426544	     21315	800048e0	0001	c.addi	x0,0	  x0:0x00000000  x0=0x00000000
         426564	     21316	800048e2	86c5	c.srai	x13,0x11	 x13:0x00000001 x13=0x00000000
         426604	     21318	800048e4	40b80093	addi	x1,x16,1035	 x16:0x0489ad80  x1=0x0489b18b
         426664	     21321	800048e8	83b1	c.srli	x15,0xc	 x15:0x00000000 x15=0x00000000
         426684	     21322	800048ea	8e95	c.sub	x13,x13	 x13:0x00000000 x13:0x00000000 x13=0x00000000
         426724	     21324	800048ec	00b8e833	or	x16,x17,x11	 x17:0x00000000 x11:0x00000000 x16=0x00000000
         426784	     21327	800048f0	8e95	c.sub	x13,x13	 x13:0x00000000 x13:0x00000000 x13=0x00000000
         426844	     21330	800048f2	41f482b3	sub	x5,x9,x31	  x9:0xebf9afff x31:0xff057b01  x5=0xecf434fe
         426864	     21331	800048f6	86ad	c.srai	x13,0xb	 x13:0x00000000 x13=0x00000000
         426904	     21333	800048f8	00e3d513	srli	x10,x7,0xe	  x7:0x2f8b0fff x10=0x0000be2c
         426964	     21336	800048fc	0001	c.addi	x0,0	  x0:0x00000000  x0=0x00000000
         427024	     21339	800048fe	4144da13	srai	x20,x9,0x14	  x9:0xebf9afff x20=0xfffffebf
         427084	     21342	80004902	019c5193	srli	x3,x24,0x19	 x24:0x00000000  x3=0x00000000
         427144	     21345	80004906	01dd00b3	add	x1,x26,x29	 x26:0x8000ae64 x29:0x0000000d  x1=0x8000ae71
         427164	     21346	8000490a	0001	c.addi	x0,0	  x0:0x00000000  x0=0x00000000
         427264	     21351	8000490c	03999db3	mulh	x27,x19,x25	 x19:0x00000001 x25:0x00000000 x27=0x00000000
         427344	     21355	80004910	0200ae33	mulhsu	x28,x1,x0	  x1:0x8000ae71  x0:0x00000000 x28=0x00000000
         427364	     21356	80004914	41015033	sra	x0,x2,x16	  x2:0x0009134b x16:0x00000000  x0=0x00000000
         427384	     21357	80004918	010be233	or	x4,x23,x16	 x23:0xffffffff x16:0x00000000  x4=0xffffffff
         427444	     21360	8000491c	413a5433	sra	x8,x20,x19	 x20:0xfffffebf x19:0x00000001  x8=0xffffff5f
         427504	     21363	80004920	8ff9	c.and	x15,x14	 x15:0x00000000 x14:0x00000000 x15=0x00000000
         427564	     21366	80004922	002fbab3	sltu	x21,x31,x2	 x31:0xff057b01  x2:0x0009134b x21=0x00000000
         427644	     21370	80004926	02364133	div	x2,x12,x3	 x12:0x00000001  x3:0x00000000  x2=0xffffffff
         427664	     21371	8000492a	0a66	c.slli	x20,0x19	 x20:0xfffffebf x20=0x7e000000
         427684	     21372	8000492c	00cb6033	or	x0,x22,x12	 x22:0xffffffff x12:0x00000001  x0=0x00000000
         427744	     21375	80004930	41ecd113	srai	x2,x25,0x1e	 x25:0x00000000  x2=0x00000000
         427804	     21378	80004934	9caa	c.add	x25,x10	 x25:0x00000000 x10:0x0000be2c x25=0x0000be2c
         427824	     21379	80004936	8e95	c.sub	x13,x13	 x13:0x00000000 x13:0x00000000 x13=0x00000000
         427924	     21384	80004938	03fd2a33	mulhsu	x20,x26,x31	 x26:0x8000ae64 x31:0xff057b01 x20=0x807df038
         427944	     21385	8000493c	00dd	c.addi	x1,23	  x1:0x8000ae71  x1=0x8000ae88
         427964	     21386	8000493e	8ed5	c.or	x13,x13	 x13:0x00000000 x13:0x00000000 x13=0x00000000
         427984	     21387	80004940	717d	c.addi16sp	x2,-16	  x2:0x00000000  x2=0xfffffff0
         428104	     21393	80004942	038d9633	mulh	x12,x27,x24	 x27:0x00000000 x24:0x00000000 x12=0x00000000
         428124	     21394	80004946	8dd1	c.or	x11,x12	 x11:0x00000000 x12:0x00000000 x11=0x00000000
         428144	     21395	80004948	614d	c.addi16sp	x2,176	  x2:0xfffffff0  x2=0x000000a0
         428884	     21432	8000494a	0297dab3	divu	x21,x15,x9	 x15:0x00000000  x9:0xebf9afff x21=0x00000000
         428904	     21433	8000494e	8f7d	c.and	x14,x15	 x14:0x00000000 x15:0x00000000 x14=0x00000000
         428924	     21434	80004950	4013d033	sra	x0,x7,x1	  x7:0x2f8b0fff  x1:0x8000ae88  x0=0x00000000
         428944	     21435	80004954	0180c333	xor	x6,x1,x24	  x1:0x8000ae88 x24:0x00000000  x6=0x8000ae88
         429004	     21438	80004958	8ed5	c.or	x13,x13	 x13:0x00000000 x13:0x00000000 x13=0x00000000
         429024	     21439	8000495a	6175	c.addi16sp	x2,368	  x2:0x000000a0  x2=0x00000210
         429064	     21441	8000495c	00c01893	slli	x17,x0,0xc	  x0:0x00000000 x17=0x00000000
         429124	     21444	80004960	537d	c.li	x6,-1	  x6=0xffffffff
         429184	     21447	80004962	70b9fc13	andi	x24,x19,1803	 x19:0x00000001 x24=0x00000001
         429204	     21448	80004966	80aa	c.mv	x1,x10	  x0:0x00000000 x10:0x0000be2c  x1=0x0000be2c
         429244	     21450	80004968	0001	c.addi	x0,0	  x0:0x00000000  x0=0x00000000
         429304	     21453	8000496a	47c28613	addi	x12,x5,1148	  x5:0xecf434fe x12=0xecf4397a
         429424	     21459	8000496e	035b9bb3	mulh	x23,x23,x21	 x23:0xffffffff x21:0x00000000 x23=0x00000000
         429444	     21460	80004972	40bf5493	srai	x9,x30,0xb	 x30:0x00000000  x9=0x00000000
         429484	     21462	80004976	16efe613	ori	x12,x31,366	 x31:0xff057b01 x12=0xff057b6f
         429504	     21463	8000497a	0001	c.addi	x0,0	  x0:0x00000000  x0=0x00000000
         429544	     21465	8000497c	016568b3	or	x17,x10,x22	 x10:0x0000be2c x22:0xffffffff x17=0xffffffff
         429604	     21468	80004980	b174e713	ori	x14,x9,-1257	  x9:0x00000000 x14=0xfffffb17
         429664	     21471	80004984	40590533	sub	x10,x18,x5	 x18:0xc8511000  x5:0xecf434fe x10=0xdb5cdb02
         429724	     21474	80004988	69c1	c.lui	x19,0x10	 x19=0x00010000
         429784	     21477	8000498a	01cb7033	and	x0,x22,x28	 x22:0xffffffff x28:0x00000000  x0=0x00000000
         429844	     21480	8000498e	01f85633	srl	x12,x16,x31	 x16:0x00000000 x31:0xff057b01 x12=0x00000000
         429864	     21481	80004992	8c15	c.sub	x8,x13	  x8:0xffffff5f x13:0x00000000  x8=0xffffff5f
         429904	     21483	80004994	5048a593	slti	x11,x17,1284	 x17:0xffffffff x11=0x00000001
         429964	     21486	80004998	6fdc2593	slti	x11,x24,1789	 x24:0x00000001 x11=0x00000001
         430024	     21489	8000499c	8915	c.andi	x10,5	 x10:0xdb5cdb02 x10=0x00000000
         430144	     21495	8000499e	0346a233	mulhsu	x4,x13,x20	 x13:0x00000000 x20:0x807df038  x4=0x00000000
         430164	     21496	800049a2	0466	c.slli	x8,0x19	  x8:0xffffff5f  x8=0xbe000000
         430184	     21497	800049a4	0001	c.addi	x0,0	  x0:0x00000000  x0=0x00000000
         430204	     21498	800049a6	ac582013	slti	x0,x16,-1339	 x16:0x00000000  x0=0x00000000
         430224	     21499	800049aa	08a6	c.slli	x17,0x9	 x17:0xffffffff x17=0xfffffe00
         430264	     21501	800049ac	00323733	sltu	x14,x4,x3	  x4:0x00000000  x3:0x00000000 x14=0x00000000
         430324	     21504	800049b0	6105	c.addi16sp	x2,32	  x2:0x00000210  x2=0x00000230
         430384	     21507	800049b2	98b2a393	slti	x7,x5,-1653	  x5:0xecf434fe  x7=0x00000001
         430404	     21508	800049b6	669d	c.lui	x13,0x7	 x13=0x00007000
         430444	     21510	800049b8	82c1	c.srli	x13,0x10	 x13:0x00007000 x13=0x00000000
         430504	     21513	800049ba	00b01933	sll	x18,x0,x11	  x0:0x00000000 x11:0x00000001 x18=0x00000000
         430524	     21514	800049be	8aa9	c.andi	x13,10	 x13:0x00000000 x13=0x00000000
         430564	     21516	800049c0	40a2dd93	srai	x27,x5,0xa	  x5:0xecf434fe x27=0xfffb3d0d
         430624	     21519	800049c4	41515cb3	sra	x25,x2,x21	  x2:0x00000230 x21:0x00000000 x25=0x00000230
         430684	     21522	800049c8	9616	c.add	x12,x5	 x12:0x00000000  x5:0xecf434fe x12=0xecf434fe
         430704	     21523	800049ca	0001	c.addi	x0,0	  x0:0x00000000  x0=0x00000000
         430744	     21525	800049cc	09d2	c.slli	x19,0x14	 x19:0x00010000 x19=0x00000000
         430764	     21526	800049ce	9afd	c.andi	x13,-1	 x13:0x00000000 x13=0x00000000
         430804	     21528	800049d0	00f0e5b3	or	x11,x1,x15	  x1:0x0000be2c x15:0x00000000 x11=0x0000be2c
         430864	     21531	800049d4	255b0413	addi	x8,x22,597	 x22:0xffffffff  x8=0x00000254
         430924	     21534	800049d8	96a2	c.add	x13,x8	 x13:0x00000000  x8:0x00000254 x13=0x00000254
         431704	     21573	800049da	03866133	rem	x2,x12,x24	 x12:0xecf434fe x24:0x00000001  x2=0x00000000
         431724	     21574	800049de	8e95	c.sub	x13,x13	 x13:0x00000254 x13:0x00000254 x13=0x00000000
         431744	     21575	800049e0	406250b3	sra	x1,x4,x6	  x4:0x00000000  x6:0xffffffff  x1=0x00000000
         431764	     21576	800049e4	000a1093	slli	x1,x20,0x0	 x20:0x807df038  x1=0x807df038
         431884	     21582	800049e8	036598b3	mulh	x17,x11,x22	 x11:0x0000be2c x22:0xffffffff x17=0xffffffff
         431904	     21583	800049ec	b594b713	sltiu	x14,x9,-1191	  x9:0x00000000 x14=0x00000001
         431944	     21585	800049f0	41b55c93	srai	x25,x10,0x1b	 x10:0x00000000 x25=0x00000000
         432004	     21588	800049f4	3f76f193	andi	x3,x13,1015	 x13:0x00000000  x3=0x00000000
         432064	     21591	800049f8	8ed5	c.or	x13,x13	 x13:0x00000000 x13:0x00000000 x13=0x00000000
         432084	     21592	800049fa	6c1d	c.lui	x24,0x7	 x24=0x00007000
         432124	     21594	800049fc	2495fa17	auipc	x20,0x2495f	 x20=0xa49639fc
         432244	     21600	80004a00	03b3adb3	mulhsu	x27,x7,x27	  x7:0x00000001 x27:0xfffb3d0d x27=0x00000000
         432264	     21601	80004a04	011e27b3	slt	x15,x28,x17	 x28:0x00000000 x17:0xffffffff x15=0x00000000
         432304	     21603	80004a08	402ed1b3	sra	x3,x29,x2	 x29:0x0000000d  x2:0x00000000  x3=0x0000000d
         432364	     21606	80004a0c	41fb5033	sra	x0,x22,x31	 x22:0xffffffff x31:0xff057b01  x0=0x00000000
         432424	     21609	80004a10	00fcd0b3	srl	x1,x25,x15	 x25:0x00000000 x15:0x00000000  x1=0x00000000
         432484	     21612	80004a14	2f6fa893	slti	x17,x31,758	 x31:0xff057b01 x17=0x00000001
         432544	     21615	80004a18	3ed47397	auipc	x7,0x3ed47	  x7=0xbed4ba18
         432604	     21618	80004a1c	9bfd	c.andi	x15,-1	 x15:0x00000000 x15=0x00000000
         432684	     21622	80004a1e	024cc4b3	div	x9,x25,x4	 x25:0x00000000  x4:0x00000000  x9=0xffffffff
         432724	     21624	80004a22	94edd037	lui	x0,0x94edd	  x0=0x00000000
         432744	     21625	80004a26	0294	c.addi4spn	x13,x2,320	 x13=0x00000140
         432784	     21627	80004a28	005cfcb3	and	x25,x25,x5	 x25:0x00000000  x5:0xecf434fe x25=0x00000000
         432844	     21630	80004a2c	01e708b3	add	x17,x14,x30	 x14:0x00000001 x30:0x00000000 x17=0x00000001
         432924	     21634	80004a30	02f7e033	rem	x0,x15,x15	 x15:0x00000000 x15:0x00000000  x0=0x00000000
         432964	     21636	80004a34	fa900093	addi	x1,x0,-87	  x0:0x00000000  x1=0xffffffa9
         433024	     21639	80004a38	00394eb3	xor	x29,x18,x3	 x18:0x00000000  x3:0x0000000d x29=0x0000000d
         433084	     21642	80004a3c	6a75a313	slti	x6,x11,1703	 x11:0x0000be2c  x6=0x00000000
         433144	     21645	80004a40	4e2d	c.li	x28,11	 x28=0x0000000b
         433164	     21646	80004a42	8e95	c.sub	x13,x13	 x13:0x00000140 x13:0x00000140 x13=0x00000000
         433204	     21648	80004a44	8ed5	c.or	x13,x13	 x13:0x00000000 x13:0x00000000 x13=0x00000000
         433284	     21652	80004a46	02095033	divu	x0,x18,x0	 x18:0x00000000  x0:0x00000000  x0=0x00000000
         433304	     21653	80004a4a	5c7d	c.li	x24,-1	 x24=0xffffffff
         433324	     21654	80004a4c	8e95	c.sub	x13,x13	 x13:0x00000000 x13:0x00000000 x13=0x00000000
         433344	     21655	80004a4e	985a	c.add	x16,x22	 x16:0x00000000 x22:0xffffffff x16=0xffffffff
         433384	     21657	80004a50	577d	c.li	x14,-1	 x14=0xffffffff
         433444	     21660	80004a52	015c5193	srli	x3,x24,0x15	 x24:0xffffffff  x3=0x000007ff
         433464	     21661	80004a56	0001	c.addi	x0,0	  x0:0x00000000  x0=0x00000000
         433504	     21663	80004a58	87c5	c.srai	x15,0x11	 x15:0x00000000 x15=0x00000000
         433564	     21666	80004a5a	5235a813	slti	x16,x11,1315	 x11:0x0000be2c x16=0x00000000
         433624	     21669	80004a5e	f620fc93	andi	x25,x1,-158	  x1:0xffffffa9 x25=0xffffff20
         433684	     21672	80004a62	01bf5933	srl	x18,x30,x27	 x30:0x00000000 x27:0x00000000 x18=0x00000000
         433704	     21673	80004a66	8cba	c.mv	x25,x14	  x0:0x00000000 x14:0xffffffff x25=0xffffffff
         433744	     21675	80004a68	0105f433	and	x8,x11,x16	 x11:0x0000be2c x16:0x00000000  x8=0x00000000
         433804	     21678	80004a6c	40e85033	sra	x0,x16,x14	 x16:0x00000000 x14:0xffffffff  x0=0x00000000
         433864	     21681	80004a70	40e754b3	sra	x9,x14,x14	 x14:0xffffffff x14:0xffffffff  x9=0xffffffff
         433924	     21684	80004a74	02b9	c.addi	x5,14	  x5:0xecf434fe  x5=0xecf4350c
         433984	     21687	80004a76	01d41033	sll	x0,x8,x29	  x8:0x00000000 x29:0x0000000d  x0=0x00000000
         434764	     21726	80004a7a	0317e033	rem	x0,x15,x17	 x15:0x00000000 x17:0x00000001  x0=0x00000000
         434784	     21727	80004a7e	40f5d133	sra	x2,x11,x15	 x11:0x0000be2c x15:0x00000000  x2=0x0000be2c
         434804	     21728	80004a82	0001	c.addi	x0,0	  x0:0x00000000  x0=0x00000000
         434884	     21732	80004a84	02253633	mulhu	x12,x10,x2	 x10:0x00000000  x2:0x0000be2c x12=0x00000000
         434904	     21733	80004a88	01ba54b3	srl	x9,x20,x27	 x20:0xa49639fc x27:0x00000000  x9=0xa49639fc
         434944	     21735	80004a8c	02ca	c.slli	x5,0x12	  x5:0xecf4350c  x5=0xd4300000
         435024	     21739	80004a8e	0267d533	divu	x10,x15,x6	 x15:0x00000000  x6:0x00000000 x10=0xffffffff
         435064	     21741	80004a92	22c89eb7	lui	x29,0x22c89	 x29=0x22c89000
         435084	     21742	80004a96	717d	c.addi16sp	x2,-16	  x2:0x0000be2c  x2=0x0000be1c
         435124	     21744	80004a98	0001	c.addi	x0,0	  x0:0x00000000  x0=0x00000000
         435144	     21745	80004a9a	6145	c.addi16sp	x2,48	  x2:0x0000be1c  x2=0x0000be4c
         435184	     21747	80004a9c	41cf5333	sra	x6,x30,x28	 x30:0x00000000 x28:0x0000000b  x6=0x00000000
         435264	     21751	80004aa0	02426833	rem	x16,x4,x4	  x4:0x00000000  x4:0x00000000 x16=0x00000000
         435304	     21753	80004aa4	40a1	c.li	x1,8	  x1=0x00000008
         435364	     21756	80004aa6	00ca5633	srl	x12,x20,x12	 x20:0xa49639fc x12:0x00000000 x12=0xa49639fc
         435424	     21759	80004aaa	ce757e13	andi	x28,x10,-793	 x10:0xffffffff x28=0xfffffce7
         435484	     21762	80004aae	01b59e13	slli	x28,x11,0x1b	 x11:0x0000be2c x28=0x60000000
         435544	     21765	80004ab2	00726633	or	x12,x4,x7	  x4:0x00000000  x7:0xbed4ba18 x12=0xbed4ba18
         435564	     21766	80004ab6	187d	c.addi	x16,-1	 x16:0x00000000 x16=0xffffffff
         435604	     21768	80004ab8	49e06d93	ori	x27,x0,1182	  x0:0x00000000 x27=0x0000049e
         435664	     21771	80004abc	91ddd997	auipc	x19,0x91ddd	 x19=0x11de1abc
         435764	     21776	80004ac0	03268cb3	mul	x25,x13,x18	 x13:0x00000000 x18:0x00000000 x25=0x00000000
         435784	     21777	80004ac4	0037b7b3	sltu	x15,x15,x3	 x15:0x00000000  x3:0x000007ff x15=0x00000001
         435844	     21780	80004ac8	71b884b7	lui	x9,0x71b88	  x9=0x71b88000
         435904	     21783	80004acc	01b51893	slli	x17,x10,0x1b	 x10:0xffffffff x17=0xf8000000
         435964	     21786	80004ad0	717d	c.addi16sp	x2,-16	  x2:0x0000be4c  x2=0x0000be3c
         435984	     21787	80004ad2	6b21	c.lui	x22,0x8	 x22=0x00008000
         436024	     21789	80004ad4	00fbd7b3	srl	x15,x23,x15	 x23:0x00000000 x15:0x00000001 x15=0x00000000
         436084	     21792	80004ad8	0001	c.addi	x0,0	  x0:0x00000000  x0=0x00000000
         436144	     21795	80004ada	005ecc33	xor	x24,x29,x5	 x29:0x22c89000  x5:0xd4300000 x24=0xf6f89000
         436924	     21834	80004ade	02a54533	div	x10,x10,x10	 x10:0xffffffff x10:0xffffffff x10=0x00000001
         436944	     21835	80004ae2	13602cb7	lui	x25,0x13602	 x25=0x13602000
         437004	     21838	80004ae6	029089b3	mul	x19,x1,x9	  x1:0x00000008  x9:0x71b88000 x19=0x8dc40000
         437024	     21839	80004aea	615d	c.addi16sp	x2,432	  x2:0x0000be3c  x2=0x0000bfec
         437044	     21840	80004aec	0694	c.addi4spn	x13,x2,832	 x13=0x0000c32c
         437104	     21843	80004aee	11786013	ori	x0,x16,279	 x16:0xffffffff  x0=0x00000000
         437224	     21849	80004af2	03529333	mulh	x6,x5,x21	  x5:0xd4300000 x21:0x00000000  x6=0x00000000
         437244	     21850	80004af6	001bc733	xor	x14,x23,x1	 x23:0x00000000  x1:0x00000008 x14=0x00000008
         437344	     21855	80004afa	03cbb8b3	mulhu	x17,x23,x28	 x23:0x00000000 x28:0x60000000 x17=0x00000000
         437364	     21856	80004afe	40a25d93	srai	x27,x4,0xa	  x4:0x00000000 x27=0x00000000
         437404	     21858	80004b02	9783a693	slti	x13,x7,-1672	  x7:0xbed4ba18 x13=0x00000001
         437504	     21863	80004b06	020602b3	mul	x5,x12,x0	 x12:0xbed4ba18  x0:0x00000000  x5=0x00000000
         437524	     21864	80004b0a	00239c93	slli	x25,x7,0x2	  x7:0xbed4ba18 x25=0xfb52e860
         437584	     21867	80004b0e	a1d4e393	ori	x7,x9,-1507	  x9:0x71b88000  x7=0xfffffa1d
         437604	     21868	80004b12	0514	c.addi4spn	x13,x2,640	 x13=0x0000c26c
         437644	     21870	80004b14	8c55	c.or	x8,x13	  x8:0x00000000 x13:0x0000c26c  x8=0x0000c26c
         437664	     21871	80004b16	877e	c.mv	x14,x31	  x0:0x00000000 x31:0xff057b01 x14=0xff057b01
         437724	     21874	80004b18	03e16a33	rem	x20,x2,x30	  x2:0x0000bfec x30:0x00000000 x20=0x0000bfec
         437764	     21876	80004b1c	00665a13	srli	x20,x12,0x6	 x12:0xbed4ba18 x20=0x02fb52e8
         437824	     21879	80004b20	01b18933	add	x18,x3,x27	  x3:0x000007ff x27:0x00000000 x18=0x000007ff
         437884	     21882	80004b24	77e74d93	xori	x27,x14,1918	 x14:0xff057b01 x27=0xff057c7f
         437964	     21886	80004b28	020c6cb3	rem	x25,x24,x0	 x24:0xf6f89000  x0:0x00000000 x25=0xf6f89000
         438004	     21888	80004b2c	000c78b3	and	x17,x24,x0	 x24:0xf6f89000  x0:0x00000000 x17=0x00000000
         438064	     21891	80004b30	0073d233	srl	x4,x7,x7	  x7:0xfffffa1d  x7:0xfffffa1d  x4=0x00000007
         438124	     21894	80004b34	00f2	c.slli	x1,0x1c	  x1:0x00000008  x1=0x80000000
         438184	     21897	80004b36	eb332e93	slti	x29,x6,-333	  x6:0x00000000 x29=0x00000000
         438204	     21898	80004b3a	6a39	c.lui	x20,0xe	 x20=0x0000e000
         438244	     21900	80004b3c	a1ee3e13	sltiu	x28,x28,-1506	 x28:0x60000000 x28=0x00000001
         438304	     21903	80004b40	86e2	c.mv	x13,x24	  x0:0x00000000 x24:0xf6f89000 x13=0xf6f89000
         438364	     21906	80004b42	003a0bb3	add	x23,x20,x3	 x20:0x0000e000  x3:0x000007ff x23=0x0000e7ff
         438424	     21909	80004b46	0122bb33	sltu	x22,x5,x18	  x5:0x00000000 x18:0x000007ff x22=0x00000001
         438444	     21910	80004b4a	8e95	c.sub	x13,x13	 x13:0xf6f89000 x13:0xf6f89000 x13=0x00000000
         438484	     21912	80004b4c	8edd	c.or	x13,x15	 x13:0x00000000 x15:0x00000000 x13=0x00000000
         438544	     21915	80004b4e	41345a13	srai	x20,x8,0x13	  x8:0x0000c26c x20=0x00000000
         438604	     21918	80004b52	746a7593	andi	x11,x20,1862	 x20:0x00000000 x11=0x00000000
         438624	     21919	80004b56	8ef5	c.and	x13,x13	 x13:0x00000000 x13:0x00000000 x13=0x00000000
         438664	     21921	80004b58	98d97293	andi	x5,x18,-1651	 x18:0x000007ff  x5=0x0000018d
         438724	     21924	80004b5c	8eb9	c.xor	x13,x14	 x13:0x00000000 x14:0xff057b01 x13=0xff057b01
         438784	     21927	80004b5e	0077ee33	or	x28,x15,x7	 x15:0x00000000  x7:0xfffffa1d x28=0xfffffa1d
         439564	     21966	80004b62	03f945b3	div	x11,x18,x31	 x18:0x000007ff x31:0xff057b01 x11=0x00000000
         439584	     21967	80004b66	8e95	c.sub	x13,x13	 x13:0xff057b01 x13:0xff057b01 x13=0x00000000
         439604	     21968	80004b68	0001	c.addi	x0,0	  x0:0x00000000  x0=0x00000000
         439624	     21969	80004b6a	6ef5	c.lui	x29,0x1d	 x29=0x0001d000
         439644	     21970	80004b6c	8e16a893	slti	x17,x13,-1823	 x13:0x00000000 x17=0x00000000
         439684	     21972	80004b70	4067dbb3	sra	x23,x15,x6	 x15:0x00000000  x6:0x00000000 x23=0x00000000
         439744	     21975	80004b74	0094	c.addi4spn	x13,x2,64	 x13=0x0000c02c
         439764	     21976	80004b76	0001	c.addi	x0,0	  x0:0x00000000  x0=0x00000000
         439804	     21978	80004b78	19dfb393	sltiu	x7,x31,413	 x31:0xff057b01  x7=0x00000000
         439864	     21981	80004b7c	8f91	c.sub	x15,x12	 x15:0x00000000 x12:0xbed4ba18 x15=0x412b45e8
         439984	     21987	80004b7e	0298b233	mulhu	x4,x17,x9	 x17:0x00000000  x9:0x71b88000  x4=0x00000000
         440004	     21988	80004b82	6b65	c.lui	x22,0x19	 x22=0x00019000
         440064	     21991	80004b84	03e58433	mul	x8,x11,x30	 x11:0x00000000 x30:0x00000000  x8=0x00000000
         440084	     21992	80004b88	b5087693	andi	x13,x16,-1200	 x16:0xffffffff x13=0xfffffb50
         440104	     21993	80004b8c	10fd	c.addi	x1,-1	  x1:0x80000000  x1=0x7fffffff
         440164	     21996	80004b8e	00896833	or	x16,x18,x8	 x18:0x000007ff  x8:0x00000000 x16=0x000007ff
         440224	     21999	80004b92	bee6f093	andi	x1,x13,-1042	 x13:0xfffffb50  x1=0xfffffb40
         440244	     22000	80004b96	02c5	c.addi	x5,17	  x5:0x0000018d  x5=0x0000019e
         440284	     22002	80004b98	0e95	c.addi	x29,5	 x29:0x0001d000 x29=0x0001d005
         440344	     22005	80004b9a	1a5eb593	sltiu	x11,x29,421	 x29:0x0001d005 x11=0x00000000
         440404	     22008	80004b9e	2695e893	ori	x17,x11,617	 x11:0x00000000 x17=0x00000269
         440464	     22011	80004ba2	01cc3a33	sltu	x20,x24,x28	 x24:0xf6f89000 x28:0xfffffa1d x20=0x00000001
         440484	     22012	80004ba6	8db5	c.xor	x11,x13	 x11:0x00000000 x13:0xfffffb50 x11=0xfffffb50
         440524	     22014	80004ba8	82c1	c.srli	x13,0x10	 x13:0xfffffb50 x13=0x0000ffff
         440584	     22017	80004baa	40a65913	srai	x18,x12,0xa	 x12:0xbed4ba18 x18=0xffefb52e
         440604	     22018	80004bae	84e6	c.mv	x9,x25	  x0:0x00000000 x25:0xf6f89000  x9=0xf6f89000
         440644	     22020	80004bb0	0001	c.addi	x0,0	  x0:0x00000000  x0=0x00000000
         440704	     22023	80004bb2	00523ab3	sltu	x21,x4,x5	  x4:0x00000000  x5:0x0000019e x21=0x00000001
         440724	     22024	80004bb6	80e2	c.mv	x1,x24	  x0:0x00000000 x24:0xf6f89000  x1=0xf6f89000
         440764	     22026	80004bb8	d90a2713	slti	x14,x20,-624	 x20:0x00000001 x14=0x00000000
         440844	     22030	80004bbc	026accb3	div	x25,x21,x6	 x21:0x00000001  x6:0x00000000 x25=0xffffffff
         440884	     22032	80004bc0	010d6533	or	x10,x26,x16	 x26:0x8000ae64 x16:0x000007ff x10=0x8000afff
         440944	     22035	80004bc4	9afd	c.andi	x13,-1	 x13:0x0000ffff x13=0x0000ffff
         440964	     22036	80004bc6	8ef5	c.and	x13,x13	 x13:0x0000ffff x13:0x0000ffff x13=0x0000ffff
         441044	     22040	80004bc8	02540a33	mul	x20,x8,x5	  x8:0x00000000  x5:0x0000019e x20=0x00000000
         441124	     22044	80004bcc	02339033	mulh	x0,x7,x3	  x7:0x00000000  x3:0x000007ff  x0=0x00000000
         441144	     22045	80004bd0	9946	c.add	x18,x17	 x18:0xffefb52e x17:0x00000269 x18=0xffefb797
         441164	     22046	80004bd2	6175	c.addi16sp	x2,368	  x2:0x0000bfec  x2=0x0000c15c
         441184	     22047	80004bd4	c94fb913	sltiu	x18,x31,-876	 x31:0xff057b01 x18=0x00000001
         441964	     22086	80004bd8	022e5933	divu	x18,x28,x2	 x28:0xfffffa1d  x2:0x0000c15c x18=0x000152ee
         441984	     22087	80004bdc	0001	c.addi	x0,0	  x0:0x00000000  x0=0x00000000
         442004	     22088	80004bde	717d	c.addi16sp	x2,-16	  x2:0x0000c15c  x2=0x0000c14c
         442024	     22089	80004be0	001aacb3	slt	x25,x21,x1	 x21:0x00000001  x1:0xf6f89000 x25=0x00000000
         442064	     22091	80004be4	02794333	div	x6,x18,x7	 x18:0x000152ee  x7:0x00000000  x6=0xffffffff
         442084	     22092	80004be8	00bbf233	and	x4,x23,x11	 x23:0x00000000 x11:0xfffffb50  x4=0x00000000
         442144	     22095	80004bec	8eb5	c.xor	x13,x13	 x13:0x0000ffff x13:0x0000ffff x13=0x00000000
         442164	     22096	80004bee	9276	c.add	x4,x29	  x4:0x00000000 x29:0x0001d005  x4=0x0001d005
         442204	     22098	80004bf0	8a8e8393	addi	x7,x29,-1880	 x29:0x0001d005  x7=0x0001c8ad
         442264	     22101	80004bf4	96f65237	lui	x4,0x96f65	  x4=0x96f65000
         442384	     22107	80004bf8	038f2333	mulhsu	x6,x30,x24	 x30:0x00000000 x24:0xf6f89000  x6=0x00000000
         442404	     22108	80004bfc	0001	c.addi	x0,0	  x0:0x00000000  x0=0x00000000
         442444	     22110	80004bfe	016827b3	slt	x15,x16,x22	 x16:0x000007ff x22:0x00019000 x15=0x00000001
         442504	     22113	80004c02	408a8333	sub	x6,x21,x8	 x21:0x00000001  x8:0x00000000  x6=0x00000001
         442564	     22116	80004c06	41580db3	sub	x27,x16,x21	 x16:0x000007ff x21:0x00000001 x27=0x000007fe
         442624	     22119	80004c0a	633d7d97	auipc	x27,0x633d7	 x27=0xe33dbc0a
         442684	     22122	80004c0e	00599893	slli	x17,x19,0x5	 x19:0x8dc40000 x17=0xb8800000
         442744	     22125	80004c12	006915b3	sll	x11,x18,x6	 x18:0x000152ee  x6:0x00000001 x11=0x0002a5dc
         442804	     22128	80004c16	f47e2993	slti	x19,x28,-185	 x28:0xfffffa1d x19=0x00000001
         442864	     22131	80004c1a	40fe8633	sub	x12,x29,x15	 x29:0x0001d005 x15:0x00000001 x12=0x0001d004
         442924	     22134	80004c1e	2d7362b7	lui	x5,0x2d736	  x5=0x2d736000
         442984	     22137	80004c22	01f221b7	lui	x3,0x1f22	  x3=0x01f22000
         443004	     22138	80004c26	0792	c.slli	x15,0x4	 x15:0x00000001 x15=0x00000010
         443104	     22143	80004c28	03cb2033	mulhsu	x0,x22,x28	 x22:0x00019000 x28:0xfffffa1d  x0=0x00000000
         443124	     22144	80004c2c	0ea9	c.addi	x29,10	 x29:0x0001d005 x29=0x0001d00f
         443164	     22146	80004c2e	00e0d013	srli	x0,x1,0xe	  x1:0xf6f89000  x0=0x00000000
         443224	     22149	80004c32	01c0dd93	srli	x27,x1,0x1c	  x1:0xf6f89000 x27=0x0000000f
         443284	     22152	80004c36	00a478b3	and	x17,x8,x10	  x8:0x00000000 x10:0x8000afff x17=0x00000000
         443364	     22156	80004c3a	02e2c833	div	x16,x5,x14	  x5:0x2d736000 x14:0x00000000 x16=0xffffffff
         444124	     22194	80004c3e	0298ee33	rem	x28,x17,x9	 x17:0x00000000  x9:0xf6f89000 x28=0x00000000
         444184	     22197	80004c42	02b60cb3	mul	x25,x12,x11	 x12:0x0001d004 x11:0x0002a5dc x25=0xcca95770
         444924	     22234	80004c46	0305ee33	rem	x28,x11,x16	 x11:0x0002a5dc x16:0xffffffff x28=0x00000000
         444944	     22235	80004c4a	4cd5	c.li	x25,21	 x25=0x00000015
         445024	     22239	80004c4c	02b72633	mulhsu	x12,x14,x11	 x14:0x00000000 x11:0x0002a5dc x12=0x00000000
         445044	     22240	80004c50	99762013	slti	x0,x12,-1641	 x12:0x00000000  x0=0x00000000
         445784	     22277	80004c54	0234c033	div	x0,x9,x3	  x9:0xf6f89000  x3:0x01f22000  x0=0x00000000
         445804	     22278	80004c58	8bc9f393	andi	x7,x19,-1860	 x19:0x00000001  x7=0x00000000
         445824	     22279	80004c5c	e133e313	ori	x6,x7,-493	  x7:0x00000000  x6=0xfffffe13
         445844	     22280	80004c60	8ef5	c.and	x13,x13	 x13:0x00000000 x13:0x00000000 x13=0x00000000
         445864	     22281	80004c62	8e95	c.sub	x13,x13	 x13:0x00000000 x13:0x00000000 x13=0x00000000
         445884	     22282	80004c64	6178c113	xori	x2,x17,1559	 x17:0x00000000  x2=0x00000617
         445924	     22284	80004c68	018d1833	sll	x16,x26,x24	 x26:0x8000ae64 x24:0xf6f89000 x16=0x8000ae64
         445984	     22287	80004c6c	8a91	c.andi	x13,4	 x13:0x00000000 x13=0x00000000
         446044	     22290	80004c6e	01f48933	add	x18,x9,x31	  x9:0xf6f89000 x31:0xff057b01 x18=0xf5fe0b01
         446064	     22291	80004c72	59fd	c.li	x19,-1	 x19=0xffffffff
         446104	     22293	80004c74	8691	c.srai	x13,0x4	 x13:0x00000000 x13=0x00000000
         446164	     22296	80004c76	01fe5433	srl	x8,x28,x31	 x28:0x00000000 x31:0xff057b01  x8=0x00000000
         446224	     22299	80004c7a	2f0f8e13	addi	x28,x31,752	 x31:0xff057b01 x28=0xff057df1
         446244	     22300	80004c7e	9a7d	c.andi	x12,-1	 x12:0x00000000 x12=0x00000000
         446344	     22305	80004c80	0338b6b3	mulhu	x13,x17,x19	 x17:0x00000000 x19:0xffffffff x13=0x00000000
         446424	     22309	80004c84	02739033	mulh	x0,x7,x7	  x7:0x00000000  x7:0x00000000  x0=0x00000000
         446444	     22310	80004c88	0058deb3	srl	x29,x17,x5	 x17:0x00000000  x5:0x2d736000 x29=0x00000000
         446464	     22311	80004c8c	8e95	c.sub	x13,x13	 x13:0x00000000 x13:0x00000000 x13=0x00000000
         446524	     22314	80004c8e	01475a93	srli	x21,x14,0x14	 x14:0x00000000 x21=0x00000000
         446584	     22317	80004c92	044aa093	slti	x1,x21,68	 x21:0x00000000  x1=0x00000001
         446604	     22318	80004c96	8e95	c.sub	x13,x13	 x13:0x00000000 x13:0x00000000 x13=0x00000000
         446644	     22320	80004c98	66a1	c.lui	x13,0x8	 x13=0x00008000
         446744	     22325	80004c9a	03dd0033	mul	x0,x26,x29	 x26:0x8000ae64 x29:0x00000000  x0=0x00000000
         446824	     22329	80004c9e	03802a33	mulhsu	x20,x0,x24	  x0:0x00000000 x24:0xf6f89000 x20=0x00000000
         446844	     22330	80004ca2	01825013	srli	x0,x4,0x18	  x4:0x96f65000  x0=0x00000000
         446884	     22332	80004ca6	a0fe4c93	xori	x25,x28,-1521	 x28:0xff057df1 x25=0x00fa87fe
         446904	     22333	80004caa	43f9	c.li	x7,30	  x7=0x0000001e
         446944	     22335	80004cac	400f52b3	sra	x5,x30,x0	 x30:0x00000000  x0:0x00000000  x5=0x00000000
         447044	     22340	80004cb0	02030433	mul	x8,x6,x0	  x6:0xfffffe13  x0:0x00000000  x8=0x00000000
         447104	     22343	80004cb4	022489b3	mul	x19,x9,x2	  x9:0xf6f89000  x2:0x00000617 x19=0x03b4f000
         447124	     22344	80004cb8	3eab8913	addi	x18,x23,1002	 x23:0x00000000 x18=0x000003ea
         447184	     22347	80004cbc	40b301b3	sub	x3,x6,x11	  x6:0xfffffe13 x11:0x0002a5dc  x3=0xfffd5837
         447244	     22350	80004cc0	01ede8b3	or	x17,x27,x30	 x27:0x0000000f x30:0x00000000 x17=0x0000000f
         447304	     22353	80004cc4	5d17a993	slti	x19,x15,1489	 x15:0x00000010 x19=0x00000001
         447364	     22356	80004cc8	00e68633	add	x12,x13,x14	 x13:0x00008000 x14:0x00000000 x12=0x00008000
         447424	     22359	80004ccc	82ce	c.mv	x5,x19	  x0:0x00000000 x19:0x00000001  x5=0x00000001
         447484	     22362	80004cce	013b1033	sll	x0,x22,x19	 x22:0x00019000 x19:0x00000001  x0=0x00000000
         447544	     22365	80004cd2	00d56db3	or	x27,x10,x13	 x10:0x8000afff x13:0x00008000 x27=0x8000afff
         447604	     22368	80004cd6	410955b3	sra	x11,x18,x16	 x18:0x000003ea x16:0x8000ae64 x11=0x0000003e
         447624	     22369	80004cda	9ab2	c.add	x21,x12	 x21:0x00000000 x12:0x00008000 x21=0x00008000
         447664	     22371	80004cdc	ab6dd617	auipc	x12,0xab6dd	 x12=0x2b6e1cdc
         447724	     22374	80004ce0	8ef5	c.and	x13,x13	 x13:0x00008000 x13:0x00008000 x13=0x00008000
         447784	     22377	80004ce2	00dd66b3	or	x13,x26,x13	 x26:0x8000ae64 x13:0x00008000 x13=0x8000ae64
         447844	     22380	80004ce6	4143d213	srai	x4,x7,0x14	  x7:0x0000001e  x4=0x00000000
         447904	     22383	80004cea	4174deb3	sra	x29,x9,x23	  x9:0xf6f89000 x23:0x00000000 x29=0xf6f89000
         447964	     22386	80004cee	41d35733	sra	x14,x6,x29	  x6:0xfffffe13 x29:0xf6f89000 x14=0xfffffe13
         448024	     22389	80004cf2	63123c13	sltiu	x24,x4,1585	  x4:0x00000000 x24=0x00000001
         448044	     22390	80004cf6	02ee	c.slli	x5,0x1b	  x5:0x00000001  x5=0x08000000
         448084	     22392	80004cf8	167d0013	addi	x0,x26,359	 x26:0x8000ae64  x0=0x00000000
         448144	     22395	80004cfc	0001	c.addi	x0,0	  x0:0x00000000  x0=0x00000000
         448924	     22434	80004cfe	02ec4633	div	x12,x24,x14	 x24:0x00000001 x14:0xfffffe13 x12=0x00000000
         448984	     22437	80004d02	03168033	mul	x0,x13,x17	 x13:0x8000ae64 x17:0x0000000f  x0=0x00000000
         449724	     22474	80004d06	02536433	rem	x8,x6,x5	  x6:0xfffffe13  x5:0x08000000  x8=0xfffffe13
         449744	     22475	80004d0a	259c7993	andi	x19,x24,601	 x24:0x00000001 x19=0x00000001
         449764	     22476	80004d0e	01635093	srli	x1,x6,0x16	  x6:0xfffffe13  x1=0x000003ff
         449864	     22481	80004d12	02ae88b3	mul	x17,x29,x10	 x29:0xf6f89000 x10:0x8000afff x17=0xec077000
         449884	     22482	80004d16	40e05693	srai	x13,x0,0xe	  x0:0x00000000 x13=0x00000000
         449944	     22485	80004d1a	b62b1e17	auipc	x28,0xb62b1	 x28=0x362b5d1a
         449964	     22486	80004d1e	117d	c.addi	x2,-1	  x2:0x00000617  x2=0x00000616
         450004	     22488	80004d20	8a9d	c.andi	x13,7	 x13:0x00000000 x13=0x00000000
         450024	     22489	80004d22	717d	c.addi16sp	x2,-16	  x2:0x00000616  x2=0x00000606
         450784	     22527	80004d24	02eae8b3	rem	x17,x21,x14	 x21:0x00008000 x14:0xfffffe13 x17=0x000000e6
         450864	     22531	80004d28	03241cb3	mulh	x25,x8,x18	  x8:0xfffffe13 x18:0x000003ea x25=0xffffffff
         450884	     22532	80004d2c	587d	c.li	x16,-1	 x16=0xffffffff
         450904	     22533	80004d2e	14592693	slti	x13,x18,325	 x18:0x000003ea x13=0x00000000
         450924	     22534	80004d32	3703bc13	sltiu	x24,x7,880	  x7:0x0000001e x24=0x00000001
         450944	     22535	80004d36	0df1	c.addi	x27,28	 x27:0x8000afff x27=0x8000b01b
         450964	     22536	80004d38	f304c293	xori	x5,x9,-208	  x9:0xf6f89000  x5=0x09076f30
         451024	     22539	80004d3c	8e6d	c.and	x12,x11	 x12:0x00000000 x11:0x0000003e x12=0x00000000
         451084	     22542	80004d3e	019c0033	add	x0,x24,x25	 x24:0x00000001 x25:0xffffffff  x0=0x00000000
         451144	     22545	80004d42	0124d293	srli	x5,x9,0x12	  x9:0xf6f89000  x5=0x00003dbe
         451164	     22546	80004d46	0001	c.addi	x0,0	  x0:0x00000000  x0=0x00000000
         451204	     22548	80004d48	3d728693	addi	x13,x5,983	  x5:0x00003dbe x13=0x00004195
         451264	     22551	80004d4c	aeeb7113	andi	x2,x22,-1298	 x22:0x00019000  x2=0x00019000
         451324	     22554	80004d50	019c1733	sll	x14,x24,x25	 x24:0x00000001 x25:0xffffffff x14=0x80000000
         451384	     22557	80004d54	0162fab3	and	x21,x5,x22	  x5:0x00003dbe x22:0x00019000 x21=0x00001000
         451444	     22560	80004d58	8e81	c.sub	x13,x8	 x13:0x00004195  x8:0xfffffe13 x13=0x00004382
         451504	     22563	80004d5a	01ce2733	slt	x14,x28,x28	 x28:0x362b5d1a x28:0x362b5d1a x14=0x00000000
         451524	     22564	80004d5e	557d	c.li	x10,-1	 x10=0xffffffff
         451564	     22566	80004d60	0eb8b713	sltiu	x14,x17,235	 x17:0x000000e6 x14=0x00000001
         451624	     22569	80004d64	00ed1713	slli	x14,x26,0xe	 x26:0x8000ae64 x14=0x2b990000
         451724	     22574	80004d68	03ef0033	mul	x0,x30,x30	 x30:0x00000000 x30:0x00000000  x0=0x00000000
         451744	     22575	80004d6c	8aa1	c.andi	x13,8	 x13:0x00004382 x13=0x00000000
         451764	     22576	80004d6e	86a5	c.srai	x13,0x9	 x13:0x00000000 x13=0x00000000
         451844	     22580	80004d70	03248a33	mul	x20,x9,x18	  x9:0xf6f89000 x18:0x000003ea x20=0xa8e3a000
         451864	     22581	80004d74	86d6	c.mv	x13,x21	  x0:0x00000000 x21:0x00001000 x13=0x00001000
         451924	     22584	80004d76	e7f081b7	lui	x3,0xe7f08	  x3=0xe7f08000
         451944	     22585	80004d7a	4e85	c.li	x29,1	 x29=0x00000001
         451984	     22587	80004d7c	4c81	c.li	x25,0	 x25=0x00000000
         452044	     22590	80004d7e	73128e37	lui	x28,0x73128	 x28=0x73128000
         452104	     22593	80004d82	a2ce0e13	addi	x28,x28,-1492	 x28:0x73128000 x28=0x73127a2c
         452164	     22596	80004d86	7c4db437	lui	x8,0x7c4db	  x8=0x7c4db000
         452224	     22599	80004d8a	d8340413	addi	x8,x8,-637	  x8:0x7c4db000  x8=0x7c4dad83
         452244	     22600	80004d8e	4c01	c.li	x24,0	 x24=0x00000000
         452284	     22602	80004d90	4681	c.li	x13,0	 x13=0x00000000
         452304	     22603	80004d92	4d85	c.li	x27,1	 x27=0x00000001
         452344	     22605	80004d94	4501	c.li	x10,0	 x10=0x00000000
         452364	     22606	80004d96	4881	c.li	x17,0	 x17=0x00000000
         452404	     22608	80004d98	4201	c.li	x4,0	  x4=0x00000000
         452524	     22614	80004d9a	03252133	mulhsu	x2,x10,x18	 x10:0x00000000 x18:0x000003ea  x2=0x00000000
         452544	     22615	80004d9e	0494	c.addi4spn	x13,x2,576	 x13=0x00000240
         452624	     22619	80004da0	0392a4b3	mulhsu	x9,x5,x25	  x5:0x00003dbe x25:0x00000000  x9=0x00000000
         452644	     22620	80004da4	6109	c.addi16sp	x2,128	  x2:0x00000000  x2=0x00000080
         453384	     22657	80004da6	036ceeb3	rem	x29,x25,x22	 x25:0x00000000 x22:0x00019000 x29=0x00000000
         453444	     22660	80004daa	035a0eb3	mul	x29,x20,x21	 x20:0xa8e3a000 x21:0x00001000 x29=0x3a000000
         453464	     22661	80004dae	0514	c.addi4spn	x13,x2,640	 x13=0x00000300
         453484	     22662	80004db0	717d	c.addi16sp	x2,-16	  x2:0x00000080  x2=0x00000070
         453504	     22663	80004db2	0001	c.addi	x0,0	  x0:0x00000000  x0=0x00000000
         453584	     22667	80004db4	0220aa33	mulhsu	x20,x1,x2	  x1:0x000003ff  x2:0x00000070 x20=0x00000000
         453604	     22668	80004db8	00b5	c.addi	x1,13	  x1:0x000003ff  x1=0x0000040c
         454344	     22705	80004dba	03f1e4b3	rem	x9,x3,x31	  x3:0xe7f08000 x31:0xff057b01  x9=0xff6cf7e8
         454364	     22706	80004dbe	c9f5fcb7	lui	x25,0xc9f5f	 x25=0xc9f5f000
         454384	     22707	80004dc2	6c29	c.lui	x24,0xa	 x24=0x0000a000
         455124	     22744	80004dc4	02d04733	div	x14,x0,x13	  x0:0x00000000 x13:0x00000300 x14=0x00000000
         455864	     22781	80004dc8	027ce933	rem	x18,x25,x7	 x25:0xc9f5f000  x7:0x0000001e x18=0xffffffec
         455884	     22782	80004dcc	717d	c.addi16sp	x2,-16	  x2:0x00000070  x2=0x00000060
         456624	     22819	80004dce	038b50b3	divu	x1,x22,x24	 x22:0x00019000 x24:0x0000a000  x1=0x00000002
         456644	     22820	80004dd2	41ee0db3	sub	x27,x28,x30	 x28:0x73127a2c x30:0x00000000 x27=0x73127a2c
         456664	     22821	80004dd6	fa1c0013	addi	x0,x24,-95	 x24:0x0000a000  x0=0x00000000
         456764	     22826	80004dda	03678bb3	mul	x23,x15,x22	 x15:0x00000010 x22:0x00019000 x23=0x00190000
         456784	     22827	80004dde	8902ba17	auipc	x20,0x8902b	 x20=0x0902fdde
         456804	     22828	80004de2	1294	c.addi4spn	x13,x2,352	 x13=0x000001c0
         456884	     22832	80004de4	03cf06b3	mul	x13,x30,x28	 x30:0x00000000 x28:0x73127a2c x13=0x00000000
         456904	     22833	80004de8	717d	c.addi16sp	x2,-16	  x2:0x00000060  x2=0x00000050
         457024	     22839	80004dea	025d10b3	mulh	x1,x26,x5	 x26:0x8000ae64  x5:0x00003dbe  x1=0xffffe121
         457044	     22840	80004dee	415c5693	srai	x13,x24,0x15	 x24:0x0000a000 x13=0x00000000
         457084	     22842	80004df2	407fd093	srai	x1,x31,0x7	 x31:0xff057b01  x1=0xfffe0af6
         457144	     22845	80004df6	4148d733	sra	x14,x17,x20	 x17:0x00000000 x20:0x0902fdde x14=0x00000000
         457204	     22848	80004dfa	00e35033	srl	x0,x6,x14	  x6:0xfffffe13 x14:0x00000000  x0=0x00000000
         457984	     22887	80004dfe	0385e033	rem	x0,x11,x24	 x11:0x0000003e x24:0x0000a000  x0=0x00000000
         458004	     22888	80004e02	8ef5	c.and	x13,x13	 x13:0x00000000 x13:0x00000000 x13=0x00000000
         458024	     22889	80004e04	86cd	c.srai	x13,0x13	 x13:0x00000000 x13=0x00000000
         458044	     22890	80004e06	0179ce33	xor	x28,x19,x23	 x19:0x00000001 x23:0x00190000 x28=0x00190001
         458144	     22895	80004e0a	037e8a33	mul	x20,x29,x23	 x29:0x3a000000 x23:0x00190000 x20=0x00000000
         458164	     22896	80004e0e	82ad	c.srli	x13,0xb	 x13:0x00000000 x13=0x00000000
         458184	     22897	80004e10	018d4333	xor	x6,x26,x24	 x26:0x8000ae64 x24:0x0000a000  x6=0x80000e64
         458224	     22899	80004e14	898d	c.andi	x11,3	 x11:0x0000003e x11=0x00000002
         458244	     22900	80004e16	8a91	c.andi	x13,4	 x13:0x00000000 x13=0x00000000
         459004	     22938	80004e18	036f4533	div	x10,x30,x22	 x30:0x00000000 x22:0x00019000 x10=0x00000000
         459024	     22939	80004e1c	717d	c.addi16sp	x2,-16	  x2:0x00000050  x2=0x00000040
         459044	     22940	80004e1e	4029d0b3	sra	x1,x19,x2	 x19:0x00000001  x2:0x00000040  x1=0x00000001
         459064	     22941	80004e22	01811913	slli	x18,x2,0x18	  x2:0x00000040 x18=0x40000000
         459084	     22942	80004e26	09d2	c.slli	x19,0x14	 x19:0x00000001 x19=0x00100000
         459124	     22944	80004e28	010ebc33	sltu	x24,x29,x16	 x29:0x3a000000 x16:0xffffffff x24=0x00000001
         459184	     22947	80004e2c	40cfdbb3	sra	x23,x31,x12	 x31:0xff057b01 x12:0x00000000 x23=0xff057b01
         459244	     22950	80004e30	854e	c.mv	x10,x19	  x0:0x00000000 x19:0x00100000 x10=0x00100000
         459304	     22953	80004e32	3f31c113	xori	x2,x3,1011	  x3:0xe7f08000  x2=0xe7f083f3
         460084	     22992	80004e36	025d64b3	rem	x9,x26,x5	 x26:0x8000ae64  x5:0x00003dbe  x9=0xffffef78
         460104	     22993	80004e3a	0584	c.addi4spn	x9,x2,704	  x9=0xe7f086b3
         460844	     23030	80004e3c	03f4e0b3	rem	x1,x9,x31	  x9:0xe7f086b3 x31:0xff057b01  x1=0xff6cfe9b
         460864	     23031	80004e40	0e29	c.addi	x28,10	 x28:0x00190001 x28=0x0019000b
         460884	     23032	80004e42	409f8033	sub	x0,x31,x9	 x31:0xff057b01  x9:0xe7f086b3  x0=0x00000000
         460904	     23033	80004e46	00d91533	sll	x10,x18,x13	 x18:0x40000000 x13:0x00000000 x10=0x40000000
         460984	     23037	80004e4a	00e33033	sltu	x0,x6,x14	  x6:0x80000e64 x14:0x00000000  x0=0x00000000
         461044	     23040	80004e4e	00415eb3	srl	x29,x2,x4	  x2:0xe7f083f3  x4:0x00000000 x29=0xe7f083f3
         461164	     23046	80004e52	021c91b3	mulh	x3,x25,x1	 x25:0xc9f5f000  x1:0xff6cfe9b  x3=0x001f0812
         461904	     23083	80004e56	03db6933	rem	x18,x22,x29	 x22:0x00019000 x29:0xe7f083f3 x18=0x00019000
         461984	     23087	80004e5a	02321733	mulh	x14,x4,x3	  x4:0x00000000  x3:0x001f0812 x14=0x00000000
         462004	     23088	80004e5e	86e6	c.mv	x13,x25	  x0:0x00000000 x25:0xc9f5f000 x13=0xc9f5f000
         462024	     23089	80004e60	717d	c.addi16sp	x2,-16	  x2:0xe7f083f3  x2=0xe7f083e3
         462044	     23090	80004e62	5cfd	c.li	x25,-1	 x25=0xffffffff
         462064	     23091	80004e64	00e1a7b3	slt	x15,x3,x14	  x3:0x001f0812 x14:0x00000000 x15=0x00000000
         462084	     23092	80004e68	9e2783b7	lui	x7,0x9e278	  x7=0x9e278000
         462124	     23094	80004e6c	08b0f113	andi	x2,x1,139	  x1:0xff6cfe9b  x2=0x0000008b
         462184	     23097	80004e70	41218733	sub	x14,x3,x18	  x3:0x001f0812 x18:0x00019000 x14=0x001d7812
         462244	     23100	80004e74	0f433993	sltiu	x19,x6,244	  x6:0x80000e64 x19=0x00000000
         462364	     23106	80004e78	032db033	mulhu	x0,x27,x18	 x27:0x73127a2c x18:0x00019000  x0=0x00000000
         462424	     23109	80004e7c	03a58eb3	mul	x29,x11,x26	 x11:0x00000002 x26:0x8000ae64 x29=0x00015cc8
         462444	     23110	80004e80	016c9313	slli	x6,x25,0x16	 x25:0xffffffff  x6=0xffc00000
         462484	     23112	80004e84	15fd	c.addi	x11,-1	 x11:0x00000002 x11=0x00000001
         462504	     23113	80004e86	8e95	c.sub	x13,x13	 x13:0xc9f5f000 x13:0xc9f5f000 x13=0x00000000
         462544	     23115	80004e88	41275793	srai	x15,x14,0x12	 x14:0x001d7812 x15=0x00000007
         462604	     23118	80004e8c	9afd	c.andi	x13,-1	 x13:0x00000000 x13=0x00000000
         462664	     23121	80004e8e	002fda13	srli	x20,x31,0x2	 x31:0xff057b01 x20=0x3fc15ec0
         462724	     23124	80004e92	415356b3	sra	x13,x6,x21	  x6:0xffc00000 x21:0x00001000 x13=0xffc00000
         462744	     23125	80004e96	0294	c.addi4spn	x13,x2,320	 x13=0x000001cb
         462844	     23130	80004e98	03419033	mulh	x0,x3,x20	  x3:0x001f0812 x20:0x3fc15ec0  x0=0x00000000
         462864	     23131	80004e9c	8d35	c.xor	x10,x13	 x10:0x40000000 x13:0x000001cb x10=0x400001cb
         462904	     23133	80004e9e	0135d0b3	srl	x1,x11,x19	 x11:0x00000001 x19:0x00000000  x1=0x00000001
         463024	     23139	80004ea2	03b42733	mulhsu	x14,x8,x27	  x8:0x7c4dad83 x27:0x73127a2c x14=0x37dfddba
         463044	     23140	80004ea6	1bac6693	ori	x13,x24,442	 x24:0x00000001 x13=0x000001bb
         463084	     23142	80004eaa	407bde33	sra	x28,x23,x7	 x23:0xff057b01  x7:0x9e278000 x28=0xff057b01
         463104	     23143	80004eae	8edd	c.or	x13,x15	 x13:0x000001bb x15:0x00000007 x13=0x000001bf
         463144	     23145	80004eb0	40b15013	srai	x0,x2,0xb	  x2:0x0000008b  x0=0x00000000
         463204	     23148	80004eb4	82cd	c.srli	x13,0x13	 x13:0x000001bf x13=0x00000000
         463324	     23154	80004eb6	02852733	mulhsu	x14,x10,x8	 x10:0x400001cb  x8:0x7c4dad83 x14=0x1f136c3f
         463344	     23155	80004eba	9906	c.add	x18,x1	 x18:0x00019000  x1:0x00000001 x18=0x00019001
         463364	     23156	80004ebc	8eb5	c.xor	x13,x13	 x13:0x00000000 x13:0x00000000 x13=0x00000000
         463384	     23157	80004ebe	717d	c.addi16sp	x2,-16	  x2:0x0000008b  x2=0x0000007b
         463404	     23158	80004ec0	01cbf8b3	and	x17,x23,x28	 x23:0xff057b01 x28:0xff057b01 x17=0xff057b01
         463444	     23160	80004ec4	0426	c.slli	x8,0x9	  x8:0x7c4dad83  x8=0x9b5b0600
         464224	     23199	80004ec6	03cec6b3	div	x13,x29,x28	 x29:0x00015cc8 x28:0xff057b01 x13=0x00000000
         464244	     23200	80004eca	006cfab3	and	x21,x25,x6	 x25:0xffffffff  x6:0xffc00000 x21=0xffc00000
         464264	     23201	80004ece	9cb2	c.add	x25,x12	 x25:0xffffffff x12:0x00000000 x25=0xffffffff
         464284	     23202	80004ed0	869d	c.srai	x13,0x7	 x13:0x00000000 x13=0x00000000
         464304	     23203	80004ed2	82d5	c.srli	x13,0x15	 x13:0x00000000 x13=0x00000000
         464404	     23208	80004ed4	02e0b2b3	mulhu	x5,x1,x14	  x1:0x00000001 x14:0x1f136c3f  x5=0x00000000
         465144	     23245	80004ed8	02e2c8b3	div	x17,x5,x14	  x5:0x00000000 x14:0x1f136c3f x17=0x00000000
         465164	     23246	80004edc	9af2	c.add	x21,x28	 x21:0xffc00000 x28:0xff057b01 x21=0xfec57b01
         465184	     23247	80004ede	00fda633	slt	x12,x27,x15	 x27:0x73127a2c x15:0x00000007 x12=0x00000000
         465244	     23250	80004ee2	037f0e33	mul	x28,x30,x23	 x30:0x00000000 x23:0xff057b01 x28=0x00000000
         465264	     23251	80004ee6	40215513	srai	x10,x2,0x2	  x2:0x0000007b x10=0x0000001e
         465284	     23252	80004eea	717d	c.addi16sp	x2,-16	  x2:0x0000007b  x2=0x0000006b
         465304	     23253	80004eec	416c8c33	sub	x24,x25,x22	 x25:0xffffffff x22:0x00019000 x24=0xfffe6fff
         465364	     23256	80004ef0	8eb5	c.xor	x13,x13	 x13:0x00000000 x13:0x00000000 x13=0x00000000
         465464	     23261	80004ef2	023a81b3	mul	x3,x21,x3	 x21:0xfec57b01  x3:0x001f0812  x3=0xfad9ae12
         465484	     23262	80004ef6	41970933	sub	x18,x14,x25	 x14:0x1f136c3f x25:0xffffffff x18=0x1f136c40
         465544	     23265	80004efa	0183e6b3	or	x13,x7,x24	  x7:0x9e278000 x24:0xfffe6fff x13=0xffffefff
         465604	     23268	80004efe	940c8213	addi	x4,x25,-1728	 x25:0xffffffff  x4=0xfffff93f
         465724	     23274	80004f02	03f010b3	mulh	x1,x0,x31	  x0:0x00000000 x31:0xff057b01  x1=0x00000000
         465744	     23275	80004f06	4ba5	c.li	x23,9	 x23=0x00000009
         465764	     23276	80004f08	81197217	auipc	x4,0x81197	  x4=0x0119bf08
         465784	     23277	80004f0c	b2d52793	slti	x15,x10,-1235	 x10:0x0000001e x15=0x00000000
         465844	     23280	80004f10	012f61b3	or	x3,x30,x18	 x30:0x00000000 x18:0x1f136c40  x3=0x1f136c40
         465904	     23283	80004f14	0080b5b3	sltu	x11,x1,x8	  x1:0x00000000  x8:0x9b5b0600 x11=0x00000001
         465964	     23286	80004f18	00fb1cb3	sll	x25,x22,x15	 x22:0x00019000 x15:0x00000000 x25=0x00019000
         466024	     23289	80004f1c	00e1	c.addi	x1,24	  x1:0x00000000  x1=0x00000018
         466084	     23292	80004f1e	26a22113	slti	x2,x4,618	  x4:0x0119bf08  x2=0x00000000
         466104	     23293	80004f22	0ca2	c.slli	x25,0x8	 x25:0x00019000 x25=0x01900000
         466144	     23295	80004f24	01645813	srli	x16,x8,0x16	  x8:0x9b5b0600 x16=0x0000026d
         466204	     23298	80004f28	8eb5	c.xor	x13,x13	 x13:0xffffefff x13:0xffffefff x13=0x00000000
         466224	     23299	80004f2a	1684	c.addi4spn	x9,x2,864	  x9=0x00000360
         466264	     23301	80004f2c	01d0a8b3	slt	x17,x1,x29	  x1:0x00000018 x29:0x00015cc8 x17=0x00000001
         466324	     23304	80004f30	8139	c.srli	x10,0xe	 x10:0x0000001e x10=0x00000000
         466344	     23305	80004f32	89da	c.mv	x19,x22	  x0:0x00000000 x22:0x00019000 x19=0x00019000
         466384	     23307	80004f34	c5102193	slti	x3,x0,-943	  x0:0x00000000  x3=0x00000000
         466444	     23310	80004f38	8b66	c.mv	x22,x25	  x0:0x00000000 x25:0x01900000 x22=0x01900000
         466504	     23313	80004f3a	01ed5393	srli	x7,x26,0x1e	 x26:0x8000ae64  x7=0x00000002
         466564	     23316	80004f3e	00aab633	sltu	x12,x21,x10	 x21:0xfec57b01 x10:0x00000000 x12=0x00000000
         466664	     23321	80004f42	029f8933	mul	x18,x31,x9	 x31:0xff057b01  x9:0x00000360 x18=0xb27f2360
         466684	     23322	80004f46	00734c33	xor	x24,x6,x7	  x6:0xffc00000  x7:0x00000002 x24=0xffc00002
         466704	     23323	80004f4a	65c1	c.lui	x11,0x10	 x11=0x00010000
         466744	     23325	80004f4c	0001	c.addi	x0,0	  x0:0x00000000  x0=0x00000000
         466804	     23328	80004f4e	06622113	slti	x2,x4,102	  x4:0x0119bf08  x2=0x00000000
         466864	     23331	80004f52	01489033	sll	x0,x17,x20	 x17:0x00000001 x20:0x3fc15ec0  x0=0x00000000
         466924	     23334	80004f56	411480b3	sub	x1,x9,x17	  x9:0x00000360 x17:0x00000001  x1=0x0000035f
         466944	     23335	80004f5a	6125	c.addi16sp	x2,96	  x2:0x00000000  x2=0x00000060
         466984	     23337	80004f5c	01357b33	and	x22,x10,x19	 x10:0x00000000 x19:0x00019000 x22=0x00000000
         467084	     23342	80004f60	028e8ab3	mul	x21,x29,x8	 x29:0x00015cc8  x8:0x9b5b0600 x21=0x1b44b000
         467824	     23379	80004f64	02b45233	divu	x4,x8,x11	  x8:0x9b5b0600 x11:0x00010000  x4=0x00009b5b
         467844	     23380	80004f68	008a1433	sll	x8,x20,x8	 x20:0x3fc15ec0  x8:0x9b5b0600  x8=0x3fc15ec0
         467864	     23381	80004f6c	6359	c.lui	x6,0x16	  x6=0x00016000
         467884	     23382	80004f6e	404a0cb3	sub	x25,x20,x4	 x20:0x3fc15ec0  x4:0x00009b5b x25=0x3fc0c365
         467944	     23385	80004f72	00ed1393	slli	x7,x26,0xe	 x26:0x8000ae64  x7=0x2b990000
         468004	     23388	80004f76	594efe13	andi	x28,x29,1428	 x29:0x00015cc8 x28=0x00000480
         468024	     23389	80004f7a	8ef5	c.and	x13,x13	 x13:0x00000000 x13:0x00000000 x13=0x00000000
         468104	     23393	80004f7c	03ce8533	mul	x10,x29,x28	 x29:0x00015cc8 x28:0x00000480 x10=0x06218400
         468124	     23394	80004f80	00aca5b3	slt	x11,x25,x10	 x25:0x3fc0c365 x10:0x06218400 x11=0x00000000
         468184	     23397	80004f84	611d	c.addi16sp	x2,416	  x2:0x00000060  x2=0x00000200
         468244	     23400	80004f86	00150933	add	x18,x10,x1	 x10:0x06218400  x1:0x0000035f x18=0x0621875f
         468264	     23401	80004f8a	1894	c.addi4spn	x13,x2,112	 x13=0x00000270
         468364	     23406	80004f8c	029fa433	mulhsu	x8,x31,x9	 x31:0xff057b01  x9:0x00000360  x8=0xfffffffc
         468384	     23407	80004f90	0fa82013	slti	x0,x16,250	 x16:0x0000026d  x0=0x00000000
         468424	     23409	80004f94	0694	c.addi4spn	x13,x2,832	 x13=0x00000540
         468544	     23415	80004f96	02683933	mulhu	x18,x16,x6	 x16:0x0000026d  x6:0x00016000 x18=0x00000000
         468564	     23416	80004f9a	60d9	c.lui	x1,0x16	  x1=0x00016000
         468584	     23417	80004f9c	946e	c.add	x8,x27	  x8:0xfffffffc x27:0x73127a2c  x8=0x73127a28
         468604	     23418	80004f9e	01d682b3	add	x5,x13,x29	 x13:0x00000540 x29:0x00015cc8  x5=0x00016208
         468624	     23419	80004fa2	8295	c.srli	x13,0x5	 x13:0x00000540 x13=0x0000002a
         468724	     23424	80004fa4	02f5abb3	mulhsu	x23,x11,x15	 x11:0x00000000 x15:0x00000000 x23=0x00000000
         468804	     23428	80004fa8	02bbb433	mulhu	x8,x23,x11	 x23:0x00000000 x11:0x00000000  x8=0x00000000
         468824	     23429	80004fac	54d3c293	xori	x5,x7,1357	  x7:0x2b990000  x5=0x2b99054d
         468904	     23433	80004fb0	03599833	mulh	x16,x19,x21	 x19:0x00019000 x21:0x1b44b000 x16=0x00002a9b
         469644	     23470	80004fb4	031341b3	div	x3,x6,x17	  x6:0x00016000 x17:0x00000001  x3=0x00016000
         469664	     23471	80004fb8	84ad	c.srai	x9,0xb	  x9:0x00000360  x9=0x00000000
         470404	     23508	80004fba	03584eb3	div	x29,x16,x21	 x16:0x00002a9b x21:0x1b44b000 x29=0x00000000
         470424	     23509	80004fbe	8ef9	c.and	x13,x14	 x13:0x0000002a x14:0x1f136c3f x13=0x0000002a
         470444	     23510	80004fc0	86bd	c.srai	x13,0xf	 x13:0x0000002a x13=0x00000000
         470464	     23511	80004fc2	00b31833	sll	x16,x6,x11	  x6:0x00016000 x11:0x00000000 x16=0x00016000
         470484	     23512	80004fc6	66c9	c.lui	x13,0x12	 x13=0x00012000
         470584	     23517	80004fc8	02171033	mulh	x0,x14,x1	 x14:0x1f136c3f  x1:0x00016000  x0=0x00000000
         470664	     23521	80004fcc	02a412b3	mulh	x5,x8,x10	  x8:0x00000000 x10:0x06218400  x5=0x00000000
         470704	     23523	80004fd0	0365ecb3	rem	x25,x11,x22	 x11:0x00000000 x22:0x00000000 x25=0x00000000
         470744	     23525	80004fd4	036945b3	div	x11,x18,x22	 x18:0x00000000 x22:0x00000000 x11=0xffffffff
         470764	     23526	80004fd8	8ed5	c.or	x13,x13	 x13:0x00012000 x13:0x00012000 x13=0x00012000
         470784	     23527	80004fda	0694	c.addi4spn	x13,x2,832	 x13=0x00000540
         470824	     23529	80004fdc	1687ce13	xori	x28,x15,360	 x15:0x00000000 x28=0x00000168
         470884	     23532	80004fe0	a17d4213	xori	x4,x26,-1513	 x26:0x8000ae64  x4=0x7fff5473
         470944	     23535	80004fe4	df203293	sltiu	x5,x0,-526	  x0:0x00000000  x5=0x00000001
         471004	     23538	80004fe8	416e4e93	xori	x29,x28,1046	 x28:0x00000168 x29=0x0000057e
         471064	     23541	80004fec	000fc3b3	xor	x7,x31,x0	 x31:0xff057b01  x0:0x00000000  x7=0xff057b01
         471124	     23544	80004ff0	82c9	c.srli	x13,0x12	 x13:0x00000540 x13=0x00000000
         471184	     23547	80004ff2	46b72513	slti	x10,x14,1131	 x14:0x1f136c3f x10=0x00000000
         471964	     23586	80004ff6	023dd433	divu	x8,x27,x3	 x27:0x73127a2c  x3:0x00016000  x8=0x000053b0
         471984	     23587	80004ffa	8eb5	c.xor	x13,x13	 x13:0x00000000 x13:0x00000000 x13=0x00000000
         472004	     23588	80004ffc	00148db3	add	x27,x9,x1	  x9:0x00000000  x1:0x00016000 x27=0x00016000
         472024	     23589	80005000	00dc74b3	and	x9,x24,x13	 x24:0xffc00002 x13:0x00000000  x9=0x00000000
         472084	     23592	80005004	d9f6fd93	andi	x27,x13,-609	 x13:0x00000000 x27=0x00000000
         472144	     23595	80005008	0001	c.addi	x0,0	  x0:0x00000000  x0=0x00000000
         472204	     23598	8000500a	af8d3513	sltiu	x10,x26,-1288	 x26:0x8000ae64 x10=0x00000001
         472224	     23599	8000500e	0886	c.slli	x17,0x1	 x17:0x00000001 x17=0x00000002
         472264	     23601	80005010	017b0db3	add	x27,x22,x23	 x22:0x00000000 x23:0x00000000 x27=0x00000000
         472324	     23604	80005014	01b97433	and	x8,x18,x27	 x18:0x00000000 x27:0x00000000  x8=0x00000000
         472404	     23608	80005018	020bd1b3	divu	x3,x23,x0	 x23:0x00000000  x0:0x00000000  x3=0xffffffff
         472504	     23613	8000501c	02382933	mulhsu	x18,x16,x3	 x16:0x00016000  x3:0xffffffff x18=0x00015fff
         472544	     23615	80005020	03b76ab3	rem	x21,x14,x27	 x14:0x1f136c3f x27:0x00000000 x21=0x1f136c3f
         473284	     23652	80005024	0326e633	rem	x12,x13,x18	 x13:0x00000000 x18:0x00015fff x12=0x00000000
         473304	     23653	80005028	6a05	c.lui	x20,0x1	 x20=0x00001000
         473324	     23654	8000502a	23e87597	auipc	x11,0x23e87	 x11=0xa3e8c02a
         473344	     23655	8000502e	017e8033	add	x0,x29,x23	 x29:0x0000057e x23:0x00000000  x0=0x00000000
         473404	     23658	80005032	cb028513	addi	x10,x5,-848	  x5:0x00000001 x10=0xfffffcb1
         473464	     23661	80005036	408ddc13	srai	x24,x27,0x8	 x27:0x00000000 x24=0x00000000
         473524	     23664	8000503a	410ad093	srai	x1,x21,0x10	 x21:0x1f136c3f  x1=0x00001f13
         473584	     23667	8000503e	0ef5b613	sltiu	x12,x11,239	 x11:0xa3e8c02a x12=0x00000000
         473644	     23670	80005042	00a21c13	slli	x24,x4,0xa	  x4:0x7fff5473 x24=0xfd51cc00
         473664	     23671	80005046	0001	c.addi	x0,0	  x0:0x00000000  x0=0x00000000
         473704	     23673	80005048	414b5033	sra	x0,x22,x20	 x22:0x00000000 x20:0x00001000  x0=0x00000000
         473764	     23676	8000504c	8e25	c.xor	x12,x9	 x12:0x00000000  x9:0x00000000 x12=0x00000000
         473824	     23679	8000504e	eb8db1b7	lui	x3,0xeb8db	  x3=0xeb8db000
         473844	     23680	80005052	045e	c.slli	x8,0x17	  x8:0x00000000  x8=0x00000000
         473884	     23682	80005054	e969ec13	ori	x24,x19,-362	 x19:0x00019000 x24=0xfffffe96
         473944	     23685	80005058	0123a933	slt	x18,x7,x18	  x7:0xff057b01 x18:0x00015fff x18=0x00000001
         474004	     23688	8000505c	00343133	sltu	x2,x8,x3	  x8:0x00000000  x3:0xeb8db000  x2=0x00000001
         474064	     23691	80005060	8eb5	c.xor	x13,x13	 x13:0x00000000 x13:0x00000000 x13=0x00000000
         474124	     23694	80005062	01749013	slli	x0,x9,0x17	  x9:0x00000000  x0=0x00000000
         474144	     23695	80005066	4081	c.li	x1,0	  x1=0x00000000
         474184	     23697	80005068	4e85	c.li	x29,1	 x29=0x00000001
         474204	     23698	8000506a	4e01	c.li	x28,0	 x28=0x00000000
         474244	     23700	8000506c	4c81	c.li	x25,0	 x25=0x00000000
         474304	     23703	8000506e	04c71637	lui	x12,0x4c71	 x12=0x04c71000
         474364	     23706	80005072	25960613	addi	x12,x12,601	 x12:0x04c71000 x12=0x04c71259
         474424	     23709	80005076	0840b6b7	lui	x13,0x840b	 x13=0x0840b000
         474484	     23712	8000507a	b4668693	addi	x13,x13,-1210	 x13:0x0840b000 x13=0x0840ab46
         474544	     23715	8000507e	6f9a7c37	lui	x24,0x6f9a7	 x24=0x6f9a7000
         474604	     23718	80005082	844c0c13	addi	x24,x24,-1980	 x24:0x6f9a7000 x24=0x6f9a6844
         474624	     23719	80005086	4481	c.li	x9,0	  x9=0x00000000
         474664	     23721	80005088	4581	c.li	x11,0	 x11=0x00000000
         474684	     23722	8000508a	4d81	c.li	x27,0	 x27=0x00000000
         474724	     23724	8000508c	90e2	c.add	x1,x24	  x1:0x00000000 x24:0x6f9a6844  x1=0x6f9a6844
         474844	     23730	8000508e	02beb8b3	mulhu	x17,x29,x11	 x29:0x00000001 x11:0x00000000 x17=0x00000000
         474924	     23734	80005092	03c6bc33	mulhu	x24,x13,x28	 x13:0x0840ab46 x28:0x00000000 x24=0x00000000
         474944	     23735	80005096	0001	c.addi	x0,0	  x0:0x00000000  x0=0x00000000
         475024	     23739	80005098	022c23b3	mulhsu	x7,x24,x2	 x24:0x00000000  x2:0x00000001  x7=0x00000000
         475044	     23740	8000509c	0001	c.addi	x0,0	  x0:0x00000000  x0=0x00000000
         475064	     23741	8000509e	6135	c.addi16sp	x2,352	  x2:0x00000001  x2=0x00000161
         475084	     23742	800050a0	0394	c.addi4spn	x13,x2,448	 x13=0x00000321
         475104	     23743	800050a2	0b49	c.addi	x22,18	 x22:0x00000000 x22=0x00000012
         475124	     23744	800050a4	8e89	c.sub	x13,x10	 x13:0x00000321 x10:0xfffffcb1 x13=0x00000670
         475144	     23745	800050a6	74028293	addi	x5,x5,1856	  x5:0x00000001  x5=0x00000741
         475264	     23751	800050aa	03b11033	mulh	x0,x2,x27	  x2:0x00000161 x27:0x00000000  x0=0x00000000
         475324	     23754	800050ae	02ce8033	mul	x0,x29,x12	 x29:0x00000001 x12:0x04c71259  x0=0x00000000
         475344	     23755	800050b2	8d95	c.sub	x11,x13	 x11:0x00000000 x13:0x00000670 x11=0xfffff990
         475364	     23756	800050b4	8886	c.mv	x17,x1	  x0:0x00000000  x1:0x6f9a6844 x17=0x6f9a6844
         475384	     23757	800050b6	612d	c.addi16sp	x2,224	  x2:0x00000161  x2=0x00000241
         475404	     23758	800050b8	1814	c.addi4spn	x13,x2,48	 x13=0x00000271
         475424	     23759	800050ba	0001	c.addi	x0,0	  x0:0x00000000  x0=0x00000000
         475504	     23763	800050bc	03693db3	mulhu	x27,x18,x22	 x18:0x00000001 x22:0x00000012 x27=0x00000000
         475524	     23764	800050c0	00e5	c.addi	x1,25	  x1:0x6f9a6844  x1=0x6f9a685d
         475564	     23766	800050c2	a27a73b7	lui	x7,0xa27a7	  x7=0xa27a7000
         475584	     23767	800050c6	1a7d	c.addi	x20,-1	 x20:0x00001000 x20=0x00000fff
         475624	     23769	800050c8	b2056037	lui	x0,0xb2056	  x0=0x00000000
         475684	     23772	800050cc	d5a5c397	auipc	x7,0xd5a5c	  x7=0x55a610cc
         475744	     23775	800050d0	01222a33	slt	x20,x4,x18	  x4:0x7fff5473 x18:0x00000001 x20=0x00000000
         475804	     23778	800050d4	0097f933	and	x18,x15,x9	 x15:0x00000000  x9:0x00000000 x18=0x00000000
         475864	     23781	800050d8	8eb5	c.xor	x13,x13	 x13:0x00000271 x13:0x00000271 x13=0x00000000
         475924	     23784	800050da	01187033	and	x0,x16,x17	 x16:0x00016000 x17:0x6f9a6844  x0=0x00000000
         475984	     23787	800050de	01a4fab3	and	x21,x9,x26	  x9:0x00000000 x26:0x8000ae64 x21=0x00000000
         476044	     23790	800050e2	16f46013	ori	x0,x8,367	  x8:0x00000000  x0=0x00000000
         476104	     23793	800050e6	007865b3	or	x11,x16,x7	 x16:0x00016000  x7:0x55a610cc x11=0x55a770cc
         476164	     23796	800050ea	00375333	srl	x6,x14,x3	 x14:0x1f136c3f  x3:0xeb8db000  x6=0x1f136c3f
         476224	     23799	800050ee	794fe993	ori	x19,x31,1940	 x31:0xff057b01 x19=0xff057f95
         476304	     23803	800050f2	0290e233	rem	x4,x1,x9	  x1:0x6f9a685d  x9:0x00000000  x4=0x6f9a685d
         476324	     23804	800050f6	717d	c.addi16sp	x2,-16	  x2:0x00000241  x2=0x00000231
         476344	     23805	800050f8	00f229b3	slt	x19,x4,x15	  x4:0x6f9a685d x15:0x00000000 x19=0x00000000
         476464	     23811	800050fc	03a416b3	mulh	x13,x8,x26	  x8:0x00000000 x26:0x8000ae64 x13=0x00000000
         476484	     23812	80005100	027d	c.addi	x4,31	  x4:0x6f9a685d  x4=0x6f9a687c
         476524	     23814	80005102	0b227c93	andi	x25,x4,178	  x4:0x6f9a687c x25=0x00000030
         476584	     23817	80005106	5c74e113	ori	x2,x9,1479	  x9:0x00000000  x2=0x000005c7
         476604	     23818	8000510a	90ee	c.add	x1,x27	  x1:0x6f9a685d x27:0x00000000  x1=0x6f9a685d
         476644	     23820	8000510c	6131	c.addi16sp	x2,320	  x2:0x000005c7  x2=0x00000707
         476704	     23823	8000510e	01ac24b3	slt	x9,x24,x26	 x24:0x00000000 x26:0x8000ae64  x9=0x00000000
         476724	     23824	80005112	0001	c.addi	x0,0	  x0:0x00000000  x0=0x00000000
         476764	     23826	80005114	8242	c.mv	x4,x16	  x0:0x00000000 x16:0x00016000  x4=0x00016000
         476824	     23829	80005116	89018a13	addi	x20,x3,-1904	  x3:0xeb8db000 x20=0xeb8da890
         476844	     23830	8000511a	0826	c.slli	x16,0x9	 x16:0x00016000 x16=0x02c00000
         476884	     23832	8000511c	01d39413	slli	x8,x7,0x1d	  x7:0x55a610cc  x8=0x80000000
         476944	     23835	80005120	00579013	slli	x0,x15,0x5	 x15:0x00000000  x0=0x00000000
         477004	     23838	80005124	c7a4a037	lui	x0,0xc7a4a	  x0=0x00000000
         477784	     23877	80005128	03665533	divu	x10,x12,x22	 x12:0x04c71259 x22:0x00000012 x10=0x0043f2cc
         477804	     23878	8000512c	6149	c.addi16sp	x2,144	  x2:0x00000707  x2=0x00000797
         477824	     23879	8000512e	0001	c.addi	x0,0	  x0:0x00000000  x0=0x00000000
         478564	     23916	80005130	0260c4b3	div	x9,x1,x6	  x1:0x6f9a685d  x6:0x1f136c3f  x9=0x00000003
         478584	     23917	80005134	017b1333	sll	x6,x22,x23	 x22:0x00000012 x23:0x00000000  x6=0x00000012
         478604	     23918	80005138	86a1	c.srai	x13,0x8	 x13:0x00000000 x13=0x00000000
         478624	     23919	8000513a	5093d037	lui	x0,0x5093d	  x0=0x00000000
         478684	     23922	8000513e	3258c793	xori	x15,x17,805	 x17:0x6f9a6844 x15=0x6f9a6b61
         478704	     23923	80005142	8099	c.srli	x9,0x6	  x9:0x00000003  x9=0x00000000
         478744	     23925	80005144	001d48b3	xor	x17,x26,x1	 x26:0x8000ae64  x1:0x6f9a685d x17=0xef9ac639
         478804	     23928	80005148	8ef5	c.and	x13,x13	 x13:0x00000000 x13:0x00000000 x13=0x00000000
         478824	     23929	8000514a	6385	c.lui	x7,0x1	  x7=0x00001000
         478864	     23931	8000514c	69bcf113	andi	x2,x25,1691	 x25:0x00000030  x2=0x00000010
         478924	     23934	80005150	b2128d93	addi	x27,x5,-1247	  x5:0x00000741 x27=0x00000262
         478984	     23937	80005154	012b91b3	sll	x3,x23,x18	 x23:0x00000000 x18:0x00000000  x3=0x00000000
         479044	     23940	80005158	1c7d	c.addi	x24,-1	 x24:0x00000000 x24=0xffffffff
         479064	     23941	8000515a	8e95	c.sub	x13,x13	 x13:0x00000000 x13:0x00000000 x13=0x00000000
         479824	     23979	8000515c	022850b3	divu	x1,x16,x2	 x16:0x02c00000  x2:0x00000010  x1=0x002c0000
         479844	     23980	80005160	8ed5	c.or	x13,x13	 x13:0x00000000 x13:0x00000000 x13=0x00000000
         479864	     23981	80005162	0cb2	c.slli	x25,0xc	 x25:0x00000030 x25=0x00030000
         479884	     23982	80005164	8dfdaa93	slti	x21,x27,-1825	 x27:0x00000262 x21=0x00000000
         479904	     23983	80005168	0001	c.addi	x0,0	  x0:0x00000000  x0=0x00000000
         479924	     23984	8000516a	66f1	c.lui	x13,0x1c	 x13=0x0001c000
         480004	     23988	8000516c	03863433	mulhu	x8,x12,x24	 x12:0x04c71259 x24:0xffffffff  x8=0x04c71258
         480024	     23989	80005170	01fa9a13	slli	x20,x21,0x1f	 x21:0x00000000 x20=0x00000000
         480124	     23994	80005174	03d33633	mulhu	x12,x6,x29	  x6:0x00000012 x29:0x00000001 x12=0x00000000
         480144	     23995	80005178	412306b3	sub	x13,x6,x18	  x6:0x00000012 x18:0x00000000 x13=0x00000012
         480244	     24000	8000517c	03a0b8b3	mulhu	x17,x1,x26	  x1:0x002c0000 x26:0x8000ae64 x17=0x0016001d
         480264	     24001	80005180	0098a2b3	slt	x5,x17,x9	 x17:0x0016001d  x9:0x00000000  x5=0x00000000
         480304	     24003	80005184	e7314813	xori	x16,x2,-397	  x2:0x00000010 x16=0xfffffe63
         480364	     24006	80005188	00d5f433	and	x8,x11,x13	 x11:0x55a770cc x13:0x00000012  x8=0x00000000
         480424	     24009	8000518c	8ed5	c.or	x13,x13	 x13:0x00000012 x13:0x00000012 x13=0x00000012
         480444	     24010	8000518e	0001	c.addi	x0,0	  x0:0x00000000  x0=0x00000000
         480484	     24012	80005190	8e81	c.sub	x13,x8	 x13:0x00000012  x8:0x00000000 x13=0x00000012
         480564	     24016	80005192	028c6db3	rem	x27,x24,x8	 x24:0xffffffff  x8:0x00000000 x27=0xffffffff
         481324	     24054	80005196	02a0e633	rem	x12,x1,x10	  x1:0x002c0000 x10:0x0043f2cc x12=0x002c0000
         481344	     24055	8000519a	8d8a	c.mv	x27,x2	  x0:0x00000000  x2:0x00000010 x27=0x00000010
         481424	     24059	8000519c	02fe1c33	mulh	x24,x28,x15	 x28:0x00000000 x15:0x6f9a6b61 x24=0x00000000
         481444	     24060	800051a0	8299	c.srli	x13,0x6	 x13:0x00000012 x13=0x00000000
         481524	     24064	800051a2	029936b3	mulhu	x13,x18,x9	 x18:0x00000000  x9:0x00000000 x13=0x00000000
         481544	     24065	800051a6	70858293	addi	x5,x11,1800	 x11:0x55a770cc  x5=0x55a777d4
         481564	     24066	800051aa	0001	c.addi	x0,0	  x0:0x00000000  x0=0x00000000
         481584	     24067	800051ac	5d928613	addi	x12,x5,1497	  x5:0x55a777d4 x12=0x55a77dad
         481624	     24069	800051b0	0099ecb3	or	x25,x19,x9	 x19:0x00000000  x9:0x00000000 x25=0x00000000
         481684	     24072	800051b4	6a31	c.lui	x20,0xc	 x20=0x0000c000
         481744	     24075	800051b6	4186d513	srai	x10,x13,0x18	 x13:0x00000000 x10=0x00000000
         481764	     24076	800051ba	829a	c.mv	x5,x6	  x0:0x00000000  x6:0x00000012  x5=0x00000012
         481864	     24081	800051bc	03feb3b3	mulhu	x7,x29,x31	 x29:0x00000001 x31:0xff057b01  x7=0x00000000
         481884	     24082	800051c0	400fd033	sra	x0,x31,x0	 x31:0xff057b01  x0:0x00000000  x0=0x00000000
         482644	     24120	800051c4	022bd6b3	divu	x13,x23,x2	 x23:0x00000000  x2:0x00000010 x13=0x00000000
         482664	     24121	800051c8	8299	c.srli	x13,0x6	 x13:0x00000000 x13=0x00000000
         482684	     24122	800051ca	0164de93	srli	x29,x9,0x16	  x9:0x00000000 x29=0x00000000
         482704	     24123	800051ce	8ef5	c.and	x13,x13	 x13:0x00000000 x13:0x00000000 x13=0x00000000
         482724	     24124	800051d0	003784b3	add	x9,x15,x3	 x15:0x6f9a6b61  x3:0x00000000  x9=0x6f9a6b61
         482764	     24126	800051d4	00f9	c.addi	x1,30	  x1:0x002c0000  x1=0x002c001e
         482784	     24127	800051d6	946a	c.add	x8,x26	  x8:0x00000000 x26:0x8000ae64  x8=0x8000ae64
         482884	     24132	800051d8	0249a4b3	mulhsu	x9,x19,x4	 x19:0x00000000  x4:0x00016000  x9=0x00000000
         482904	     24133	800051dc	8ea5	c.xor	x13,x9	 x13:0x00000000  x9:0x00000000 x13=0x00000000
         482944	     24135	800051de	00f25733	srl	x14,x4,x15	  x4:0x00016000 x15:0x6f9a6b61 x14=0x0000b000
         483004	     24138	800051e2	0030a5b3	slt	x11,x1,x3	  x1:0x002c001e  x3:0x00000000 x11=0x00000000
         483024	     24139	800051e6	82f9	c.srli	x13,0x1e	 x13:0x00000000 x13=0x00000000
         483064	     24141	800051e8	01c1	c.addi	x3,16	  x3:0x00000000  x3=0x00000010
         483124	     24144	800051ea	014a2a33	slt	x20,x20,x20	 x20:0x0000c000 x20:0x0000c000 x20=0x00000000
         483184	     24147	800051ee	9e2b3013	sltiu	x0,x22,-1566	 x22:0x00000012  x0=0x00000000
         483244	     24150	800051f2	68d16713	ori	x14,x2,1677	  x2:0x00000010 x14=0x0000069d
         483304	     24153	800051f6	00f35433	srl	x8,x6,x15	  x6:0x00000012 x15:0x6f9a6b61  x8=0x00000009
         483364	     24156	800051fa	19dde293	ori	x5,x27,413	 x27:0x00000010  x5=0x0000019d
         483384	     24157	800051fe	9aea	c.add	x21,x26	 x21:0x00000000 x26:0x8000ae64 x21=0x8000ae64
         483424	     24159	80005200	8145	c.srli	x10,0x11	 x10:0x00000000 x10=0x00000000
         483484	     24162	80005202	019af8b3	and	x17,x21,x25	 x21:0x8000ae64 x25:0x00000000 x17=0x00000000
         483504	     24163	80005206	610d	c.addi16sp	x2,160	  x2:0x00000010  x2=0x000000b0
         483544	     24165	80005208	0249	c.addi	x4,18	  x4:0x00016000  x4=0x00016012
         483604	     24168	8000520a	006f5733	srl	x14,x30,x6	 x30:0x00000000  x6:0x00000012 x14=0x00000000
         483664	     24171	8000520e	01288033	add	x0,x17,x18	 x17:0x00000000 x18:0x00000000  x0=0x00000000
         483724	     24174	80005212	01baa133	slt	x2,x21,x27	 x21:0x8000ae64 x27:0x00000010  x2=0x00000001
         483784	     24177	80005216	00000f97	auipc	x31,0x0	 x31=0x80005216
         483844	     24180	8000521a	00cf8f93	addi	x31,x31,12	 x31:0x80005216 x31=0x80005222
         483924	     24184	8000521e	000f8067	jalr	x0,0(x31)	 x31:0x80005222  x0=0x00000000
         484024	     24189	80005222	4185	c.li	x3,1	  x3=0x00000001
